[0.010s] Invoking command in '/home/dongkuo/lt_ws/loc_ws/build/scout_description': CMAKE_PREFIX_PATH=${CMAKE_PREFIX_PATH}:/opt/ros/humble /usr/bin/cmake /home/dongkuo/lt_ws/loc_ws/src/scout_ros2_driver/scout_ros2/scout_description -DROS_EDITION=ROS2 -DHUMBLE_ROS=humble -DCMAKE_INSTALL_PREFIX=/home/dongkuo/lt_ws/loc_ws/install/scout_description
[0.046s] -- The C compiler identification is GNU 11.4.0
[0.081s] -- The CXX compiler identification is GNU 11.4.0
[0.085s] -- Detecting C compiler ABI info
[0.125s] -- Detecting C compiler ABI info - done
[0.129s] -- Check for working C compiler: /usr/bin/cc - skipped
[0.129s] -- Detecting C compile features
[0.129s] -- Detecting C compile features - done
[0.131s] -- Detecting CXX compiler ABI info
[0.178s] -- Detecting CXX compiler ABI info - done
[0.181s] -- Check for working CXX compiler: /usr/bin/c++ - skipped
[0.181s] -- Detecting CXX compile features
[0.182s] -- Detecting CXX compile features - done
[0.183s] -- Found ament_cmake: 1.3.12 (/opt/ros/humble/share/ament_cmake/cmake)
[0.263s] -- Found Python3: /usr/bin/python3 (found version "3.10.12") found components: Interpreter 
[0.373s] -- Configuring done
[0.375s] -- Generating done
[0.376s] [33mCMake Warning:
[0.376s]   Manually-specified variables were not used by the project:
[0.376s] 
[0.376s]     HUMBLE_ROS
[0.376s]     ROS_EDITION
[0.376s] 
[0.376s] [0m
[0.377s] -- Build files have been written to: /home/dongkuo/lt_ws/loc_ws/build/scout_description
[0.382s] Invoked command in '/home/dongkuo/lt_ws/loc_ws/build/scout_description' returned '0': CMAKE_PREFIX_PATH=${CMAKE_PREFIX_PATH}:/opt/ros/humble /usr/bin/cmake /home/dongkuo/lt_ws/loc_ws/src/scout_ros2_driver/scout_ros2/scout_description -DROS_EDITION=ROS2 -DHUMBLE_ROS=humble -DCMAKE_INSTALL_PREFIX=/home/dongkuo/lt_ws/loc_ws/install/scout_description
[0.382s] Invoking command in '/home/dongkuo/lt_ws/loc_ws/build/scout_description': CMAKE_PREFIX_PATH=${CMAKE_PREFIX_PATH}:/opt/ros/humble /usr/bin/cmake --build /home/dongkuo/lt_ws/loc_ws/build/scout_description -- -j32 -l32
[0.409s] Invoked command in '/home/dongkuo/lt_ws/loc_ws/build/scout_description' returned '0': CMAKE_PREFIX_PATH=${CMAKE_PREFIX_PATH}:/opt/ros/humble /usr/bin/cmake --build /home/dongkuo/lt_ws/loc_ws/build/scout_description -- -j32 -l32
[0.417s] Invoking command in '/home/dongkuo/lt_ws/loc_ws/build/scout_description': CMAKE_PREFIX_PATH=${CMAKE_PREFIX_PATH}:/opt/ros/humble /usr/bin/cmake --install /home/dongkuo/lt_ws/loc_ws/build/scout_description
[0.424s] -- Install configuration: ""
[0.425s] -- Installing: /home/dongkuo/lt_ws/loc_ws/install/scout_description/share/scout_description//launch
[0.425s] -- Installing: /home/dongkuo/lt_ws/loc_ws/install/scout_description/share/scout_description//launch/scout_base_description.launch.py
[0.425s] -- Installing: /home/dongkuo/lt_ws/loc_ws/install/scout_description/share/scout_description//urdf
[0.425s] -- Installing: /home/dongkuo/lt_ws/loc_ws/install/scout_description/share/scout_description//urdf/scout_v2.xacro
[0.425s] -- Installing: /home/dongkuo/lt_ws/loc_ws/install/scout_description/share/scout_description//urdf/scout_mini_wheel_2.xacro
[0.425s] -- Installing: /home/dongkuo/lt_ws/loc_ws/install/scout_description/share/scout_description//urdf/scout_mini_wheel_1.xacro
[0.425s] -- Installing: /home/dongkuo/lt_ws/loc_ws/install/scout_description/share/scout_description//urdf/scout_wheel_type2.xacro
[0.425s] -- Installing: /home/dongkuo/lt_ws/loc_ws/install/scout_description/share/scout_description//urdf/scout_mini.xacro
[0.425s] -- Installing: /home/dongkuo/lt_ws/loc_ws/install/scout_description/share/scout_description//urdf/scout_mini_wheel_4.xacro
[0.426s] -- Installing: /home/dongkuo/lt_ws/loc_ws/install/scout_description/share/scout_description//urdf/scout_mini.gazebo
[0.426s] -- Installing: /home/dongkuo/lt_ws/loc_ws/install/scout_description/share/scout_description//urdf/scout_v2.urdf
[0.426s] -- Installing: /home/dongkuo/lt_ws/loc_ws/install/scout_description/share/scout_description//urdf/scout_mini_wheel_3.xacro
[0.426s] -- Installing: /home/dongkuo/lt_ws/loc_ws/install/scout_description/share/scout_description//urdf/scout_mini.urdf
[0.426s] -- Installing: /home/dongkuo/lt_ws/loc_ws/install/scout_description/share/scout_description//urdf/scout_mini_wheel.gazebo
[0.426s] -- Installing: /home/dongkuo/lt_ws/loc_ws/install/scout_description/share/scout_description//urdf/empty.urdf
[0.426s] -- Installing: /home/dongkuo/lt_ws/loc_ws/install/scout_description/share/scout_description//urdf/scout_wheel_type1.xacro
[0.426s] -- Installing: /home/dongkuo/lt_ws/loc_ws/install/scout_description/share/scout_description//urdf/generate_urdf.sh
[0.426s] -- Installing: /home/dongkuo/lt_ws/loc_ws/install/scout_description/share/scout_description//meshes
[0.426s] -- Installing: /home/dongkuo/lt_ws/loc_ws/install/scout_description/share/scout_description//meshes/base_link.dae
[0.437s] -- Installing: /home/dongkuo/lt_ws/loc_ws/install/scout_description/share/scout_description//meshes/wheel_type2.dae
[0.439s] -- Installing: /home/dongkuo/lt_ws/loc_ws/install/scout_description/share/scout_description//meshes/hokuyo.dae
[0.439s] -- Installing: /home/dongkuo/lt_ws/loc_ws/install/scout_description/share/scout_description//meshes/base_link_full.dae
[0.440s] -- Installing: /home/dongkuo/lt_ws/loc_ws/install/scout_description/share/scout_description//meshes/wheel_type1.dae
[0.442s] -- Installing: /home/dongkuo/lt_ws/loc_ws/install/scout_description/share/ament_index/resource_index/package_run_dependencies/scout_description
[0.442s] -- Installing: /home/dongkuo/lt_ws/loc_ws/install/scout_description/share/ament_index/resource_index/parent_prefix_path/scout_description
[0.442s] -- Installing: /home/dongkuo/lt_ws/loc_ws/install/scout_description/share/scout_description/environment/ament_prefix_path.sh
[0.442s] -- Installing: /home/dongkuo/lt_ws/loc_ws/install/scout_description/share/scout_description/environment/ament_prefix_path.dsv
[0.442s] -- Installing: /home/dongkuo/lt_ws/loc_ws/install/scout_description/share/scout_description/environment/path.sh
[0.442s] -- Installing: /home/dongkuo/lt_ws/loc_ws/install/scout_description/share/scout_description/environment/path.dsv
[0.442s] -- Installing: /home/dongkuo/lt_ws/loc_ws/install/scout_description/share/scout_description/local_setup.bash
[0.443s] -- Installing: /home/dongkuo/lt_ws/loc_ws/install/scout_description/share/scout_description/local_setup.sh
[0.443s] -- Installing: /home/dongkuo/lt_ws/loc_ws/install/scout_description/share/scout_description/local_setup.zsh
[0.443s] -- Installing: /home/dongkuo/lt_ws/loc_ws/install/scout_description/share/scout_description/local_setup.dsv
[0.443s] -- Installing: /home/dongkuo/lt_ws/loc_ws/install/scout_description/share/scout_description/package.dsv
[0.443s] -- Installing: /home/dongkuo/lt_ws/loc_ws/install/scout_description/share/ament_index/resource_index/packages/scout_description
[0.443s] -- Installing: /home/dongkuo/lt_ws/loc_ws/install/scout_description/share/scout_description/cmake/scout_descriptionConfig.cmake
[0.443s] -- Installing: /home/dongkuo/lt_ws/loc_ws/install/scout_description/share/scout_description/cmake/scout_descriptionConfig-version.cmake
[0.444s] -- Installing: /home/dongkuo/lt_ws/loc_ws/install/scout_description/share/scout_description/package.xml
[0.444s] Invoked command in '/home/dongkuo/lt_ws/loc_ws/build/scout_description' returned '0': CMAKE_PREFIX_PATH=${CMAKE_PREFIX_PATH}:/opt/ros/humble /usr/bin/cmake --install /home/dongkuo/lt_ws/loc_ws/build/scout_description
