-- Install configuration: ""
-- Up-to-date: /home/dongkuo/lt_ws/loc_ws/install/scout_description/share/scout_description//launch
-- Up-to-date: /home/dongkuo/lt_ws/loc_ws/install/scout_description/share/scout_description//launch/scout_base_description.launch.py
-- Up-to-date: /home/dongkuo/lt_ws/loc_ws/install/scout_description/share/scout_description//urdf
-- Up-to-date: /home/dongkuo/lt_ws/loc_ws/install/scout_description/share/scout_description//urdf/scout_v2.xacro
-- Up-to-date: /home/dongkuo/lt_ws/loc_ws/install/scout_description/share/scout_description//urdf/scout_mini_wheel_2.xacro
-- Up-to-date: /home/dongkuo/lt_ws/loc_ws/install/scout_description/share/scout_description//urdf/scout_mini_wheel_1.xacro
-- Up-to-date: /home/dongkuo/lt_ws/loc_ws/install/scout_description/share/scout_description//urdf/scout_wheel_type2.xacro
-- Up-to-date: /home/dongkuo/lt_ws/loc_ws/install/scout_description/share/scout_description//urdf/scout_mini.xacro
-- Up-to-date: /home/dongkuo/lt_ws/loc_ws/install/scout_description/share/scout_description//urdf/scout_mini_wheel_4.xacro
-- Up-to-date: /home/dongkuo/lt_ws/loc_ws/install/scout_description/share/scout_description//urdf/scout_mini.gazebo
-- Up-to-date: /home/dongkuo/lt_ws/loc_ws/install/scout_description/share/scout_description//urdf/scout_v2.urdf
-- Up-to-date: /home/dongkuo/lt_ws/loc_ws/install/scout_description/share/scout_description//urdf/scout_mini_wheel_3.xacro
-- Up-to-date: /home/dongkuo/lt_ws/loc_ws/install/scout_description/share/scout_description//urdf/scout_mini.urdf
-- Up-to-date: /home/dongkuo/lt_ws/loc_ws/install/scout_description/share/scout_description//urdf/scout_mini_wheel.gazebo
-- Up-to-date: /home/dongkuo/lt_ws/loc_ws/install/scout_description/share/scout_description//urdf/empty.urdf
-- Up-to-date: /home/dongkuo/lt_ws/loc_ws/install/scout_description/share/scout_description//urdf/scout_wheel_type1.xacro
-- Up-to-date: /home/dongkuo/lt_ws/loc_ws/install/scout_description/share/scout_description//urdf/generate_urdf.sh
-- Up-to-date: /home/dongkuo/lt_ws/loc_ws/install/scout_description/share/scout_description//meshes
-- Up-to-date: /home/dongkuo/lt_ws/loc_ws/install/scout_description/share/scout_description//meshes/base_link.dae
-- Up-to-date: /home/dongkuo/lt_ws/loc_ws/install/scout_description/share/scout_description//meshes/wheel_type2.dae
-- Up-to-date: /home/dongkuo/lt_ws/loc_ws/install/scout_description/share/scout_description//meshes/hokuyo.dae
-- Up-to-date: /home/dongkuo/lt_ws/loc_ws/install/scout_description/share/scout_description//meshes/base_link_full.dae
-- Up-to-date: /home/dongkuo/lt_ws/loc_ws/install/scout_description/share/scout_description//meshes/wheel_type1.dae
-- Up-to-date: /home/dongkuo/lt_ws/loc_ws/install/scout_description/share/ament_index/resource_index/package_run_dependencies/scout_description
-- Up-to-date: /home/dongkuo/lt_ws/loc_ws/install/scout_description/share/ament_index/resource_index/parent_prefix_path/scout_description
-- Up-to-date: /home/dongkuo/lt_ws/loc_ws/install/scout_description/share/scout_description/environment/ament_prefix_path.sh
-- Up-to-date: /home/dongkuo/lt_ws/loc_ws/install/scout_description/share/scout_description/environment/ament_prefix_path.dsv
-- Up-to-date: /home/dongkuo/lt_ws/loc_ws/install/scout_description/share/scout_description/environment/path.sh
-- Up-to-date: /home/dongkuo/lt_ws/loc_ws/install/scout_description/share/scout_description/environment/path.dsv
-- Up-to-date: /home/dongkuo/lt_ws/loc_ws/install/scout_description/share/scout_description/local_setup.bash
-- Up-to-date: /home/dongkuo/lt_ws/loc_ws/install/scout_description/share/scout_description/local_setup.sh
-- Up-to-date: /home/dongkuo/lt_ws/loc_ws/install/scout_description/share/scout_description/local_setup.zsh
-- Up-to-date: /home/dongkuo/lt_ws/loc_ws/install/scout_description/share/scout_description/local_setup.dsv
-- Installing: /home/dongkuo/lt_ws/loc_ws/install/scout_description/share/scout_description/package.dsv
-- Up-to-date: /home/dongkuo/lt_ws/loc_ws/install/scout_description/share/ament_index/resource_index/packages/scout_description
-- Up-to-date: /home/dongkuo/lt_ws/loc_ws/install/scout_description/share/scout_description/cmake/scout_descriptionConfig.cmake
-- Up-to-date: /home/dongkuo/lt_ws/loc_ws/install/scout_description/share/scout_description/cmake/scout_descriptionConfig-version.cmake
-- Up-to-date: /home/dongkuo/lt_ws/loc_ws/install/scout_description/share/scout_description/package.xml
