[0.016s] Invoking command in '/home/dongkuo/lt_ws/loc_ws/build/scout_msgs': CMAKE_PREFIX_PATH=/home/dongkuo/lt_ws/loc_ws/install/scout_base:/opt/ros/humble:/home/dongkuo/lt_ws/loc_ws/install/ugv_sdk:/home/dongkuo/lt_ws/loc_ws/install/scout_msgs:/home/dongkuo/lt_ws/loc_ws/install/scout_description:/home/dongkuo/lt_ws/loc_ws/install/point2d_loc:/home/dongkuo/lt_ws/loc_ws/install/nav_demo:/home/dongkuo/lt_ws/loc_ws/install/fast_lio:/home/dongkuo/lt_ws/loc_ws/install/livox_ros_driver2:/home/dongkuo/lt_ws/realsense_ws/install/realsense2_description:/home/dongkuo/lt_ws/realsense_ws/install/realsense2_camera:/home/dongkuo/lt_ws/realsense_ws/install/realsense2_camera_msgs:/home/dongkuo/lt_ws/realsense_ws/install/depth_to_cloud_converter:/opt/vulcanexus/humble /usr/bin/cmake --build /home/dongkuo/lt_ws/loc_ws/build/scout_msgs -- -j32 -l32
[0.183s] [ 11%] Built target scout_msgs__rosidl_generator_c
[0.188s] [ 12%] Built target scout_msgs__cpp
[0.247s] [ 12%] Built target ament_cmake_python_copy_scout_msgs
[0.357s] [ 23%] Built target scout_msgs__rosidl_typesupport_introspection_c
[0.359s] [ 34%] Built target scout_msgs__rosidl_typesupport_c
[0.378s] [ 49%] Built target scout_msgs__rosidl_typesupport_fastrtps_c
[0.388s] [ 57%] Built target scout_msgs__rosidl_typesupport_introspection_cpp
[0.388s] [ 68%] Built target scout_msgs__rosidl_typesupport_cpp
[0.403s] [ 79%] Built target scout_msgs__rosidl_typesupport_fastrtps_cpp
[0.554s] [ 79%] Built target scout_msgs
[0.681s] [ 80%] Built target scout_msgs__py
[0.850s] [ 90%] Built target scout_msgs__rosidl_generator_py
[0.982s] [ 93%] Built target scout_msgs__rosidl_typesupport_c__pyext
[0.983s] [100%] Built target scout_msgs__rosidl_typesupport_introspection_c__pyext
[0.984s] [100%] Built target scout_msgs__rosidl_typesupport_fastrtps_c__pyext
[1.809s] running egg_info
[1.813s] writing scout_msgs.egg-info/PKG-INFO
[1.815s] writing dependency_links to scout_msgs.egg-info/dependency_links.txt
[1.817s] writing top-level names to scout_msgs.egg-info/top_level.txt
[1.833s] reading manifest file 'scout_msgs.egg-info/SOURCES.txt'
[1.836s] writing manifest file 'scout_msgs.egg-info/SOURCES.txt'
[1.977s] [100%] Built target ament_cmake_python_build_scout_msgs_egg
[2.045s] Invoked command in '/home/dongkuo/lt_ws/loc_ws/build/scout_msgs' returned '0': CMAKE_PREFIX_PATH=/home/dongkuo/lt_ws/loc_ws/install/scout_base:/opt/ros/humble:/home/dongkuo/lt_ws/loc_ws/install/ugv_sdk:/home/dongkuo/lt_ws/loc_ws/install/scout_msgs:/home/dongkuo/lt_ws/loc_ws/install/scout_description:/home/dongkuo/lt_ws/loc_ws/install/point2d_loc:/home/dongkuo/lt_ws/loc_ws/install/nav_demo:/home/dongkuo/lt_ws/loc_ws/install/fast_lio:/home/dongkuo/lt_ws/loc_ws/install/livox_ros_driver2:/home/dongkuo/lt_ws/realsense_ws/install/realsense2_description:/home/dongkuo/lt_ws/realsense_ws/install/realsense2_camera:/home/dongkuo/lt_ws/realsense_ws/install/realsense2_camera_msgs:/home/dongkuo/lt_ws/realsense_ws/install/depth_to_cloud_converter:/opt/vulcanexus/humble /usr/bin/cmake --build /home/dongkuo/lt_ws/loc_ws/build/scout_msgs -- -j32 -l32
[2.053s] Invoking command in '/home/dongkuo/lt_ws/loc_ws/build/scout_msgs': CMAKE_PREFIX_PATH=/home/dongkuo/lt_ws/loc_ws/install/scout_base:/opt/ros/humble:/home/dongkuo/lt_ws/loc_ws/install/ugv_sdk:/home/dongkuo/lt_ws/loc_ws/install/scout_msgs:/home/dongkuo/lt_ws/loc_ws/install/scout_description:/home/dongkuo/lt_ws/loc_ws/install/point2d_loc:/home/dongkuo/lt_ws/loc_ws/install/nav_demo:/home/dongkuo/lt_ws/loc_ws/install/fast_lio:/home/dongkuo/lt_ws/loc_ws/install/livox_ros_driver2:/home/dongkuo/lt_ws/realsense_ws/install/realsense2_description:/home/dongkuo/lt_ws/realsense_ws/install/realsense2_camera:/home/dongkuo/lt_ws/realsense_ws/install/realsense2_camera_msgs:/home/dongkuo/lt_ws/realsense_ws/install/depth_to_cloud_converter:/opt/vulcanexus/humble /usr/bin/cmake --install /home/dongkuo/lt_ws/loc_ws/build/scout_msgs
[2.058s] -- Install configuration: ""
[2.058s] -- Up-to-date: /home/dongkuo/lt_ws/loc_ws/install/scout_msgs/share/ament_index/resource_index/rosidl_interfaces/scout_msgs
[2.058s] -- Up-to-date: /home/dongkuo/lt_ws/loc_ws/install/scout_msgs/include/scout_msgs/scout_msgs
[2.058s] -- Up-to-date: /home/dongkuo/lt_ws/loc_ws/install/scout_msgs/include/scout_msgs/scout_msgs/msg
[2.059s] -- Up-to-date: /home/dongkuo/lt_ws/loc_ws/install/scout_msgs/include/scout_msgs/scout_msgs/msg/scout_rc_state.h
[2.059s] -- Up-to-date: /home/dongkuo/lt_ws/loc_ws/install/scout_msgs/include/scout_msgs/scout_msgs/msg/scout_light_state.h
[2.059s] -- Up-to-date: /home/dongkuo/lt_ws/loc_ws/install/scout_msgs/include/scout_msgs/scout_msgs/msg/scout_actuator_state.h
[2.059s] -- Up-to-date: /home/dongkuo/lt_ws/loc_ws/install/scout_msgs/include/scout_msgs/scout_msgs/msg/scout_status.h
[2.059s] -- Up-to-date: /home/dongkuo/lt_ws/loc_ws/install/scout_msgs/include/scout_msgs/scout_msgs/msg/detail
[2.059s] -- Up-to-date: /home/dongkuo/lt_ws/loc_ws/install/scout_msgs/include/scout_msgs/scout_msgs/msg/detail/scout_light_cmd__struct.h
[2.059s] -- Up-to-date: /home/dongkuo/lt_ws/loc_ws/install/scout_msgs/include/scout_msgs/scout_msgs/msg/detail/scout_light_state__struct.h
[2.059s] -- Up-to-date: /home/dongkuo/lt_ws/loc_ws/install/scout_msgs/include/scout_msgs/scout_msgs/msg/detail/scout_light_cmd__functions.c
[2.059s] -- Up-to-date: /home/dongkuo/lt_ws/loc_ws/install/scout_msgs/include/scout_msgs/scout_msgs/msg/detail/scout_light_cmd__type_support.h
[2.059s] -- Up-to-date: /home/dongkuo/lt_ws/loc_ws/install/scout_msgs/include/scout_msgs/scout_msgs/msg/detail/scout_actuator_state__functions.c
[2.059s] -- Up-to-date: /home/dongkuo/lt_ws/loc_ws/install/scout_msgs/include/scout_msgs/scout_msgs/msg/detail/scout_status__functions.h
[2.059s] -- Up-to-date: /home/dongkuo/lt_ws/loc_ws/install/scout_msgs/include/scout_msgs/scout_msgs/msg/detail/scout_actuator_state__type_support.h
[2.059s] -- Up-to-date: /home/dongkuo/lt_ws/loc_ws/install/scout_msgs/include/scout_msgs/scout_msgs/msg/detail/scout_light_state__functions.h
[2.059s] -- Up-to-date: /home/dongkuo/lt_ws/loc_ws/install/scout_msgs/include/scout_msgs/scout_msgs/msg/detail/scout_rc_state__functions.c
[2.059s] -- Up-to-date: /home/dongkuo/lt_ws/loc_ws/install/scout_msgs/include/scout_msgs/scout_msgs/msg/detail/scout_light_state__functions.c
[2.059s] -- Up-to-date: /home/dongkuo/lt_ws/loc_ws/install/scout_msgs/include/scout_msgs/scout_msgs/msg/detail/scout_status__struct.h
[2.059s] -- Up-to-date: /home/dongkuo/lt_ws/loc_ws/install/scout_msgs/include/scout_msgs/scout_msgs/msg/detail/scout_actuator_state__functions.h
[2.059s] -- Up-to-date: /home/dongkuo/lt_ws/loc_ws/install/scout_msgs/include/scout_msgs/scout_msgs/msg/detail/scout_light_cmd__functions.h
[2.059s] -- Up-to-date: /home/dongkuo/lt_ws/loc_ws/install/scout_msgs/include/scout_msgs/scout_msgs/msg/detail/scout_rc_state__struct.h
[2.060s] -- Up-to-date: /home/dongkuo/lt_ws/loc_ws/install/scout_msgs/include/scout_msgs/scout_msgs/msg/detail/scout_rc_state__type_support.h
[2.060s] -- Up-to-date: /home/dongkuo/lt_ws/loc_ws/install/scout_msgs/include/scout_msgs/scout_msgs/msg/detail/scout_light_state__type_support.h
[2.060s] -- Up-to-date: /home/dongkuo/lt_ws/loc_ws/install/scout_msgs/include/scout_msgs/scout_msgs/msg/detail/scout_rc_state__functions.h
[2.060s] -- Up-to-date: /home/dongkuo/lt_ws/loc_ws/install/scout_msgs/include/scout_msgs/scout_msgs/msg/detail/scout_actuator_state__struct.h
[2.060s] -- Up-to-date: /home/dongkuo/lt_ws/loc_ws/install/scout_msgs/include/scout_msgs/scout_msgs/msg/detail/scout_status__type_support.h
[2.060s] -- Up-to-date: /home/dongkuo/lt_ws/loc_ws/install/scout_msgs/include/scout_msgs/scout_msgs/msg/detail/scout_status__functions.c
[2.060s] -- Up-to-date: /home/dongkuo/lt_ws/loc_ws/install/scout_msgs/include/scout_msgs/scout_msgs/msg/rosidl_generator_c__visibility_control.h
[2.060s] -- Up-to-date: /home/dongkuo/lt_ws/loc_ws/install/scout_msgs/include/scout_msgs/scout_msgs/msg/scout_light_cmd.h
[2.060s] -- Up-to-date: /home/dongkuo/lt_ws/loc_ws/install/scout_msgs/share/scout_msgs/environment/library_path.sh
[2.060s] -- Up-to-date: /home/dongkuo/lt_ws/loc_ws/install/scout_msgs/share/scout_msgs/environment/library_path.dsv
[2.060s] -- Up-to-date: /home/dongkuo/lt_ws/loc_ws/install/scout_msgs/lib/libscout_msgs__rosidl_generator_c.so
[2.060s] -- Up-to-date: /home/dongkuo/lt_ws/loc_ws/install/scout_msgs/include/scout_msgs/scout_msgs
[2.060s] -- Up-to-date: /home/dongkuo/lt_ws/loc_ws/install/scout_msgs/include/scout_msgs/scout_msgs/msg
[2.061s] -- Up-to-date: /home/dongkuo/lt_ws/loc_ws/install/scout_msgs/include/scout_msgs/scout_msgs/msg/rosidl_typesupport_fastrtps_c__visibility_control.h
[2.061s] -- Up-to-date: /home/dongkuo/lt_ws/loc_ws/install/scout_msgs/include/scout_msgs/scout_msgs/msg/detail
[2.061s] -- Up-to-date: /home/dongkuo/lt_ws/loc_ws/install/scout_msgs/include/scout_msgs/scout_msgs/msg/detail/scout_light_state__rosidl_typesupport_fastrtps_c.h
[2.061s] -- Up-to-date: /home/dongkuo/lt_ws/loc_ws/install/scout_msgs/include/scout_msgs/scout_msgs/msg/detail/scout_actuator_state__rosidl_typesupport_fastrtps_c.h
[2.061s] -- Up-to-date: /home/dongkuo/lt_ws/loc_ws/install/scout_msgs/include/scout_msgs/scout_msgs/msg/detail/scout_status__rosidl_typesupport_fastrtps_c.h
[2.061s] -- Up-to-date: /home/dongkuo/lt_ws/loc_ws/install/scout_msgs/include/scout_msgs/scout_msgs/msg/detail/scout_light_cmd__rosidl_typesupport_fastrtps_c.h
[2.061s] -- Up-to-date: /home/dongkuo/lt_ws/loc_ws/install/scout_msgs/include/scout_msgs/scout_msgs/msg/detail/scout_rc_state__rosidl_typesupport_fastrtps_c.h
[2.061s] -- Up-to-date: /home/dongkuo/lt_ws/loc_ws/install/scout_msgs/lib/libscout_msgs__rosidl_typesupport_fastrtps_c.so
[2.061s] -- Up-to-date: /home/dongkuo/lt_ws/loc_ws/install/scout_msgs/include/scout_msgs/scout_msgs
[2.061s] -- Up-to-date: /home/dongkuo/lt_ws/loc_ws/install/scout_msgs/include/scout_msgs/scout_msgs/msg
[2.061s] -- Up-to-date: /home/dongkuo/lt_ws/loc_ws/install/scout_msgs/include/scout_msgs/scout_msgs/msg/scout_light_state.hpp
[2.061s] -- Up-to-date: /home/dongkuo/lt_ws/loc_ws/install/scout_msgs/include/scout_msgs/scout_msgs/msg/scout_actuator_state.hpp
[2.061s] -- Up-to-date: /home/dongkuo/lt_ws/loc_ws/install/scout_msgs/include/scout_msgs/scout_msgs/msg/scout_status.hpp
[2.061s] -- Up-to-date: /home/dongkuo/lt_ws/loc_ws/install/scout_msgs/include/scout_msgs/scout_msgs/msg/scout_rc_state.hpp
[2.061s] -- Up-to-date: /home/dongkuo/lt_ws/loc_ws/install/scout_msgs/include/scout_msgs/scout_msgs/msg/detail
[2.061s] -- Up-to-date: /home/dongkuo/lt_ws/loc_ws/install/scout_msgs/include/scout_msgs/scout_msgs/msg/detail/scout_rc_state__type_support.hpp
[2.062s] -- Up-to-date: /home/dongkuo/lt_ws/loc_ws/install/scout_msgs/include/scout_msgs/scout_msgs/msg/detail/scout_actuator_state__type_support.hpp
[2.062s] -- Up-to-date: /home/dongkuo/lt_ws/loc_ws/install/scout_msgs/include/scout_msgs/scout_msgs/msg/detail/scout_light_cmd__struct.hpp
[2.062s] -- Up-to-date: /home/dongkuo/lt_ws/loc_ws/install/scout_msgs/include/scout_msgs/scout_msgs/msg/detail/scout_rc_state__traits.hpp
[2.062s] -- Up-to-date: /home/dongkuo/lt_ws/loc_ws/install/scout_msgs/include/scout_msgs/scout_msgs/msg/detail/scout_light_cmd__traits.hpp
[2.062s] -- Up-to-date: /home/dongkuo/lt_ws/loc_ws/install/scout_msgs/include/scout_msgs/scout_msgs/msg/detail/scout_rc_state__struct.hpp
[2.062s] -- Up-to-date: /home/dongkuo/lt_ws/loc_ws/install/scout_msgs/include/scout_msgs/scout_msgs/msg/detail/scout_actuator_state__struct.hpp
[2.062s] -- Up-to-date: /home/dongkuo/lt_ws/loc_ws/install/scout_msgs/include/scout_msgs/scout_msgs/msg/detail/scout_light_state__struct.hpp
[2.062s] -- Up-to-date: /home/dongkuo/lt_ws/loc_ws/install/scout_msgs/include/scout_msgs/scout_msgs/msg/detail/scout_status__type_support.hpp
[2.062s] -- Up-to-date: /home/dongkuo/lt_ws/loc_ws/install/scout_msgs/include/scout_msgs/scout_msgs/msg/detail/scout_light_cmd__builder.hpp
[2.062s] -- Up-to-date: /home/dongkuo/lt_ws/loc_ws/install/scout_msgs/include/scout_msgs/scout_msgs/msg/detail/scout_actuator_state__builder.hpp
[2.062s] -- Up-to-date: /home/dongkuo/lt_ws/loc_ws/install/scout_msgs/include/scout_msgs/scout_msgs/msg/detail/scout_light_cmd__type_support.hpp
[2.062s] -- Up-to-date: /home/dongkuo/lt_ws/loc_ws/install/scout_msgs/include/scout_msgs/scout_msgs/msg/detail/scout_light_state__type_support.hpp
[2.062s] -- Up-to-date: /home/dongkuo/lt_ws/loc_ws/install/scout_msgs/include/scout_msgs/scout_msgs/msg/detail/scout_status__builder.hpp
[2.062s] -- Up-to-date: /home/dongkuo/lt_ws/loc_ws/install/scout_msgs/include/scout_msgs/scout_msgs/msg/detail/scout_rc_state__builder.hpp
[2.062s] -- Up-to-date: /home/dongkuo/lt_ws/loc_ws/install/scout_msgs/include/scout_msgs/scout_msgs/msg/detail/scout_status__struct.hpp
[2.062s] -- Up-to-date: /home/dongkuo/lt_ws/loc_ws/install/scout_msgs/include/scout_msgs/scout_msgs/msg/detail/scout_status__traits.hpp
[2.062s] -- Up-to-date: /home/dongkuo/lt_ws/loc_ws/install/scout_msgs/include/scout_msgs/scout_msgs/msg/detail/scout_light_state__traits.hpp
[2.062s] -- Up-to-date: /home/dongkuo/lt_ws/loc_ws/install/scout_msgs/include/scout_msgs/scout_msgs/msg/detail/scout_light_state__builder.hpp
[2.062s] -- Up-to-date: /home/dongkuo/lt_ws/loc_ws/install/scout_msgs/include/scout_msgs/scout_msgs/msg/detail/scout_actuator_state__traits.hpp
[2.063s] -- Up-to-date: /home/dongkuo/lt_ws/loc_ws/install/scout_msgs/include/scout_msgs/scout_msgs/msg/rosidl_generator_cpp__visibility_control.hpp
[2.063s] -- Up-to-date: /home/dongkuo/lt_ws/loc_ws/install/scout_msgs/include/scout_msgs/scout_msgs/msg/scout_light_cmd.hpp
[2.063s] -- Up-to-date: /home/dongkuo/lt_ws/loc_ws/install/scout_msgs/include/scout_msgs/scout_msgs
[2.063s] -- Up-to-date: /home/dongkuo/lt_ws/loc_ws/install/scout_msgs/include/scout_msgs/scout_msgs/msg
[2.063s] -- Up-to-date: /home/dongkuo/lt_ws/loc_ws/install/scout_msgs/include/scout_msgs/scout_msgs/msg/detail
[2.063s] -- Up-to-date: /home/dongkuo/lt_ws/loc_ws/install/scout_msgs/include/scout_msgs/scout_msgs/msg/detail/scout_light_state__rosidl_typesupport_fastrtps_cpp.hpp
[2.063s] -- Up-to-date: /home/dongkuo/lt_ws/loc_ws/install/scout_msgs/include/scout_msgs/scout_msgs/msg/detail/scout_rc_state__rosidl_typesupport_fastrtps_cpp.hpp
[2.063s] -- Up-to-date: /home/dongkuo/lt_ws/loc_ws/install/scout_msgs/include/scout_msgs/scout_msgs/msg/detail/scout_actuator_state__rosidl_typesupport_fastrtps_cpp.hpp
[2.063s] -- Up-to-date: /home/dongkuo/lt_ws/loc_ws/install/scout_msgs/include/scout_msgs/scout_msgs/msg/detail/scout_status__rosidl_typesupport_fastrtps_cpp.hpp
[2.063s] -- Up-to-date: /home/dongkuo/lt_ws/loc_ws/install/scout_msgs/include/scout_msgs/scout_msgs/msg/detail/scout_light_cmd__rosidl_typesupport_fastrtps_cpp.hpp
[2.063s] -- Up-to-date: /home/dongkuo/lt_ws/loc_ws/install/scout_msgs/include/scout_msgs/scout_msgs/msg/detail/dds_fastrtps
[2.063s] -- Up-to-date: /home/dongkuo/lt_ws/loc_ws/install/scout_msgs/include/scout_msgs/scout_msgs/msg/rosidl_typesupport_fastrtps_cpp__visibility_control.h
[2.063s] -- Up-to-date: /home/dongkuo/lt_ws/loc_ws/install/scout_msgs/lib/libscout_msgs__rosidl_typesupport_fastrtps_cpp.so
[2.063s] -- Up-to-date: /home/dongkuo/lt_ws/loc_ws/install/scout_msgs/include/scout_msgs/scout_msgs
[2.063s] -- Up-to-date: /home/dongkuo/lt_ws/loc_ws/install/scout_msgs/include/scout_msgs/scout_msgs/msg
[2.063s] -- Up-to-date: /home/dongkuo/lt_ws/loc_ws/install/scout_msgs/include/scout_msgs/scout_msgs/msg/detail
[2.063s] -- Up-to-date: /home/dongkuo/lt_ws/loc_ws/install/scout_msgs/include/scout_msgs/scout_msgs/msg/detail/scout_rc_state__rosidl_typesupport_introspection_c.h
[2.063s] -- Up-to-date: /home/dongkuo/lt_ws/loc_ws/install/scout_msgs/include/scout_msgs/scout_msgs/msg/detail/scout_light_state__type_support.c
[2.063s] -- Up-to-date: /home/dongkuo/lt_ws/loc_ws/install/scout_msgs/include/scout_msgs/scout_msgs/msg/detail/scout_light_cmd__rosidl_typesupport_introspection_c.h
[2.064s] -- Up-to-date: /home/dongkuo/lt_ws/loc_ws/install/scout_msgs/include/scout_msgs/scout_msgs/msg/detail/scout_status__type_support.c
[2.064s] -- Up-to-date: /home/dongkuo/lt_ws/loc_ws/install/scout_msgs/include/scout_msgs/scout_msgs/msg/detail/scout_status__rosidl_typesupport_introspection_c.h
[2.064s] -- Up-to-date: /home/dongkuo/lt_ws/loc_ws/install/scout_msgs/include/scout_msgs/scout_msgs/msg/detail/scout_light_state__rosidl_typesupport_introspection_c.h
[2.064s] -- Up-to-date: /home/dongkuo/lt_ws/loc_ws/install/scout_msgs/include/scout_msgs/scout_msgs/msg/detail/scout_rc_state__type_support.c
[2.064s] -- Up-to-date: /home/dongkuo/lt_ws/loc_ws/install/scout_msgs/include/scout_msgs/scout_msgs/msg/detail/scout_actuator_state__rosidl_typesupport_introspection_c.h
[2.064s] -- Up-to-date: /home/dongkuo/lt_ws/loc_ws/install/scout_msgs/include/scout_msgs/scout_msgs/msg/detail/scout_light_cmd__type_support.c
[2.064s] -- Up-to-date: /home/dongkuo/lt_ws/loc_ws/install/scout_msgs/include/scout_msgs/scout_msgs/msg/detail/scout_actuator_state__type_support.c
[2.064s] -- Up-to-date: /home/dongkuo/lt_ws/loc_ws/install/scout_msgs/include/scout_msgs/scout_msgs/msg/rosidl_typesupport_introspection_c__visibility_control.h
[2.064s] -- Up-to-date: /home/dongkuo/lt_ws/loc_ws/install/scout_msgs/lib/libscout_msgs__rosidl_typesupport_introspection_c.so
[2.064s] -- Up-to-date: /home/dongkuo/lt_ws/loc_ws/install/scout_msgs/lib/libscout_msgs__rosidl_typesupport_c.so
[2.064s] -- Up-to-date: /home/dongkuo/lt_ws/loc_ws/install/scout_msgs/include/scout_msgs/scout_msgs
[2.064s] -- Up-to-date: /home/dongkuo/lt_ws/loc_ws/install/scout_msgs/include/scout_msgs/scout_msgs/msg
[2.064s] -- Up-to-date: /home/dongkuo/lt_ws/loc_ws/install/scout_msgs/include/scout_msgs/scout_msgs/msg/detail
[2.064s] -- Up-to-date: /home/dongkuo/lt_ws/loc_ws/install/scout_msgs/include/scout_msgs/scout_msgs/msg/detail/scout_rc_state__rosidl_typesupport_introspection_cpp.hpp
[2.064s] -- Up-to-date: /home/dongkuo/lt_ws/loc_ws/install/scout_msgs/include/scout_msgs/scout_msgs/msg/detail/scout_light_state__type_support.cpp
[2.064s] -- Up-to-date: /home/dongkuo/lt_ws/loc_ws/install/scout_msgs/include/scout_msgs/scout_msgs/msg/detail/scout_status__type_support.cpp
[2.064s] -- Up-to-date: /home/dongkuo/lt_ws/loc_ws/install/scout_msgs/include/scout_msgs/scout_msgs/msg/detail/scout_light_state__rosidl_typesupport_introspection_cpp.hpp
[2.064s] -- Up-to-date: /home/dongkuo/lt_ws/loc_ws/install/scout_msgs/include/scout_msgs/scout_msgs/msg/detail/scout_rc_state__type_support.cpp
[2.064s] -- Up-to-date: /home/dongkuo/lt_ws/loc_ws/install/scout_msgs/include/scout_msgs/scout_msgs/msg/detail/scout_actuator_state__rosidl_typesupport_introspection_cpp.hpp
[2.064s] -- Up-to-date: /home/dongkuo/lt_ws/loc_ws/install/scout_msgs/include/scout_msgs/scout_msgs/msg/detail/scout_actuator_state__type_support.cpp
[2.065s] -- Up-to-date: /home/dongkuo/lt_ws/loc_ws/install/scout_msgs/include/scout_msgs/scout_msgs/msg/detail/scout_light_cmd__rosidl_typesupport_introspection_cpp.hpp
[2.065s] -- Up-to-date: /home/dongkuo/lt_ws/loc_ws/install/scout_msgs/include/scout_msgs/scout_msgs/msg/detail/scout_light_cmd__type_support.cpp
[2.065s] -- Up-to-date: /home/dongkuo/lt_ws/loc_ws/install/scout_msgs/include/scout_msgs/scout_msgs/msg/detail/scout_status__rosidl_typesupport_introspection_cpp.hpp
[2.065s] -- Up-to-date: /home/dongkuo/lt_ws/loc_ws/install/scout_msgs/lib/libscout_msgs__rosidl_typesupport_introspection_cpp.so
[2.065s] -- Up-to-date: /home/dongkuo/lt_ws/loc_ws/install/scout_msgs/lib/libscout_msgs__rosidl_typesupport_cpp.so
[2.065s] -- Up-to-date: /home/dongkuo/lt_ws/loc_ws/install/scout_msgs/share/scout_msgs/environment/pythonpath.sh
[2.065s] -- Up-to-date: /home/dongkuo/lt_ws/loc_ws/install/scout_msgs/share/scout_msgs/environment/pythonpath.dsv
[2.065s] -- Up-to-date: /home/dongkuo/lt_ws/loc_ws/install/scout_msgs/local/lib/python3.10/dist-packages/scout_msgs-0.1.0-py3.10.egg-info
[2.065s] -- Installing: /home/dongkuo/lt_ws/loc_ws/install/scout_msgs/local/lib/python3.10/dist-packages/scout_msgs-0.1.0-py3.10.egg-info/SOURCES.txt
[2.065s] -- Installing: /home/dongkuo/lt_ws/loc_ws/install/scout_msgs/local/lib/python3.10/dist-packages/scout_msgs-0.1.0-py3.10.egg-info/top_level.txt
[2.065s] -- Installing: /home/dongkuo/lt_ws/loc_ws/install/scout_msgs/local/lib/python3.10/dist-packages/scout_msgs-0.1.0-py3.10.egg-info/dependency_links.txt
[2.065s] -- Installing: /home/dongkuo/lt_ws/loc_ws/install/scout_msgs/local/lib/python3.10/dist-packages/scout_msgs-0.1.0-py3.10.egg-info/PKG-INFO
[2.065s] -- Up-to-date: /home/dongkuo/lt_ws/loc_ws/install/scout_msgs/local/lib/python3.10/dist-packages/scout_msgs
[2.065s] -- Up-to-date: /home/dongkuo/lt_ws/loc_ws/install/scout_msgs/local/lib/python3.10/dist-packages/scout_msgs/scout_msgs_s__rosidl_typesupport_fastrtps_c.cpython-310-x86_64-linux-gnu.so
[2.065s] -- Up-to-date: /home/dongkuo/lt_ws/loc_ws/install/scout_msgs/local/lib/python3.10/dist-packages/scout_msgs/_scout_msgs_s.ep.rosidl_typesupport_c.c
[2.065s] -- Up-to-date: /home/dongkuo/lt_ws/loc_ws/install/scout_msgs/local/lib/python3.10/dist-packages/scout_msgs/_scout_msgs_s.ep.rosidl_typesupport_introspection_c.c
[2.065s] -- Up-to-date: /home/dongkuo/lt_ws/loc_ws/install/scout_msgs/local/lib/python3.10/dist-packages/scout_msgs/scout_msgs_s__rosidl_typesupport_c.cpython-310-x86_64-linux-gnu.so
[2.065s] -- Up-to-date: /home/dongkuo/lt_ws/loc_ws/install/scout_msgs/local/lib/python3.10/dist-packages/scout_msgs/_scout_msgs_s.ep.rosidl_typesupport_fastrtps_c.c
[2.065s] -- Up-to-date: /home/dongkuo/lt_ws/loc_ws/install/scout_msgs/local/lib/python3.10/dist-packages/scout_msgs/scout_msgs_s__rosidl_typesupport_introspection_c.cpython-310-x86_64-linux-gnu.so
[2.066s] -- Up-to-date: /home/dongkuo/lt_ws/loc_ws/install/scout_msgs/local/lib/python3.10/dist-packages/scout_msgs/__init__.py
[2.066s] -- Up-to-date: /home/dongkuo/lt_ws/loc_ws/install/scout_msgs/local/lib/python3.10/dist-packages/scout_msgs/msg
[2.066s] -- Up-to-date: /home/dongkuo/lt_ws/loc_ws/install/scout_msgs/local/lib/python3.10/dist-packages/scout_msgs/msg/_scout_light_cmd.py
[2.066s] -- Up-to-date: /home/dongkuo/lt_ws/loc_ws/install/scout_msgs/local/lib/python3.10/dist-packages/scout_msgs/msg/_scout_light_state_s.c
[2.066s] -- Up-to-date: /home/dongkuo/lt_ws/loc_ws/install/scout_msgs/local/lib/python3.10/dist-packages/scout_msgs/msg/_scout_actuator_state.py
[2.066s] -- Up-to-date: /home/dongkuo/lt_ws/loc_ws/install/scout_msgs/local/lib/python3.10/dist-packages/scout_msgs/msg/_scout_rc_state_s.c
[2.066s] -- Up-to-date: /home/dongkuo/lt_ws/loc_ws/install/scout_msgs/local/lib/python3.10/dist-packages/scout_msgs/msg/_scout_rc_state.py
[2.066s] -- Up-to-date: /home/dongkuo/lt_ws/loc_ws/install/scout_msgs/local/lib/python3.10/dist-packages/scout_msgs/msg/_scout_light_state.py
[2.066s] -- Up-to-date: /home/dongkuo/lt_ws/loc_ws/install/scout_msgs/local/lib/python3.10/dist-packages/scout_msgs/msg/_scout_status.py
[2.066s] -- Up-to-date: /home/dongkuo/lt_ws/loc_ws/install/scout_msgs/local/lib/python3.10/dist-packages/scout_msgs/msg/_scout_light_cmd_s.c
[2.066s] -- Up-to-date: /home/dongkuo/lt_ws/loc_ws/install/scout_msgs/local/lib/python3.10/dist-packages/scout_msgs/msg/_scout_status_s.c
[2.066s] -- Up-to-date: /home/dongkuo/lt_ws/loc_ws/install/scout_msgs/local/lib/python3.10/dist-packages/scout_msgs/msg/__init__.py
[2.066s] -- Up-to-date: /home/dongkuo/lt_ws/loc_ws/install/scout_msgs/local/lib/python3.10/dist-packages/scout_msgs/msg/_scout_actuator_state_s.c
[2.066s] -- Up-to-date: /home/dongkuo/lt_ws/loc_ws/install/scout_msgs/local/lib/python3.10/dist-packages/scout_msgs/libscout_msgs__rosidl_generator_py.so
[2.078s] Listing '/home/dongkuo/lt_ws/loc_ws/install/scout_msgs/local/lib/python3.10/dist-packages/scout_msgs'...
[2.078s] Listing '/home/dongkuo/lt_ws/loc_ws/install/scout_msgs/local/lib/python3.10/dist-packages/scout_msgs/msg'...
[2.080s] -- Up-to-date: /home/dongkuo/lt_ws/loc_ws/install/scout_msgs/local/lib/python3.10/dist-packages/scout_msgs/scout_msgs_s__rosidl_typesupport_fastrtps_c.cpython-310-x86_64-linux-gnu.so
[2.081s] -- Up-to-date: /home/dongkuo/lt_ws/loc_ws/install/scout_msgs/local/lib/python3.10/dist-packages/scout_msgs/scout_msgs_s__rosidl_typesupport_introspection_c.cpython-310-x86_64-linux-gnu.so
[2.081s] -- Up-to-date: /home/dongkuo/lt_ws/loc_ws/install/scout_msgs/local/lib/python3.10/dist-packages/scout_msgs/scout_msgs_s__rosidl_typesupport_c.cpython-310-x86_64-linux-gnu.so
[2.081s] -- Up-to-date: /home/dongkuo/lt_ws/loc_ws/install/scout_msgs/lib/libscout_msgs__rosidl_generator_py.so
[2.081s] -- Up-to-date: /home/dongkuo/lt_ws/loc_ws/install/scout_msgs/share/scout_msgs/msg/ScoutActuatorState.idl
[2.081s] -- Up-to-date: /home/dongkuo/lt_ws/loc_ws/install/scout_msgs/share/scout_msgs/msg/ScoutLightCmd.idl
[2.081s] -- Up-to-date: /home/dongkuo/lt_ws/loc_ws/install/scout_msgs/share/scout_msgs/msg/ScoutLightState.idl
[2.081s] -- Up-to-date: /home/dongkuo/lt_ws/loc_ws/install/scout_msgs/share/scout_msgs/msg/ScoutRCState.idl
[2.081s] -- Up-to-date: /home/dongkuo/lt_ws/loc_ws/install/scout_msgs/share/scout_msgs/msg/ScoutStatus.idl
[2.081s] -- Up-to-date: /home/dongkuo/lt_ws/loc_ws/install/scout_msgs/share/scout_msgs/msg/ScoutActuatorState.msg
[2.081s] -- Up-to-date: /home/dongkuo/lt_ws/loc_ws/install/scout_msgs/share/scout_msgs/msg/ScoutLightCmd.msg
[2.081s] -- Up-to-date: /home/dongkuo/lt_ws/loc_ws/install/scout_msgs/share/scout_msgs/msg/ScoutLightState.msg
[2.081s] -- Up-to-date: /home/dongkuo/lt_ws/loc_ws/install/scout_msgs/share/scout_msgs/msg/ScoutRCState.msg
[2.081s] -- Up-to-date: /home/dongkuo/lt_ws/loc_ws/install/scout_msgs/share/scout_msgs/msg/ScoutStatus.msg
[2.081s] -- Up-to-date: /home/dongkuo/lt_ws/loc_ws/install/scout_msgs/share/ament_index/resource_index/package_run_dependencies/scout_msgs
[2.082s] -- Up-to-date: /home/dongkuo/lt_ws/loc_ws/install/scout_msgs/share/ament_index/resource_index/parent_prefix_path/scout_msgs
[2.082s] -- Up-to-date: /home/dongkuo/lt_ws/loc_ws/install/scout_msgs/share/scout_msgs/environment/ament_prefix_path.sh
[2.082s] -- Up-to-date: /home/dongkuo/lt_ws/loc_ws/install/scout_msgs/share/scout_msgs/environment/ament_prefix_path.dsv
[2.082s] -- Up-to-date: /home/dongkuo/lt_ws/loc_ws/install/scout_msgs/share/scout_msgs/environment/path.sh
[2.082s] -- Up-to-date: /home/dongkuo/lt_ws/loc_ws/install/scout_msgs/share/scout_msgs/environment/path.dsv
[2.082s] -- Up-to-date: /home/dongkuo/lt_ws/loc_ws/install/scout_msgs/share/scout_msgs/local_setup.bash
[2.082s] -- Up-to-date: /home/dongkuo/lt_ws/loc_ws/install/scout_msgs/share/scout_msgs/local_setup.sh
[2.082s] -- Up-to-date: /home/dongkuo/lt_ws/loc_ws/install/scout_msgs/share/scout_msgs/local_setup.zsh
[2.082s] -- Up-to-date: /home/dongkuo/lt_ws/loc_ws/install/scout_msgs/share/scout_msgs/local_setup.dsv
[2.082s] -- Installing: /home/dongkuo/lt_ws/loc_ws/install/scout_msgs/share/scout_msgs/package.dsv
[2.082s] -- Up-to-date: /home/dongkuo/lt_ws/loc_ws/install/scout_msgs/share/ament_index/resource_index/packages/scout_msgs
[2.082s] -- Up-to-date: /home/dongkuo/lt_ws/loc_ws/install/scout_msgs/share/scout_msgs/cmake/export_scout_msgs__rosidl_generator_cExport.cmake
[2.082s] -- Up-to-date: /home/dongkuo/lt_ws/loc_ws/install/scout_msgs/share/scout_msgs/cmake/export_scout_msgs__rosidl_generator_cExport-noconfig.cmake
[2.082s] -- Up-to-date: /home/dongkuo/lt_ws/loc_ws/install/scout_msgs/share/scout_msgs/cmake/export_scout_msgs__rosidl_typesupport_fastrtps_cExport.cmake
[2.082s] -- Up-to-date: /home/dongkuo/lt_ws/loc_ws/install/scout_msgs/share/scout_msgs/cmake/export_scout_msgs__rosidl_typesupport_fastrtps_cExport-noconfig.cmake
[2.082s] -- Up-to-date: /home/dongkuo/lt_ws/loc_ws/install/scout_msgs/share/scout_msgs/cmake/export_scout_msgs__rosidl_generator_cppExport.cmake
[2.083s] -- Up-to-date: /home/dongkuo/lt_ws/loc_ws/install/scout_msgs/share/scout_msgs/cmake/export_scout_msgs__rosidl_typesupport_fastrtps_cppExport.cmake
[2.083s] -- Up-to-date: /home/dongkuo/lt_ws/loc_ws/install/scout_msgs/share/scout_msgs/cmake/export_scout_msgs__rosidl_typesupport_fastrtps_cppExport-noconfig.cmake
[2.083s] -- Up-to-date: /home/dongkuo/lt_ws/loc_ws/install/scout_msgs/share/scout_msgs/cmake/scout_msgs__rosidl_typesupport_introspection_cExport.cmake
[2.083s] -- Up-to-date: /home/dongkuo/lt_ws/loc_ws/install/scout_msgs/share/scout_msgs/cmake/scout_msgs__rosidl_typesupport_introspection_cExport-noconfig.cmake
[2.083s] -- Up-to-date: /home/dongkuo/lt_ws/loc_ws/install/scout_msgs/share/scout_msgs/cmake/scout_msgs__rosidl_typesupport_cExport.cmake
[2.083s] -- Up-to-date: /home/dongkuo/lt_ws/loc_ws/install/scout_msgs/share/scout_msgs/cmake/scout_msgs__rosidl_typesupport_cExport-noconfig.cmake
[2.083s] -- Up-to-date: /home/dongkuo/lt_ws/loc_ws/install/scout_msgs/share/scout_msgs/cmake/scout_msgs__rosidl_typesupport_introspection_cppExport.cmake
[2.083s] -- Up-to-date: /home/dongkuo/lt_ws/loc_ws/install/scout_msgs/share/scout_msgs/cmake/scout_msgs__rosidl_typesupport_introspection_cppExport-noconfig.cmake
[2.083s] -- Up-to-date: /home/dongkuo/lt_ws/loc_ws/install/scout_msgs/share/scout_msgs/cmake/scout_msgs__rosidl_typesupport_cppExport.cmake
[2.083s] -- Up-to-date: /home/dongkuo/lt_ws/loc_ws/install/scout_msgs/share/scout_msgs/cmake/scout_msgs__rosidl_typesupport_cppExport-noconfig.cmake
[2.083s] -- Up-to-date: /home/dongkuo/lt_ws/loc_ws/install/scout_msgs/share/scout_msgs/cmake/export_scout_msgs__rosidl_generator_pyExport.cmake
[2.083s] -- Up-to-date: /home/dongkuo/lt_ws/loc_ws/install/scout_msgs/share/scout_msgs/cmake/export_scout_msgs__rosidl_generator_pyExport-noconfig.cmake
[2.084s] -- Up-to-date: /home/dongkuo/lt_ws/loc_ws/install/scout_msgs/share/scout_msgs/cmake/rosidl_cmake-extras.cmake
[2.085s] -- Up-to-date: /home/dongkuo/lt_ws/loc_ws/install/scout_msgs/share/scout_msgs/cmake/ament_cmake_export_dependencies-extras.cmake
[2.085s] -- Up-to-date: /home/dongkuo/lt_ws/loc_ws/install/scout_msgs/share/scout_msgs/cmake/ament_cmake_export_include_directories-extras.cmake
[2.085s] -- Up-to-date: /home/dongkuo/lt_ws/loc_ws/install/scout_msgs/share/scout_msgs/cmake/ament_cmake_export_libraries-extras.cmake
[2.085s] -- Up-to-date: /home/dongkuo/lt_ws/loc_ws/install/scout_msgs/share/scout_msgs/cmake/ament_cmake_export_targets-extras.cmake
[2.085s] -- Up-to-date: /home/dongkuo/lt_ws/loc_ws/install/scout_msgs/share/scout_msgs/cmake/rosidl_cmake_export_typesupport_targets-extras.cmake
[2.085s] -- Up-to-date: /home/dongkuo/lt_ws/loc_ws/install/scout_msgs/share/scout_msgs/cmake/rosidl_cmake_export_typesupport_libraries-extras.cmake
[2.085s] -- Up-to-date: /home/dongkuo/lt_ws/loc_ws/install/scout_msgs/share/scout_msgs/cmake/scout_msgsConfig.cmake
[2.085s] -- Up-to-date: /home/dongkuo/lt_ws/loc_ws/install/scout_msgs/share/scout_msgs/cmake/scout_msgsConfig-version.cmake
[2.085s] -- Up-to-date: /home/dongkuo/lt_ws/loc_ws/install/scout_msgs/share/scout_msgs/package.xml
[2.085s] Invoked command in '/home/dongkuo/lt_ws/loc_ws/build/scout_msgs' returned '0': CMAKE_PREFIX_PATH=/home/dongkuo/lt_ws/loc_ws/install/scout_base:/opt/ros/humble:/home/dongkuo/lt_ws/loc_ws/install/ugv_sdk:/home/dongkuo/lt_ws/loc_ws/install/scout_msgs:/home/dongkuo/lt_ws/loc_ws/install/scout_description:/home/dongkuo/lt_ws/loc_ws/install/point2d_loc:/home/dongkuo/lt_ws/loc_ws/install/nav_demo:/home/dongkuo/lt_ws/loc_ws/install/fast_lio:/home/dongkuo/lt_ws/loc_ws/install/livox_ros_driver2:/home/dongkuo/lt_ws/realsense_ws/install/realsense2_description:/home/dongkuo/lt_ws/realsense_ws/install/realsense2_camera:/home/dongkuo/lt_ws/realsense_ws/install/realsense2_camera_msgs:/home/dongkuo/lt_ws/realsense_ws/install/depth_to_cloud_converter:/opt/vulcanexus/humble /usr/bin/cmake --install /home/dongkuo/lt_ws/loc_ws/build/scout_msgs
