[0.014s] Invoking command in '/home/dongkuo/lt_ws/loc_ws/build/nav_demo': CMAKE_PREFIX_PATH=${CMAKE_PREFIX_PATH}:/opt/ros/humble /usr/bin/cmake --build /home/dongkuo/lt_ws/loc_ws/build/nav_demo -- -j32 -l32
[0.074s] [100%] Built target simple_navigator
[0.099s] Invoked command in '/home/dongkuo/lt_ws/loc_ws/build/nav_demo' returned '0': CMAKE_PREFIX_PATH=${CMAKE_PREFIX_PATH}:/opt/ros/humble /usr/bin/cmake --build /home/dongkuo/lt_ws/loc_ws/build/nav_demo -- -j32 -l32
[0.100s] Invoking command in '/home/dongkuo/lt_ws/loc_ws/build/nav_demo': CMAKE_PREFIX_PATH=${CMAKE_PREFIX_PATH}:/opt/ros/humble /usr/bin/cmake --install /home/dongkuo/lt_ws/loc_ws/build/nav_demo
[0.104s] -- Install configuration: ""
[0.105s] -- Up-to-date: /home/dongkuo/lt_ws/loc_ws/install/nav_demo/lib/nav_demo/simple_navigator
[0.105s] -- Up-to-date: /home/dongkuo/lt_ws/loc_ws/install/nav_demo/share/nav_demo/launch
[0.105s] -- Up-to-date: /home/dongkuo/lt_ws/loc_ws/install/nav_demo/share/nav_demo/launch/nav2_odom_navigation1.launch.py
[0.105s] -- Up-to-date: /home/dongkuo/lt_ws/loc_ws/install/nav_demo/share/nav_demo/launch/nav.launch.py
[0.105s] -- Up-to-date: /home/dongkuo/lt_ws/loc_ws/install/nav_demo/share/nav_demo/launch/nav2_odom_navigation.launch.py
[0.105s] -- Up-to-date: /home/dongkuo/lt_ws/loc_ws/install/nav_demo/share/nav_demo/maps
[0.105s] -- Up-to-date: /home/dongkuo/lt_ws/loc_ws/install/nav_demo/share/nav_demo/maps/first_floor1.yaml
[0.105s] -- Up-to-date: /home/dongkuo/lt_ws/loc_ws/install/nav_demo/share/nav_demo/maps/first_floor1.pgm
[0.105s] -- Up-to-date: /home/dongkuo/lt_ws/loc_ws/install/nav_demo/share/nav_demo/maps/my_2d_map1.yaml
[0.105s] -- Up-to-date: /home/dongkuo/lt_ws/loc_ws/install/nav_demo/share/nav_demo/maps/office2.pgm
[0.105s] -- Up-to-date: /home/dongkuo/lt_ws/loc_ws/install/nav_demo/share/nav_demo/maps/sec_floor.yaml
[0.105s] -- Up-to-date: /home/dongkuo/lt_ws/loc_ws/install/nav_demo/share/nav_demo/maps/my_2d_map.pgm
[0.106s] -- Up-to-date: /home/dongkuo/lt_ws/loc_ws/install/nav_demo/share/nav_demo/maps/neibor_office2.pgm
[0.106s] -- Up-to-date: /home/dongkuo/lt_ws/loc_ws/install/nav_demo/share/nav_demo/maps/test.pcd
[0.106s] -- Up-to-date: /home/dongkuo/lt_ws/loc_ws/install/nav_demo/share/nav_demo/maps/sec_floor.pgm
[0.106s] -- Up-to-date: /home/dongkuo/lt_ws/loc_ws/install/nav_demo/share/nav_demo/maps/neibor_office.pgm
[0.106s] -- Up-to-date: /home/dongkuo/lt_ws/loc_ws/install/nav_demo/share/nav_demo/maps/office1.yaml
[0.106s] -- Up-to-date: /home/dongkuo/lt_ws/loc_ws/install/nav_demo/share/nav_demo/maps/my_2d_map1.pgm
[0.106s] -- Up-to-date: /home/dongkuo/lt_ws/loc_ws/install/nav_demo/share/nav_demo/maps/office2.yaml
[0.106s] -- Up-to-date: /home/dongkuo/lt_ws/loc_ws/install/nav_demo/share/nav_demo/maps/office1.pgm
[0.106s] -- Up-to-date: /home/dongkuo/lt_ws/loc_ws/install/nav_demo/share/nav_demo/maps/neibor_office.yaml
[0.106s] -- Up-to-date: /home/dongkuo/lt_ws/loc_ws/install/nav_demo/share/nav_demo/maps/neibor_office2.yaml
[0.106s] -- Up-to-date: /home/dongkuo/lt_ws/loc_ws/install/nav_demo/share/nav_demo/maps/my_2d_map.yaml
[0.106s] -- Up-to-date: /home/dongkuo/lt_ws/loc_ws/install/nav_demo/share/nav_demo/rviz
[0.107s] -- Up-to-date: /home/dongkuo/lt_ws/loc_ws/install/nav_demo/share/nav_demo/rviz/navi.rviz
[0.107s] -- Up-to-date: /home/dongkuo/lt_ws/loc_ws/install/nav_demo/share/nav_demo/config
[0.107s] -- Up-to-date: /home/dongkuo/lt_ws/loc_ws/install/nav_demo/share/nav_demo/config/controller.yaml
[0.107s] -- Up-to-date: /home/dongkuo/lt_ws/loc_ws/install/nav_demo/share/nav_demo/config/nav2_params_wpr.yaml
[0.107s] -- Up-to-date: /home/dongkuo/lt_ws/loc_ws/install/nav_demo/share/nav_demo/config/nav2_params2.yaml
[0.107s] -- Up-to-date: /home/dongkuo/lt_ws/loc_ws/install/nav_demo/share/nav_demo/config/nav2_params.yaml
[0.107s] -- Up-to-date: /home/dongkuo/lt_ws/loc_ws/install/nav_demo/share/nav_demo/config/nav2_params copy.yaml
[0.107s] -- Up-to-date: /home/dongkuo/lt_ws/loc_ws/install/nav_demo/share/nav_demo/config/nav2_params1.yaml
[0.107s] -- Up-to-date: /home/dongkuo/lt_ws/loc_ws/install/nav_demo/share/ament_index/resource_index/package_run_dependencies/nav_demo
[0.107s] -- Up-to-date: /home/dongkuo/lt_ws/loc_ws/install/nav_demo/share/ament_index/resource_index/parent_prefix_path/nav_demo
[0.107s] -- Up-to-date: /home/dongkuo/lt_ws/loc_ws/install/nav_demo/share/nav_demo/environment/ament_prefix_path.sh
[0.108s] -- Up-to-date: /home/dongkuo/lt_ws/loc_ws/install/nav_demo/share/nav_demo/environment/ament_prefix_path.dsv
[0.108s] -- Up-to-date: /home/dongkuo/lt_ws/loc_ws/install/nav_demo/share/nav_demo/environment/path.sh
[0.108s] -- Up-to-date: /home/dongkuo/lt_ws/loc_ws/install/nav_demo/share/nav_demo/environment/path.dsv
[0.108s] -- Up-to-date: /home/dongkuo/lt_ws/loc_ws/install/nav_demo/share/nav_demo/local_setup.bash
[0.108s] -- Up-to-date: /home/dongkuo/lt_ws/loc_ws/install/nav_demo/share/nav_demo/local_setup.sh
[0.108s] -- Up-to-date: /home/dongkuo/lt_ws/loc_ws/install/nav_demo/share/nav_demo/local_setup.zsh
[0.108s] -- Up-to-date: /home/dongkuo/lt_ws/loc_ws/install/nav_demo/share/nav_demo/local_setup.dsv
[0.108s] -- Installing: /home/dongkuo/lt_ws/loc_ws/install/nav_demo/share/nav_demo/package.dsv
[0.109s] -- Up-to-date: /home/dongkuo/lt_ws/loc_ws/install/nav_demo/share/ament_index/resource_index/packages/nav_demo
[0.109s] -- Up-to-date: /home/dongkuo/lt_ws/loc_ws/install/nav_demo/share/nav_demo/cmake/nav_demoConfig.cmake
[0.109s] -- Up-to-date: /home/dongkuo/lt_ws/loc_ws/install/nav_demo/share/nav_demo/cmake/nav_demoConfig-version.cmake
[0.109s] -- Up-to-date: /home/dongkuo/lt_ws/loc_ws/install/nav_demo/share/nav_demo/package.xml
[0.112s] Invoked command in '/home/dongkuo/lt_ws/loc_ws/build/nav_demo' returned '0': CMAKE_PREFIX_PATH=${CMAKE_PREFIX_PATH}:/opt/ros/humble /usr/bin/cmake --install /home/dongkuo/lt_ws/loc_ws/build/nav_demo
