[0.017s] Invoking command in '/home/dongkuo/lt_ws/loc_ws/build/livox_ros_driver2': CMAKE_PREFIX_PATH=/home/dongkuo/lt_ws/loc_ws/install/scout_base:/opt/ros/humble:/home/dongkuo/lt_ws/loc_ws/install/ugv_sdk:/home/dongkuo/lt_ws/loc_ws/install/scout_msgs:/home/dongkuo/lt_ws/loc_ws/install/scout_description:/home/dongkuo/lt_ws/loc_ws/install/point2d_loc:/home/dongkuo/lt_ws/loc_ws/install/nav_demo:/home/dongkuo/lt_ws/loc_ws/install/fast_lio:/home/dongkuo/lt_ws/loc_ws/install/livox_ros_driver2:/home/dongkuo/lt_ws/realsense_ws/install/realsense2_description:/home/dongkuo/lt_ws/realsense_ws/install/realsense2_camera:/home/dongkuo/lt_ws/realsense_ws/install/realsense2_camera_msgs:/home/dongkuo/lt_ws/realsense_ws/install/depth_to_cloud_converter:/opt/vulcanexus/humble /usr/bin/cmake /home/dongkuo/lt_ws/loc_ws/src/livox_ros_driver2 -DCMAKE_INSTALL_PREFIX=/home/dongkuo/lt_ws/loc_ws/install/livox_ros_driver2
[0.025s] -- livox_ros_driver2 version: 1.2.4
[0.025s] -- Found ament_cmake_auto: 1.3.12 (/opt/ros/humble/share/ament_cmake_auto/cmake)
[0.144s] -- Using all available rosidl_typesupport_c: rosidl_typesupport_fastrtps_c;rosidl_typesupport_introspection_c
[0.146s] -- Found rosidl_adapter: 3.1.7 (/opt/ros/humble/share/rosidl_adapter/cmake)
[0.160s] -- Using all available rosidl_typesupport_cpp: rosidl_typesupport_fastrtps_cpp;rosidl_typesupport_introspection_cpp
[0.189s] -- Found rmw_implementation_cmake: 6.1.2 (/opt/ros/humble/share/rmw_implementation_cmake/cmake)
[0.190s] -- Found rmw_fastrtps_cpp: 6.2.6 (/opt/vulcanexus/humble/share/rmw_fastrtps_cpp/cmake)
[0.256s] -- Using RMW implementation 'rmw_fastrtps_cpp' as default
[0.324s] -- Eigen found (include: /usr/include/eigen3, version: 3.4.0)
[0.342s] -- FLANN found (include: /usr/include, lib: /usr/lib/x86_64-linux-gnu/libflann_cpp.so)
[0.521s] -- OpenNI found (version: 1.5.4.0, include: /usr/include/ni, lib: /usr/lib/libOpenNI.so;libusb::libusb)
[0.525s] -- OpenNI2 found (version: 2.2.0.33, include: /usr/include/openni2, lib: /usr/lib/x86_64-linux-gnu/libOpenNI2.so;libusb::libusb)
[0.605s] -- Eigen found (include: /usr/include/eigen3, version: 3.4.0)
[0.609s] -- OpenNI found (version: 1.5.4.0, include: /usr/include/ni, lib: /usr/lib/libOpenNI.so;libusb::libusb)
[0.613s] -- OpenNI2 found (version: 2.2.0.33, include: /usr/include/openni2, lib: /usr/lib/x86_64-linux-gnu/libOpenNI2.so;libusb::libusb)
[0.693s] -- Found Qhull version 8.0.2
[0.779s] -- OpenNI found (version: 1.5.4.0, include: /usr/include/ni, lib: /usr/lib/libOpenNI.so;libusb::libusb)
[0.890s] -- Checking for module 'apr-1'
[0.892s] --   No package 'apr-1' found
[1.006s] -- Found ament_cmake_ros: 0.10.0 (/opt/ros/humble/share/ament_cmake_ros/cmake)
[1.131s] -- Using all available rosidl_typesupport_c: rosidl_typesupport_fastrtps_c;rosidl_typesupport_introspection_c
[1.311s] -- Using all available rosidl_typesupport_cpp: rosidl_typesupport_fastrtps_cpp;rosidl_typesupport_introspection_cpp
[1.341s] -- Found python_cmake_module: 0.10.0 (/opt/ros/humble/share/python_cmake_module/cmake)
[1.368s] -- Using PYTHON_EXECUTABLE: /usr/bin/python3
[1.368s] -- Using PYTHON_INCLUDE_DIRS: /usr/include/python3.10
[1.368s] -- Using PYTHON_LIBRARIES: /usr/lib/x86_64-linux-gnu/libpython3.10.so
[1.397s] -- Found ament_lint_auto: 0.12.14 (/opt/ros/humble/share/ament_lint_auto/cmake)
[1.402s] -- Added test 'copyright' to check source files copyright and LICENSE
[1.404s] -- Added test 'cppcheck' to perform static code analysis on C / C++ code
[1.404s] -- Configured cppcheck include dirs: /home/dongkuo/lt_ws/loc_ws/src/livox_ros_driver2/3rdparty;/home/dongkuo/lt_ws/loc_ws/src/livox_ros_driver2/src
[1.404s] -- Configured cppcheck exclude dirs and/or files: 
[1.407s] -- Added test 'cpplint' to check C / C++ code against the Google style
[1.407s] -- Configured cpplint exclude dirs and/or files: 
[1.407s] -- Added test 'flake8' to check Python code syntax and style conventions
[1.408s] -- Added test 'lint_cmake' to check CMake code style
[1.408s] -- Added test 'pep257' to check Python code against some of the docstring style conventions in PEP 257
[1.410s] -- Added test 'uncrustify' to check C / C++ code style
[1.410s] -- Configured uncrustify additional arguments: 
[1.411s] -- Added test 'xmllint' to check XML markup files
[1.411s] -- Configuring done
[1.439s] -- Generating done
[1.447s] -- Build files have been written to: /home/dongkuo/lt_ws/loc_ws/build/livox_ros_driver2
[1.457s] Invoked command in '/home/dongkuo/lt_ws/loc_ws/build/livox_ros_driver2' returned '0': CMAKE_PREFIX_PATH=/home/dongkuo/lt_ws/loc_ws/install/scout_base:/opt/ros/humble:/home/dongkuo/lt_ws/loc_ws/install/ugv_sdk:/home/dongkuo/lt_ws/loc_ws/install/scout_msgs:/home/dongkuo/lt_ws/loc_ws/install/scout_description:/home/dongkuo/lt_ws/loc_ws/install/point2d_loc:/home/dongkuo/lt_ws/loc_ws/install/nav_demo:/home/dongkuo/lt_ws/loc_ws/install/fast_lio:/home/dongkuo/lt_ws/loc_ws/install/livox_ros_driver2:/home/dongkuo/lt_ws/realsense_ws/install/realsense2_description:/home/dongkuo/lt_ws/realsense_ws/install/realsense2_camera:/home/dongkuo/lt_ws/realsense_ws/install/realsense2_camera_msgs:/home/dongkuo/lt_ws/realsense_ws/install/depth_to_cloud_converter:/opt/vulcanexus/humble /usr/bin/cmake /home/dongkuo/lt_ws/loc_ws/src/livox_ros_driver2 -DCMAKE_INSTALL_PREFIX=/home/dongkuo/lt_ws/loc_ws/install/livox_ros_driver2
[1.457s] Invoking command in '/home/dongkuo/lt_ws/loc_ws/build/livox_ros_driver2': CMAKE_PREFIX_PATH=/home/dongkuo/lt_ws/loc_ws/install/scout_base:/opt/ros/humble:/home/dongkuo/lt_ws/loc_ws/install/ugv_sdk:/home/dongkuo/lt_ws/loc_ws/install/scout_msgs:/home/dongkuo/lt_ws/loc_ws/install/scout_description:/home/dongkuo/lt_ws/loc_ws/install/point2d_loc:/home/dongkuo/lt_ws/loc_ws/install/nav_demo:/home/dongkuo/lt_ws/loc_ws/install/fast_lio:/home/dongkuo/lt_ws/loc_ws/install/livox_ros_driver2:/home/dongkuo/lt_ws/realsense_ws/install/realsense2_description:/home/dongkuo/lt_ws/realsense_ws/install/realsense2_camera:/home/dongkuo/lt_ws/realsense_ws/install/realsense2_camera_msgs:/home/dongkuo/lt_ws/realsense_ws/install/depth_to_cloud_converter:/opt/vulcanexus/humble /usr/bin/cmake --build /home/dongkuo/lt_ws/loc_ws/build/livox_ros_driver2 -- -j32 -l32
[1.491s] [35m[1mConsolidate compiler generated dependencies of target livox_interfaces2__rosidl_generator_c[0m
[1.492s] [35m[1mConsolidate compiler generated dependencies of target livox_ros_driver2_node[0m
[1.502s] [  7%] Built target livox_interfaces2__rosidl_generator_c
[1.503s] [  8%] Built target livox_interfaces2__cpp
[1.507s] [ 12%] Built target livox_ros_driver2_node
[1.512s] [35m[1mConsolidate compiler generated dependencies of target livox_interfaces2__rosidl_typesupport_fastrtps_c[0m
[1.513s] [ 12%] Built target ament_cmake_python_copy_livox_ros_driver2
[1.513s] [35m[1mConsolidate compiler generated dependencies of target livox_interfaces2__rosidl_typesupport_introspection_c[0m
[1.513s] [35m[1mConsolidate compiler generated dependencies of target livox_interfaces2__rosidl_typesupport_c[0m
[1.514s] [35m[1mConsolidate compiler generated dependencies of target livox_interfaces2__rosidl_typesupport_cpp[0m
[1.514s] [35m[1mConsolidate compiler generated dependencies of target livox_interfaces2__rosidl_typesupport_fastrtps_cpp[0m
[1.514s] [35m[1mConsolidate compiler generated dependencies of target livox_interfaces2__rosidl_typesupport_introspection_cpp[0m
[1.519s] [ 19%] Built target livox_interfaces2__rosidl_typesupport_introspection_c
[1.521s] [ 26%] Built target livox_interfaces2__rosidl_typesupport_fastrtps_c
[1.521s] [ 33%] Built target livox_interfaces2__rosidl_typesupport_c
[1.521s] [ 40%] Built target livox_interfaces2__rosidl_typesupport_cpp
[1.523s] [ 47%] Built target livox_interfaces2__rosidl_typesupport_introspection_cpp
[1.524s] [ 54%] Built target livox_interfaces2__rosidl_typesupport_fastrtps_cpp
[1.533s] [35m[1mConsolidate compiler generated dependencies of target livox_ros_driver2[0m
[1.537s] [ 54%] Built target livox_interfaces2
[1.552s] [ 56%] Built target livox_interfaces2__py
[1.553s] [ 84%] Built target livox_ros_driver2
[1.560s] [35m[1mConsolidate compiler generated dependencies of target livox_interfaces2__rosidl_generator_py[0m
[1.566s] [ 89%] Built target livox_interfaces2__rosidl_generator_py
[1.573s] [35m[1mConsolidate compiler generated dependencies of target livox_ros_driver2__rosidl_typesupport_introspection_c__pyext[0m
[1.573s] [35m[1mConsolidate compiler generated dependencies of target livox_ros_driver2__rosidl_typesupport_c__pyext[0m
[1.574s] [35m[1mConsolidate compiler generated dependencies of target livox_ros_driver2__rosidl_typesupport_fastrtps_c__pyext[0m
[1.581s] [ 92%] Built target livox_ros_driver2__rosidl_typesupport_c__pyext
[1.581s] [ 96%] Built target livox_ros_driver2__rosidl_typesupport_introspection_c__pyext
[1.582s] [100%] Built target livox_ros_driver2__rosidl_typesupport_fastrtps_c__pyext
[1.629s] running egg_info
[1.629s] writing livox_ros_driver2.egg-info/PKG-INFO
[1.629s] writing dependency_links to livox_ros_driver2.egg-info/dependency_links.txt
[1.629s] writing top-level names to livox_ros_driver2.egg-info/top_level.txt
[1.630s] reading manifest file 'livox_ros_driver2.egg-info/SOURCES.txt'
[1.631s] writing manifest file 'livox_ros_driver2.egg-info/SOURCES.txt'
[1.645s] [100%] Built target ament_cmake_python_build_livox_ros_driver2_egg
[1.653s] Invoked command in '/home/dongkuo/lt_ws/loc_ws/build/livox_ros_driver2' returned '0': CMAKE_PREFIX_PATH=/home/dongkuo/lt_ws/loc_ws/install/scout_base:/opt/ros/humble:/home/dongkuo/lt_ws/loc_ws/install/ugv_sdk:/home/dongkuo/lt_ws/loc_ws/install/scout_msgs:/home/dongkuo/lt_ws/loc_ws/install/scout_description:/home/dongkuo/lt_ws/loc_ws/install/point2d_loc:/home/dongkuo/lt_ws/loc_ws/install/nav_demo:/home/dongkuo/lt_ws/loc_ws/install/fast_lio:/home/dongkuo/lt_ws/loc_ws/install/livox_ros_driver2:/home/dongkuo/lt_ws/realsense_ws/install/realsense2_description:/home/dongkuo/lt_ws/realsense_ws/install/realsense2_camera:/home/dongkuo/lt_ws/realsense_ws/install/realsense2_camera_msgs:/home/dongkuo/lt_ws/realsense_ws/install/depth_to_cloud_converter:/opt/vulcanexus/humble /usr/bin/cmake --build /home/dongkuo/lt_ws/loc_ws/build/livox_ros_driver2 -- -j32 -l32
[1.654s] Invoking command in '/home/dongkuo/lt_ws/loc_ws/build/livox_ros_driver2': CMAKE_PREFIX_PATH=/home/dongkuo/lt_ws/loc_ws/install/scout_base:/opt/ros/humble:/home/dongkuo/lt_ws/loc_ws/install/ugv_sdk:/home/dongkuo/lt_ws/loc_ws/install/scout_msgs:/home/dongkuo/lt_ws/loc_ws/install/scout_description:/home/dongkuo/lt_ws/loc_ws/install/point2d_loc:/home/dongkuo/lt_ws/loc_ws/install/nav_demo:/home/dongkuo/lt_ws/loc_ws/install/fast_lio:/home/dongkuo/lt_ws/loc_ws/install/livox_ros_driver2:/home/dongkuo/lt_ws/realsense_ws/install/realsense2_description:/home/dongkuo/lt_ws/realsense_ws/install/realsense2_camera:/home/dongkuo/lt_ws/realsense_ws/install/realsense2_camera_msgs:/home/dongkuo/lt_ws/realsense_ws/install/depth_to_cloud_converter:/opt/vulcanexus/humble /usr/bin/cmake --install /home/dongkuo/lt_ws/loc_ws/build/livox_ros_driver2
[1.660s] -- Install configuration: ""
[1.660s] -- Up-to-date: /home/dongkuo/lt_ws/loc_ws/install/livox_ros_driver2/share/ament_index/resource_index/rosidl_interfaces/livox_ros_driver2
[1.660s] -- Up-to-date: /home/dongkuo/lt_ws/loc_ws/install/livox_ros_driver2/include/livox_ros_driver2/livox_ros_driver2
[1.660s] -- Up-to-date: /home/dongkuo/lt_ws/loc_ws/install/livox_ros_driver2/include/livox_ros_driver2/livox_ros_driver2/msg
[1.660s] -- Up-to-date: /home/dongkuo/lt_ws/loc_ws/install/livox_ros_driver2/include/livox_ros_driver2/livox_ros_driver2/msg/custom_point.h
[1.660s] -- Up-to-date: /home/dongkuo/lt_ws/loc_ws/install/livox_ros_driver2/include/livox_ros_driver2/livox_ros_driver2/msg/custom_msg.h
[1.660s] -- Up-to-date: /home/dongkuo/lt_ws/loc_ws/install/livox_ros_driver2/include/livox_ros_driver2/livox_ros_driver2/msg/detail
[1.661s] -- Up-to-date: /home/dongkuo/lt_ws/loc_ws/install/livox_ros_driver2/include/livox_ros_driver2/livox_ros_driver2/msg/detail/custom_msg__functions.h
[1.661s] -- Up-to-date: /home/dongkuo/lt_ws/loc_ws/install/livox_ros_driver2/include/livox_ros_driver2/livox_ros_driver2/msg/detail/custom_point__type_support.h
[1.661s] -- Up-to-date: /home/dongkuo/lt_ws/loc_ws/install/livox_ros_driver2/include/livox_ros_driver2/livox_ros_driver2/msg/detail/custom_point__struct.h
[1.661s] -- Up-to-date: /home/dongkuo/lt_ws/loc_ws/install/livox_ros_driver2/include/livox_ros_driver2/livox_ros_driver2/msg/detail/custom_point__functions.c
[1.661s] -- Up-to-date: /home/dongkuo/lt_ws/loc_ws/install/livox_ros_driver2/include/livox_ros_driver2/livox_ros_driver2/msg/detail/custom_msg__functions.c
[1.661s] -- Up-to-date: /home/dongkuo/lt_ws/loc_ws/install/livox_ros_driver2/include/livox_ros_driver2/livox_ros_driver2/msg/detail/custom_point__functions.h
[1.661s] -- Up-to-date: /home/dongkuo/lt_ws/loc_ws/install/livox_ros_driver2/include/livox_ros_driver2/livox_ros_driver2/msg/detail/custom_msg__type_support.h
[1.661s] -- Up-to-date: /home/dongkuo/lt_ws/loc_ws/install/livox_ros_driver2/include/livox_ros_driver2/livox_ros_driver2/msg/detail/custom_msg__struct.h
[1.661s] -- Up-to-date: /home/dongkuo/lt_ws/loc_ws/install/livox_ros_driver2/include/livox_ros_driver2/livox_ros_driver2/msg/rosidl_generator_c__visibility_control.h
[1.661s] -- Up-to-date: /home/dongkuo/lt_ws/loc_ws/install/livox_ros_driver2/share/livox_ros_driver2/environment/library_path.sh
[1.661s] -- Installing: /home/dongkuo/lt_ws/loc_ws/install/livox_ros_driver2/share/livox_ros_driver2/environment/library_path.dsv
[1.661s] -- Up-to-date: /home/dongkuo/lt_ws/loc_ws/install/livox_ros_driver2/lib/liblivox_ros_driver2__rosidl_generator_c.so
[1.662s] -- Up-to-date: /home/dongkuo/lt_ws/loc_ws/install/livox_ros_driver2/include/livox_ros_driver2/livox_ros_driver2
[1.662s] -- Up-to-date: /home/dongkuo/lt_ws/loc_ws/install/livox_ros_driver2/include/livox_ros_driver2/livox_ros_driver2/msg
[1.662s] -- Up-to-date: /home/dongkuo/lt_ws/loc_ws/install/livox_ros_driver2/include/livox_ros_driver2/livox_ros_driver2/msg/rosidl_typesupport_fastrtps_c__visibility_control.h
[1.662s] -- Up-to-date: /home/dongkuo/lt_ws/loc_ws/install/livox_ros_driver2/include/livox_ros_driver2/livox_ros_driver2/msg/detail
[1.662s] -- Up-to-date: /home/dongkuo/lt_ws/loc_ws/install/livox_ros_driver2/include/livox_ros_driver2/livox_ros_driver2/msg/detail/custom_msg__rosidl_typesupport_fastrtps_c.h
[1.662s] -- Up-to-date: /home/dongkuo/lt_ws/loc_ws/install/livox_ros_driver2/include/livox_ros_driver2/livox_ros_driver2/msg/detail/custom_point__rosidl_typesupport_fastrtps_c.h
[1.662s] -- Up-to-date: /home/dongkuo/lt_ws/loc_ws/install/livox_ros_driver2/lib/liblivox_ros_driver2__rosidl_typesupport_fastrtps_c.so
[1.662s] -- Up-to-date: /home/dongkuo/lt_ws/loc_ws/install/livox_ros_driver2/include/livox_ros_driver2/livox_ros_driver2
[1.662s] -- Up-to-date: /home/dongkuo/lt_ws/loc_ws/install/livox_ros_driver2/include/livox_ros_driver2/livox_ros_driver2/msg
[1.662s] -- Up-to-date: /home/dongkuo/lt_ws/loc_ws/install/livox_ros_driver2/include/livox_ros_driver2/livox_ros_driver2/msg/detail
[1.662s] -- Up-to-date: /home/dongkuo/lt_ws/loc_ws/install/livox_ros_driver2/include/livox_ros_driver2/livox_ros_driver2/msg/detail/custom_point__rosidl_typesupport_introspection_c.h
[1.662s] -- Up-to-date: /home/dongkuo/lt_ws/loc_ws/install/livox_ros_driver2/include/livox_ros_driver2/livox_ros_driver2/msg/detail/custom_point__type_support.c
[1.662s] -- Up-to-date: /home/dongkuo/lt_ws/loc_ws/install/livox_ros_driver2/include/livox_ros_driver2/livox_ros_driver2/msg/detail/custom_msg__type_support.c
[1.663s] -- Up-to-date: /home/dongkuo/lt_ws/loc_ws/install/livox_ros_driver2/include/livox_ros_driver2/livox_ros_driver2/msg/detail/custom_msg__rosidl_typesupport_introspection_c.h
[1.663s] -- Up-to-date: /home/dongkuo/lt_ws/loc_ws/install/livox_ros_driver2/include/livox_ros_driver2/livox_ros_driver2/msg/rosidl_typesupport_introspection_c__visibility_control.h
[1.663s] -- Up-to-date: /home/dongkuo/lt_ws/loc_ws/install/livox_ros_driver2/lib/liblivox_ros_driver2__rosidl_typesupport_introspection_c.so
[1.663s] -- Up-to-date: /home/dongkuo/lt_ws/loc_ws/install/livox_ros_driver2/lib/liblivox_ros_driver2__rosidl_typesupport_c.so
[1.663s] -- Up-to-date: /home/dongkuo/lt_ws/loc_ws/install/livox_ros_driver2/include/livox_ros_driver2/livox_ros_driver2
[1.663s] -- Up-to-date: /home/dongkuo/lt_ws/loc_ws/install/livox_ros_driver2/include/livox_ros_driver2/livox_ros_driver2/msg
[1.663s] -- Up-to-date: /home/dongkuo/lt_ws/loc_ws/install/livox_ros_driver2/include/livox_ros_driver2/livox_ros_driver2/msg/custom_point.hpp
[1.663s] -- Up-to-date: /home/dongkuo/lt_ws/loc_ws/install/livox_ros_driver2/include/livox_ros_driver2/livox_ros_driver2/msg/custom_msg.hpp
[1.663s] -- Up-to-date: /home/dongkuo/lt_ws/loc_ws/install/livox_ros_driver2/include/livox_ros_driver2/livox_ros_driver2/msg/detail
[1.663s] -- Up-to-date: /home/dongkuo/lt_ws/loc_ws/install/livox_ros_driver2/include/livox_ros_driver2/livox_ros_driver2/msg/detail/custom_msg__builder.hpp
[1.663s] -- Up-to-date: /home/dongkuo/lt_ws/loc_ws/install/livox_ros_driver2/include/livox_ros_driver2/livox_ros_driver2/msg/detail/custom_point__struct.hpp
[1.663s] -- Up-to-date: /home/dongkuo/lt_ws/loc_ws/install/livox_ros_driver2/include/livox_ros_driver2/livox_ros_driver2/msg/detail/custom_point__type_support.hpp
[1.663s] -- Up-to-date: /home/dongkuo/lt_ws/loc_ws/install/livox_ros_driver2/include/livox_ros_driver2/livox_ros_driver2/msg/detail/custom_point__traits.hpp
[1.663s] -- Up-to-date: /home/dongkuo/lt_ws/loc_ws/install/livox_ros_driver2/include/livox_ros_driver2/livox_ros_driver2/msg/detail/custom_msg__traits.hpp
[1.664s] -- Up-to-date: /home/dongkuo/lt_ws/loc_ws/install/livox_ros_driver2/include/livox_ros_driver2/livox_ros_driver2/msg/detail/custom_msg__struct.hpp
[1.664s] -- Up-to-date: /home/dongkuo/lt_ws/loc_ws/install/livox_ros_driver2/include/livox_ros_driver2/livox_ros_driver2/msg/detail/custom_msg__type_support.hpp
[1.664s] -- Up-to-date: /home/dongkuo/lt_ws/loc_ws/install/livox_ros_driver2/include/livox_ros_driver2/livox_ros_driver2/msg/detail/custom_point__builder.hpp
[1.664s] -- Up-to-date: /home/dongkuo/lt_ws/loc_ws/install/livox_ros_driver2/include/livox_ros_driver2/livox_ros_driver2/msg/rosidl_generator_cpp__visibility_control.hpp
[1.664s] -- Up-to-date: /home/dongkuo/lt_ws/loc_ws/install/livox_ros_driver2/include/livox_ros_driver2/livox_ros_driver2
[1.664s] -- Up-to-date: /home/dongkuo/lt_ws/loc_ws/install/livox_ros_driver2/include/livox_ros_driver2/livox_ros_driver2/msg
[1.664s] -- Up-to-date: /home/dongkuo/lt_ws/loc_ws/install/livox_ros_driver2/include/livox_ros_driver2/livox_ros_driver2/msg/detail
[1.664s] -- Up-to-date: /home/dongkuo/lt_ws/loc_ws/install/livox_ros_driver2/include/livox_ros_driver2/livox_ros_driver2/msg/detail/custom_point__rosidl_typesupport_fastrtps_cpp.hpp
[1.664s] -- Up-to-date: /home/dongkuo/lt_ws/loc_ws/install/livox_ros_driver2/include/livox_ros_driver2/livox_ros_driver2/msg/detail/custom_msg__rosidl_typesupport_fastrtps_cpp.hpp
[1.664s] -- Up-to-date: /home/dongkuo/lt_ws/loc_ws/install/livox_ros_driver2/include/livox_ros_driver2/livox_ros_driver2/msg/detail/dds_fastrtps
[1.664s] -- Up-to-date: /home/dongkuo/lt_ws/loc_ws/install/livox_ros_driver2/include/livox_ros_driver2/livox_ros_driver2/msg/rosidl_typesupport_fastrtps_cpp__visibility_control.h
[1.664s] -- Up-to-date: /home/dongkuo/lt_ws/loc_ws/install/livox_ros_driver2/lib/liblivox_ros_driver2__rosidl_typesupport_fastrtps_cpp.so
[1.665s] -- Up-to-date: /home/dongkuo/lt_ws/loc_ws/install/livox_ros_driver2/include/livox_ros_driver2/livox_ros_driver2
[1.665s] -- Up-to-date: /home/dongkuo/lt_ws/loc_ws/install/livox_ros_driver2/include/livox_ros_driver2/livox_ros_driver2/msg
[1.665s] -- Up-to-date: /home/dongkuo/lt_ws/loc_ws/install/livox_ros_driver2/include/livox_ros_driver2/livox_ros_driver2/msg/detail
[1.665s] -- Up-to-date: /home/dongkuo/lt_ws/loc_ws/install/livox_ros_driver2/include/livox_ros_driver2/livox_ros_driver2/msg/detail/custom_msg__type_support.cpp
[1.665s] -- Up-to-date: /home/dongkuo/lt_ws/loc_ws/install/livox_ros_driver2/include/livox_ros_driver2/livox_ros_driver2/msg/detail/custom_point__rosidl_typesupport_introspection_cpp.hpp
[1.665s] -- Up-to-date: /home/dongkuo/lt_ws/loc_ws/install/livox_ros_driver2/include/livox_ros_driver2/livox_ros_driver2/msg/detail/custom_point__type_support.cpp
[1.665s] -- Up-to-date: /home/dongkuo/lt_ws/loc_ws/install/livox_ros_driver2/include/livox_ros_driver2/livox_ros_driver2/msg/detail/custom_msg__rosidl_typesupport_introspection_cpp.hpp
[1.665s] -- Up-to-date: /home/dongkuo/lt_ws/loc_ws/install/livox_ros_driver2/lib/liblivox_ros_driver2__rosidl_typesupport_introspection_cpp.so
[1.665s] -- Up-to-date: /home/dongkuo/lt_ws/loc_ws/install/livox_ros_driver2/lib/liblivox_ros_driver2__rosidl_typesupport_cpp.so
[1.665s] -- Up-to-date: /home/dongkuo/lt_ws/loc_ws/install/livox_ros_driver2/share/livox_ros_driver2/environment/pythonpath.sh
[1.665s] -- Installing: /home/dongkuo/lt_ws/loc_ws/install/livox_ros_driver2/share/livox_ros_driver2/environment/pythonpath.dsv
[1.666s] -- Up-to-date: /home/dongkuo/lt_ws/loc_ws/install/livox_ros_driver2/local/lib/python3.10/dist-packages/livox_ros_driver2-1.0.0-py3.10.egg-info
[1.666s] -- Installing: /home/dongkuo/lt_ws/loc_ws/install/livox_ros_driver2/local/lib/python3.10/dist-packages/livox_ros_driver2-1.0.0-py3.10.egg-info/SOURCES.txt
[1.666s] -- Installing: /home/dongkuo/lt_ws/loc_ws/install/livox_ros_driver2/local/lib/python3.10/dist-packages/livox_ros_driver2-1.0.0-py3.10.egg-info/top_level.txt
[1.666s] -- Installing: /home/dongkuo/lt_ws/loc_ws/install/livox_ros_driver2/local/lib/python3.10/dist-packages/livox_ros_driver2-1.0.0-py3.10.egg-info/dependency_links.txt
[1.666s] -- Installing: /home/dongkuo/lt_ws/loc_ws/install/livox_ros_driver2/local/lib/python3.10/dist-packages/livox_ros_driver2-1.0.0-py3.10.egg-info/PKG-INFO
[1.666s] -- Up-to-date: /home/dongkuo/lt_ws/loc_ws/install/livox_ros_driver2/local/lib/python3.10/dist-packages/livox_ros_driver2
[1.666s] -- Up-to-date: /home/dongkuo/lt_ws/loc_ws/install/livox_ros_driver2/local/lib/python3.10/dist-packages/livox_ros_driver2/livox_ros_driver2_s__rosidl_typesupport_fastrtps_c.cpython-310-x86_64-linux-gnu.so
[1.666s] -- Up-to-date: /home/dongkuo/lt_ws/loc_ws/install/livox_ros_driver2/local/lib/python3.10/dist-packages/livox_ros_driver2/livox_ros_driver2_s__rosidl_typesupport_c.cpython-310-x86_64-linux-gnu.so
[1.666s] -- Up-to-date: /home/dongkuo/lt_ws/loc_ws/install/livox_ros_driver2/local/lib/python3.10/dist-packages/livox_ros_driver2/_livox_ros_driver2_s.ep.rosidl_typesupport_c.c
[1.667s] -- Up-to-date: /home/dongkuo/lt_ws/loc_ws/install/livox_ros_driver2/local/lib/python3.10/dist-packages/livox_ros_driver2/_livox_ros_driver2_s.ep.rosidl_typesupport_fastrtps_c.c
[1.667s] -- Up-to-date: /home/dongkuo/lt_ws/loc_ws/install/livox_ros_driver2/local/lib/python3.10/dist-packages/livox_ros_driver2/_livox_ros_driver2_s.ep.rosidl_typesupport_introspection_c.c
[1.667s] -- Up-to-date: /home/dongkuo/lt_ws/loc_ws/install/livox_ros_driver2/local/lib/python3.10/dist-packages/livox_ros_driver2/livox_ros_driver2_s__rosidl_typesupport_introspection_c.cpython-310-x86_64-linux-gnu.so
[1.667s] -- Up-to-date: /home/dongkuo/lt_ws/loc_ws/install/livox_ros_driver2/local/lib/python3.10/dist-packages/livox_ros_driver2/liblivox_interfaces2__rosidl_generator_py.so
[1.667s] -- Installing: /home/dongkuo/lt_ws/loc_ws/install/livox_ros_driver2/local/lib/python3.10/dist-packages/livox_ros_driver2/__init__.py
[1.667s] -- Up-to-date: /home/dongkuo/lt_ws/loc_ws/install/livox_ros_driver2/local/lib/python3.10/dist-packages/livox_ros_driver2/msg
[1.667s] -- Up-to-date: /home/dongkuo/lt_ws/loc_ws/install/livox_ros_driver2/local/lib/python3.10/dist-packages/livox_ros_driver2/msg/_custom_msg_s.c
[1.667s] -- Up-to-date: /home/dongkuo/lt_ws/loc_ws/install/livox_ros_driver2/local/lib/python3.10/dist-packages/livox_ros_driver2/msg/_custom_msg.py
[1.667s] -- Up-to-date: /home/dongkuo/lt_ws/loc_ws/install/livox_ros_driver2/local/lib/python3.10/dist-packages/livox_ros_driver2/msg/_custom_point_s.c
[1.667s] -- Up-to-date: /home/dongkuo/lt_ws/loc_ws/install/livox_ros_driver2/local/lib/python3.10/dist-packages/livox_ros_driver2/msg/_custom_point.py
[1.667s] -- Up-to-date: /home/dongkuo/lt_ws/loc_ws/install/livox_ros_driver2/local/lib/python3.10/dist-packages/livox_ros_driver2/msg/__init__.py
[1.690s] Listing '/home/dongkuo/lt_ws/loc_ws/install/livox_ros_driver2/local/lib/python3.10/dist-packages/livox_ros_driver2'...
[1.690s] Compiling '/home/dongkuo/lt_ws/loc_ws/install/livox_ros_driver2/local/lib/python3.10/dist-packages/livox_ros_driver2/__init__.py'...
[1.690s] Listing '/home/dongkuo/lt_ws/loc_ws/install/livox_ros_driver2/local/lib/python3.10/dist-packages/livox_ros_driver2/msg'...
[1.692s] -- Up-to-date: /home/dongkuo/lt_ws/loc_ws/install/livox_ros_driver2/local/lib/python3.10/dist-packages/livox_ros_driver2/livox_ros_driver2_s__rosidl_typesupport_fastrtps_c.cpython-310-x86_64-linux-gnu.so
[1.692s] -- Up-to-date: /home/dongkuo/lt_ws/loc_ws/install/livox_ros_driver2/local/lib/python3.10/dist-packages/livox_ros_driver2/livox_ros_driver2_s__rosidl_typesupport_introspection_c.cpython-310-x86_64-linux-gnu.so
[1.693s] -- Up-to-date: /home/dongkuo/lt_ws/loc_ws/install/livox_ros_driver2/local/lib/python3.10/dist-packages/livox_ros_driver2/livox_ros_driver2_s__rosidl_typesupport_c.cpython-310-x86_64-linux-gnu.so
[1.693s] -- Up-to-date: /home/dongkuo/lt_ws/loc_ws/install/livox_ros_driver2/lib/liblivox_interfaces2__rosidl_generator_py.so
[1.693s] -- Up-to-date: /home/dongkuo/lt_ws/loc_ws/install/livox_ros_driver2/share/livox_ros_driver2/msg/CustomPoint.idl
[1.693s] -- Up-to-date: /home/dongkuo/lt_ws/loc_ws/install/livox_ros_driver2/share/livox_ros_driver2/msg/CustomMsg.idl
[1.693s] -- Up-to-date: /home/dongkuo/lt_ws/loc_ws/install/livox_ros_driver2/share/livox_ros_driver2/msg/CustomPoint.msg
[1.693s] -- Up-to-date: /home/dongkuo/lt_ws/loc_ws/install/livox_ros_driver2/share/livox_ros_driver2/msg/CustomMsg.msg
[1.693s] -- Up-to-date: /home/dongkuo/lt_ws/loc_ws/install/livox_ros_driver2/lib/livox_ros_driver2/livox_ros_driver2_node
[1.693s] -- Up-to-date: /home/dongkuo/lt_ws/loc_ws/install/livox_ros_driver2/lib/liblivox_ros_driver2.so
[1.693s] -- Up-to-date: /home/dongkuo/lt_ws/loc_ws/install/livox_ros_driver2/share/livox_ros_driver2/config
[1.693s] -- Up-to-date: /home/dongkuo/lt_ws/loc_ws/install/livox_ros_driver2/share/livox_ros_driver2/config/HAP_config.json
[1.693s] -- Up-to-date: /home/dongkuo/lt_ws/loc_ws/install/livox_ros_driver2/share/livox_ros_driver2/config/MID360_config.json
[1.693s] -- Up-to-date: /home/dongkuo/lt_ws/loc_ws/install/livox_ros_driver2/share/livox_ros_driver2/config/display_point_cloud_ROS2.rviz
[1.693s] -- Up-to-date: /home/dongkuo/lt_ws/loc_ws/install/livox_ros_driver2/share/livox_ros_driver2/config/mixed_HAP_MID360_config.json
[1.693s] -- Up-to-date: /home/dongkuo/lt_ws/loc_ws/install/livox_ros_driver2/share/livox_ros_driver2/config/display_point_cloud_ROS1.rviz
[1.693s] -- Up-to-date: /home/dongkuo/lt_ws/loc_ws/install/livox_ros_driver2/share/livox_ros_driver2/launch_ROS2
[1.693s] -- Up-to-date: /home/dongkuo/lt_ws/loc_ws/install/livox_ros_driver2/share/livox_ros_driver2/launch_ROS2/rviz_MID360_launch.py
[1.693s] -- Up-to-date: /home/dongkuo/lt_ws/loc_ws/install/livox_ros_driver2/share/livox_ros_driver2/launch_ROS2/rviz_mixed.py
[1.693s] -- Up-to-date: /home/dongkuo/lt_ws/loc_ws/install/livox_ros_driver2/share/livox_ros_driver2/launch_ROS2/msg_HAP_launch.py
[1.693s] -- Up-to-date: /home/dongkuo/lt_ws/loc_ws/install/livox_ros_driver2/share/livox_ros_driver2/launch_ROS2/rviz_HAP_launch.py
[1.693s] -- Up-to-date: /home/dongkuo/lt_ws/loc_ws/install/livox_ros_driver2/share/livox_ros_driver2/launch_ROS2/msg_MID360_launch.py
[1.693s] -- Up-to-date: /home/dongkuo/lt_ws/loc_ws/install/livox_ros_driver2/share/ament_index/resource_index/package_run_dependencies/livox_ros_driver2
[1.693s] -- Installing: /home/dongkuo/lt_ws/loc_ws/install/livox_ros_driver2/share/ament_index/resource_index/parent_prefix_path/livox_ros_driver2
[1.693s] -- Up-to-date: /home/dongkuo/lt_ws/loc_ws/install/livox_ros_driver2/share/livox_ros_driver2/environment/ament_prefix_path.sh
[1.693s] -- Installing: /home/dongkuo/lt_ws/loc_ws/install/livox_ros_driver2/share/livox_ros_driver2/environment/ament_prefix_path.dsv
[1.693s] -- Up-to-date: /home/dongkuo/lt_ws/loc_ws/install/livox_ros_driver2/share/livox_ros_driver2/environment/path.sh
[1.693s] -- Installing: /home/dongkuo/lt_ws/loc_ws/install/livox_ros_driver2/share/livox_ros_driver2/environment/path.dsv
[1.693s] -- Up-to-date: /home/dongkuo/lt_ws/loc_ws/install/livox_ros_driver2/share/livox_ros_driver2/local_setup.bash
[1.693s] -- Up-to-date: /home/dongkuo/lt_ws/loc_ws/install/livox_ros_driver2/share/livox_ros_driver2/local_setup.sh
[1.693s] -- Up-to-date: /home/dongkuo/lt_ws/loc_ws/install/livox_ros_driver2/share/livox_ros_driver2/local_setup.zsh
[1.693s] -- Installing: /home/dongkuo/lt_ws/loc_ws/install/livox_ros_driver2/share/livox_ros_driver2/local_setup.dsv
[1.693s] -- Installing: /home/dongkuo/lt_ws/loc_ws/install/livox_ros_driver2/share/livox_ros_driver2/package.dsv
[1.693s] -- Up-to-date: /home/dongkuo/lt_ws/loc_ws/install/livox_ros_driver2/share/ament_index/resource_index/packages/livox_ros_driver2
[1.694s] -- Up-to-date: /home/dongkuo/lt_ws/loc_ws/install/livox_ros_driver2/share/livox_ros_driver2/cmake/export_livox_interfaces2__rosidl_generator_cExport.cmake
[1.694s] -- Up-to-date: /home/dongkuo/lt_ws/loc_ws/install/livox_ros_driver2/share/livox_ros_driver2/cmake/export_livox_interfaces2__rosidl_generator_cExport-noconfig.cmake
[1.694s] -- Up-to-date: /home/dongkuo/lt_ws/loc_ws/install/livox_ros_driver2/share/livox_ros_driver2/cmake/export_livox_interfaces2__rosidl_typesupport_fastrtps_cExport.cmake
[1.694s] -- Up-to-date: /home/dongkuo/lt_ws/loc_ws/install/livox_ros_driver2/share/livox_ros_driver2/cmake/export_livox_interfaces2__rosidl_typesupport_fastrtps_cExport-noconfig.cmake
[1.694s] -- Up-to-date: /home/dongkuo/lt_ws/loc_ws/install/livox_ros_driver2/share/livox_ros_driver2/cmake/livox_interfaces2__rosidl_typesupport_introspection_cExport.cmake
[1.694s] -- Up-to-date: /home/dongkuo/lt_ws/loc_ws/install/livox_ros_driver2/share/livox_ros_driver2/cmake/livox_interfaces2__rosidl_typesupport_introspection_cExport-noconfig.cmake
[1.694s] -- Up-to-date: /home/dongkuo/lt_ws/loc_ws/install/livox_ros_driver2/share/livox_ros_driver2/cmake/livox_interfaces2__rosidl_typesupport_cExport.cmake
[1.694s] -- Up-to-date: /home/dongkuo/lt_ws/loc_ws/install/livox_ros_driver2/share/livox_ros_driver2/cmake/livox_interfaces2__rosidl_typesupport_cExport-noconfig.cmake
[1.694s] -- Up-to-date: /home/dongkuo/lt_ws/loc_ws/install/livox_ros_driver2/share/livox_ros_driver2/cmake/export_livox_interfaces2__rosidl_generator_cppExport.cmake
[1.694s] -- Up-to-date: /home/dongkuo/lt_ws/loc_ws/install/livox_ros_driver2/share/livox_ros_driver2/cmake/export_livox_interfaces2__rosidl_typesupport_fastrtps_cppExport.cmake
[1.694s] -- Up-to-date: /home/dongkuo/lt_ws/loc_ws/install/livox_ros_driver2/share/livox_ros_driver2/cmake/export_livox_interfaces2__rosidl_typesupport_fastrtps_cppExport-noconfig.cmake
[1.694s] -- Up-to-date: /home/dongkuo/lt_ws/loc_ws/install/livox_ros_driver2/share/livox_ros_driver2/cmake/livox_interfaces2__rosidl_typesupport_introspection_cppExport.cmake
[1.694s] -- Up-to-date: /home/dongkuo/lt_ws/loc_ws/install/livox_ros_driver2/share/livox_ros_driver2/cmake/livox_interfaces2__rosidl_typesupport_introspection_cppExport-noconfig.cmake
[1.694s] -- Up-to-date: /home/dongkuo/lt_ws/loc_ws/install/livox_ros_driver2/share/livox_ros_driver2/cmake/livox_interfaces2__rosidl_typesupport_cppExport.cmake
[1.694s] -- Up-to-date: /home/dongkuo/lt_ws/loc_ws/install/livox_ros_driver2/share/livox_ros_driver2/cmake/livox_interfaces2__rosidl_typesupport_cppExport-noconfig.cmake
[1.694s] -- Up-to-date: /home/dongkuo/lt_ws/loc_ws/install/livox_ros_driver2/share/livox_ros_driver2/cmake/export_livox_interfaces2__rosidl_generator_pyExport.cmake
[1.694s] -- Up-to-date: /home/dongkuo/lt_ws/loc_ws/install/livox_ros_driver2/share/livox_ros_driver2/cmake/export_livox_interfaces2__rosidl_generator_pyExport-noconfig.cmake
[1.694s] -- Up-to-date: /home/dongkuo/lt_ws/loc_ws/install/livox_ros_driver2/share/ament_index/resource_index/rclcpp_components/livox_ros_driver2
[1.694s] -- Up-to-date: /home/dongkuo/lt_ws/loc_ws/install/livox_ros_driver2/share/livox_ros_driver2/cmake/rosidl_cmake-extras.cmake
[1.694s] -- Up-to-date: /home/dongkuo/lt_ws/loc_ws/install/livox_ros_driver2/share/livox_ros_driver2/cmake/ament_cmake_export_dependencies-extras.cmake
[1.694s] -- Up-to-date: /home/dongkuo/lt_ws/loc_ws/install/livox_ros_driver2/share/livox_ros_driver2/cmake/ament_cmake_export_include_directories-extras.cmake
[1.694s] -- Up-to-date: /home/dongkuo/lt_ws/loc_ws/install/livox_ros_driver2/share/livox_ros_driver2/cmake/ament_cmake_export_libraries-extras.cmake
[1.694s] -- Up-to-date: /home/dongkuo/lt_ws/loc_ws/install/livox_ros_driver2/share/livox_ros_driver2/cmake/ament_cmake_export_targets-extras.cmake
[1.694s] -- Up-to-date: /home/dongkuo/lt_ws/loc_ws/install/livox_ros_driver2/share/livox_ros_driver2/cmake/rosidl_cmake_export_typesupport_targets-extras.cmake
[1.694s] -- Up-to-date: /home/dongkuo/lt_ws/loc_ws/install/livox_ros_driver2/share/livox_ros_driver2/cmake/rosidl_cmake_export_typesupport_libraries-extras.cmake
[1.694s] -- Up-to-date: /home/dongkuo/lt_ws/loc_ws/install/livox_ros_driver2/share/livox_ros_driver2/cmake/livox_ros_driver2Config.cmake
[1.694s] -- Up-to-date: /home/dongkuo/lt_ws/loc_ws/install/livox_ros_driver2/share/livox_ros_driver2/cmake/livox_ros_driver2Config-version.cmake
[1.694s] -- Up-to-date: /home/dongkuo/lt_ws/loc_ws/install/livox_ros_driver2/share/livox_ros_driver2/package.xml
[1.695s] Invoked command in '/home/dongkuo/lt_ws/loc_ws/build/livox_ros_driver2' returned '0': CMAKE_PREFIX_PATH=/home/dongkuo/lt_ws/loc_ws/install/scout_base:/opt/ros/humble:/home/dongkuo/lt_ws/loc_ws/install/ugv_sdk:/home/dongkuo/lt_ws/loc_ws/install/scout_msgs:/home/dongkuo/lt_ws/loc_ws/install/scout_description:/home/dongkuo/lt_ws/loc_ws/install/point2d_loc:/home/dongkuo/lt_ws/loc_ws/install/nav_demo:/home/dongkuo/lt_ws/loc_ws/install/fast_lio:/home/dongkuo/lt_ws/loc_ws/install/livox_ros_driver2:/home/dongkuo/lt_ws/realsense_ws/install/realsense2_description:/home/dongkuo/lt_ws/realsense_ws/install/realsense2_camera:/home/dongkuo/lt_ws/realsense_ws/install/realsense2_camera_msgs:/home/dongkuo/lt_ws/realsense_ws/install/depth_to_cloud_converter:/opt/vulcanexus/humble /usr/bin/cmake --install /home/dongkuo/lt_ws/loc_ws/build/livox_ros_driver2
