[0.020s] Invoking command in '/home/dongkuo/lt_ws/loc_ws/build/fast_lio': CMAKE_PREFIX_PATH=/home/dongkuo/lt_ws/loc_ws/install/livox_ros_driver2:/home/dongkuo/lt_ws/loc_ws/install/scout_base:/opt/ros/humble:/home/dongkuo/lt_ws/loc_ws/install/ugv_sdk:/home/dongkuo/lt_ws/loc_ws/install/scout_msgs:/home/dongkuo/lt_ws/loc_ws/install/scout_description:/home/dongkuo/lt_ws/loc_ws/install/point2d_loc:/home/dongkuo/lt_ws/loc_ws/install/nav_demo:/home/dongkuo/lt_ws/loc_ws/install/fast_lio:/home/dongkuo/lt_ws/realsense_ws/install/realsense2_description:/home/dongkuo/lt_ws/realsense_ws/install/realsense2_camera:/home/dongkuo/lt_ws/realsense_ws/install/realsense2_camera_msgs:/home/dongkuo/lt_ws/realsense_ws/install/depth_to_cloud_converter:/opt/vulcanexus/humble LD_LIBRARY_PATH=/home/dongkuo/lt_ws/loc_ws/install/livox_ros_driver2/lib:/home/dongkuo/lt_ws/loc_ws/install/scout_msgs/lib:/home/dongkuo/lt_ws/loc_ws/install/fast_lio/lib:/home/dongkuo/lt_ws/realsense_ws/install/realsense2_camera/lib:/home/dongkuo/lt_ws/realsense_ws/install/realsense2_camera_msgs/lib:/opt/vulcanexus/humble/lib:/usr/lib/x86_64-linux-gnu/gazebo-11/plugins:/opt/ros/humble/opt/rviz_ogre_vendor/lib:/opt/ros/humble/lib/x86_64-linux-gnu:/opt/ros/humble/lib /usr/bin/cmake --build /home/dongkuo/lt_ws/loc_ws/build/fast_lio -- -j32 -l32
[0.071s] [  2%] Built target fast_lio__cpp
[0.072s] [ 10%] Built target fast_lio__rosidl_generator_c
[0.079s] [ 10%] Built target ament_cmake_python_copy_fast_lio
[0.082s] [ 16%] Built target pcd_publisher
[0.086s] [ 24%] Built target fast_lio__rosidl_typesupport_fastrtps_cpp
[0.086s] [ 32%] Built target fast_lio__rosidl_typesupport_fastrtps_c
[0.086s] [ 40%] Built target fast_lio__rosidl_typesupport_c
[0.087s] [ 48%] Built target fast_lio__rosidl_typesupport_introspection_c
[0.087s] [ 56%] Built target fast_lio__rosidl_typesupport_cpp
[0.090s] [ 64%] Built target fast_lio__rosidl_typesupport_introspection_cpp
[0.107s] [ 64%] Built target fast_lio
[0.121s] [ 75%] Built target fastlio_mapping
[0.123s] [ 78%] Built target fast_lio__py
[0.142s] [ 83%] Built target fast_lio__rosidl_generator_py
[0.161s] [ 89%] Built target fast_lio__rosidl_typesupport_fastrtps_c__pyext
[0.161s] [ 94%] Built target fast_lio__rosidl_typesupport_introspection_c__pyext
[0.162s] [100%] Built target fast_lio__rosidl_typesupport_c__pyext
[0.228s] running egg_info
[0.228s] writing fast_lio.egg-info/PKG-INFO
[0.228s] writing dependency_links to fast_lio.egg-info/dependency_links.txt
[0.229s] writing top-level names to fast_lio.egg-info/top_level.txt
[0.230s] reading manifest file 'fast_lio.egg-info/SOURCES.txt'
[0.230s] writing manifest file 'fast_lio.egg-info/SOURCES.txt'
[0.248s] [100%] Built target ament_cmake_python_build_fast_lio_egg
[0.258s] Invoked command in '/home/dongkuo/lt_ws/loc_ws/build/fast_lio' returned '0': CMAKE_PREFIX_PATH=/home/dongkuo/lt_ws/loc_ws/install/livox_ros_driver2:/home/dongkuo/lt_ws/loc_ws/install/scout_base:/opt/ros/humble:/home/dongkuo/lt_ws/loc_ws/install/ugv_sdk:/home/dongkuo/lt_ws/loc_ws/install/scout_msgs:/home/dongkuo/lt_ws/loc_ws/install/scout_description:/home/dongkuo/lt_ws/loc_ws/install/point2d_loc:/home/dongkuo/lt_ws/loc_ws/install/nav_demo:/home/dongkuo/lt_ws/loc_ws/install/fast_lio:/home/dongkuo/lt_ws/realsense_ws/install/realsense2_description:/home/dongkuo/lt_ws/realsense_ws/install/realsense2_camera:/home/dongkuo/lt_ws/realsense_ws/install/realsense2_camera_msgs:/home/dongkuo/lt_ws/realsense_ws/install/depth_to_cloud_converter:/opt/vulcanexus/humble LD_LIBRARY_PATH=/home/dongkuo/lt_ws/loc_ws/install/livox_ros_driver2/lib:/home/dongkuo/lt_ws/loc_ws/install/scout_msgs/lib:/home/dongkuo/lt_ws/loc_ws/install/fast_lio/lib:/home/dongkuo/lt_ws/realsense_ws/install/realsense2_camera/lib:/home/dongkuo/lt_ws/realsense_ws/install/realsense2_camera_msgs/lib:/opt/vulcanexus/humble/lib:/usr/lib/x86_64-linux-gnu/gazebo-11/plugins:/opt/ros/humble/opt/rviz_ogre_vendor/lib:/opt/ros/humble/lib/x86_64-linux-gnu:/opt/ros/humble/lib /usr/bin/cmake --build /home/dongkuo/lt_ws/loc_ws/build/fast_lio -- -j32 -l32
[0.259s] Invoking command in '/home/dongkuo/lt_ws/loc_ws/build/fast_lio': CMAKE_PREFIX_PATH=/home/dongkuo/lt_ws/loc_ws/install/livox_ros_driver2:/home/dongkuo/lt_ws/loc_ws/install/scout_base:/opt/ros/humble:/home/dongkuo/lt_ws/loc_ws/install/ugv_sdk:/home/dongkuo/lt_ws/loc_ws/install/scout_msgs:/home/dongkuo/lt_ws/loc_ws/install/scout_description:/home/dongkuo/lt_ws/loc_ws/install/point2d_loc:/home/dongkuo/lt_ws/loc_ws/install/nav_demo:/home/dongkuo/lt_ws/loc_ws/install/fast_lio:/home/dongkuo/lt_ws/realsense_ws/install/realsense2_description:/home/dongkuo/lt_ws/realsense_ws/install/realsense2_camera:/home/dongkuo/lt_ws/realsense_ws/install/realsense2_camera_msgs:/home/dongkuo/lt_ws/realsense_ws/install/depth_to_cloud_converter:/opt/vulcanexus/humble LD_LIBRARY_PATH=/home/dongkuo/lt_ws/loc_ws/install/livox_ros_driver2/lib:/home/dongkuo/lt_ws/loc_ws/install/scout_msgs/lib:/home/dongkuo/lt_ws/loc_ws/install/fast_lio/lib:/home/dongkuo/lt_ws/realsense_ws/install/realsense2_camera/lib:/home/dongkuo/lt_ws/realsense_ws/install/realsense2_camera_msgs/lib:/opt/vulcanexus/humble/lib:/usr/lib/x86_64-linux-gnu/gazebo-11/plugins:/opt/ros/humble/opt/rviz_ogre_vendor/lib:/opt/ros/humble/lib/x86_64-linux-gnu:/opt/ros/humble/lib /usr/bin/cmake --install /home/dongkuo/lt_ws/loc_ws/build/fast_lio
[0.267s] -- Install configuration: "Release"
[0.267s] -- Up-to-date: /home/dongkuo/lt_ws/loc_ws/install/fast_lio/share/ament_index/resource_index/rosidl_interfaces/fast_lio
[0.267s] -- Up-to-date: /home/dongkuo/lt_ws/loc_ws/install/fast_lio/include/fast_lio/fast_lio
[0.267s] -- Up-to-date: /home/dongkuo/lt_ws/loc_ws/install/fast_lio/include/fast_lio/fast_lio/msg
[0.267s] -- Up-to-date: /home/dongkuo/lt_ws/loc_ws/install/fast_lio/include/fast_lio/fast_lio/msg/detail
[0.267s] -- Up-to-date: /home/dongkuo/lt_ws/loc_ws/install/fast_lio/include/fast_lio/fast_lio/msg/detail/pose6_d__type_support.h
[0.267s] -- Up-to-date: /home/dongkuo/lt_ws/loc_ws/install/fast_lio/include/fast_lio/fast_lio/msg/detail/pose6_d__struct.h
[0.268s] -- Up-to-date: /home/dongkuo/lt_ws/loc_ws/install/fast_lio/include/fast_lio/fast_lio/msg/detail/pose6_d__functions.h
[0.268s] -- Up-to-date: /home/dongkuo/lt_ws/loc_ws/install/fast_lio/include/fast_lio/fast_lio/msg/detail/pose6_d__functions.c
[0.268s] -- Up-to-date: /home/dongkuo/lt_ws/loc_ws/install/fast_lio/include/fast_lio/fast_lio/msg/rosidl_generator_c__visibility_control.h
[0.268s] -- Up-to-date: /home/dongkuo/lt_ws/loc_ws/install/fast_lio/include/fast_lio/fast_lio/msg/pose6_d.h
[0.268s] -- Up-to-date: /home/dongkuo/lt_ws/loc_ws/install/fast_lio/share/fast_lio/environment/library_path.sh
[0.268s] -- Up-to-date: /home/dongkuo/lt_ws/loc_ws/install/fast_lio/share/fast_lio/environment/library_path.dsv
[0.268s] -- Up-to-date: /home/dongkuo/lt_ws/loc_ws/install/fast_lio/lib/libfast_lio__rosidl_generator_c.so
[0.268s] -- Up-to-date: /home/dongkuo/lt_ws/loc_ws/install/fast_lio/include/fast_lio/fast_lio
[0.268s] -- Up-to-date: /home/dongkuo/lt_ws/loc_ws/install/fast_lio/include/fast_lio/fast_lio/msg
[0.268s] -- Up-to-date: /home/dongkuo/lt_ws/loc_ws/install/fast_lio/include/fast_lio/fast_lio/msg/rosidl_typesupport_fastrtps_c__visibility_control.h
[0.268s] -- Up-to-date: /home/dongkuo/lt_ws/loc_ws/install/fast_lio/include/fast_lio/fast_lio/msg/detail
[0.268s] -- Up-to-date: /home/dongkuo/lt_ws/loc_ws/install/fast_lio/include/fast_lio/fast_lio/msg/detail/pose6_d__rosidl_typesupport_fastrtps_c.h
[0.268s] -- Up-to-date: /home/dongkuo/lt_ws/loc_ws/install/fast_lio/lib/libfast_lio__rosidl_typesupport_fastrtps_c.so
[0.268s] -- Up-to-date: /home/dongkuo/lt_ws/loc_ws/install/fast_lio/include/fast_lio/fast_lio
[0.269s] -- Up-to-date: /home/dongkuo/lt_ws/loc_ws/install/fast_lio/include/fast_lio/fast_lio/msg
[0.269s] -- Up-to-date: /home/dongkuo/lt_ws/loc_ws/install/fast_lio/include/fast_lio/fast_lio/msg/pose6_d.hpp
[0.269s] -- Up-to-date: /home/dongkuo/lt_ws/loc_ws/install/fast_lio/include/fast_lio/fast_lio/msg/detail
[0.269s] -- Up-to-date: /home/dongkuo/lt_ws/loc_ws/install/fast_lio/include/fast_lio/fast_lio/msg/detail/pose6_d__traits.hpp
[0.269s] -- Up-to-date: /home/dongkuo/lt_ws/loc_ws/install/fast_lio/include/fast_lio/fast_lio/msg/detail/pose6_d__struct.hpp
[0.269s] -- Up-to-date: /home/dongkuo/lt_ws/loc_ws/install/fast_lio/include/fast_lio/fast_lio/msg/detail/pose6_d__builder.hpp
[0.269s] -- Up-to-date: /home/dongkuo/lt_ws/loc_ws/install/fast_lio/include/fast_lio/fast_lio/msg/detail/pose6_d__type_support.hpp
[0.269s] -- Up-to-date: /home/dongkuo/lt_ws/loc_ws/install/fast_lio/include/fast_lio/fast_lio/msg/rosidl_generator_cpp__visibility_control.hpp
[0.269s] -- Up-to-date: /home/dongkuo/lt_ws/loc_ws/install/fast_lio/include/fast_lio/fast_lio
[0.269s] -- Up-to-date: /home/dongkuo/lt_ws/loc_ws/install/fast_lio/include/fast_lio/fast_lio/msg
[0.269s] -- Up-to-date: /home/dongkuo/lt_ws/loc_ws/install/fast_lio/include/fast_lio/fast_lio/msg/detail
[0.269s] -- Up-to-date: /home/dongkuo/lt_ws/loc_ws/install/fast_lio/include/fast_lio/fast_lio/msg/detail/dds_fastrtps
[0.269s] -- Up-to-date: /home/dongkuo/lt_ws/loc_ws/install/fast_lio/include/fast_lio/fast_lio/msg/detail/pose6_d__rosidl_typesupport_fastrtps_cpp.hpp
[0.269s] -- Up-to-date: /home/dongkuo/lt_ws/loc_ws/install/fast_lio/include/fast_lio/fast_lio/msg/rosidl_typesupport_fastrtps_cpp__visibility_control.h
[0.269s] -- Up-to-date: /home/dongkuo/lt_ws/loc_ws/install/fast_lio/lib/libfast_lio__rosidl_typesupport_fastrtps_cpp.so
[0.269s] -- Up-to-date: /home/dongkuo/lt_ws/loc_ws/install/fast_lio/include/fast_lio/fast_lio
[0.270s] -- Up-to-date: /home/dongkuo/lt_ws/loc_ws/install/fast_lio/include/fast_lio/fast_lio/msg
[0.270s] -- Up-to-date: /home/dongkuo/lt_ws/loc_ws/install/fast_lio/include/fast_lio/fast_lio/msg/detail
[0.270s] -- Up-to-date: /home/dongkuo/lt_ws/loc_ws/install/fast_lio/include/fast_lio/fast_lio/msg/detail/pose6_d__type_support.c
[0.270s] -- Up-to-date: /home/dongkuo/lt_ws/loc_ws/install/fast_lio/include/fast_lio/fast_lio/msg/detail/pose6_d__rosidl_typesupport_introspection_c.h
[0.270s] -- Up-to-date: /home/dongkuo/lt_ws/loc_ws/install/fast_lio/include/fast_lio/fast_lio/msg/rosidl_typesupport_introspection_c__visibility_control.h
[0.270s] -- Up-to-date: /home/dongkuo/lt_ws/loc_ws/install/fast_lio/lib/libfast_lio__rosidl_typesupport_introspection_c.so
[0.270s] -- Up-to-date: /home/dongkuo/lt_ws/loc_ws/install/fast_lio/lib/libfast_lio__rosidl_typesupport_c.so
[0.270s] -- Up-to-date: /home/dongkuo/lt_ws/loc_ws/install/fast_lio/include/fast_lio/fast_lio
[0.270s] -- Up-to-date: /home/dongkuo/lt_ws/loc_ws/install/fast_lio/include/fast_lio/fast_lio/msg
[0.270s] -- Up-to-date: /home/dongkuo/lt_ws/loc_ws/install/fast_lio/include/fast_lio/fast_lio/msg/detail
[0.270s] -- Up-to-date: /home/dongkuo/lt_ws/loc_ws/install/fast_lio/include/fast_lio/fast_lio/msg/detail/pose6_d__type_support.cpp
[0.270s] -- Up-to-date: /home/dongkuo/lt_ws/loc_ws/install/fast_lio/include/fast_lio/fast_lio/msg/detail/pose6_d__rosidl_typesupport_introspection_cpp.hpp
[0.270s] -- Up-to-date: /home/dongkuo/lt_ws/loc_ws/install/fast_lio/lib/libfast_lio__rosidl_typesupport_introspection_cpp.so
[0.270s] -- Up-to-date: /home/dongkuo/lt_ws/loc_ws/install/fast_lio/lib/libfast_lio__rosidl_typesupport_cpp.so
[0.270s] -- Up-to-date: /home/dongkuo/lt_ws/loc_ws/install/fast_lio/share/fast_lio/environment/pythonpath.sh
[0.270s] -- Up-to-date: /home/dongkuo/lt_ws/loc_ws/install/fast_lio/share/fast_lio/environment/pythonpath.dsv
[0.271s] -- Up-to-date: /home/dongkuo/lt_ws/loc_ws/install/fast_lio/local/lib/python3.10/dist-packages/fast_lio-0.0.0-py3.10.egg-info
[0.271s] -- Installing: /home/dongkuo/lt_ws/loc_ws/install/fast_lio/local/lib/python3.10/dist-packages/fast_lio-0.0.0-py3.10.egg-info/SOURCES.txt
[0.271s] -- Installing: /home/dongkuo/lt_ws/loc_ws/install/fast_lio/local/lib/python3.10/dist-packages/fast_lio-0.0.0-py3.10.egg-info/top_level.txt
[0.271s] -- Installing: /home/dongkuo/lt_ws/loc_ws/install/fast_lio/local/lib/python3.10/dist-packages/fast_lio-0.0.0-py3.10.egg-info/dependency_links.txt
[0.271s] -- Installing: /home/dongkuo/lt_ws/loc_ws/install/fast_lio/local/lib/python3.10/dist-packages/fast_lio-0.0.0-py3.10.egg-info/PKG-INFO
[0.271s] -- Up-to-date: /home/dongkuo/lt_ws/loc_ws/install/fast_lio/local/lib/python3.10/dist-packages/fast_lio
[0.271s] -- Up-to-date: /home/dongkuo/lt_ws/loc_ws/install/fast_lio/local/lib/python3.10/dist-packages/fast_lio/libfast_lio__rosidl_generator_py.so
[0.271s] -- Up-to-date: /home/dongkuo/lt_ws/loc_ws/install/fast_lio/local/lib/python3.10/dist-packages/fast_lio/fast_lio_s__rosidl_typesupport_c.cpython-310-x86_64-linux-gnu.so
[0.271s] -- Up-to-date: /home/dongkuo/lt_ws/loc_ws/install/fast_lio/local/lib/python3.10/dist-packages/fast_lio/_fast_lio_s.ep.rosidl_typesupport_c.c
[0.271s] -- Up-to-date: /home/dongkuo/lt_ws/loc_ws/install/fast_lio/local/lib/python3.10/dist-packages/fast_lio/_fast_lio_s.ep.rosidl_typesupport_fastrtps_c.c
[0.271s] -- Up-to-date: /home/dongkuo/lt_ws/loc_ws/install/fast_lio/local/lib/python3.10/dist-packages/fast_lio/fast_lio_s__rosidl_typesupport_fastrtps_c.cpython-310-x86_64-linux-gnu.so
[0.271s] -- Up-to-date: /home/dongkuo/lt_ws/loc_ws/install/fast_lio/local/lib/python3.10/dist-packages/fast_lio/_fast_lio_s.ep.rosidl_typesupport_introspection_c.c
[0.271s] -- Up-to-date: /home/dongkuo/lt_ws/loc_ws/install/fast_lio/local/lib/python3.10/dist-packages/fast_lio/__init__.py
[0.271s] -- Up-to-date: /home/dongkuo/lt_ws/loc_ws/install/fast_lio/local/lib/python3.10/dist-packages/fast_lio/msg
[0.271s] -- Up-to-date: /home/dongkuo/lt_ws/loc_ws/install/fast_lio/local/lib/python3.10/dist-packages/fast_lio/msg/_pose6_d.py
[0.271s] -- Up-to-date: /home/dongkuo/lt_ws/loc_ws/install/fast_lio/local/lib/python3.10/dist-packages/fast_lio/msg/__init__.py
[0.271s] -- Up-to-date: /home/dongkuo/lt_ws/loc_ws/install/fast_lio/local/lib/python3.10/dist-packages/fast_lio/msg/_pose6_d_s.c
[0.271s] -- Up-to-date: /home/dongkuo/lt_ws/loc_ws/install/fast_lio/local/lib/python3.10/dist-packages/fast_lio/fast_lio_s__rosidl_typesupport_introspection_c.cpython-310-x86_64-linux-gnu.so
[0.290s] Listing '/home/dongkuo/lt_ws/loc_ws/install/fast_lio/local/lib/python3.10/dist-packages/fast_lio'...
[0.290s] Listing '/home/dongkuo/lt_ws/loc_ws/install/fast_lio/local/lib/python3.10/dist-packages/fast_lio/msg'...
[0.293s] -- Up-to-date: /home/dongkuo/lt_ws/loc_ws/install/fast_lio/local/lib/python3.10/dist-packages/fast_lio/fast_lio_s__rosidl_typesupport_fastrtps_c.cpython-310-x86_64-linux-gnu.so
[0.293s] -- Up-to-date: /home/dongkuo/lt_ws/loc_ws/install/fast_lio/local/lib/python3.10/dist-packages/fast_lio/fast_lio_s__rosidl_typesupport_introspection_c.cpython-310-x86_64-linux-gnu.so
[0.293s] -- Up-to-date: /home/dongkuo/lt_ws/loc_ws/install/fast_lio/local/lib/python3.10/dist-packages/fast_lio/fast_lio_s__rosidl_typesupport_c.cpython-310-x86_64-linux-gnu.so
[0.293s] -- Up-to-date: /home/dongkuo/lt_ws/loc_ws/install/fast_lio/lib/libfast_lio__rosidl_generator_py.so
[0.293s] -- Up-to-date: /home/dongkuo/lt_ws/loc_ws/install/fast_lio/share/fast_lio/msg/Pose6D.idl
[0.294s] -- Up-to-date: /home/dongkuo/lt_ws/loc_ws/install/fast_lio/share/fast_lio/msg/Pose6D.msg
[0.294s] -- Up-to-date: /home/dongkuo/lt_ws/loc_ws/install/fast_lio/lib/fast_lio/fastlio_mapping
[0.294s] -- Up-to-date: /home/dongkuo/lt_ws/loc_ws/install/fast_lio/lib/fast_lio/pcd_publisher
[0.294s] -- Up-to-date: /home/dongkuo/lt_ws/loc_ws/install/fast_lio/share/fast_lio/config
[0.294s] -- Up-to-date: /home/dongkuo/lt_ws/loc_ws/install/fast_lio/share/fast_lio/config/mid360.yaml
[0.294s] -- Up-to-date: /home/dongkuo/lt_ws/loc_ws/install/fast_lio/share/fast_lio/config/avia.yaml
[0.294s] -- Up-to-date: /home/dongkuo/lt_ws/loc_ws/install/fast_lio/share/fast_lio/config/velodyne.yaml
[0.294s] -- Up-to-date: /home/dongkuo/lt_ws/loc_ws/install/fast_lio/share/fast_lio/config/pc2scan_params.yaml
[0.294s] -- Up-to-date: /home/dongkuo/lt_ws/loc_ws/install/fast_lio/share/fast_lio/config/ouster64.yaml
[0.294s] -- Up-to-date: /home/dongkuo/lt_ws/loc_ws/install/fast_lio/share/fast_lio/config/horizon.yaml
[0.294s] -- Up-to-date: /home/dongkuo/lt_ws/loc_ws/install/fast_lio/share/fast_lio/launch
[0.294s] -- Up-to-date: /home/dongkuo/lt_ws/loc_ws/install/fast_lio/share/fast_lio/launch/point_look.launch .py
[0.294s] -- Up-to-date: /home/dongkuo/lt_ws/loc_ws/install/fast_lio/share/fast_lio/launch/mapping.launch.py
[0.295s] -- Up-to-date: /home/dongkuo/lt_ws/loc_ws/install/fast_lio/share/fast_lio/launch/gdb_debug_example.launch
[0.295s] -- Up-to-date: /home/dongkuo/lt_ws/loc_ws/install/fast_lio/share/fast_lio/launch/online_mapping.launch.py
[0.295s] -- Up-to-date: /home/dongkuo/lt_ws/loc_ws/install/fast_lio/share/fast_lio/rviz
[0.295s] -- Up-to-date: /home/dongkuo/lt_ws/loc_ws/install/fast_lio/share/fast_lio/rviz/fastlio.rviz
[0.295s] -- Up-to-date: /home/dongkuo/lt_ws/loc_ws/install/fast_lio/share/ament_index/resource_index/package_run_dependencies/fast_lio
[0.295s] -- Up-to-date: /home/dongkuo/lt_ws/loc_ws/install/fast_lio/share/ament_index/resource_index/parent_prefix_path/fast_lio
[0.295s] -- Up-to-date: /home/dongkuo/lt_ws/loc_ws/install/fast_lio/share/fast_lio/environment/ament_prefix_path.sh
[0.295s] -- Up-to-date: /home/dongkuo/lt_ws/loc_ws/install/fast_lio/share/fast_lio/environment/ament_prefix_path.dsv
[0.295s] -- Up-to-date: /home/dongkuo/lt_ws/loc_ws/install/fast_lio/share/fast_lio/environment/path.sh
[0.295s] -- Up-to-date: /home/dongkuo/lt_ws/loc_ws/install/fast_lio/share/fast_lio/environment/path.dsv
[0.295s] -- Up-to-date: /home/dongkuo/lt_ws/loc_ws/install/fast_lio/share/fast_lio/local_setup.bash
[0.295s] -- Up-to-date: /home/dongkuo/lt_ws/loc_ws/install/fast_lio/share/fast_lio/local_setup.sh
[0.295s] -- Up-to-date: /home/dongkuo/lt_ws/loc_ws/install/fast_lio/share/fast_lio/local_setup.zsh
[0.295s] -- Up-to-date: /home/dongkuo/lt_ws/loc_ws/install/fast_lio/share/fast_lio/local_setup.dsv
[0.296s] -- Installing: /home/dongkuo/lt_ws/loc_ws/install/fast_lio/share/fast_lio/package.dsv
[0.296s] -- Up-to-date: /home/dongkuo/lt_ws/loc_ws/install/fast_lio/share/ament_index/resource_index/packages/fast_lio
[0.296s] -- Up-to-date: /home/dongkuo/lt_ws/loc_ws/install/fast_lio/share/fast_lio/cmake/export_fast_lio__rosidl_generator_cExport.cmake
[0.296s] -- Up-to-date: /home/dongkuo/lt_ws/loc_ws/install/fast_lio/share/fast_lio/cmake/export_fast_lio__rosidl_generator_cExport-release.cmake
[0.296s] -- Up-to-date: /home/dongkuo/lt_ws/loc_ws/install/fast_lio/share/fast_lio/cmake/export_fast_lio__rosidl_typesupport_fastrtps_cExport.cmake
[0.296s] -- Up-to-date: /home/dongkuo/lt_ws/loc_ws/install/fast_lio/share/fast_lio/cmake/export_fast_lio__rosidl_typesupport_fastrtps_cExport-release.cmake
[0.296s] -- Up-to-date: /home/dongkuo/lt_ws/loc_ws/install/fast_lio/share/fast_lio/cmake/export_fast_lio__rosidl_generator_cppExport.cmake
[0.296s] -- Up-to-date: /home/dongkuo/lt_ws/loc_ws/install/fast_lio/share/fast_lio/cmake/export_fast_lio__rosidl_typesupport_fastrtps_cppExport.cmake
[0.296s] -- Up-to-date: /home/dongkuo/lt_ws/loc_ws/install/fast_lio/share/fast_lio/cmake/export_fast_lio__rosidl_typesupport_fastrtps_cppExport-release.cmake
[0.296s] -- Up-to-date: /home/dongkuo/lt_ws/loc_ws/install/fast_lio/share/fast_lio/cmake/fast_lio__rosidl_typesupport_introspection_cExport.cmake
[0.296s] -- Up-to-date: /home/dongkuo/lt_ws/loc_ws/install/fast_lio/share/fast_lio/cmake/fast_lio__rosidl_typesupport_introspection_cExport-release.cmake
[0.296s] -- Up-to-date: /home/dongkuo/lt_ws/loc_ws/install/fast_lio/share/fast_lio/cmake/fast_lio__rosidl_typesupport_cExport.cmake
[0.296s] -- Up-to-date: /home/dongkuo/lt_ws/loc_ws/install/fast_lio/share/fast_lio/cmake/fast_lio__rosidl_typesupport_cExport-release.cmake
[0.296s] -- Up-to-date: /home/dongkuo/lt_ws/loc_ws/install/fast_lio/share/fast_lio/cmake/fast_lio__rosidl_typesupport_introspection_cppExport.cmake
[0.296s] -- Up-to-date: /home/dongkuo/lt_ws/loc_ws/install/fast_lio/share/fast_lio/cmake/fast_lio__rosidl_typesupport_introspection_cppExport-release.cmake
[0.296s] -- Up-to-date: /home/dongkuo/lt_ws/loc_ws/install/fast_lio/share/fast_lio/cmake/fast_lio__rosidl_typesupport_cppExport.cmake
[0.297s] -- Up-to-date: /home/dongkuo/lt_ws/loc_ws/install/fast_lio/share/fast_lio/cmake/fast_lio__rosidl_typesupport_cppExport-release.cmake
[0.297s] -- Up-to-date: /home/dongkuo/lt_ws/loc_ws/install/fast_lio/share/fast_lio/cmake/export_fast_lio__rosidl_generator_pyExport.cmake
[0.297s] -- Up-to-date: /home/dongkuo/lt_ws/loc_ws/install/fast_lio/share/fast_lio/cmake/export_fast_lio__rosidl_generator_pyExport-release.cmake
[0.297s] -- Up-to-date: /home/dongkuo/lt_ws/loc_ws/install/fast_lio/share/fast_lio/cmake/rosidl_cmake-extras.cmake
[0.297s] -- Up-to-date: /home/dongkuo/lt_ws/loc_ws/install/fast_lio/share/fast_lio/cmake/ament_cmake_export_include_directories-extras.cmake
[0.297s] -- Up-to-date: /home/dongkuo/lt_ws/loc_ws/install/fast_lio/share/fast_lio/cmake/ament_cmake_export_libraries-extras.cmake
[0.297s] -- Up-to-date: /home/dongkuo/lt_ws/loc_ws/install/fast_lio/share/fast_lio/cmake/ament_cmake_export_targets-extras.cmake
[0.297s] -- Up-to-date: /home/dongkuo/lt_ws/loc_ws/install/fast_lio/share/fast_lio/cmake/rosidl_cmake_export_typesupport_targets-extras.cmake
[0.297s] -- Up-to-date: /home/dongkuo/lt_ws/loc_ws/install/fast_lio/share/fast_lio/cmake/ament_cmake_export_dependencies-extras.cmake
[0.297s] -- Up-to-date: /home/dongkuo/lt_ws/loc_ws/install/fast_lio/share/fast_lio/cmake/rosidl_cmake_export_typesupport_libraries-extras.cmake
[0.297s] -- Up-to-date: /home/dongkuo/lt_ws/loc_ws/install/fast_lio/share/fast_lio/cmake/fast_lioConfig.cmake
[0.297s] -- Up-to-date: /home/dongkuo/lt_ws/loc_ws/install/fast_lio/share/fast_lio/cmake/fast_lioConfig-version.cmake
[0.298s] -- Up-to-date: /home/dongkuo/lt_ws/loc_ws/install/fast_lio/share/fast_lio/package.xml
[0.299s] Invoked command in '/home/dongkuo/lt_ws/loc_ws/build/fast_lio' returned '0': CMAKE_PREFIX_PATH=/home/dongkuo/lt_ws/loc_ws/install/livox_ros_driver2:/home/dongkuo/lt_ws/loc_ws/install/scout_base:/opt/ros/humble:/home/dongkuo/lt_ws/loc_ws/install/ugv_sdk:/home/dongkuo/lt_ws/loc_ws/install/scout_msgs:/home/dongkuo/lt_ws/loc_ws/install/scout_description:/home/dongkuo/lt_ws/loc_ws/install/point2d_loc:/home/dongkuo/lt_ws/loc_ws/install/nav_demo:/home/dongkuo/lt_ws/loc_ws/install/fast_lio:/home/dongkuo/lt_ws/realsense_ws/install/realsense2_description:/home/dongkuo/lt_ws/realsense_ws/install/realsense2_camera:/home/dongkuo/lt_ws/realsense_ws/install/realsense2_camera_msgs:/home/dongkuo/lt_ws/realsense_ws/install/depth_to_cloud_converter:/opt/vulcanexus/humble LD_LIBRARY_PATH=/home/dongkuo/lt_ws/loc_ws/install/livox_ros_driver2/lib:/home/dongkuo/lt_ws/loc_ws/install/scout_msgs/lib:/home/dongkuo/lt_ws/loc_ws/install/fast_lio/lib:/home/dongkuo/lt_ws/realsense_ws/install/realsense2_camera/lib:/home/dongkuo/lt_ws/realsense_ws/install/realsense2_camera_msgs/lib:/opt/vulcanexus/humble/lib:/usr/lib/x86_64-linux-gnu/gazebo-11/plugins:/opt/ros/humble/opt/rviz_ogre_vendor/lib:/opt/ros/humble/lib/x86_64-linux-gnu:/opt/ros/humble/lib /usr/bin/cmake --install /home/dongkuo/lt_ws/loc_ws/build/fast_lio
