[0.023s] Invoking command in '/home/dongkuo/lt_ws/loc_ws/build/fast_lio': CMAKE_PREFIX_PATH=/home/dongkuo/lt_ws/loc_ws/install/livox_ros_driver2:/home/dongkuo/lt_ws/loc_ws/install/scout_base:/home/dongkuo/wl_ws/navigation2_ws/install/nav2_simple_commander:/opt/ros/humble:/home/dongkuo/lt_ws/loc_ws/install/ugv_sdk:/home/dongkuo/lt_ws/loc_ws/install/scout_msgs:/home/dongkuo/lt_ws/loc_ws/install/scout_description:/home/dongkuo/lt_ws/loc_ws/install/point2d_loc:/home/dongkuo/lt_ws/loc_ws/install/nav_demo:/home/dongkuo/lt_ws/loc_ws/install/fast_lio:/home/dongkuo/wl_ws/navigation2_ws/install/nav2_system_tests:/home/dongkuo/wl_ws/navigation2_ws/install/nav2_bringup:/home/dongkuo/wl_ws/navigation2_ws/install/navigation2:/home/dongkuo/wl_ws/navigation2_ws/install/nav2_smoother:/home/dongkuo/wl_ws/navigation2_ws/install/nav2_rotation_shim_controller:/home/dongkuo/wl_ws/navigation2_ws/install/nav2_graceful_controller:/home/dongkuo/wl_ws/navigation2_ws/install/nav2_dwb_controller:/home/dongkuo/wl_ws/navigation2_ws/install/nav2_controller:/home/dongkuo/wl_ws/navigation2_ws/install/dwb_plugins:/home/dongkuo/wl_ws/navigation2_ws/install/dwb_critics:/home/dongkuo/wl_ws/navigation2_ws/install/dwb_core:/home/dongkuo/wl_ws/navigation2_ws/install/nav_2d_utils:/home/dongkuo/wl_ws/navigation2_ws/install/dwb_msgs:/home/dongkuo/wl_ws/navigation2_ws/install/nav_2d_msgs:/home/dongkuo/wl_ws/navigation2_ws/install/nav2_waypoint_follower:/home/dongkuo/wl_ws/navigation2_ws/install/nav2_theta_star_planner:/home/dongkuo/wl_ws/navigation2_ws/install/nav2_smac_planner:/home/dongkuo/wl_ws/navigation2_ws/install/nav2_route:/home/dongkuo/wl_ws/navigation2_ws/install/nav2_regulated_pure_pursuit_controller:/home/dongkuo/wl_ws/navigation2_ws/install/nav2_planner:/home/dongkuo/wl_ws/navigation2_ws/install/nav2_navfn_planner:/home/dongkuo/wl_ws/navigation2_ws/install/nav2_mppi_controller:/home/dongkuo/wl_ws/navigation2_ws/install/nav2_constrained_smoother:/home/dongkuo/wl_ws/navigation2_ws/install/nav2_bt_navigator:/home/dongkuo/wl_ws/navigation2_ws/install/nav2_behaviors:/home/dongkuo/wl_ws/navigation2_ws/install/nav2_core:/home/dongkuo/wl_ws/navigation2_ws/install/nav2_collision_monitor:/home/dongkuo/wl_ws/navigation2_ws/install/costmap_queue:/home/dongkuo/wl_ws/navigation2_ws/install/nav2_costmap_2d:/home/dongkuo/wl_ws/navigation2_ws/install/nav2_voxel_grid:/home/dongkuo/wl_ws/navigation2_ws/install/nav2_velocity_smoother:/home/dongkuo/wl_ws/navigation2_ws/install/nav2_rviz_plugins:/home/dongkuo/wl_ws/navigation2_ws/install/nav2_map_server:/home/dongkuo/wl_ws/navigation2_ws/install/nav2_lifecycle_manager:/home/dongkuo/wl_ws/navigation2_ws/install/nav2_behavior_tree:/home/dongkuo/wl_ws/navigation2_ws/install/nav2_amcl:/home/dongkuo/wl_ws/navigation2_ws/install/nav2_util:/home/dongkuo/wl_ws/navigation2_ws/install/nav2_msgs:/home/dongkuo/wl_ws/navigation2_ws/install/nav2_common:/home/dongkuo/lt_ws/realsense_ws/install/realsense2_description:/home/dongkuo/lt_ws/realsense_ws/install/realsense2_camera:/home/dongkuo/lt_ws/realsense_ws/install/realsense2_camera_msgs:/home/dongkuo/lt_ws/realsense_ws/install/depth_to_cloud_converter:/opt/vulcanexus/humble LD_LIBRARY_PATH=/home/dongkuo/lt_ws/loc_ws/install/livox_ros_driver2/lib:/home/dongkuo/lt_ws/loc_ws/install/scout_msgs/lib:/home/dongkuo/lt_ws/loc_ws/install/fast_lio/lib:/home/dongkuo/wl_ws/navigation2_ws/install/nav2_smoother/lib:/home/dongkuo/wl_ws/navigation2_ws/install/nav2_rotation_shim_controller/lib:/home/dongkuo/wl_ws/navigation2_ws/install/nav2_graceful_controller/lib:/home/dongkuo/wl_ws/navigation2_ws/install/nav2_controller/lib:/home/dongkuo/wl_ws/navigation2_ws/install/dwb_plugins/lib:/home/dongkuo/wl_ws/navigation2_ws/install/dwb_critics/lib:/home/dongkuo/wl_ws/navigation2_ws/install/dwb_core/lib:/home/dongkuo/wl_ws/navigation2_ws/install/nav_2d_utils/lib:/home/dongkuo/wl_ws/navigation2_ws/install/dwb_msgs/lib:/home/dongkuo/wl_ws/navigation2_ws/install/nav_2d_msgs/lib:/home/dongkuo/wl_ws/navigation2_ws/install/nav2_waypoint_follower/lib:/home/dongkuo/wl_ws/navigation2_ws/install/nav2_theta_star_planner/lib:/home/dongkuo/wl_ws/navigation2_ws/install/nav2_smac_planner/lib:/home/dongkuo/wl_ws/navigation2_ws/install/nav2_route/lib:/home/dongkuo/wl_ws/navigation2_ws/install/nav2_regulated_pure_pursuit_controller/lib:/home/dongkuo/wl_ws/navigation2_ws/install/nav2_planner/lib:/home/dongkuo/wl_ws/navigation2_ws/install/nav2_navfn_planner/lib:/home/dongkuo/wl_ws/navigation2_ws/install/nav2_mppi_controller/lib:/home/dongkuo/wl_ws/navigation2_ws/install/nav2_constrained_smoother/lib:/home/dongkuo/wl_ws/navigation2_ws/install/nav2_bt_navigator/lib:/home/dongkuo/wl_ws/navigation2_ws/install/nav2_behaviors/lib:/home/dongkuo/wl_ws/navigation2_ws/install/nav2_collision_monitor/lib:/home/dongkuo/wl_ws/navigation2_ws/install/costmap_queue/lib:/home/dongkuo/wl_ws/navigation2_ws/install/nav2_costmap_2d/lib:/home/dongkuo/wl_ws/navigation2_ws/install/nav2_voxel_grid/lib:/home/dongkuo/wl_ws/navigation2_ws/install/nav2_velocity_smoother/lib:/home/dongkuo/wl_ws/navigation2_ws/install/nav2_rviz_plugins/lib:/home/dongkuo/wl_ws/navigation2_ws/install/nav2_map_server/lib:/home/dongkuo/wl_ws/navigation2_ws/install/nav2_lifecycle_manager/lib:/home/dongkuo/wl_ws/navigation2_ws/install/nav2_behavior_tree/lib:/home/dongkuo/wl_ws/navigation2_ws/install/nav2_amcl/lib:/home/dongkuo/wl_ws/navigation2_ws/install/nav2_util/lib:/home/dongkuo/wl_ws/navigation2_ws/install/nav2_msgs/lib:/home/dongkuo/lt_ws/realsense_ws/install/realsense2_camera/lib:/home/dongkuo/lt_ws/realsense_ws/install/realsense2_camera_msgs/lib:/opt/vulcanexus/humble/lib:/usr/lib/x86_64-linux-gnu/gazebo-11/plugins:/opt/ros/humble/opt/rviz_ogre_vendor/lib:/opt/ros/humble/lib/x86_64-linux-gnu:/opt/ros/humble/lib /usr/bin/cmake --build /home/dongkuo/lt_ws/loc_ws/build/fast_lio -- -j32 -l32
[0.091s] [  8%] Built target fast_lio__rosidl_generator_c
[0.092s] [ 10%] Built target fast_lio__cpp
[0.108s] [ 10%] Built target ament_cmake_python_copy_fast_lio
[0.109s] [ 16%] Built target pcd_publisher
[0.115s] [ 24%] Built target fast_lio__rosidl_typesupport_introspection_c
[0.123s] [ 32%] Built target fast_lio__rosidl_typesupport_cpp
[0.124s] [ 40%] Built target fast_lio__rosidl_typesupport_fastrtps_cpp
[0.124s] [ 54%] Built target fast_lio__rosidl_typesupport_c
[0.124s] [ 56%] Built target fast_lio__rosidl_typesupport_introspection_cpp
[0.125s] [ 64%] Built target fast_lio__rosidl_typesupport_fastrtps_c
[0.154s] [ 64%] Built target fast_lio
[0.182s] [ 75%] Built target fastlio_mapping
[0.186s] [ 78%] Built target fast_lio__py
[0.222s] [ 83%] Built target fast_lio__rosidl_generator_py
[0.256s] [ 89%] Built target fast_lio__rosidl_typesupport_c__pyext
[0.258s] [100%] Built target fast_lio__rosidl_typesupport_fastrtps_c__pyext
[0.258s] [100%] Built target fast_lio__rosidl_typesupport_introspection_c__pyext
[0.370s] running egg_info
[0.370s] writing fast_lio.egg-info/PKG-INFO
[0.370s] writing dependency_links to fast_lio.egg-info/dependency_links.txt
[0.370s] writing top-level names to fast_lio.egg-info/top_level.txt
[0.372s] reading manifest file 'fast_lio.egg-info/SOURCES.txt'
[0.380s] writing manifest file 'fast_lio.egg-info/SOURCES.txt'
[0.408s] [100%] Built target ament_cmake_python_build_fast_lio_egg
[0.420s] Invoked command in '/home/dongkuo/lt_ws/loc_ws/build/fast_lio' returned '0': CMAKE_PREFIX_PATH=/home/dongkuo/lt_ws/loc_ws/install/livox_ros_driver2:/home/dongkuo/lt_ws/loc_ws/install/scout_base:/home/dongkuo/wl_ws/navigation2_ws/install/nav2_simple_commander:/opt/ros/humble:/home/dongkuo/lt_ws/loc_ws/install/ugv_sdk:/home/dongkuo/lt_ws/loc_ws/install/scout_msgs:/home/dongkuo/lt_ws/loc_ws/install/scout_description:/home/dongkuo/lt_ws/loc_ws/install/point2d_loc:/home/dongkuo/lt_ws/loc_ws/install/nav_demo:/home/dongkuo/lt_ws/loc_ws/install/fast_lio:/home/dongkuo/wl_ws/navigation2_ws/install/nav2_system_tests:/home/dongkuo/wl_ws/navigation2_ws/install/nav2_bringup:/home/dongkuo/wl_ws/navigation2_ws/install/navigation2:/home/dongkuo/wl_ws/navigation2_ws/install/nav2_smoother:/home/dongkuo/wl_ws/navigation2_ws/install/nav2_rotation_shim_controller:/home/dongkuo/wl_ws/navigation2_ws/install/nav2_graceful_controller:/home/dongkuo/wl_ws/navigation2_ws/install/nav2_dwb_controller:/home/dongkuo/wl_ws/navigation2_ws/install/nav2_controller:/home/dongkuo/wl_ws/navigation2_ws/install/dwb_plugins:/home/dongkuo/wl_ws/navigation2_ws/install/dwb_critics:/home/dongkuo/wl_ws/navigation2_ws/install/dwb_core:/home/dongkuo/wl_ws/navigation2_ws/install/nav_2d_utils:/home/dongkuo/wl_ws/navigation2_ws/install/dwb_msgs:/home/dongkuo/wl_ws/navigation2_ws/install/nav_2d_msgs:/home/dongkuo/wl_ws/navigation2_ws/install/nav2_waypoint_follower:/home/dongkuo/wl_ws/navigation2_ws/install/nav2_theta_star_planner:/home/dongkuo/wl_ws/navigation2_ws/install/nav2_smac_planner:/home/dongkuo/wl_ws/navigation2_ws/install/nav2_route:/home/dongkuo/wl_ws/navigation2_ws/install/nav2_regulated_pure_pursuit_controller:/home/dongkuo/wl_ws/navigation2_ws/install/nav2_planner:/home/dongkuo/wl_ws/navigation2_ws/install/nav2_navfn_planner:/home/dongkuo/wl_ws/navigation2_ws/install/nav2_mppi_controller:/home/dongkuo/wl_ws/navigation2_ws/install/nav2_constrained_smoother:/home/dongkuo/wl_ws/navigation2_ws/install/nav2_bt_navigator:/home/dongkuo/wl_ws/navigation2_ws/install/nav2_behaviors:/home/dongkuo/wl_ws/navigation2_ws/install/nav2_core:/home/dongkuo/wl_ws/navigation2_ws/install/nav2_collision_monitor:/home/dongkuo/wl_ws/navigation2_ws/install/costmap_queue:/home/dongkuo/wl_ws/navigation2_ws/install/nav2_costmap_2d:/home/dongkuo/wl_ws/navigation2_ws/install/nav2_voxel_grid:/home/dongkuo/wl_ws/navigation2_ws/install/nav2_velocity_smoother:/home/dongkuo/wl_ws/navigation2_ws/install/nav2_rviz_plugins:/home/dongkuo/wl_ws/navigation2_ws/install/nav2_map_server:/home/dongkuo/wl_ws/navigation2_ws/install/nav2_lifecycle_manager:/home/dongkuo/wl_ws/navigation2_ws/install/nav2_behavior_tree:/home/dongkuo/wl_ws/navigation2_ws/install/nav2_amcl:/home/dongkuo/wl_ws/navigation2_ws/install/nav2_util:/home/dongkuo/wl_ws/navigation2_ws/install/nav2_msgs:/home/dongkuo/wl_ws/navigation2_ws/install/nav2_common:/home/dongkuo/lt_ws/realsense_ws/install/realsense2_description:/home/dongkuo/lt_ws/realsense_ws/install/realsense2_camera:/home/dongkuo/lt_ws/realsense_ws/install/realsense2_camera_msgs:/home/dongkuo/lt_ws/realsense_ws/install/depth_to_cloud_converter:/opt/vulcanexus/humble LD_LIBRARY_PATH=/home/dongkuo/lt_ws/loc_ws/install/livox_ros_driver2/lib:/home/dongkuo/lt_ws/loc_ws/install/scout_msgs/lib:/home/dongkuo/lt_ws/loc_ws/install/fast_lio/lib:/home/dongkuo/wl_ws/navigation2_ws/install/nav2_smoother/lib:/home/dongkuo/wl_ws/navigation2_ws/install/nav2_rotation_shim_controller/lib:/home/dongkuo/wl_ws/navigation2_ws/install/nav2_graceful_controller/lib:/home/dongkuo/wl_ws/navigation2_ws/install/nav2_controller/lib:/home/dongkuo/wl_ws/navigation2_ws/install/dwb_plugins/lib:/home/dongkuo/wl_ws/navigation2_ws/install/dwb_critics/lib:/home/dongkuo/wl_ws/navigation2_ws/install/dwb_core/lib:/home/dongkuo/wl_ws/navigation2_ws/install/nav_2d_utils/lib:/home/dongkuo/wl_ws/navigation2_ws/install/dwb_msgs/lib:/home/dongkuo/wl_ws/navigation2_ws/install/nav_2d_msgs/lib:/home/dongkuo/wl_ws/navigation2_ws/install/nav2_waypoint_follower/lib:/home/dongkuo/wl_ws/navigation2_ws/install/nav2_theta_star_planner/lib:/home/dongkuo/wl_ws/navigation2_ws/install/nav2_smac_planner/lib:/home/dongkuo/wl_ws/navigation2_ws/install/nav2_route/lib:/home/dongkuo/wl_ws/navigation2_ws/install/nav2_regulated_pure_pursuit_controller/lib:/home/dongkuo/wl_ws/navigation2_ws/install/nav2_planner/lib:/home/dongkuo/wl_ws/navigation2_ws/install/nav2_navfn_planner/lib:/home/dongkuo/wl_ws/navigation2_ws/install/nav2_mppi_controller/lib:/home/dongkuo/wl_ws/navigation2_ws/install/nav2_constrained_smoother/lib:/home/dongkuo/wl_ws/navigation2_ws/install/nav2_bt_navigator/lib:/home/dongkuo/wl_ws/navigation2_ws/install/nav2_behaviors/lib:/home/dongkuo/wl_ws/navigation2_ws/install/nav2_collision_monitor/lib:/home/dongkuo/wl_ws/navigation2_ws/install/costmap_queue/lib:/home/dongkuo/wl_ws/navigation2_ws/install/nav2_costmap_2d/lib:/home/dongkuo/wl_ws/navigation2_ws/install/nav2_voxel_grid/lib:/home/dongkuo/wl_ws/navigation2_ws/install/nav2_velocity_smoother/lib:/home/dongkuo/wl_ws/navigation2_ws/install/nav2_rviz_plugins/lib:/home/dongkuo/wl_ws/navigation2_ws/install/nav2_map_server/lib:/home/dongkuo/wl_ws/navigation2_ws/install/nav2_lifecycle_manager/lib:/home/dongkuo/wl_ws/navigation2_ws/install/nav2_behavior_tree/lib:/home/dongkuo/wl_ws/navigation2_ws/install/nav2_amcl/lib:/home/dongkuo/wl_ws/navigation2_ws/install/nav2_util/lib:/home/dongkuo/wl_ws/navigation2_ws/install/nav2_msgs/lib:/home/dongkuo/lt_ws/realsense_ws/install/realsense2_camera/lib:/home/dongkuo/lt_ws/realsense_ws/install/realsense2_camera_msgs/lib:/opt/vulcanexus/humble/lib:/usr/lib/x86_64-linux-gnu/gazebo-11/plugins:/opt/ros/humble/opt/rviz_ogre_vendor/lib:/opt/ros/humble/lib/x86_64-linux-gnu:/opt/ros/humble/lib /usr/bin/cmake --build /home/dongkuo/lt_ws/loc_ws/build/fast_lio -- -j32 -l32
[0.423s] Invoking command in '/home/dongkuo/lt_ws/loc_ws/build/fast_lio': CMAKE_PREFIX_PATH=/home/dongkuo/lt_ws/loc_ws/install/livox_ros_driver2:/home/dongkuo/lt_ws/loc_ws/install/scout_base:/home/dongkuo/wl_ws/navigation2_ws/install/nav2_simple_commander:/opt/ros/humble:/home/dongkuo/lt_ws/loc_ws/install/ugv_sdk:/home/dongkuo/lt_ws/loc_ws/install/scout_msgs:/home/dongkuo/lt_ws/loc_ws/install/scout_description:/home/dongkuo/lt_ws/loc_ws/install/point2d_loc:/home/dongkuo/lt_ws/loc_ws/install/nav_demo:/home/dongkuo/lt_ws/loc_ws/install/fast_lio:/home/dongkuo/wl_ws/navigation2_ws/install/nav2_system_tests:/home/dongkuo/wl_ws/navigation2_ws/install/nav2_bringup:/home/dongkuo/wl_ws/navigation2_ws/install/navigation2:/home/dongkuo/wl_ws/navigation2_ws/install/nav2_smoother:/home/dongkuo/wl_ws/navigation2_ws/install/nav2_rotation_shim_controller:/home/dongkuo/wl_ws/navigation2_ws/install/nav2_graceful_controller:/home/dongkuo/wl_ws/navigation2_ws/install/nav2_dwb_controller:/home/dongkuo/wl_ws/navigation2_ws/install/nav2_controller:/home/dongkuo/wl_ws/navigation2_ws/install/dwb_plugins:/home/dongkuo/wl_ws/navigation2_ws/install/dwb_critics:/home/dongkuo/wl_ws/navigation2_ws/install/dwb_core:/home/dongkuo/wl_ws/navigation2_ws/install/nav_2d_utils:/home/dongkuo/wl_ws/navigation2_ws/install/dwb_msgs:/home/dongkuo/wl_ws/navigation2_ws/install/nav_2d_msgs:/home/dongkuo/wl_ws/navigation2_ws/install/nav2_waypoint_follower:/home/dongkuo/wl_ws/navigation2_ws/install/nav2_theta_star_planner:/home/dongkuo/wl_ws/navigation2_ws/install/nav2_smac_planner:/home/dongkuo/wl_ws/navigation2_ws/install/nav2_route:/home/dongkuo/wl_ws/navigation2_ws/install/nav2_regulated_pure_pursuit_controller:/home/dongkuo/wl_ws/navigation2_ws/install/nav2_planner:/home/dongkuo/wl_ws/navigation2_ws/install/nav2_navfn_planner:/home/dongkuo/wl_ws/navigation2_ws/install/nav2_mppi_controller:/home/dongkuo/wl_ws/navigation2_ws/install/nav2_constrained_smoother:/home/dongkuo/wl_ws/navigation2_ws/install/nav2_bt_navigator:/home/dongkuo/wl_ws/navigation2_ws/install/nav2_behaviors:/home/dongkuo/wl_ws/navigation2_ws/install/nav2_core:/home/dongkuo/wl_ws/navigation2_ws/install/nav2_collision_monitor:/home/dongkuo/wl_ws/navigation2_ws/install/costmap_queue:/home/dongkuo/wl_ws/navigation2_ws/install/nav2_costmap_2d:/home/dongkuo/wl_ws/navigation2_ws/install/nav2_voxel_grid:/home/dongkuo/wl_ws/navigation2_ws/install/nav2_velocity_smoother:/home/dongkuo/wl_ws/navigation2_ws/install/nav2_rviz_plugins:/home/dongkuo/wl_ws/navigation2_ws/install/nav2_map_server:/home/dongkuo/wl_ws/navigation2_ws/install/nav2_lifecycle_manager:/home/dongkuo/wl_ws/navigation2_ws/install/nav2_behavior_tree:/home/dongkuo/wl_ws/navigation2_ws/install/nav2_amcl:/home/dongkuo/wl_ws/navigation2_ws/install/nav2_util:/home/dongkuo/wl_ws/navigation2_ws/install/nav2_msgs:/home/dongkuo/wl_ws/navigation2_ws/install/nav2_common:/home/dongkuo/lt_ws/realsense_ws/install/realsense2_description:/home/dongkuo/lt_ws/realsense_ws/install/realsense2_camera:/home/dongkuo/lt_ws/realsense_ws/install/realsense2_camera_msgs:/home/dongkuo/lt_ws/realsense_ws/install/depth_to_cloud_converter:/opt/vulcanexus/humble LD_LIBRARY_PATH=/home/dongkuo/lt_ws/loc_ws/install/livox_ros_driver2/lib:/home/dongkuo/lt_ws/loc_ws/install/scout_msgs/lib:/home/dongkuo/lt_ws/loc_ws/install/fast_lio/lib:/home/dongkuo/wl_ws/navigation2_ws/install/nav2_smoother/lib:/home/dongkuo/wl_ws/navigation2_ws/install/nav2_rotation_shim_controller/lib:/home/dongkuo/wl_ws/navigation2_ws/install/nav2_graceful_controller/lib:/home/dongkuo/wl_ws/navigation2_ws/install/nav2_controller/lib:/home/dongkuo/wl_ws/navigation2_ws/install/dwb_plugins/lib:/home/dongkuo/wl_ws/navigation2_ws/install/dwb_critics/lib:/home/dongkuo/wl_ws/navigation2_ws/install/dwb_core/lib:/home/dongkuo/wl_ws/navigation2_ws/install/nav_2d_utils/lib:/home/dongkuo/wl_ws/navigation2_ws/install/dwb_msgs/lib:/home/dongkuo/wl_ws/navigation2_ws/install/nav_2d_msgs/lib:/home/dongkuo/wl_ws/navigation2_ws/install/nav2_waypoint_follower/lib:/home/dongkuo/wl_ws/navigation2_ws/install/nav2_theta_star_planner/lib:/home/dongkuo/wl_ws/navigation2_ws/install/nav2_smac_planner/lib:/home/dongkuo/wl_ws/navigation2_ws/install/nav2_route/lib:/home/dongkuo/wl_ws/navigation2_ws/install/nav2_regulated_pure_pursuit_controller/lib:/home/dongkuo/wl_ws/navigation2_ws/install/nav2_planner/lib:/home/dongkuo/wl_ws/navigation2_ws/install/nav2_navfn_planner/lib:/home/dongkuo/wl_ws/navigation2_ws/install/nav2_mppi_controller/lib:/home/dongkuo/wl_ws/navigation2_ws/install/nav2_constrained_smoother/lib:/home/dongkuo/wl_ws/navigation2_ws/install/nav2_bt_navigator/lib:/home/dongkuo/wl_ws/navigation2_ws/install/nav2_behaviors/lib:/home/dongkuo/wl_ws/navigation2_ws/install/nav2_collision_monitor/lib:/home/dongkuo/wl_ws/navigation2_ws/install/costmap_queue/lib:/home/dongkuo/wl_ws/navigation2_ws/install/nav2_costmap_2d/lib:/home/dongkuo/wl_ws/navigation2_ws/install/nav2_voxel_grid/lib:/home/dongkuo/wl_ws/navigation2_ws/install/nav2_velocity_smoother/lib:/home/dongkuo/wl_ws/navigation2_ws/install/nav2_rviz_plugins/lib:/home/dongkuo/wl_ws/navigation2_ws/install/nav2_map_server/lib:/home/dongkuo/wl_ws/navigation2_ws/install/nav2_lifecycle_manager/lib:/home/dongkuo/wl_ws/navigation2_ws/install/nav2_behavior_tree/lib:/home/dongkuo/wl_ws/navigation2_ws/install/nav2_amcl/lib:/home/dongkuo/wl_ws/navigation2_ws/install/nav2_util/lib:/home/dongkuo/wl_ws/navigation2_ws/install/nav2_msgs/lib:/home/dongkuo/lt_ws/realsense_ws/install/realsense2_camera/lib:/home/dongkuo/lt_ws/realsense_ws/install/realsense2_camera_msgs/lib:/opt/vulcanexus/humble/lib:/usr/lib/x86_64-linux-gnu/gazebo-11/plugins:/opt/ros/humble/opt/rviz_ogre_vendor/lib:/opt/ros/humble/lib/x86_64-linux-gnu:/opt/ros/humble/lib /usr/bin/cmake --install /home/dongkuo/lt_ws/loc_ws/build/fast_lio
[0.430s] -- Install configuration: "Release"
[0.430s] -- Up-to-date: /home/dongkuo/lt_ws/loc_ws/install/fast_lio/share/ament_index/resource_index/rosidl_interfaces/fast_lio
[0.431s] -- Up-to-date: /home/dongkuo/lt_ws/loc_ws/install/fast_lio/include/fast_lio/fast_lio
[0.431s] -- Up-to-date: /home/dongkuo/lt_ws/loc_ws/install/fast_lio/include/fast_lio/fast_lio/msg
[0.431s] -- Up-to-date: /home/dongkuo/lt_ws/loc_ws/install/fast_lio/include/fast_lio/fast_lio/msg/detail
[0.431s] -- Up-to-date: /home/dongkuo/lt_ws/loc_ws/install/fast_lio/include/fast_lio/fast_lio/msg/detail/pose6_d__type_support.h
[0.431s] -- Up-to-date: /home/dongkuo/lt_ws/loc_ws/install/fast_lio/include/fast_lio/fast_lio/msg/detail/pose6_d__struct.h
[0.431s] -- Up-to-date: /home/dongkuo/lt_ws/loc_ws/install/fast_lio/include/fast_lio/fast_lio/msg/detail/pose6_d__functions.h
[0.431s] -- Up-to-date: /home/dongkuo/lt_ws/loc_ws/install/fast_lio/include/fast_lio/fast_lio/msg/detail/pose6_d__functions.c
[0.431s] -- Up-to-date: /home/dongkuo/lt_ws/loc_ws/install/fast_lio/include/fast_lio/fast_lio/msg/rosidl_generator_c__visibility_control.h
[0.431s] -- Up-to-date: /home/dongkuo/lt_ws/loc_ws/install/fast_lio/include/fast_lio/fast_lio/msg/pose6_d.h
[0.432s] -- Up-to-date: /home/dongkuo/lt_ws/loc_ws/install/fast_lio/share/fast_lio/environment/library_path.sh
[0.432s] -- Up-to-date: /home/dongkuo/lt_ws/loc_ws/install/fast_lio/share/fast_lio/environment/library_path.dsv
[0.432s] -- Up-to-date: /home/dongkuo/lt_ws/loc_ws/install/fast_lio/lib/libfast_lio__rosidl_generator_c.so
[0.432s] -- Up-to-date: /home/dongkuo/lt_ws/loc_ws/install/fast_lio/include/fast_lio/fast_lio
[0.432s] -- Up-to-date: /home/dongkuo/lt_ws/loc_ws/install/fast_lio/include/fast_lio/fast_lio/msg
[0.432s] -- Up-to-date: /home/dongkuo/lt_ws/loc_ws/install/fast_lio/include/fast_lio/fast_lio/msg/rosidl_typesupport_fastrtps_c__visibility_control.h
[0.432s] -- Up-to-date: /home/dongkuo/lt_ws/loc_ws/install/fast_lio/include/fast_lio/fast_lio/msg/detail
[0.432s] -- Up-to-date: /home/dongkuo/lt_ws/loc_ws/install/fast_lio/include/fast_lio/fast_lio/msg/detail/pose6_d__rosidl_typesupport_fastrtps_c.h
[0.432s] -- Up-to-date: /home/dongkuo/lt_ws/loc_ws/install/fast_lio/lib/libfast_lio__rosidl_typesupport_fastrtps_c.so
[0.432s] -- Up-to-date: /home/dongkuo/lt_ws/loc_ws/install/fast_lio/include/fast_lio/fast_lio
[0.433s] -- Up-to-date: /home/dongkuo/lt_ws/loc_ws/install/fast_lio/include/fast_lio/fast_lio/msg
[0.433s] -- Up-to-date: /home/dongkuo/lt_ws/loc_ws/install/fast_lio/include/fast_lio/fast_lio/msg/pose6_d.hpp
[0.433s] -- Up-to-date: /home/dongkuo/lt_ws/loc_ws/install/fast_lio/include/fast_lio/fast_lio/msg/detail
[0.433s] -- Up-to-date: /home/dongkuo/lt_ws/loc_ws/install/fast_lio/include/fast_lio/fast_lio/msg/detail/pose6_d__traits.hpp
[0.433s] -- Up-to-date: /home/dongkuo/lt_ws/loc_ws/install/fast_lio/include/fast_lio/fast_lio/msg/detail/pose6_d__struct.hpp
[0.433s] -- Up-to-date: /home/dongkuo/lt_ws/loc_ws/install/fast_lio/include/fast_lio/fast_lio/msg/detail/pose6_d__builder.hpp
[0.433s] -- Up-to-date: /home/dongkuo/lt_ws/loc_ws/install/fast_lio/include/fast_lio/fast_lio/msg/detail/pose6_d__type_support.hpp
[0.433s] -- Up-to-date: /home/dongkuo/lt_ws/loc_ws/install/fast_lio/include/fast_lio/fast_lio/msg/rosidl_generator_cpp__visibility_control.hpp
[0.433s] -- Up-to-date: /home/dongkuo/lt_ws/loc_ws/install/fast_lio/include/fast_lio/fast_lio
[0.433s] -- Up-to-date: /home/dongkuo/lt_ws/loc_ws/install/fast_lio/include/fast_lio/fast_lio/msg
[0.433s] -- Up-to-date: /home/dongkuo/lt_ws/loc_ws/install/fast_lio/include/fast_lio/fast_lio/msg/detail
[0.433s] -- Up-to-date: /home/dongkuo/lt_ws/loc_ws/install/fast_lio/include/fast_lio/fast_lio/msg/detail/dds_fastrtps
[0.433s] -- Up-to-date: /home/dongkuo/lt_ws/loc_ws/install/fast_lio/include/fast_lio/fast_lio/msg/detail/pose6_d__rosidl_typesupport_fastrtps_cpp.hpp
[0.433s] -- Up-to-date: /home/dongkuo/lt_ws/loc_ws/install/fast_lio/include/fast_lio/fast_lio/msg/rosidl_typesupport_fastrtps_cpp__visibility_control.h
[0.433s] -- Up-to-date: /home/dongkuo/lt_ws/loc_ws/install/fast_lio/lib/libfast_lio__rosidl_typesupport_fastrtps_cpp.so
[0.433s] -- Up-to-date: /home/dongkuo/lt_ws/loc_ws/install/fast_lio/include/fast_lio/fast_lio
[0.433s] -- Up-to-date: /home/dongkuo/lt_ws/loc_ws/install/fast_lio/include/fast_lio/fast_lio/msg
[0.433s] -- Up-to-date: /home/dongkuo/lt_ws/loc_ws/install/fast_lio/include/fast_lio/fast_lio/msg/detail
[0.433s] -- Up-to-date: /home/dongkuo/lt_ws/loc_ws/install/fast_lio/include/fast_lio/fast_lio/msg/detail/pose6_d__type_support.c
[0.433s] -- Up-to-date: /home/dongkuo/lt_ws/loc_ws/install/fast_lio/include/fast_lio/fast_lio/msg/detail/pose6_d__rosidl_typesupport_introspection_c.h
[0.433s] -- Up-to-date: /home/dongkuo/lt_ws/loc_ws/install/fast_lio/include/fast_lio/fast_lio/msg/rosidl_typesupport_introspection_c__visibility_control.h
[0.433s] -- Up-to-date: /home/dongkuo/lt_ws/loc_ws/install/fast_lio/lib/libfast_lio__rosidl_typesupport_introspection_c.so
[0.433s] -- Up-to-date: /home/dongkuo/lt_ws/loc_ws/install/fast_lio/lib/libfast_lio__rosidl_typesupport_c.so
[0.433s] -- Up-to-date: /home/dongkuo/lt_ws/loc_ws/install/fast_lio/include/fast_lio/fast_lio
[0.433s] -- Up-to-date: /home/dongkuo/lt_ws/loc_ws/install/fast_lio/include/fast_lio/fast_lio/msg
[0.434s] -- Up-to-date: /home/dongkuo/lt_ws/loc_ws/install/fast_lio/include/fast_lio/fast_lio/msg/detail
[0.434s] -- Up-to-date: /home/dongkuo/lt_ws/loc_ws/install/fast_lio/include/fast_lio/fast_lio/msg/detail/pose6_d__type_support.cpp
[0.434s] -- Up-to-date: /home/dongkuo/lt_ws/loc_ws/install/fast_lio/include/fast_lio/fast_lio/msg/detail/pose6_d__rosidl_typesupport_introspection_cpp.hpp
[0.434s] -- Up-to-date: /home/dongkuo/lt_ws/loc_ws/install/fast_lio/lib/libfast_lio__rosidl_typesupport_introspection_cpp.so
[0.434s] -- Up-to-date: /home/dongkuo/lt_ws/loc_ws/install/fast_lio/lib/libfast_lio__rosidl_typesupport_cpp.so
[0.434s] -- Up-to-date: /home/dongkuo/lt_ws/loc_ws/install/fast_lio/share/fast_lio/environment/pythonpath.sh
[0.435s] -- Up-to-date: /home/dongkuo/lt_ws/loc_ws/install/fast_lio/share/fast_lio/environment/pythonpath.dsv
[0.435s] -- Up-to-date: /home/dongkuo/lt_ws/loc_ws/install/fast_lio/local/lib/python3.10/dist-packages/fast_lio-0.0.0-py3.10.egg-info
[0.435s] -- Installing: /home/dongkuo/lt_ws/loc_ws/install/fast_lio/local/lib/python3.10/dist-packages/fast_lio-0.0.0-py3.10.egg-info/SOURCES.txt
[0.435s] -- Installing: /home/dongkuo/lt_ws/loc_ws/install/fast_lio/local/lib/python3.10/dist-packages/fast_lio-0.0.0-py3.10.egg-info/top_level.txt
[0.435s] -- Installing: /home/dongkuo/lt_ws/loc_ws/install/fast_lio/local/lib/python3.10/dist-packages/fast_lio-0.0.0-py3.10.egg-info/dependency_links.txt
[0.435s] -- Installing: /home/dongkuo/lt_ws/loc_ws/install/fast_lio/local/lib/python3.10/dist-packages/fast_lio-0.0.0-py3.10.egg-info/PKG-INFO
[0.435s] -- Up-to-date: /home/dongkuo/lt_ws/loc_ws/install/fast_lio/local/lib/python3.10/dist-packages/fast_lio
[0.435s] -- Up-to-date: /home/dongkuo/lt_ws/loc_ws/install/fast_lio/local/lib/python3.10/dist-packages/fast_lio/libfast_lio__rosidl_generator_py.so
[0.435s] -- Up-to-date: /home/dongkuo/lt_ws/loc_ws/install/fast_lio/local/lib/python3.10/dist-packages/fast_lio/fast_lio_s__rosidl_typesupport_c.cpython-310-x86_64-linux-gnu.so
[0.435s] -- Up-to-date: /home/dongkuo/lt_ws/loc_ws/install/fast_lio/local/lib/python3.10/dist-packages/fast_lio/_fast_lio_s.ep.rosidl_typesupport_c.c
[0.436s] -- Up-to-date: /home/dongkuo/lt_ws/loc_ws/install/fast_lio/local/lib/python3.10/dist-packages/fast_lio/_fast_lio_s.ep.rosidl_typesupport_fastrtps_c.c
[0.436s] -- Up-to-date: /home/dongkuo/lt_ws/loc_ws/install/fast_lio/local/lib/python3.10/dist-packages/fast_lio/fast_lio_s__rosidl_typesupport_fastrtps_c.cpython-310-x86_64-linux-gnu.so
[0.436s] -- Up-to-date: /home/dongkuo/lt_ws/loc_ws/install/fast_lio/local/lib/python3.10/dist-packages/fast_lio/_fast_lio_s.ep.rosidl_typesupport_introspection_c.c
[0.436s] -- Up-to-date: /home/dongkuo/lt_ws/loc_ws/install/fast_lio/local/lib/python3.10/dist-packages/fast_lio/__init__.py
[0.436s] -- Up-to-date: /home/dongkuo/lt_ws/loc_ws/install/fast_lio/local/lib/python3.10/dist-packages/fast_lio/msg
[0.436s] -- Up-to-date: /home/dongkuo/lt_ws/loc_ws/install/fast_lio/local/lib/python3.10/dist-packages/fast_lio/msg/_pose6_d.py
[0.436s] -- Up-to-date: /home/dongkuo/lt_ws/loc_ws/install/fast_lio/local/lib/python3.10/dist-packages/fast_lio/msg/__init__.py
[0.436s] -- Up-to-date: /home/dongkuo/lt_ws/loc_ws/install/fast_lio/local/lib/python3.10/dist-packages/fast_lio/msg/_pose6_d_s.c
[0.436s] -- Up-to-date: /home/dongkuo/lt_ws/loc_ws/install/fast_lio/local/lib/python3.10/dist-packages/fast_lio/fast_lio_s__rosidl_typesupport_introspection_c.cpython-310-x86_64-linux-gnu.so
[0.466s] Listing '/home/dongkuo/lt_ws/loc_ws/install/fast_lio/local/lib/python3.10/dist-packages/fast_lio'...
[0.467s] Listing '/home/dongkuo/lt_ws/loc_ws/install/fast_lio/local/lib/python3.10/dist-packages/fast_lio/msg'...
[0.470s] -- Up-to-date: /home/dongkuo/lt_ws/loc_ws/install/fast_lio/local/lib/python3.10/dist-packages/fast_lio/fast_lio_s__rosidl_typesupport_fastrtps_c.cpython-310-x86_64-linux-gnu.so
[0.470s] -- Up-to-date: /home/dongkuo/lt_ws/loc_ws/install/fast_lio/local/lib/python3.10/dist-packages/fast_lio/fast_lio_s__rosidl_typesupport_introspection_c.cpython-310-x86_64-linux-gnu.so
[0.471s] -- Up-to-date: /home/dongkuo/lt_ws/loc_ws/install/fast_lio/local/lib/python3.10/dist-packages/fast_lio/fast_lio_s__rosidl_typesupport_c.cpython-310-x86_64-linux-gnu.so
[0.471s] -- Up-to-date: /home/dongkuo/lt_ws/loc_ws/install/fast_lio/lib/libfast_lio__rosidl_generator_py.so
[0.471s] -- Up-to-date: /home/dongkuo/lt_ws/loc_ws/install/fast_lio/share/fast_lio/msg/Pose6D.idl
[0.471s] -- Up-to-date: /home/dongkuo/lt_ws/loc_ws/install/fast_lio/share/fast_lio/msg/Pose6D.msg
[0.471s] -- Up-to-date: /home/dongkuo/lt_ws/loc_ws/install/fast_lio/lib/fast_lio/fastlio_mapping
[0.472s] -- Up-to-date: /home/dongkuo/lt_ws/loc_ws/install/fast_lio/lib/fast_lio/pcd_publisher
[0.472s] -- Up-to-date: /home/dongkuo/lt_ws/loc_ws/install/fast_lio/share/fast_lio/config
[0.472s] -- Up-to-date: /home/dongkuo/lt_ws/loc_ws/install/fast_lio/share/fast_lio/config/mid360.yaml
[0.472s] -- Up-to-date: /home/dongkuo/lt_ws/loc_ws/install/fast_lio/share/fast_lio/config/avia.yaml
[0.472s] -- Up-to-date: /home/dongkuo/lt_ws/loc_ws/install/fast_lio/share/fast_lio/config/velodyne.yaml
[0.472s] -- Up-to-date: /home/dongkuo/lt_ws/loc_ws/install/fast_lio/share/fast_lio/config/pc2scan_params.yaml
[0.472s] -- Up-to-date: /home/dongkuo/lt_ws/loc_ws/install/fast_lio/share/fast_lio/config/ouster64.yaml
[0.472s] -- Up-to-date: /home/dongkuo/lt_ws/loc_ws/install/fast_lio/share/fast_lio/config/horizon.yaml
[0.472s] -- Up-to-date: /home/dongkuo/lt_ws/loc_ws/install/fast_lio/share/fast_lio/launch
[0.472s] -- Up-to-date: /home/dongkuo/lt_ws/loc_ws/install/fast_lio/share/fast_lio/launch/point_look.launch .py
[0.472s] -- Up-to-date: /home/dongkuo/lt_ws/loc_ws/install/fast_lio/share/fast_lio/launch/mapping.launch.py
[0.473s] -- Up-to-date: /home/dongkuo/lt_ws/loc_ws/install/fast_lio/share/fast_lio/launch/gdb_debug_example.launch
[0.473s] -- Up-to-date: /home/dongkuo/lt_ws/loc_ws/install/fast_lio/share/fast_lio/launch/online_mapping.launch.py
[0.473s] -- Up-to-date: /home/dongkuo/lt_ws/loc_ws/install/fast_lio/share/fast_lio/rviz
[0.473s] -- Up-to-date: /home/dongkuo/lt_ws/loc_ws/install/fast_lio/share/fast_lio/rviz/fastlio.rviz
[0.473s] -- Up-to-date: /home/dongkuo/lt_ws/loc_ws/install/fast_lio/share/ament_index/resource_index/package_run_dependencies/fast_lio
[0.473s] -- Up-to-date: /home/dongkuo/lt_ws/loc_ws/install/fast_lio/share/ament_index/resource_index/parent_prefix_path/fast_lio
[0.473s] -- Up-to-date: /home/dongkuo/lt_ws/loc_ws/install/fast_lio/share/fast_lio/environment/ament_prefix_path.sh
[0.473s] -- Up-to-date: /home/dongkuo/lt_ws/loc_ws/install/fast_lio/share/fast_lio/environment/ament_prefix_path.dsv
[0.473s] -- Up-to-date: /home/dongkuo/lt_ws/loc_ws/install/fast_lio/share/fast_lio/environment/path.sh
[0.473s] -- Up-to-date: /home/dongkuo/lt_ws/loc_ws/install/fast_lio/share/fast_lio/environment/path.dsv
[0.473s] -- Up-to-date: /home/dongkuo/lt_ws/loc_ws/install/fast_lio/share/fast_lio/local_setup.bash
[0.474s] -- Up-to-date: /home/dongkuo/lt_ws/loc_ws/install/fast_lio/share/fast_lio/local_setup.sh
[0.474s] -- Up-to-date: /home/dongkuo/lt_ws/loc_ws/install/fast_lio/share/fast_lio/local_setup.zsh
[0.474s] -- Up-to-date: /home/dongkuo/lt_ws/loc_ws/install/fast_lio/share/fast_lio/local_setup.dsv
[0.474s] -- Installing: /home/dongkuo/lt_ws/loc_ws/install/fast_lio/share/fast_lio/package.dsv
[0.474s] -- Up-to-date: /home/dongkuo/lt_ws/loc_ws/install/fast_lio/share/ament_index/resource_index/packages/fast_lio
[0.474s] -- Up-to-date: /home/dongkuo/lt_ws/loc_ws/install/fast_lio/share/fast_lio/cmake/export_fast_lio__rosidl_generator_cExport.cmake
[0.474s] -- Up-to-date: /home/dongkuo/lt_ws/loc_ws/install/fast_lio/share/fast_lio/cmake/export_fast_lio__rosidl_generator_cExport-release.cmake
[0.474s] -- Up-to-date: /home/dongkuo/lt_ws/loc_ws/install/fast_lio/share/fast_lio/cmake/export_fast_lio__rosidl_typesupport_fastrtps_cExport.cmake
[0.474s] -- Up-to-date: /home/dongkuo/lt_ws/loc_ws/install/fast_lio/share/fast_lio/cmake/export_fast_lio__rosidl_typesupport_fastrtps_cExport-release.cmake
[0.474s] -- Up-to-date: /home/dongkuo/lt_ws/loc_ws/install/fast_lio/share/fast_lio/cmake/export_fast_lio__rosidl_generator_cppExport.cmake
[0.474s] -- Up-to-date: /home/dongkuo/lt_ws/loc_ws/install/fast_lio/share/fast_lio/cmake/export_fast_lio__rosidl_typesupport_fastrtps_cppExport.cmake
[0.474s] -- Up-to-date: /home/dongkuo/lt_ws/loc_ws/install/fast_lio/share/fast_lio/cmake/export_fast_lio__rosidl_typesupport_fastrtps_cppExport-release.cmake
[0.475s] -- Up-to-date: /home/dongkuo/lt_ws/loc_ws/install/fast_lio/share/fast_lio/cmake/fast_lio__rosidl_typesupport_introspection_cExport.cmake
[0.475s] -- Up-to-date: /home/dongkuo/lt_ws/loc_ws/install/fast_lio/share/fast_lio/cmake/fast_lio__rosidl_typesupport_introspection_cExport-release.cmake
[0.475s] -- Up-to-date: /home/dongkuo/lt_ws/loc_ws/install/fast_lio/share/fast_lio/cmake/fast_lio__rosidl_typesupport_cExport.cmake
[0.475s] -- Up-to-date: /home/dongkuo/lt_ws/loc_ws/install/fast_lio/share/fast_lio/cmake/fast_lio__rosidl_typesupport_cExport-release.cmake
[0.475s] -- Up-to-date: /home/dongkuo/lt_ws/loc_ws/install/fast_lio/share/fast_lio/cmake/fast_lio__rosidl_typesupport_introspection_cppExport.cmake
[0.475s] -- Up-to-date: /home/dongkuo/lt_ws/loc_ws/install/fast_lio/share/fast_lio/cmake/fast_lio__rosidl_typesupport_introspection_cppExport-release.cmake
[0.475s] -- Up-to-date: /home/dongkuo/lt_ws/loc_ws/install/fast_lio/share/fast_lio/cmake/fast_lio__rosidl_typesupport_cppExport.cmake
[0.475s] -- Up-to-date: /home/dongkuo/lt_ws/loc_ws/install/fast_lio/share/fast_lio/cmake/fast_lio__rosidl_typesupport_cppExport-release.cmake
[0.475s] -- Up-to-date: /home/dongkuo/lt_ws/loc_ws/install/fast_lio/share/fast_lio/cmake/export_fast_lio__rosidl_generator_pyExport.cmake
[0.475s] -- Up-to-date: /home/dongkuo/lt_ws/loc_ws/install/fast_lio/share/fast_lio/cmake/export_fast_lio__rosidl_generator_pyExport-release.cmake
[0.475s] -- Up-to-date: /home/dongkuo/lt_ws/loc_ws/install/fast_lio/share/fast_lio/cmake/rosidl_cmake-extras.cmake
[0.476s] -- Up-to-date: /home/dongkuo/lt_ws/loc_ws/install/fast_lio/share/fast_lio/cmake/ament_cmake_export_include_directories-extras.cmake
[0.476s] -- Up-to-date: /home/dongkuo/lt_ws/loc_ws/install/fast_lio/share/fast_lio/cmake/ament_cmake_export_libraries-extras.cmake
[0.476s] -- Up-to-date: /home/dongkuo/lt_ws/loc_ws/install/fast_lio/share/fast_lio/cmake/ament_cmake_export_targets-extras.cmake
[0.476s] -- Up-to-date: /home/dongkuo/lt_ws/loc_ws/install/fast_lio/share/fast_lio/cmake/rosidl_cmake_export_typesupport_targets-extras.cmake
[0.476s] -- Up-to-date: /home/dongkuo/lt_ws/loc_ws/install/fast_lio/share/fast_lio/cmake/ament_cmake_export_dependencies-extras.cmake
[0.476s] -- Up-to-date: /home/dongkuo/lt_ws/loc_ws/install/fast_lio/share/fast_lio/cmake/rosidl_cmake_export_typesupport_libraries-extras.cmake
[0.476s] -- Up-to-date: /home/dongkuo/lt_ws/loc_ws/install/fast_lio/share/fast_lio/cmake/fast_lioConfig.cmake
[0.476s] -- Up-to-date: /home/dongkuo/lt_ws/loc_ws/install/fast_lio/share/fast_lio/cmake/fast_lioConfig-version.cmake
[0.476s] -- Up-to-date: /home/dongkuo/lt_ws/loc_ws/install/fast_lio/share/fast_lio/package.xml
[0.478s] Invoked command in '/home/dongkuo/lt_ws/loc_ws/build/fast_lio' returned '0': CMAKE_PREFIX_PATH=/home/dongkuo/lt_ws/loc_ws/install/livox_ros_driver2:/home/dongkuo/lt_ws/loc_ws/install/scout_base:/home/dongkuo/wl_ws/navigation2_ws/install/nav2_simple_commander:/opt/ros/humble:/home/dongkuo/lt_ws/loc_ws/install/ugv_sdk:/home/dongkuo/lt_ws/loc_ws/install/scout_msgs:/home/dongkuo/lt_ws/loc_ws/install/scout_description:/home/dongkuo/lt_ws/loc_ws/install/point2d_loc:/home/dongkuo/lt_ws/loc_ws/install/nav_demo:/home/dongkuo/lt_ws/loc_ws/install/fast_lio:/home/dongkuo/wl_ws/navigation2_ws/install/nav2_system_tests:/home/dongkuo/wl_ws/navigation2_ws/install/nav2_bringup:/home/dongkuo/wl_ws/navigation2_ws/install/navigation2:/home/dongkuo/wl_ws/navigation2_ws/install/nav2_smoother:/home/dongkuo/wl_ws/navigation2_ws/install/nav2_rotation_shim_controller:/home/dongkuo/wl_ws/navigation2_ws/install/nav2_graceful_controller:/home/dongkuo/wl_ws/navigation2_ws/install/nav2_dwb_controller:/home/dongkuo/wl_ws/navigation2_ws/install/nav2_controller:/home/dongkuo/wl_ws/navigation2_ws/install/dwb_plugins:/home/dongkuo/wl_ws/navigation2_ws/install/dwb_critics:/home/dongkuo/wl_ws/navigation2_ws/install/dwb_core:/home/dongkuo/wl_ws/navigation2_ws/install/nav_2d_utils:/home/dongkuo/wl_ws/navigation2_ws/install/dwb_msgs:/home/dongkuo/wl_ws/navigation2_ws/install/nav_2d_msgs:/home/dongkuo/wl_ws/navigation2_ws/install/nav2_waypoint_follower:/home/dongkuo/wl_ws/navigation2_ws/install/nav2_theta_star_planner:/home/dongkuo/wl_ws/navigation2_ws/install/nav2_smac_planner:/home/dongkuo/wl_ws/navigation2_ws/install/nav2_route:/home/dongkuo/wl_ws/navigation2_ws/install/nav2_regulated_pure_pursuit_controller:/home/dongkuo/wl_ws/navigation2_ws/install/nav2_planner:/home/dongkuo/wl_ws/navigation2_ws/install/nav2_navfn_planner:/home/dongkuo/wl_ws/navigation2_ws/install/nav2_mppi_controller:/home/dongkuo/wl_ws/navigation2_ws/install/nav2_constrained_smoother:/home/dongkuo/wl_ws/navigation2_ws/install/nav2_bt_navigator:/home/dongkuo/wl_ws/navigation2_ws/install/nav2_behaviors:/home/dongkuo/wl_ws/navigation2_ws/install/nav2_core:/home/dongkuo/wl_ws/navigation2_ws/install/nav2_collision_monitor:/home/dongkuo/wl_ws/navigation2_ws/install/costmap_queue:/home/dongkuo/wl_ws/navigation2_ws/install/nav2_costmap_2d:/home/dongkuo/wl_ws/navigation2_ws/install/nav2_voxel_grid:/home/dongkuo/wl_ws/navigation2_ws/install/nav2_velocity_smoother:/home/dongkuo/wl_ws/navigation2_ws/install/nav2_rviz_plugins:/home/dongkuo/wl_ws/navigation2_ws/install/nav2_map_server:/home/dongkuo/wl_ws/navigation2_ws/install/nav2_lifecycle_manager:/home/dongkuo/wl_ws/navigation2_ws/install/nav2_behavior_tree:/home/dongkuo/wl_ws/navigation2_ws/install/nav2_amcl:/home/dongkuo/wl_ws/navigation2_ws/install/nav2_util:/home/dongkuo/wl_ws/navigation2_ws/install/nav2_msgs:/home/dongkuo/wl_ws/navigation2_ws/install/nav2_common:/home/dongkuo/lt_ws/realsense_ws/install/realsense2_description:/home/dongkuo/lt_ws/realsense_ws/install/realsense2_camera:/home/dongkuo/lt_ws/realsense_ws/install/realsense2_camera_msgs:/home/dongkuo/lt_ws/realsense_ws/install/depth_to_cloud_converter:/opt/vulcanexus/humble LD_LIBRARY_PATH=/home/dongkuo/lt_ws/loc_ws/install/livox_ros_driver2/lib:/home/dongkuo/lt_ws/loc_ws/install/scout_msgs/lib:/home/dongkuo/lt_ws/loc_ws/install/fast_lio/lib:/home/dongkuo/wl_ws/navigation2_ws/install/nav2_smoother/lib:/home/dongkuo/wl_ws/navigation2_ws/install/nav2_rotation_shim_controller/lib:/home/dongkuo/wl_ws/navigation2_ws/install/nav2_graceful_controller/lib:/home/dongkuo/wl_ws/navigation2_ws/install/nav2_controller/lib:/home/dongkuo/wl_ws/navigation2_ws/install/dwb_plugins/lib:/home/dongkuo/wl_ws/navigation2_ws/install/dwb_critics/lib:/home/dongkuo/wl_ws/navigation2_ws/install/dwb_core/lib:/home/dongkuo/wl_ws/navigation2_ws/install/nav_2d_utils/lib:/home/dongkuo/wl_ws/navigation2_ws/install/dwb_msgs/lib:/home/dongkuo/wl_ws/navigation2_ws/install/nav_2d_msgs/lib:/home/dongkuo/wl_ws/navigation2_ws/install/nav2_waypoint_follower/lib:/home/dongkuo/wl_ws/navigation2_ws/install/nav2_theta_star_planner/lib:/home/dongkuo/wl_ws/navigation2_ws/install/nav2_smac_planner/lib:/home/dongkuo/wl_ws/navigation2_ws/install/nav2_route/lib:/home/dongkuo/wl_ws/navigation2_ws/install/nav2_regulated_pure_pursuit_controller/lib:/home/dongkuo/wl_ws/navigation2_ws/install/nav2_planner/lib:/home/dongkuo/wl_ws/navigation2_ws/install/nav2_navfn_planner/lib:/home/dongkuo/wl_ws/navigation2_ws/install/nav2_mppi_controller/lib:/home/dongkuo/wl_ws/navigation2_ws/install/nav2_constrained_smoother/lib:/home/dongkuo/wl_ws/navigation2_ws/install/nav2_bt_navigator/lib:/home/dongkuo/wl_ws/navigation2_ws/install/nav2_behaviors/lib:/home/dongkuo/wl_ws/navigation2_ws/install/nav2_collision_monitor/lib:/home/dongkuo/wl_ws/navigation2_ws/install/costmap_queue/lib:/home/dongkuo/wl_ws/navigation2_ws/install/nav2_costmap_2d/lib:/home/dongkuo/wl_ws/navigation2_ws/install/nav2_voxel_grid/lib:/home/dongkuo/wl_ws/navigation2_ws/install/nav2_velocity_smoother/lib:/home/dongkuo/wl_ws/navigation2_ws/install/nav2_rviz_plugins/lib:/home/dongkuo/wl_ws/navigation2_ws/install/nav2_map_server/lib:/home/dongkuo/wl_ws/navigation2_ws/install/nav2_lifecycle_manager/lib:/home/dongkuo/wl_ws/navigation2_ws/install/nav2_behavior_tree/lib:/home/dongkuo/wl_ws/navigation2_ws/install/nav2_amcl/lib:/home/dongkuo/wl_ws/navigation2_ws/install/nav2_util/lib:/home/dongkuo/wl_ws/navigation2_ws/install/nav2_msgs/lib:/home/dongkuo/lt_ws/realsense_ws/install/realsense2_camera/lib:/home/dongkuo/lt_ws/realsense_ws/install/realsense2_camera_msgs/lib:/opt/vulcanexus/humble/lib:/usr/lib/x86_64-linux-gnu/gazebo-11/plugins:/opt/ros/humble/opt/rviz_ogre_vendor/lib:/opt/ros/humble/lib/x86_64-linux-gnu:/opt/ros/humble/lib /usr/bin/cmake --install /home/dongkuo/lt_ws/loc_ws/build/fast_lio
