[0.015s] Invoking command in '/home/dongkuo/lt_ws/loc_ws/build/ugv_sdk': /usr/bin/cmake --build /home/dongkuo/lt_ws/loc_ws/build/ugv_sdk -- -j32 -l32
[0.294s] [ 42%] Built target ugv_sdk
[0.473s] [ 50%] Built target demo_scout_mini_omni_robot
[0.479s] [ 57%] Built target demo_scout_robot
[0.490s] [ 64%] Built target demo_ranger_robot
[0.490s] [ 71%] Built target demo_tracer_robot
[0.499s] [ 78%] Built target demo_protocol_detector
[0.503s] [ 85%] Built target demo_hunter_robot
[0.504s] [ 92%] Built target demo_bunker_robot
[0.505s] [100%] Built target demo_robot_version
[0.845s] Invoked command in '/home/dongkuo/lt_ws/loc_ws/build/ugv_sdk' returned '0': /usr/bin/cmake --build /home/dongkuo/lt_ws/loc_ws/build/ugv_sdk -- -j32 -l32
[0.857s] Invoking command in '/home/dongkuo/lt_ws/loc_ws/build/ugv_sdk': /usr/bin/cmake --install /home/dongkuo/lt_ws/loc_ws/build/ugv_sdk
[0.897s] -- Install configuration: "Release"
[0.897s] -- Up-to-date: /home/dongkuo/lt_ws/loc_ws/install/ugv_sdk/lib/libugv_sdk.a
[0.898s] -- Up-to-date: /home/dongkuo/lt_ws/loc_ws/install/ugv_sdk/include/ugv_sdk
[0.899s] -- Up-to-date: /home/dongkuo/lt_ws/loc_ws/install/ugv_sdk/include/ugv_sdk/mobile_robot
[0.899s] -- Up-to-date: /home/dongkuo/lt_ws/loc_ws/install/ugv_sdk/include/ugv_sdk/mobile_robot/tracer_robot.hpp
[0.900s] -- Up-to-date: /home/dongkuo/lt_ws/loc_ws/install/ugv_sdk/include/ugv_sdk/mobile_robot/hunter_robot.hpp
[0.900s] -- Up-to-date: /home/dongkuo/lt_ws/loc_ws/install/ugv_sdk/include/ugv_sdk/mobile_robot/ranger_robot.hpp
[0.903s] -- Up-to-date: /home/dongkuo/lt_ws/loc_ws/install/ugv_sdk/include/ugv_sdk/mobile_robot/bunker_robot.hpp
[0.903s] -- Up-to-date: /home/dongkuo/lt_ws/loc_ws/install/ugv_sdk/include/ugv_sdk/mobile_robot/titan_robot.hpp
[0.904s] -- Up-to-date: /home/dongkuo/lt_ws/loc_ws/install/ugv_sdk/include/ugv_sdk/mobile_robot/scout_robot.hpp
[0.904s] -- Up-to-date: /home/dongkuo/lt_ws/loc_ws/install/ugv_sdk/include/ugv_sdk/details
[0.904s] -- Up-to-date: /home/dongkuo/lt_ws/loc_ws/install/ugv_sdk/include/ugv_sdk/details/protocol_v2
[0.905s] -- Up-to-date: /home/dongkuo/lt_ws/loc_ws/install/ugv_sdk/include/ugv_sdk/details/protocol_v2/protocol_v2_parser.hpp
[0.905s] -- Up-to-date: /home/dongkuo/lt_ws/loc_ws/install/ugv_sdk/include/ugv_sdk/details/parser_base.hpp
[0.906s] -- Up-to-date: /home/dongkuo/lt_ws/loc_ws/install/ugv_sdk/include/ugv_sdk/details/async_port
[0.906s] -- Up-to-date: /home/dongkuo/lt_ws/loc_ws/install/ugv_sdk/include/ugv_sdk/details/async_port/async_serial.hpp
[0.907s] -- Up-to-date: /home/dongkuo/lt_ws/loc_ws/install/ugv_sdk/include/ugv_sdk/details/async_port/async_can.hpp
[0.908s] -- Up-to-date: /home/dongkuo/lt_ws/loc_ws/install/ugv_sdk/include/ugv_sdk/details/async_port/ring_buffer.hpp
[0.909s] -- Up-to-date: /home/dongkuo/lt_ws/loc_ws/install/ugv_sdk/include/ugv_sdk/details/robot_base
[0.909s] -- Up-to-date: /home/dongkuo/lt_ws/loc_ws/install/ugv_sdk/include/ugv_sdk/details/robot_base/titan_base.hpp
[0.910s] -- Up-to-date: /home/dongkuo/lt_ws/loc_ws/install/ugv_sdk/include/ugv_sdk/details/robot_base/bunker_base.hpp
[0.910s] -- Up-to-date: /home/dongkuo/lt_ws/loc_ws/install/ugv_sdk/include/ugv_sdk/details/robot_base/agilex_base.hpp
[0.911s] -- Up-to-date: /home/dongkuo/lt_ws/loc_ws/install/ugv_sdk/include/ugv_sdk/details/robot_base/scout_base.hpp
[0.911s] -- Up-to-date: /home/dongkuo/lt_ws/loc_ws/install/ugv_sdk/include/ugv_sdk/details/robot_base/tracer_base.hpp
[0.912s] -- Up-to-date: /home/dongkuo/lt_ws/loc_ws/install/ugv_sdk/include/ugv_sdk/details/robot_base/hunter_base.hpp
[0.914s] -- Up-to-date: /home/dongkuo/lt_ws/loc_ws/install/ugv_sdk/include/ugv_sdk/details/robot_base/ranger_base.hpp
[0.915s] -- Up-to-date: /home/dongkuo/lt_ws/loc_ws/install/ugv_sdk/include/ugv_sdk/details/interface
[0.916s] -- Up-to-date: /home/dongkuo/lt_ws/loc_ws/install/ugv_sdk/include/ugv_sdk/details/interface/titan_interface.hpp
[0.918s] -- Up-to-date: /home/dongkuo/lt_ws/loc_ws/install/ugv_sdk/include/ugv_sdk/details/interface/bunker_interface.hpp
[0.920s] -- Up-to-date: /home/dongkuo/lt_ws/loc_ws/install/ugv_sdk/include/ugv_sdk/details/interface/hunter_interface.hpp
[0.921s] -- Up-to-date: /home/dongkuo/lt_ws/loc_ws/install/ugv_sdk/include/ugv_sdk/details/interface/agilex_types.h
[0.921s] -- Up-to-date: /home/dongkuo/lt_ws/loc_ws/install/ugv_sdk/include/ugv_sdk/details/interface/robot_common_interface.hpp
[0.922s] -- Up-to-date: /home/dongkuo/lt_ws/loc_ws/install/ugv_sdk/include/ugv_sdk/details/interface/agilex_message.h
[0.923s] -- Up-to-date: /home/dongkuo/lt_ws/loc_ws/install/ugv_sdk/include/ugv_sdk/details/interface/scout_interface.hpp
[0.924s] -- Up-to-date: /home/dongkuo/lt_ws/loc_ws/install/ugv_sdk/include/ugv_sdk/details/interface/tracer_interface.hpp
[0.924s] -- Up-to-date: /home/dongkuo/lt_ws/loc_ws/install/ugv_sdk/include/ugv_sdk/details/interface/ranger_interface.hpp
[0.925s] -- Up-to-date: /home/dongkuo/lt_ws/loc_ws/install/ugv_sdk/include/ugv_sdk/details/protocol_v1
[0.926s] -- Up-to-date: /home/dongkuo/lt_ws/loc_ws/install/ugv_sdk/include/ugv_sdk/details/protocol_v1/agilex_msg_parser_v1.h
[0.926s] -- Up-to-date: /home/dongkuo/lt_ws/loc_ws/install/ugv_sdk/include/ugv_sdk/details/protocol_v1/protocol_v1_parser.hpp
[0.927s] -- Up-to-date: /home/dongkuo/lt_ws/loc_ws/install/ugv_sdk/include/ugv_sdk/details/protocol_v1/robot_limits.hpp
[0.927s] -- Up-to-date: /home/dongkuo/lt_ws/loc_ws/install/ugv_sdk/include/ugv_sdk/utilities
[0.934s] -- Up-to-date: /home/dongkuo/lt_ws/loc_ws/install/ugv_sdk/include/ugv_sdk/utilities/protocol_detector.hpp
[0.935s] -- Up-to-date: /home/dongkuo/lt_ws/loc_ws/install/ugv_sdk/lib/cmake/ugv_sdk/ugv_sdkTargets.cmake
[0.939s] -- Up-to-date: /home/dongkuo/lt_ws/loc_ws/install/ugv_sdk/lib/cmake/ugv_sdk/ugv_sdkTargets-release.cmake
[0.940s] -- Up-to-date: /home/dongkuo/lt_ws/loc_ws/install/ugv_sdk/lib/cmake/ugv_sdk/ugv_sdkConfig.cmake
[0.941s] -- Up-to-date: /home/dongkuo/lt_ws/loc_ws/install/ugv_sdk/lib/cmake/ugv_sdk/ugv_sdkConfigVersion.cmake
[0.943s] Invoked command in '/home/dongkuo/lt_ws/loc_ws/build/ugv_sdk' returned '0': /usr/bin/cmake --install /home/dongkuo/lt_ws/loc_ws/build/ugv_sdk
