[0.009s] Invoking command in '/home/dongkuo/lt_ws/loc_ws/build/scout_base': AMENT_PREFIX_PATH=/home/dongkuo/lt_ws/loc_ws/install/scout_msgs:${AMENT_PREFIX_PATH} CMAKE_PREFIX_PATH=/opt/ros/humble:/home/dongkuo/lt_ws/loc_ws/install/ugv_sdk:/home/dongkuo/lt_ws/loc_ws/install/scout_msgs:${CMAKE_PREFIX_PATH} LD_LIBRARY_PATH=/home/dongkuo/lt_ws/loc_ws/install/scout_msgs/lib:${LD_LIBRARY_PATH} PKG_CONFIG_PATH=/home/dongkuo/lt_ws/loc_ws/install/ugv_sdk/lib/x86_64-linux-gnu/pkgconfig:/home/dongkuo/lt_ws/loc_ws/install/ugv_sdk/lib/pkgconfig:${PKG_CONFIG_PATH} PYTHONPATH=/home/dongkuo/lt_ws/loc_ws/install/scout_msgs/local/lib/python3.10/dist-packages:${PYTHONPATH} ROS_PACKAGE_PATH=/home/dongkuo/lt_ws/loc_ws/install/ugv_sdk/share /usr/bin/cmake /home/dongkuo/lt_ws/loc_ws/src/scout_ros2_driver/scout_ros2/scout_base -DROS_EDITION=ROS2 -DHUMBLE_ROS=humble -DCMAKE_INSTALL_PREFIX=/home/dongkuo/lt_ws/loc_ws/install/scout_base
[0.047s] -- The C compiler identification is GNU 11.4.0
[0.085s] -- The CXX compiler identification is GNU 11.4.0
[0.091s] -- Detecting C compiler ABI info
[0.146s] -- Detecting C compiler ABI info - done
[0.152s] -- Check for working C compiler: /usr/bin/cc - skipped
[0.152s] -- Detecting C compile features
[0.152s] -- Detecting C compile features - done
[0.154s] -- Detecting CXX compiler ABI info
[0.217s] -- Detecting CXX compiler ABI info - done
[0.221s] -- Check for working CXX compiler: /usr/bin/c++ - skipped
[0.222s] -- Detecting CXX compile features
[0.222s] -- Detecting CXX compile features - done
[0.223s] -- Found ament_cmake: 1.3.12 (/opt/ros/humble/share/ament_cmake/cmake)
[0.332s] -- Found Python3: /usr/bin/python3 (found version "3.10.12") found components: Interpreter 
[0.400s] -- Found rclcpp: 16.0.15 (/opt/ros/humble/share/rclcpp/cmake)
[0.431s] -- Found rosidl_generator_c: 3.1.7 (/opt/ros/humble/share/rosidl_generator_c/cmake)
[0.433s] -- Found rosidl_adapter: 3.1.7 (/opt/ros/humble/share/rosidl_adapter/cmake)
[0.438s] -- Found rosidl_generator_cpp: 3.1.7 (/opt/ros/humble/share/rosidl_generator_cpp/cmake)
[0.444s] -- Using all available rosidl_typesupport_c: rosidl_typesupport_fastrtps_c;rosidl_typesupport_introspection_c
[0.453s] -- Using all available rosidl_typesupport_cpp: rosidl_typesupport_fastrtps_cpp;rosidl_typesupport_introspection_cpp
[0.475s] -- Found rmw_implementation_cmake: 6.1.2 (/opt/ros/humble/share/rmw_implementation_cmake/cmake)
[0.477s] -- Found rmw_fastrtps_cpp: 6.2.8 (/opt/ros/humble/share/rmw_fastrtps_cpp/cmake)
[0.531s] -- Found OpenSSL: /usr/lib/x86_64-linux-gnu/libcrypto.so (found version "3.0.2")  
[0.550s] -- Found FastRTPS: /opt/ros/humble/include  
[0.578s] -- Using RMW implementation 'rmw_fastrtps_cpp' as default
[0.584s] -- Looking for pthread.h
[0.636s] -- Looking for pthread.h - found
[0.636s] -- Performing Test CMAKE_HAVE_LIBC_PTHREAD
[0.696s] -- Performing Test CMAKE_HAVE_LIBC_PTHREAD - Success
[0.697s] -- Found Threads: TRUE  
[0.746s] -- Found geometry_msgs: 4.9.0 (/opt/ros/humble/share/geometry_msgs/cmake)
[0.758s] -- Found nav_msgs: 4.9.0 (/opt/ros/humble/share/nav_msgs/cmake)
[0.775s] -- Found sensor_msgs: 4.9.0 (/opt/ros/humble/share/sensor_msgs/cmake)
[0.792s] -- Found tf2: 0.25.16 (/opt/ros/humble/share/tf2/cmake)
[0.802s] -- Found tf2_ros: 0.25.16 (/opt/ros/humble/share/tf2_ros/cmake)
[0.887s] -- Found tf2_geometry_msgs: 0.25.16 (/opt/ros/humble/share/tf2_geometry_msgs/cmake)
[0.903s] -- Found eigen3_cmake_module: 0.1.1 (/opt/ros/humble/share/eigen3_cmake_module/cmake)
[0.905s] -- Found Eigen3: TRUE (found version "3.4.0") 
[0.905s] -- Ensuring Eigen3 include directory is part of orocos-kdl CMake target
[0.908s] -- Found scout_msgs: 0.1.0 (/home/dongkuo/lt_ws/loc_ws/install/scout_msgs/share/scout_msgs/cmake)
[0.928s] -- Found ament_lint_auto: 0.12.14 (/opt/ros/humble/share/ament_lint_auto/cmake)
[1.004s] -- Added test 'copyright' to check source files copyright and LICENSE
[1.005s] -- Added test 'cppcheck' to perform static code analysis on C / C++ code
[1.005s] -- Configured cppcheck include dirs: /home/dongkuo/lt_ws/loc_ws/src/scout_ros2_driver/scout_ros2/scout_base/include
[1.005s] -- Configured cppcheck exclude dirs and/or files: 
[1.006s] -- Added test 'cpplint' to check C / C++ code against the Google style
[1.006s] -- Configured cpplint exclude dirs and/or files: 
[1.007s] -- Added test 'flake8' to check Python code syntax and style conventions
[1.007s] -- Added test 'lint_cmake' to check CMake code style
[1.007s] -- Added test 'pep257' to check Python code against some of the docstring style conventions in PEP 257
[1.008s] -- Added test 'uncrustify' to check C / C++ code style
[1.008s] -- Configured uncrustify additional arguments: 
[1.009s] -- Added test 'xmllint' to check XML markup files
[1.010s] -- Configuring done
[1.021s] -- Generating done
[1.022s] [33mCMake Warning:
[1.022s]   Manually-specified variables were not used by the project:
[1.022s] 
[1.022s]     HUMBLE_ROS
[1.022s]     ROS_EDITION
[1.022s] 
[1.022s] [0m
[1.025s] -- Build files have been written to: /home/dongkuo/lt_ws/loc_ws/build/scout_base
[1.037s] Invoked command in '/home/dongkuo/lt_ws/loc_ws/build/scout_base' returned '0': AMENT_PREFIX_PATH=/home/dongkuo/lt_ws/loc_ws/install/scout_msgs:${AMENT_PREFIX_PATH} CMAKE_PREFIX_PATH=/opt/ros/humble:/home/dongkuo/lt_ws/loc_ws/install/ugv_sdk:/home/dongkuo/lt_ws/loc_ws/install/scout_msgs:${CMAKE_PREFIX_PATH} LD_LIBRARY_PATH=/home/dongkuo/lt_ws/loc_ws/install/scout_msgs/lib:${LD_LIBRARY_PATH} PKG_CONFIG_PATH=/home/dongkuo/lt_ws/loc_ws/install/ugv_sdk/lib/x86_64-linux-gnu/pkgconfig:/home/dongkuo/lt_ws/loc_ws/install/ugv_sdk/lib/pkgconfig:${PKG_CONFIG_PATH} PYTHONPATH=/home/dongkuo/lt_ws/loc_ws/install/scout_msgs/local/lib/python3.10/dist-packages:${PYTHONPATH} ROS_PACKAGE_PATH=/home/dongkuo/lt_ws/loc_ws/install/ugv_sdk/share /usr/bin/cmake /home/dongkuo/lt_ws/loc_ws/src/scout_ros2_driver/scout_ros2/scout_base -DROS_EDITION=ROS2 -DHUMBLE_ROS=humble -DCMAKE_INSTALL_PREFIX=/home/dongkuo/lt_ws/loc_ws/install/scout_base
[1.038s] Invoking command in '/home/dongkuo/lt_ws/loc_ws/build/scout_base': AMENT_PREFIX_PATH=/home/dongkuo/lt_ws/loc_ws/install/scout_msgs:${AMENT_PREFIX_PATH} CMAKE_PREFIX_PATH=/opt/ros/humble:/home/dongkuo/lt_ws/loc_ws/install/ugv_sdk:/home/dongkuo/lt_ws/loc_ws/install/scout_msgs:${CMAKE_PREFIX_PATH} LD_LIBRARY_PATH=/home/dongkuo/lt_ws/loc_ws/install/scout_msgs/lib:${LD_LIBRARY_PATH} PKG_CONFIG_PATH=/home/dongkuo/lt_ws/loc_ws/install/ugv_sdk/lib/x86_64-linux-gnu/pkgconfig:/home/dongkuo/lt_ws/loc_ws/install/ugv_sdk/lib/pkgconfig:${PKG_CONFIG_PATH} PYTHONPATH=/home/dongkuo/lt_ws/loc_ws/install/scout_msgs/local/lib/python3.10/dist-packages:${PYTHONPATH} ROS_PACKAGE_PATH=/home/dongkuo/lt_ws/loc_ws/install/ugv_sdk/share /usr/bin/cmake --build /home/dongkuo/lt_ws/loc_ws/build/scout_base -- -j32 -l32
[1.089s] [ 66%] [32mBuilding CXX object CMakeFiles/scout_base_node.dir/src/scout_base_node.cpp.o[0m
[1.089s] [ 66%] [32mBuilding CXX object CMakeFiles/scout_base_node.dir/src/scout_base_ros.cpp.o[0m
[7.775s] [100%] [32m[1mLinking CXX executable scout_base_node[0m
[8.147s] [100%] Built target scout_base_node
[8.159s] Invoked command in '/home/dongkuo/lt_ws/loc_ws/build/scout_base' returned '0': AMENT_PREFIX_PATH=/home/dongkuo/lt_ws/loc_ws/install/scout_msgs:${AMENT_PREFIX_PATH} CMAKE_PREFIX_PATH=/opt/ros/humble:/home/dongkuo/lt_ws/loc_ws/install/ugv_sdk:/home/dongkuo/lt_ws/loc_ws/install/scout_msgs:${CMAKE_PREFIX_PATH} LD_LIBRARY_PATH=/home/dongkuo/lt_ws/loc_ws/install/scout_msgs/lib:${LD_LIBRARY_PATH} PKG_CONFIG_PATH=/home/dongkuo/lt_ws/loc_ws/install/ugv_sdk/lib/x86_64-linux-gnu/pkgconfig:/home/dongkuo/lt_ws/loc_ws/install/ugv_sdk/lib/pkgconfig:${PKG_CONFIG_PATH} PYTHONPATH=/home/dongkuo/lt_ws/loc_ws/install/scout_msgs/local/lib/python3.10/dist-packages:${PYTHONPATH} ROS_PACKAGE_PATH=/home/dongkuo/lt_ws/loc_ws/install/ugv_sdk/share /usr/bin/cmake --build /home/dongkuo/lt_ws/loc_ws/build/scout_base -- -j32 -l32
[8.160s] Invoking command in '/home/dongkuo/lt_ws/loc_ws/build/scout_base': AMENT_PREFIX_PATH=/home/dongkuo/lt_ws/loc_ws/install/scout_msgs:${AMENT_PREFIX_PATH} CMAKE_PREFIX_PATH=/opt/ros/humble:/home/dongkuo/lt_ws/loc_ws/install/ugv_sdk:/home/dongkuo/lt_ws/loc_ws/install/scout_msgs:${CMAKE_PREFIX_PATH} LD_LIBRARY_PATH=/home/dongkuo/lt_ws/loc_ws/install/scout_msgs/lib:${LD_LIBRARY_PATH} PKG_CONFIG_PATH=/home/dongkuo/lt_ws/loc_ws/install/ugv_sdk/lib/x86_64-linux-gnu/pkgconfig:/home/dongkuo/lt_ws/loc_ws/install/ugv_sdk/lib/pkgconfig:${PKG_CONFIG_PATH} PYTHONPATH=/home/dongkuo/lt_ws/loc_ws/install/scout_msgs/local/lib/python3.10/dist-packages:${PYTHONPATH} ROS_PACKAGE_PATH=/home/dongkuo/lt_ws/loc_ws/install/ugv_sdk/share /usr/bin/cmake --install /home/dongkuo/lt_ws/loc_ws/build/scout_base
[8.167s] -- Install configuration: ""
[8.168s] -- Installing: /home/dongkuo/lt_ws/loc_ws/install/scout_base/lib/scout_base/scout_base_node
[8.171s] -- Set runtime path of "/home/dongkuo/lt_ws/loc_ws/install/scout_base/lib/scout_base/scout_base_node" to ""
[8.171s] -- Installing: /home/dongkuo/lt_ws/loc_ws/install/scout_base/share/scout_base//launch
[8.171s] -- Installing: /home/dongkuo/lt_ws/loc_ws/install/scout_base/share/scout_base//launch/scout_mini_omni_base.launch.py
[8.171s] -- Installing: /home/dongkuo/lt_ws/loc_ws/install/scout_base/share/scout_base//launch/test.py
[8.171s] -- Installing: /home/dongkuo/lt_ws/loc_ws/install/scout_base/share/scout_base//launch/scout_base.launch.py
[8.171s] -- Installing: /home/dongkuo/lt_ws/loc_ws/install/scout_base/share/scout_base//launch/scout_mini_base.launch.py
[8.171s] -- Installing: /home/dongkuo/lt_ws/loc_ws/install/scout_base/share/ament_index/resource_index/package_run_dependencies/scout_base
[8.171s] -- Installing: /home/dongkuo/lt_ws/loc_ws/install/scout_base/share/ament_index/resource_index/parent_prefix_path/scout_base
[8.171s] -- Installing: /home/dongkuo/lt_ws/loc_ws/install/scout_base/share/scout_base/environment/ament_prefix_path.sh
[8.171s] -- Installing: /home/dongkuo/lt_ws/loc_ws/install/scout_base/share/scout_base/environment/ament_prefix_path.dsv
[8.171s] -- Installing: /home/dongkuo/lt_ws/loc_ws/install/scout_base/share/scout_base/environment/path.sh
[8.171s] -- Installing: /home/dongkuo/lt_ws/loc_ws/install/scout_base/share/scout_base/environment/path.dsv
[8.171s] -- Installing: /home/dongkuo/lt_ws/loc_ws/install/scout_base/share/scout_base/local_setup.bash
[8.171s] -- Installing: /home/dongkuo/lt_ws/loc_ws/install/scout_base/share/scout_base/local_setup.sh
[8.171s] -- Installing: /home/dongkuo/lt_ws/loc_ws/install/scout_base/share/scout_base/local_setup.zsh
[8.171s] -- Installing: /home/dongkuo/lt_ws/loc_ws/install/scout_base/share/scout_base/local_setup.dsv
[8.171s] -- Installing: /home/dongkuo/lt_ws/loc_ws/install/scout_base/share/scout_base/package.dsv
[8.171s] -- Installing: /home/dongkuo/lt_ws/loc_ws/install/scout_base/share/ament_index/resource_index/packages/scout_base
[8.172s] -- Installing: /home/dongkuo/lt_ws/loc_ws/install/scout_base/share/scout_base/cmake/scout_baseConfig.cmake
[8.172s] -- Installing: /home/dongkuo/lt_ws/loc_ws/install/scout_base/share/scout_base/cmake/scout_baseConfig-version.cmake
[8.172s] -- Installing: /home/dongkuo/lt_ws/loc_ws/install/scout_base/share/scout_base/package.xml
[8.173s] Invoked command in '/home/dongkuo/lt_ws/loc_ws/build/scout_base' returned '0': AMENT_PREFIX_PATH=/home/dongkuo/lt_ws/loc_ws/install/scout_msgs:${AMENT_PREFIX_PATH} CMAKE_PREFIX_PATH=/opt/ros/humble:/home/dongkuo/lt_ws/loc_ws/install/ugv_sdk:/home/dongkuo/lt_ws/loc_ws/install/scout_msgs:${CMAKE_PREFIX_PATH} LD_LIBRARY_PATH=/home/dongkuo/lt_ws/loc_ws/install/scout_msgs/lib:${LD_LIBRARY_PATH} PKG_CONFIG_PATH=/home/dongkuo/lt_ws/loc_ws/install/ugv_sdk/lib/x86_64-linux-gnu/pkgconfig:/home/dongkuo/lt_ws/loc_ws/install/ugv_sdk/lib/pkgconfig:${PKG_CONFIG_PATH} PYTHONPATH=/home/dongkuo/lt_ws/loc_ws/install/scout_msgs/local/lib/python3.10/dist-packages:${PYTHONPATH} ROS_PACKAGE_PATH=/home/dongkuo/lt_ws/loc_ws/install/ugv_sdk/share /usr/bin/cmake --install /home/dongkuo/lt_ws/loc_ws/build/scout_base
