[0.026s] Invoking command in '/home/dongkuo/lt_ws/loc_ws/build/scout_base': AMENT_PREFIX_PATH=/home/dongkuo/lt_ws/loc_ws/install/scout_msgs:${AMENT_PREFIX_PATH} CMAKE_PREFIX_PATH=/opt/ros/humble:/home/dongkuo/lt_ws/loc_ws/install/ugv_sdk:/home/dongkuo/lt_ws/loc_ws/install/scout_msgs:${CMAKE_PREFIX_PATH} LD_LIBRARY_PATH=/home/dongkuo/lt_ws/loc_ws/install/scout_msgs/lib:${LD_LIBRARY_PATH} PKG_CONFIG_PATH=/home/dongkuo/lt_ws/loc_ws/install/ugv_sdk/lib/x86_64-linux-gnu/pkgconfig:/home/dongkuo/lt_ws/loc_ws/install/ugv_sdk/lib/pkgconfig:${PKG_CONFIG_PATH} PYTHONPATH=/home/dongkuo/lt_ws/loc_ws/install/scout_msgs/local/lib/python3.10/dist-packages:${PYTHONPATH} ROS_PACKAGE_PATH=/home/dongkuo/lt_ws/loc_ws/install/ugv_sdk/share /usr/bin/cmake --build /home/dongkuo/lt_ws/loc_ws/build/scout_base -- -j32 -l32
[0.075s] [100%] Built target scout_base_node
[0.082s] Invoked command in '/home/dongkuo/lt_ws/loc_ws/build/scout_base' returned '0': AMENT_PREFIX_PATH=/home/dongkuo/lt_ws/loc_ws/install/scout_msgs:${AMENT_PREFIX_PATH} CMAKE_PREFIX_PATH=/opt/ros/humble:/home/dongkuo/lt_ws/loc_ws/install/ugv_sdk:/home/dongkuo/lt_ws/loc_ws/install/scout_msgs:${CMAKE_PREFIX_PATH} LD_LIBRARY_PATH=/home/dongkuo/lt_ws/loc_ws/install/scout_msgs/lib:${LD_LIBRARY_PATH} PKG_CONFIG_PATH=/home/dongkuo/lt_ws/loc_ws/install/ugv_sdk/lib/x86_64-linux-gnu/pkgconfig:/home/dongkuo/lt_ws/loc_ws/install/ugv_sdk/lib/pkgconfig:${PKG_CONFIG_PATH} PYTHONPATH=/home/dongkuo/lt_ws/loc_ws/install/scout_msgs/local/lib/python3.10/dist-packages:${PYTHONPATH} ROS_PACKAGE_PATH=/home/dongkuo/lt_ws/loc_ws/install/ugv_sdk/share /usr/bin/cmake --build /home/dongkuo/lt_ws/loc_ws/build/scout_base -- -j32 -l32
[0.084s] Invoking command in '/home/dongkuo/lt_ws/loc_ws/build/scout_base': AMENT_PREFIX_PATH=/home/dongkuo/lt_ws/loc_ws/install/scout_msgs:${AMENT_PREFIX_PATH} CMAKE_PREFIX_PATH=/opt/ros/humble:/home/dongkuo/lt_ws/loc_ws/install/ugv_sdk:/home/dongkuo/lt_ws/loc_ws/install/scout_msgs:${CMAKE_PREFIX_PATH} LD_LIBRARY_PATH=/home/dongkuo/lt_ws/loc_ws/install/scout_msgs/lib:${LD_LIBRARY_PATH} PKG_CONFIG_PATH=/home/dongkuo/lt_ws/loc_ws/install/ugv_sdk/lib/x86_64-linux-gnu/pkgconfig:/home/dongkuo/lt_ws/loc_ws/install/ugv_sdk/lib/pkgconfig:${PKG_CONFIG_PATH} PYTHONPATH=/home/dongkuo/lt_ws/loc_ws/install/scout_msgs/local/lib/python3.10/dist-packages:${PYTHONPATH} ROS_PACKAGE_PATH=/home/dongkuo/lt_ws/loc_ws/install/ugv_sdk/share /usr/bin/cmake --install /home/dongkuo/lt_ws/loc_ws/build/scout_base
[0.091s] -- Install configuration: ""
[0.092s] -- Up-to-date: /home/dongkuo/lt_ws/loc_ws/install/scout_base/lib/scout_base/scout_base_node
[0.092s] -- Up-to-date: /home/dongkuo/lt_ws/loc_ws/install/scout_base/share/scout_base//launch
[0.092s] -- Up-to-date: /home/dongkuo/lt_ws/loc_ws/install/scout_base/share/scout_base//launch/scout_mini_omni_base.launch.py
[0.092s] -- Up-to-date: /home/dongkuo/lt_ws/loc_ws/install/scout_base/share/scout_base//launch/test.py
[0.092s] -- Up-to-date: /home/dongkuo/lt_ws/loc_ws/install/scout_base/share/scout_base//launch/scout_base.launch.py
[0.092s] -- Up-to-date: /home/dongkuo/lt_ws/loc_ws/install/scout_base/share/scout_base//launch/scout_mini_base.launch.py
[0.092s] -- Up-to-date: /home/dongkuo/lt_ws/loc_ws/install/scout_base/share/ament_index/resource_index/package_run_dependencies/scout_base
[0.093s] -- Up-to-date: /home/dongkuo/lt_ws/loc_ws/install/scout_base/share/ament_index/resource_index/parent_prefix_path/scout_base
[0.093s] -- Up-to-date: /home/dongkuo/lt_ws/loc_ws/install/scout_base/share/scout_base/environment/ament_prefix_path.sh
[0.093s] -- Up-to-date: /home/dongkuo/lt_ws/loc_ws/install/scout_base/share/scout_base/environment/ament_prefix_path.dsv
[0.093s] -- Up-to-date: /home/dongkuo/lt_ws/loc_ws/install/scout_base/share/scout_base/environment/path.sh
[0.093s] -- Up-to-date: /home/dongkuo/lt_ws/loc_ws/install/scout_base/share/scout_base/environment/path.dsv
[0.093s] -- Up-to-date: /home/dongkuo/lt_ws/loc_ws/install/scout_base/share/scout_base/local_setup.bash
[0.093s] -- Up-to-date: /home/dongkuo/lt_ws/loc_ws/install/scout_base/share/scout_base/local_setup.sh
[0.093s] -- Up-to-date: /home/dongkuo/lt_ws/loc_ws/install/scout_base/share/scout_base/local_setup.zsh
[0.093s] -- Up-to-date: /home/dongkuo/lt_ws/loc_ws/install/scout_base/share/scout_base/local_setup.dsv
[0.093s] -- Installing: /home/dongkuo/lt_ws/loc_ws/install/scout_base/share/scout_base/package.dsv
[0.093s] -- Up-to-date: /home/dongkuo/lt_ws/loc_ws/install/scout_base/share/ament_index/resource_index/packages/scout_base
[0.093s] -- Up-to-date: /home/dongkuo/lt_ws/loc_ws/install/scout_base/share/scout_base/cmake/scout_baseConfig.cmake
[0.094s] -- Up-to-date: /home/dongkuo/lt_ws/loc_ws/install/scout_base/share/scout_base/cmake/scout_baseConfig-version.cmake
[0.094s] -- Up-to-date: /home/dongkuo/lt_ws/loc_ws/install/scout_base/share/scout_base/package.xml
[0.095s] Invoked command in '/home/dongkuo/lt_ws/loc_ws/build/scout_base' returned '0': AMENT_PREFIX_PATH=/home/dongkuo/lt_ws/loc_ws/install/scout_msgs:${AMENT_PREFIX_PATH} CMAKE_PREFIX_PATH=/opt/ros/humble:/home/dongkuo/lt_ws/loc_ws/install/ugv_sdk:/home/dongkuo/lt_ws/loc_ws/install/scout_msgs:${CMAKE_PREFIX_PATH} LD_LIBRARY_PATH=/home/dongkuo/lt_ws/loc_ws/install/scout_msgs/lib:${LD_LIBRARY_PATH} PKG_CONFIG_PATH=/home/dongkuo/lt_ws/loc_ws/install/ugv_sdk/lib/x86_64-linux-gnu/pkgconfig:/home/dongkuo/lt_ws/loc_ws/install/ugv_sdk/lib/pkgconfig:${PKG_CONFIG_PATH} PYTHONPATH=/home/dongkuo/lt_ws/loc_ws/install/scout_msgs/local/lib/python3.10/dist-packages:${PYTHONPATH} ROS_PACKAGE_PATH=/home/dongkuo/lt_ws/loc_ws/install/ugv_sdk/share /usr/bin/cmake --install /home/dongkuo/lt_ws/loc_ws/build/scout_base
