[0.014s] Invoking command in '/home/dongkuo/lt_ws/loc_ws/build/point2d_loc': CMAKE_PREFIX_PATH=/home/dongkuo/lt_ws/loc_ws/install/scout_base:/opt/ros/humble:/home/dongkuo/lt_ws/loc_ws/install/ugv_sdk:/home/dongkuo/lt_ws/loc_ws/install/scout_msgs:/home/dongkuo/lt_ws/loc_ws/install/scout_description:/home/dongkuo/lt_ws/loc_ws/install/point2d_loc:/home/dongkuo/lt_ws/loc_ws/install/nav_demo:/home/dongkuo/lt_ws/loc_ws/install/fast_lio:/home/dongkuo/lt_ws/loc_ws/install/livox_ros_driver2:/home/dongkuo/lt_ws/realsense_ws/install/realsense2_description:/home/dongkuo/lt_ws/realsense_ws/install/realsense2_camera:/home/dongkuo/lt_ws/realsense_ws/install/realsense2_camera_msgs:/home/dongkuo/lt_ws/realsense_ws/install/depth_to_cloud_converter:/opt/vulcanexus/humble /usr/bin/cmake --build /home/dongkuo/lt_ws/loc_ws/build/point2d_loc -- -j32 -l32
[0.374s] [ 33%] Built target livox_to_scan
[0.392s] [ 66%] Built target point_look
[0.397s] [100%] Built target pointcloud_to_laserscan
[0.502s] Invoked command in '/home/dongkuo/lt_ws/loc_ws/build/point2d_loc' returned '0': CMAKE_PREFIX_PATH=/home/dongkuo/lt_ws/loc_ws/install/scout_base:/opt/ros/humble:/home/dongkuo/lt_ws/loc_ws/install/ugv_sdk:/home/dongkuo/lt_ws/loc_ws/install/scout_msgs:/home/dongkuo/lt_ws/loc_ws/install/scout_description:/home/dongkuo/lt_ws/loc_ws/install/point2d_loc:/home/dongkuo/lt_ws/loc_ws/install/nav_demo:/home/dongkuo/lt_ws/loc_ws/install/fast_lio:/home/dongkuo/lt_ws/loc_ws/install/livox_ros_driver2:/home/dongkuo/lt_ws/realsense_ws/install/realsense2_description:/home/dongkuo/lt_ws/realsense_ws/install/realsense2_camera:/home/dongkuo/lt_ws/realsense_ws/install/realsense2_camera_msgs:/home/dongkuo/lt_ws/realsense_ws/install/depth_to_cloud_converter:/opt/vulcanexus/humble /usr/bin/cmake --build /home/dongkuo/lt_ws/loc_ws/build/point2d_loc -- -j32 -l32
[0.518s] Invoking command in '/home/dongkuo/lt_ws/loc_ws/build/point2d_loc': CMAKE_PREFIX_PATH=/home/dongkuo/lt_ws/loc_ws/install/scout_base:/opt/ros/humble:/home/dongkuo/lt_ws/loc_ws/install/ugv_sdk:/home/dongkuo/lt_ws/loc_ws/install/scout_msgs:/home/dongkuo/lt_ws/loc_ws/install/scout_description:/home/dongkuo/lt_ws/loc_ws/install/point2d_loc:/home/dongkuo/lt_ws/loc_ws/install/nav_demo:/home/dongkuo/lt_ws/loc_ws/install/fast_lio:/home/dongkuo/lt_ws/loc_ws/install/livox_ros_driver2:/home/dongkuo/lt_ws/realsense_ws/install/realsense2_description:/home/dongkuo/lt_ws/realsense_ws/install/realsense2_camera:/home/dongkuo/lt_ws/realsense_ws/install/realsense2_camera_msgs:/home/dongkuo/lt_ws/realsense_ws/install/depth_to_cloud_converter:/opt/vulcanexus/humble /usr/bin/cmake --install /home/dongkuo/lt_ws/loc_ws/build/point2d_loc
[0.593s] -- Install configuration: ""
[0.593s] -- Up-to-date: /home/dongkuo/lt_ws/loc_ws/install/point2d_loc/lib/point2d_loc/pointcloud_to_laserscan
[0.594s] -- Up-to-date: /home/dongkuo/lt_ws/loc_ws/install/point2d_loc/lib/point2d_loc/point_look
[0.595s] -- Up-to-date: /home/dongkuo/lt_ws/loc_ws/install/point2d_loc/lib/point2d_loc/livox_to_scan
[0.596s] -- Up-to-date: /home/dongkuo/lt_ws/loc_ws/install/point2d_loc/share/point2d_loc/launch
[0.598s] -- Up-to-date: /home/dongkuo/lt_ws/loc_ws/install/point2d_loc/share/point2d_loc/launch/laser_tf_pub.launch.py
[0.598s] -- Up-to-date: /home/dongkuo/lt_ws/loc_ws/install/point2d_loc/share/point2d_loc/launch/pointcloud_to_laserscan_launch.py
[0.599s] -- Up-to-date: /home/dongkuo/lt_ws/loc_ws/install/point2d_loc/share/point2d_loc/map
[0.600s] -- Up-to-date: /home/dongkuo/lt_ws/loc_ws/install/point2d_loc/share/point2d_loc/map/office2.pgm
[0.601s] -- Up-to-date: /home/dongkuo/lt_ws/loc_ws/install/point2d_loc/share/point2d_loc/map/test.pcd
[0.601s] -- Up-to-date: /home/dongkuo/lt_ws/loc_ws/install/point2d_loc/share/point2d_loc/map/office2.yaml
[0.602s] -- Up-to-date: /home/dongkuo/lt_ws/loc_ws/install/point2d_loc/share/point2d_loc/rviz
[0.603s] -- Up-to-date: /home/dongkuo/lt_ws/loc_ws/install/point2d_loc/share/point2d_loc/rviz/loc_map.rviz
[0.608s] -- Up-to-date: /home/dongkuo/lt_ws/loc_ws/install/point2d_loc/share/point2d_loc/rviz/rviz.rviz
[0.613s] -- Up-to-date: /home/dongkuo/lt_ws/loc_ws/install/point2d_loc/share/ament_index/resource_index/package_run_dependencies/point2d_loc
[0.617s] -- Up-to-date: /home/dongkuo/lt_ws/loc_ws/install/point2d_loc/share/ament_index/resource_index/parent_prefix_path/point2d_loc
[0.620s] -- Up-to-date: /home/dongkuo/lt_ws/loc_ws/install/point2d_loc/share/point2d_loc/environment/ament_prefix_path.sh
[0.623s] -- Up-to-date: /home/dongkuo/lt_ws/loc_ws/install/point2d_loc/share/point2d_loc/environment/ament_prefix_path.dsv
[0.625s] -- Up-to-date: /home/dongkuo/lt_ws/loc_ws/install/point2d_loc/share/point2d_loc/environment/path.sh
[0.627s] -- Up-to-date: /home/dongkuo/lt_ws/loc_ws/install/point2d_loc/share/point2d_loc/environment/path.dsv
[0.628s] -- Up-to-date: /home/dongkuo/lt_ws/loc_ws/install/point2d_loc/share/point2d_loc/local_setup.bash
[0.628s] -- Up-to-date: /home/dongkuo/lt_ws/loc_ws/install/point2d_loc/share/point2d_loc/local_setup.sh
[0.629s] -- Up-to-date: /home/dongkuo/lt_ws/loc_ws/install/point2d_loc/share/point2d_loc/local_setup.zsh
[0.631s] -- Up-to-date: /home/dongkuo/lt_ws/loc_ws/install/point2d_loc/share/point2d_loc/local_setup.dsv
[0.638s] -- Installing: /home/dongkuo/lt_ws/loc_ws/install/point2d_loc/share/point2d_loc/package.dsv
[0.642s] -- Up-to-date: /home/dongkuo/lt_ws/loc_ws/install/point2d_loc/share/ament_index/resource_index/packages/point2d_loc
[0.644s] -- Up-to-date: /home/dongkuo/lt_ws/loc_ws/install/point2d_loc/share/point2d_loc/cmake/point2d_locConfig.cmake
[0.645s] -- Up-to-date: /home/dongkuo/lt_ws/loc_ws/install/point2d_loc/share/point2d_loc/cmake/point2d_locConfig-version.cmake
[0.648s] -- Up-to-date: /home/dongkuo/lt_ws/loc_ws/install/point2d_loc/share/point2d_loc/package.xml
[0.736s] Invoked command in '/home/dongkuo/lt_ws/loc_ws/build/point2d_loc' returned '0': CMAKE_PREFIX_PATH=/home/dongkuo/lt_ws/loc_ws/install/scout_base:/opt/ros/humble:/home/dongkuo/lt_ws/loc_ws/install/ugv_sdk:/home/dongkuo/lt_ws/loc_ws/install/scout_msgs:/home/dongkuo/lt_ws/loc_ws/install/scout_description:/home/dongkuo/lt_ws/loc_ws/install/point2d_loc:/home/dongkuo/lt_ws/loc_ws/install/nav_demo:/home/dongkuo/lt_ws/loc_ws/install/fast_lio:/home/dongkuo/lt_ws/loc_ws/install/livox_ros_driver2:/home/dongkuo/lt_ws/realsense_ws/install/realsense2_description:/home/dongkuo/lt_ws/realsense_ws/install/realsense2_camera:/home/dongkuo/lt_ws/realsense_ws/install/realsense2_camera_msgs:/home/dongkuo/lt_ws/realsense_ws/install/depth_to_cloud_converter:/opt/vulcanexus/humble /usr/bin/cmake --install /home/dongkuo/lt_ws/loc_ws/build/point2d_loc
