[0.007s] Invoking command in '/home/dongkuo/lt_ws/loc_ws/build/fast_lio': CMAKE_PREFIX_PATH=/home/dongkuo/lt_ws/loc_ws/install/livox_ros_driver2:/home/dongkuo/lt_ws/loc_ws/install/scout_base:/opt/ros/humble:/home/dongkuo/lt_ws/loc_ws/install/ugv_sdk:/home/dongkuo/lt_ws/loc_ws/install/scout_msgs:/home/dongkuo/lt_ws/loc_ws/install/scout_description:/home/dongkuo/lt_ws/loc_ws/install/point2d_loc:/home/dongkuo/lt_ws/loc_ws/install/nav_demo:/home/dongkuo/lt_ws/loc_ws/install/fast_lio:/home/dongkuo/lt_ws/realsense_ws/install/realsense2_description:/home/dongkuo/lt_ws/realsense_ws/install/realsense2_camera:/home/dongkuo/lt_ws/realsense_ws/install/realsense2_camera_msgs:/home/dongkuo/lt_ws/realsense_ws/install/depth_to_cloud_converter:/opt/vulcanexus/humble LD_LIBRARY_PATH=/home/dongkuo/lt_ws/loc_ws/install/livox_ros_driver2/lib:/home/dongkuo/lt_ws/loc_ws/install/scout_msgs/lib:/home/dongkuo/lt_ws/loc_ws/install/fast_lio/lib:/home/dongkuo/lt_ws/realsense_ws/install/realsense2_camera/lib:/home/dongkuo/lt_ws/realsense_ws/install/realsense2_camera_msgs/lib:/opt/vulcanexus/humble/lib:/usr/lib/x86_64-linux-gnu/gazebo-11/plugins:/opt/ros/humble/opt/rviz_ogre_vendor/lib:/opt/ros/humble/lib/x86_64-linux-gnu:/opt/ros/humble/lib /usr/bin/cmake --build /home/dongkuo/lt_ws/loc_ws/build/fast_lio -- -j32 -l32
[0.031s] [0mCurrent CPU archtecture: x86_64[0m
[0.034s] [0mProcesser number:  32[0m
[0.034s] [0mcore for MP: 3[0m
[0.037s] -- Found PythonLibs: /usr/lib/x86_64-linux-gnu/libpython3.10.so (found version "3.10.12") 
[0.038s] -- Found ament_cmake: 1.3.12 (/opt/ros/humble/share/ament_cmake/cmake)
[0.117s] -- Found rclcpp: 16.0.15 (/opt/ros/humble/share/rclcpp/cmake)
[0.139s] -- Found rosidl_generator_c: 3.1.7 (/opt/ros/humble/share/rosidl_generator_c/cmake)
[0.141s] -- Found rosidl_adapter: 3.1.7 (/opt/ros/humble/share/rosidl_adapter/cmake)
[0.145s] -- Found rosidl_generator_cpp: 3.1.7 (/opt/ros/humble/share/rosidl_generator_cpp/cmake)
[0.152s] -- Using all available rosidl_typesupport_c: rosidl_typesupport_fastrtps_c;rosidl_typesupport_introspection_c
[0.160s] -- Using all available rosidl_typesupport_cpp: rosidl_typesupport_fastrtps_cpp;rosidl_typesupport_introspection_cpp
[0.183s] -- Found rmw_implementation_cmake: 6.1.2 (/opt/ros/humble/share/rmw_implementation_cmake/cmake)
[0.184s] -- Found rmw_fastrtps_cpp: 6.2.6 (/opt/vulcanexus/humble/share/rmw_fastrtps_cpp/cmake)
[0.255s] -- Using RMW implementation 'rmw_fastrtps_cpp' as default
[0.286s] -- Found rclcpp_components: 16.0.15 (/opt/ros/humble/share/rclcpp_components/cmake)
[0.300s] -- Found geometry_msgs: 4.9.0 (/opt/ros/humble/share/geometry_msgs/cmake)
[0.307s] -- Found nav_msgs: 4.9.0 (/opt/ros/humble/share/nav_msgs/cmake)
[0.319s] -- Found sensor_msgs: 4.9.0 (/opt/ros/humble/share/sensor_msgs/cmake)
[0.329s] -- Found std_srvs: 4.9.0 (/opt/ros/humble/share/std_srvs/cmake)
[0.336s] -- Found visualization_msgs: 4.9.0 (/opt/ros/humble/share/visualization_msgs/cmake)
[0.347s] -- Found pcl_ros: 2.4.5 (/opt/ros/humble/share/pcl_ros/cmake)
[0.372s] -- Eigen found (include: /usr/include/eigen3, version: 3.4.0)
[0.390s] -- FLANN found (include: /usr/include, lib: /usr/lib/x86_64-linux-gnu/libflann_cpp.so)
[0.596s] -- OpenNI found (version: 1.5.4.0, include: /usr/include/ni, lib: /usr/lib/libOpenNI.so;libusb::libusb)
[0.601s] -- OpenNI2 found (version: 2.2.0.33, include: /usr/include/openni2, lib: /usr/lib/x86_64-linux-gnu/libOpenNI2.so;libusb::libusb)
[0.691s] -- Eigen found (include: /usr/include/eigen3, version: 3.4.0)
[0.695s] -- OpenNI found (version: 1.5.4.0, include: /usr/include/ni, lib: /usr/lib/libOpenNI.so;libusb::libusb)
[0.700s] -- OpenNI2 found (version: 2.2.0.33, include: /usr/include/openni2, lib: /usr/lib/x86_64-linux-gnu/libOpenNI2.so;libusb::libusb)
[0.799s] -- Found Qhull version 8.0.2
[0.891s] -- OpenNI found (version: 1.5.4.0, include: /usr/include/ni, lib: /usr/lib/libOpenNI.so;libusb::libusb)
[0.983s] -- Found eigen3_cmake_module: 0.1.1 (/opt/ros/humble/share/eigen3_cmake_module/cmake)
[0.984s] -- Ensuring Eigen3 include directory is part of orocos-kdl CMake target
[1.020s] -- Found livox_ros_driver2: 1.0.0 (/home/dongkuo/lt_ws/loc_ws/install/livox_ros_driver2/share/livox_ros_driver2/cmake)
[1.030s] -- Found rosidl_default_generators: 1.2.0 (/opt/ros/humble/share/rosidl_default_generators/cmake)
[1.035s] [33mCMake Warning (dev) at CMakeLists.txt:81 (find_package):
[1.035s]   Policy CMP0074 is not set: find_package uses <PackageName>_ROOT variables.
[1.035s]   Run "cmake --help-policy CMP0074" for policy details.  Use the cmake_policy
[1.035s]   command to set the policy and suppress this warning.
[1.036s] 
[1.036s]   CMake variable PCL_ROOT is set to:
[1.036s] 
[1.036s]     /usr
[1.036s] 
[1.036s]   For compatibility, CMake is ignoring the variable.
[1.036s] This warning is for project developers.  Use -Wno-dev to suppress it.
[1.036s] [0m
[1.040s] [0mEigen:/usr/include/eigen3[0m
[1.040s] -- PCL: /usr/include/pcl-1.12
[1.195s] -- Found ament_cmake_ros: 0.10.0 (/opt/ros/humble/share/ament_cmake_ros/cmake)
[1.368s] -- Using all available rosidl_typesupport_c: rosidl_typesupport_fastrtps_c;rosidl_typesupport_introspection_c
[1.432s] -- Using all available rosidl_typesupport_cpp: rosidl_typesupport_fastrtps_cpp;rosidl_typesupport_introspection_cpp
[1.444s] -- Found python_cmake_module: 0.10.0 (/opt/ros/humble/share/python_cmake_module/cmake)
[1.457s] -- Found PythonLibs: /usr/lib/x86_64-linux-gnu/libpython3.10.so (found suitable version "3.10.12", minimum required is "3.5") 
[1.457s] -- Using PYTHON_EXECUTABLE: /usr/bin/python3
[1.457s] -- Using PYTHON_INCLUDE_DIRS: /usr/include/python3.10
[1.457s] -- Using PYTHON_LIBRARIES: /usr/lib/x86_64-linux-gnu/libpython3.10.so
[1.488s] -- Configuring done
[1.521s] [33mCMake Warning at CMakeLists.txt:95 (add_executable):
[1.521s]   Cannot generate a safe runtime search path for target fastlio_mapping
[1.521s]   because there is a cycle in the constraint graph:
[1.521s] 
[1.521s]     dir 0 is [/home/dongkuo/lt_ws/loc_ws/build/fast_lio]
[1.521s]     dir 1 is [/opt/ros/humble/lib]
[1.521s]       dir 3 must precede it due to runtime library [librosidl_typesupport_fastrtps_c.so]
[1.521s]     dir 2 is [/home/dongkuo/lt_ws/loc_ws/install/livox_ros_driver2/lib]
[1.521s]     dir 3 is [/opt/vulcanexus/humble/lib]
[1.521s]       dir 1 must precede it due to runtime library [librosidl_typesupport_fastrtps_c.so]
[1.521s] 
[1.521s]   Some of these libraries may not be found correctly.
[1.521s] 
[1.521s] [0m
[1.532s] [33mCMake Warning at CMakeLists.txt:118 (add_executable):
[1.532s]   Cannot generate a safe runtime search path for target pcd_publisher because
[1.532s]   there is a cycle in the constraint graph:
[1.532s] 
[1.532s]     dir 0 is [/opt/ros/humble/lib]
[1.532s]       dir 1 must precede it due to runtime library [librosidl_typesupport_fastrtps_c.so]
[1.532s]     dir 1 is [/opt/vulcanexus/humble/lib]
[1.532s]       dir 0 must precede it due to runtime library [librosidl_typesupport_fastrtps_c.so]
[1.532s] 
[1.532s]   Some of these libraries may not be found correctly.
[1.532s] 
[1.532s] [0m
[1.543s] [33mCMake Warning at CMakeLists.txt:121 (add_executable):
[1.543s]   Cannot generate a safe runtime search path for target pcd_to_grid because
[1.543s]   there is a cycle in the constraint graph:
[1.543s] 
[1.543s]     dir 0 is [/opt/ros/humble/lib]
[1.543s]       dir 1 must precede it due to runtime library [librosidl_typesupport_fastrtps_c.so]
[1.543s]     dir 1 is [/opt/vulcanexus/humble/lib]
[1.543s]       dir 0 must precede it due to runtime library [librosidl_typesupport_fastrtps_c.so]
[1.543s] 
[1.543s]   Some of these libraries may not be found correctly.
[1.543s] 
[1.543s] [0m
[1.545s] -- Generating done
[1.560s] -- Build files have been written to: /home/dongkuo/lt_ws/loc_ws/build/fast_lio
[1.583s] [35m[1mConsolidate compiler generated dependencies of target fast_lio__rosidl_generator_c[0m
[1.585s] [35m[1mConsolidate compiler generated dependencies of target pcd_publisher[0m
[1.589s] [  7%] Built target fast_lio__rosidl_generator_c
[1.590s] [ 10%] Built target fast_lio__cpp
[1.591s] [ 12%] [32mBuilding CXX object CMakeFiles/pcd_to_grid.dir/src/pcd_to_grid.cpp.o[0m
[1.595s] [35m[1mConsolidate compiler generated dependencies of target fast_lio__rosidl_typesupport_introspection_c[0m
[1.596s] [35m[1mConsolidate compiler generated dependencies of target fast_lio__rosidl_typesupport_fastrtps_c[0m
[1.597s] [35m[1mConsolidate compiler generated dependencies of target fast_lio__rosidl_typesupport_c[0m
[1.597s] [ 12%] Built target ament_cmake_python_copy_fast_lio
[1.598s] [35m[1mConsolidate compiler generated dependencies of target fast_lio__rosidl_typesupport_introspection_cpp[0m
[1.598s] [35m[1mConsolidate compiler generated dependencies of target fast_lio__rosidl_typesupport_cpp[0m
[1.598s] [35m[1mConsolidate compiler generated dependencies of target fast_lio__rosidl_typesupport_fastrtps_cpp[0m
[1.599s] [ 17%] Built target pcd_publisher
[1.601s] [ 25%] Built target fast_lio__rosidl_typesupport_introspection_c
[1.605s] [ 33%] Built target fast_lio__rosidl_typesupport_c
[1.605s] [ 41%] Built target fast_lio__rosidl_typesupport_cpp
[1.606s] [ 48%] Built target fast_lio__rosidl_typesupport_fastrtps_c
[1.607s] [ 56%] Built target fast_lio__rosidl_typesupport_introspection_cpp
[1.607s] [ 64%] Built target fast_lio__rosidl_typesupport_fastrtps_cpp
[1.614s] [35m[1mConsolidate compiler generated dependencies of target fastlio_mapping[0m
[1.618s] [ 64%] Built target fast_lio
[1.631s] [ 66%] Built target fast_lio__py
[1.633s] [ 76%] Built target fastlio_mapping
[1.639s] [35m[1mConsolidate compiler generated dependencies of target fast_lio__rosidl_generator_py[0m
[1.648s] [ 82%] Built target fast_lio__rosidl_generator_py
[1.656s] [35m[1mConsolidate compiler generated dependencies of target fast_lio__rosidl_typesupport_introspection_c__pyext[0m
[1.656s] [35m[1mConsolidate compiler generated dependencies of target fast_lio__rosidl_typesupport_fastrtps_c__pyext[0m
[1.656s] [35m[1mConsolidate compiler generated dependencies of target fast_lio__rosidl_typesupport_c__pyext[0m
[1.663s] [ 87%] Built target fast_lio__rosidl_typesupport_introspection_c__pyext
[1.666s] [ 92%] Built target fast_lio__rosidl_typesupport_c__pyext
[1.666s] [ 97%] Built target fast_lio__rosidl_typesupport_fastrtps_c__pyext
[1.720s] running egg_info
[1.720s] writing fast_lio.egg-info/PKG-INFO
[1.720s] writing dependency_links to fast_lio.egg-info/dependency_links.txt
[1.720s] writing top-level names to fast_lio.egg-info/top_level.txt
[1.721s] reading manifest file 'fast_lio.egg-info/SOURCES.txt'
[1.721s] writing manifest file 'fast_lio.egg-info/SOURCES.txt'
[1.736s] [ 97%] Built target ament_cmake_python_build_fast_lio_egg
[4.385s] [100%] [32m[1mLinking CXX executable pcd_to_grid[0m
[4.620s] [100%] Built target pcd_to_grid
[4.632s] Invoked command in '/home/dongkuo/lt_ws/loc_ws/build/fast_lio' returned '0': CMAKE_PREFIX_PATH=/home/dongkuo/lt_ws/loc_ws/install/livox_ros_driver2:/home/dongkuo/lt_ws/loc_ws/install/scout_base:/opt/ros/humble:/home/dongkuo/lt_ws/loc_ws/install/ugv_sdk:/home/dongkuo/lt_ws/loc_ws/install/scout_msgs:/home/dongkuo/lt_ws/loc_ws/install/scout_description:/home/dongkuo/lt_ws/loc_ws/install/point2d_loc:/home/dongkuo/lt_ws/loc_ws/install/nav_demo:/home/dongkuo/lt_ws/loc_ws/install/fast_lio:/home/dongkuo/lt_ws/realsense_ws/install/realsense2_description:/home/dongkuo/lt_ws/realsense_ws/install/realsense2_camera:/home/dongkuo/lt_ws/realsense_ws/install/realsense2_camera_msgs:/home/dongkuo/lt_ws/realsense_ws/install/depth_to_cloud_converter:/opt/vulcanexus/humble LD_LIBRARY_PATH=/home/dongkuo/lt_ws/loc_ws/install/livox_ros_driver2/lib:/home/dongkuo/lt_ws/loc_ws/install/scout_msgs/lib:/home/dongkuo/lt_ws/loc_ws/install/fast_lio/lib:/home/dongkuo/lt_ws/realsense_ws/install/realsense2_camera/lib:/home/dongkuo/lt_ws/realsense_ws/install/realsense2_camera_msgs/lib:/opt/vulcanexus/humble/lib:/usr/lib/x86_64-linux-gnu/gazebo-11/plugins:/opt/ros/humble/opt/rviz_ogre_vendor/lib:/opt/ros/humble/lib/x86_64-linux-gnu:/opt/ros/humble/lib /usr/bin/cmake --build /home/dongkuo/lt_ws/loc_ws/build/fast_lio -- -j32 -l32
[4.634s] Invoking command in '/home/dongkuo/lt_ws/loc_ws/build/fast_lio': CMAKE_PREFIX_PATH=/home/dongkuo/lt_ws/loc_ws/install/livox_ros_driver2:/home/dongkuo/lt_ws/loc_ws/install/scout_base:/opt/ros/humble:/home/dongkuo/lt_ws/loc_ws/install/ugv_sdk:/home/dongkuo/lt_ws/loc_ws/install/scout_msgs:/home/dongkuo/lt_ws/loc_ws/install/scout_description:/home/dongkuo/lt_ws/loc_ws/install/point2d_loc:/home/dongkuo/lt_ws/loc_ws/install/nav_demo:/home/dongkuo/lt_ws/loc_ws/install/fast_lio:/home/dongkuo/lt_ws/realsense_ws/install/realsense2_description:/home/dongkuo/lt_ws/realsense_ws/install/realsense2_camera:/home/dongkuo/lt_ws/realsense_ws/install/realsense2_camera_msgs:/home/dongkuo/lt_ws/realsense_ws/install/depth_to_cloud_converter:/opt/vulcanexus/humble LD_LIBRARY_PATH=/home/dongkuo/lt_ws/loc_ws/install/livox_ros_driver2/lib:/home/dongkuo/lt_ws/loc_ws/install/scout_msgs/lib:/home/dongkuo/lt_ws/loc_ws/install/fast_lio/lib:/home/dongkuo/lt_ws/realsense_ws/install/realsense2_camera/lib:/home/dongkuo/lt_ws/realsense_ws/install/realsense2_camera_msgs/lib:/opt/vulcanexus/humble/lib:/usr/lib/x86_64-linux-gnu/gazebo-11/plugins:/opt/ros/humble/opt/rviz_ogre_vendor/lib:/opt/ros/humble/lib/x86_64-linux-gnu:/opt/ros/humble/lib /usr/bin/cmake --install /home/dongkuo/lt_ws/loc_ws/build/fast_lio
[4.642s] -- Install configuration: "Release"
[4.642s] -- Up-to-date: /home/dongkuo/lt_ws/loc_ws/install/fast_lio/share/ament_index/resource_index/rosidl_interfaces/fast_lio
[4.642s] -- Up-to-date: /home/dongkuo/lt_ws/loc_ws/install/fast_lio/include/fast_lio/fast_lio
[4.642s] -- Up-to-date: /home/dongkuo/lt_ws/loc_ws/install/fast_lio/include/fast_lio/fast_lio/msg
[4.643s] -- Up-to-date: /home/dongkuo/lt_ws/loc_ws/install/fast_lio/include/fast_lio/fast_lio/msg/detail
[4.643s] -- Up-to-date: /home/dongkuo/lt_ws/loc_ws/install/fast_lio/include/fast_lio/fast_lio/msg/detail/pose6_d__type_support.h
[4.643s] -- Up-to-date: /home/dongkuo/lt_ws/loc_ws/install/fast_lio/include/fast_lio/fast_lio/msg/detail/pose6_d__struct.h
[4.643s] -- Up-to-date: /home/dongkuo/lt_ws/loc_ws/install/fast_lio/include/fast_lio/fast_lio/msg/detail/pose6_d__functions.h
[4.643s] -- Up-to-date: /home/dongkuo/lt_ws/loc_ws/install/fast_lio/include/fast_lio/fast_lio/msg/detail/pose6_d__functions.c
[4.643s] -- Up-to-date: /home/dongkuo/lt_ws/loc_ws/install/fast_lio/include/fast_lio/fast_lio/msg/rosidl_generator_c__visibility_control.h
[4.643s] -- Up-to-date: /home/dongkuo/lt_ws/loc_ws/install/fast_lio/include/fast_lio/fast_lio/msg/pose6_d.h
[4.643s] -- Up-to-date: /home/dongkuo/lt_ws/loc_ws/install/fast_lio/share/fast_lio/environment/library_path.sh
[4.643s] -- Installing: /home/dongkuo/lt_ws/loc_ws/install/fast_lio/share/fast_lio/environment/library_path.dsv
[4.643s] -- Up-to-date: /home/dongkuo/lt_ws/loc_ws/install/fast_lio/lib/libfast_lio__rosidl_generator_c.so
[4.643s] -- Up-to-date: /home/dongkuo/lt_ws/loc_ws/install/fast_lio/include/fast_lio/fast_lio
[4.643s] -- Up-to-date: /home/dongkuo/lt_ws/loc_ws/install/fast_lio/include/fast_lio/fast_lio/msg
[4.643s] -- Up-to-date: /home/dongkuo/lt_ws/loc_ws/install/fast_lio/include/fast_lio/fast_lio/msg/rosidl_typesupport_fastrtps_c__visibility_control.h
[4.644s] -- Up-to-date: /home/dongkuo/lt_ws/loc_ws/install/fast_lio/include/fast_lio/fast_lio/msg/detail
[4.644s] -- Up-to-date: /home/dongkuo/lt_ws/loc_ws/install/fast_lio/include/fast_lio/fast_lio/msg/detail/pose6_d__rosidl_typesupport_fastrtps_c.h
[4.644s] -- Up-to-date: /home/dongkuo/lt_ws/loc_ws/install/fast_lio/lib/libfast_lio__rosidl_typesupport_fastrtps_c.so
[4.644s] -- Up-to-date: /home/dongkuo/lt_ws/loc_ws/install/fast_lio/include/fast_lio/fast_lio
[4.644s] -- Up-to-date: /home/dongkuo/lt_ws/loc_ws/install/fast_lio/include/fast_lio/fast_lio/msg
[4.644s] -- Up-to-date: /home/dongkuo/lt_ws/loc_ws/install/fast_lio/include/fast_lio/fast_lio/msg/pose6_d.hpp
[4.644s] -- Up-to-date: /home/dongkuo/lt_ws/loc_ws/install/fast_lio/include/fast_lio/fast_lio/msg/detail
[4.644s] -- Up-to-date: /home/dongkuo/lt_ws/loc_ws/install/fast_lio/include/fast_lio/fast_lio/msg/detail/pose6_d__traits.hpp
[4.644s] -- Up-to-date: /home/dongkuo/lt_ws/loc_ws/install/fast_lio/include/fast_lio/fast_lio/msg/detail/pose6_d__struct.hpp
[4.644s] -- Up-to-date: /home/dongkuo/lt_ws/loc_ws/install/fast_lio/include/fast_lio/fast_lio/msg/detail/pose6_d__builder.hpp
[4.644s] -- Up-to-date: /home/dongkuo/lt_ws/loc_ws/install/fast_lio/include/fast_lio/fast_lio/msg/detail/pose6_d__type_support.hpp
[4.644s] -- Up-to-date: /home/dongkuo/lt_ws/loc_ws/install/fast_lio/include/fast_lio/fast_lio/msg/rosidl_generator_cpp__visibility_control.hpp
[4.644s] -- Up-to-date: /home/dongkuo/lt_ws/loc_ws/install/fast_lio/include/fast_lio/fast_lio
[4.644s] -- Up-to-date: /home/dongkuo/lt_ws/loc_ws/install/fast_lio/include/fast_lio/fast_lio/msg
[4.644s] -- Up-to-date: /home/dongkuo/lt_ws/loc_ws/install/fast_lio/include/fast_lio/fast_lio/msg/detail
[4.644s] -- Up-to-date: /home/dongkuo/lt_ws/loc_ws/install/fast_lio/include/fast_lio/fast_lio/msg/detail/dds_fastrtps
[4.644s] -- Up-to-date: /home/dongkuo/lt_ws/loc_ws/install/fast_lio/include/fast_lio/fast_lio/msg/detail/pose6_d__rosidl_typesupport_fastrtps_cpp.hpp
[4.644s] -- Up-to-date: /home/dongkuo/lt_ws/loc_ws/install/fast_lio/include/fast_lio/fast_lio/msg/rosidl_typesupport_fastrtps_cpp__visibility_control.h
[4.644s] -- Up-to-date: /home/dongkuo/lt_ws/loc_ws/install/fast_lio/lib/libfast_lio__rosidl_typesupport_fastrtps_cpp.so
[4.644s] -- Up-to-date: /home/dongkuo/lt_ws/loc_ws/install/fast_lio/include/fast_lio/fast_lio
[4.644s] -- Up-to-date: /home/dongkuo/lt_ws/loc_ws/install/fast_lio/include/fast_lio/fast_lio/msg
[4.644s] -- Up-to-date: /home/dongkuo/lt_ws/loc_ws/install/fast_lio/include/fast_lio/fast_lio/msg/detail
[4.644s] -- Up-to-date: /home/dongkuo/lt_ws/loc_ws/install/fast_lio/include/fast_lio/fast_lio/msg/detail/pose6_d__type_support.c
[4.644s] -- Up-to-date: /home/dongkuo/lt_ws/loc_ws/install/fast_lio/include/fast_lio/fast_lio/msg/detail/pose6_d__rosidl_typesupport_introspection_c.h
[4.644s] -- Up-to-date: /home/dongkuo/lt_ws/loc_ws/install/fast_lio/include/fast_lio/fast_lio/msg/rosidl_typesupport_introspection_c__visibility_control.h
[4.644s] -- Up-to-date: /home/dongkuo/lt_ws/loc_ws/install/fast_lio/lib/libfast_lio__rosidl_typesupport_introspection_c.so
[4.644s] -- Up-to-date: /home/dongkuo/lt_ws/loc_ws/install/fast_lio/lib/libfast_lio__rosidl_typesupport_c.so
[4.644s] -- Up-to-date: /home/dongkuo/lt_ws/loc_ws/install/fast_lio/include/fast_lio/fast_lio
[4.644s] -- Up-to-date: /home/dongkuo/lt_ws/loc_ws/install/fast_lio/include/fast_lio/fast_lio/msg
[4.644s] -- Up-to-date: /home/dongkuo/lt_ws/loc_ws/install/fast_lio/include/fast_lio/fast_lio/msg/detail
[4.644s] -- Up-to-date: /home/dongkuo/lt_ws/loc_ws/install/fast_lio/include/fast_lio/fast_lio/msg/detail/pose6_d__type_support.cpp
[4.644s] -- Up-to-date: /home/dongkuo/lt_ws/loc_ws/install/fast_lio/include/fast_lio/fast_lio/msg/detail/pose6_d__rosidl_typesupport_introspection_cpp.hpp
[4.644s] -- Up-to-date: /home/dongkuo/lt_ws/loc_ws/install/fast_lio/lib/libfast_lio__rosidl_typesupport_introspection_cpp.so
[4.644s] -- Up-to-date: /home/dongkuo/lt_ws/loc_ws/install/fast_lio/lib/libfast_lio__rosidl_typesupport_cpp.so
[4.644s] -- Up-to-date: /home/dongkuo/lt_ws/loc_ws/install/fast_lio/share/fast_lio/environment/pythonpath.sh
[4.644s] -- Installing: /home/dongkuo/lt_ws/loc_ws/install/fast_lio/share/fast_lio/environment/pythonpath.dsv
[4.644s] -- Up-to-date: /home/dongkuo/lt_ws/loc_ws/install/fast_lio/local/lib/python3.10/dist-packages/fast_lio-0.0.0-py3.10.egg-info
[4.645s] -- Installing: /home/dongkuo/lt_ws/loc_ws/install/fast_lio/local/lib/python3.10/dist-packages/fast_lio-0.0.0-py3.10.egg-info/SOURCES.txt
[4.645s] -- Installing: /home/dongkuo/lt_ws/loc_ws/install/fast_lio/local/lib/python3.10/dist-packages/fast_lio-0.0.0-py3.10.egg-info/top_level.txt
[4.645s] -- Installing: /home/dongkuo/lt_ws/loc_ws/install/fast_lio/local/lib/python3.10/dist-packages/fast_lio-0.0.0-py3.10.egg-info/dependency_links.txt
[4.645s] -- Installing: /home/dongkuo/lt_ws/loc_ws/install/fast_lio/local/lib/python3.10/dist-packages/fast_lio-0.0.0-py3.10.egg-info/PKG-INFO
[4.645s] -- Up-to-date: /home/dongkuo/lt_ws/loc_ws/install/fast_lio/local/lib/python3.10/dist-packages/fast_lio
[4.645s] -- Up-to-date: /home/dongkuo/lt_ws/loc_ws/install/fast_lio/local/lib/python3.10/dist-packages/fast_lio/libfast_lio__rosidl_generator_py.so
[4.645s] -- Up-to-date: /home/dongkuo/lt_ws/loc_ws/install/fast_lio/local/lib/python3.10/dist-packages/fast_lio/fast_lio_s__rosidl_typesupport_c.cpython-310-x86_64-linux-gnu.so
[4.645s] -- Up-to-date: /home/dongkuo/lt_ws/loc_ws/install/fast_lio/local/lib/python3.10/dist-packages/fast_lio/_fast_lio_s.ep.rosidl_typesupport_c.c
[4.645s] -- Up-to-date: /home/dongkuo/lt_ws/loc_ws/install/fast_lio/local/lib/python3.10/dist-packages/fast_lio/_fast_lio_s.ep.rosidl_typesupport_fastrtps_c.c
[4.645s] -- Up-to-date: /home/dongkuo/lt_ws/loc_ws/install/fast_lio/local/lib/python3.10/dist-packages/fast_lio/fast_lio_s__rosidl_typesupport_fastrtps_c.cpython-310-x86_64-linux-gnu.so
[4.645s] -- Up-to-date: /home/dongkuo/lt_ws/loc_ws/install/fast_lio/local/lib/python3.10/dist-packages/fast_lio/_fast_lio_s.ep.rosidl_typesupport_introspection_c.c
[4.645s] -- Installing: /home/dongkuo/lt_ws/loc_ws/install/fast_lio/local/lib/python3.10/dist-packages/fast_lio/__init__.py
[4.645s] -- Up-to-date: /home/dongkuo/lt_ws/loc_ws/install/fast_lio/local/lib/python3.10/dist-packages/fast_lio/msg
[4.645s] -- Up-to-date: /home/dongkuo/lt_ws/loc_ws/install/fast_lio/local/lib/python3.10/dist-packages/fast_lio/msg/_pose6_d.py
[4.645s] -- Up-to-date: /home/dongkuo/lt_ws/loc_ws/install/fast_lio/local/lib/python3.10/dist-packages/fast_lio/msg/__init__.py
[4.645s] -- Up-to-date: /home/dongkuo/lt_ws/loc_ws/install/fast_lio/local/lib/python3.10/dist-packages/fast_lio/msg/_pose6_d_s.c
[4.645s] -- Up-to-date: /home/dongkuo/lt_ws/loc_ws/install/fast_lio/local/lib/python3.10/dist-packages/fast_lio/fast_lio_s__rosidl_typesupport_introspection_c.cpython-310-x86_64-linux-gnu.so
[4.669s] Listing '/home/dongkuo/lt_ws/loc_ws/install/fast_lio/local/lib/python3.10/dist-packages/fast_lio'...
[4.669s] Compiling '/home/dongkuo/lt_ws/loc_ws/install/fast_lio/local/lib/python3.10/dist-packages/fast_lio/__init__.py'...
[4.669s] Listing '/home/dongkuo/lt_ws/loc_ws/install/fast_lio/local/lib/python3.10/dist-packages/fast_lio/msg'...
[4.672s] -- Up-to-date: /home/dongkuo/lt_ws/loc_ws/install/fast_lio/local/lib/python3.10/dist-packages/fast_lio/fast_lio_s__rosidl_typesupport_fastrtps_c.cpython-310-x86_64-linux-gnu.so
[4.672s] -- Up-to-date: /home/dongkuo/lt_ws/loc_ws/install/fast_lio/local/lib/python3.10/dist-packages/fast_lio/fast_lio_s__rosidl_typesupport_introspection_c.cpython-310-x86_64-linux-gnu.so
[4.672s] -- Up-to-date: /home/dongkuo/lt_ws/loc_ws/install/fast_lio/local/lib/python3.10/dist-packages/fast_lio/fast_lio_s__rosidl_typesupport_c.cpython-310-x86_64-linux-gnu.so
[4.672s] -- Up-to-date: /home/dongkuo/lt_ws/loc_ws/install/fast_lio/lib/libfast_lio__rosidl_generator_py.so
[4.672s] -- Up-to-date: /home/dongkuo/lt_ws/loc_ws/install/fast_lio/share/fast_lio/msg/Pose6D.idl
[4.672s] -- Up-to-date: /home/dongkuo/lt_ws/loc_ws/install/fast_lio/share/fast_lio/msg/Pose6D.msg
[4.672s] -- Up-to-date: /home/dongkuo/lt_ws/loc_ws/install/fast_lio/lib/fast_lio/fastlio_mapping
[4.672s] -- Up-to-date: /home/dongkuo/lt_ws/loc_ws/install/fast_lio/lib/fast_lio/pcd_publisher
[4.672s] -- Installing: /home/dongkuo/lt_ws/loc_ws/install/fast_lio/lib/fast_lio/pcd_to_grid
[4.673s] -- Set runtime path of "/home/dongkuo/lt_ws/loc_ws/install/fast_lio/lib/fast_lio/pcd_to_grid" to ""
[4.673s] -- Up-to-date: /home/dongkuo/lt_ws/loc_ws/install/fast_lio/share/fast_lio/config
[4.673s] -- Up-to-date: /home/dongkuo/lt_ws/loc_ws/install/fast_lio/share/fast_lio/config/mid360.yaml
[4.673s] -- Up-to-date: /home/dongkuo/lt_ws/loc_ws/install/fast_lio/share/fast_lio/config/avia.yaml
[4.673s] -- Up-to-date: /home/dongkuo/lt_ws/loc_ws/install/fast_lio/share/fast_lio/config/velodyne.yaml
[4.673s] -- Up-to-date: /home/dongkuo/lt_ws/loc_ws/install/fast_lio/share/fast_lio/config/pc2scan_params.yaml
[4.673s] -- Up-to-date: /home/dongkuo/lt_ws/loc_ws/install/fast_lio/share/fast_lio/config/ouster64.yaml
[4.673s] -- Up-to-date: /home/dongkuo/lt_ws/loc_ws/install/fast_lio/share/fast_lio/config/horizon.yaml
[4.673s] -- Up-to-date: /home/dongkuo/lt_ws/loc_ws/install/fast_lio/share/fast_lio/launch
[4.673s] -- Up-to-date: /home/dongkuo/lt_ws/loc_ws/install/fast_lio/share/fast_lio/launch/point_look.launch .py
[4.673s] -- Up-to-date: /home/dongkuo/lt_ws/loc_ws/install/fast_lio/share/fast_lio/launch/mapping.launch.py
[4.673s] -- Up-to-date: /home/dongkuo/lt_ws/loc_ws/install/fast_lio/share/fast_lio/launch/pcd_publisher.launch.py
[4.673s] -- Up-to-date: /home/dongkuo/lt_ws/loc_ws/install/fast_lio/share/fast_lio/launch/gdb_debug_example.launch
[4.673s] -- Up-to-date: /home/dongkuo/lt_ws/loc_ws/install/fast_lio/share/fast_lio/launch/online_mapping.launch.py
[4.673s] -- Up-to-date: /home/dongkuo/lt_ws/loc_ws/install/fast_lio/share/fast_lio/rviz
[4.673s] -- Up-to-date: /home/dongkuo/lt_ws/loc_ws/install/fast_lio/share/fast_lio/rviz/fastlio.rviz
[4.673s] -- Up-to-date: /home/dongkuo/lt_ws/loc_ws/install/fast_lio/share/ament_index/resource_index/package_run_dependencies/fast_lio
[4.673s] -- Up-to-date: /home/dongkuo/lt_ws/loc_ws/install/fast_lio/share/ament_index/resource_index/parent_prefix_path/fast_lio
[4.673s] -- Up-to-date: /home/dongkuo/lt_ws/loc_ws/install/fast_lio/share/fast_lio/environment/ament_prefix_path.sh
[4.673s] -- Installing: /home/dongkuo/lt_ws/loc_ws/install/fast_lio/share/fast_lio/environment/ament_prefix_path.dsv
[4.673s] -- Up-to-date: /home/dongkuo/lt_ws/loc_ws/install/fast_lio/share/fast_lio/environment/path.sh
[4.673s] -- Installing: /home/dongkuo/lt_ws/loc_ws/install/fast_lio/share/fast_lio/environment/path.dsv
[4.673s] -- Up-to-date: /home/dongkuo/lt_ws/loc_ws/install/fast_lio/share/fast_lio/local_setup.bash
[4.673s] -- Up-to-date: /home/dongkuo/lt_ws/loc_ws/install/fast_lio/share/fast_lio/local_setup.sh
[4.673s] -- Up-to-date: /home/dongkuo/lt_ws/loc_ws/install/fast_lio/share/fast_lio/local_setup.zsh
[4.673s] -- Installing: /home/dongkuo/lt_ws/loc_ws/install/fast_lio/share/fast_lio/local_setup.dsv
[4.673s] -- Installing: /home/dongkuo/lt_ws/loc_ws/install/fast_lio/share/fast_lio/package.dsv
[4.673s] -- Up-to-date: /home/dongkuo/lt_ws/loc_ws/install/fast_lio/share/ament_index/resource_index/packages/fast_lio
[4.673s] -- Up-to-date: /home/dongkuo/lt_ws/loc_ws/install/fast_lio/share/fast_lio/cmake/export_fast_lio__rosidl_generator_cExport.cmake
[4.673s] -- Up-to-date: /home/dongkuo/lt_ws/loc_ws/install/fast_lio/share/fast_lio/cmake/export_fast_lio__rosidl_generator_cExport-release.cmake
[4.673s] -- Up-to-date: /home/dongkuo/lt_ws/loc_ws/install/fast_lio/share/fast_lio/cmake/export_fast_lio__rosidl_typesupport_fastrtps_cExport.cmake
[4.673s] -- Up-to-date: /home/dongkuo/lt_ws/loc_ws/install/fast_lio/share/fast_lio/cmake/export_fast_lio__rosidl_typesupport_fastrtps_cExport-release.cmake
[4.673s] -- Up-to-date: /home/dongkuo/lt_ws/loc_ws/install/fast_lio/share/fast_lio/cmake/export_fast_lio__rosidl_generator_cppExport.cmake
[4.673s] -- Up-to-date: /home/dongkuo/lt_ws/loc_ws/install/fast_lio/share/fast_lio/cmake/export_fast_lio__rosidl_typesupport_fastrtps_cppExport.cmake
[4.673s] -- Up-to-date: /home/dongkuo/lt_ws/loc_ws/install/fast_lio/share/fast_lio/cmake/export_fast_lio__rosidl_typesupport_fastrtps_cppExport-release.cmake
[4.674s] -- Up-to-date: /home/dongkuo/lt_ws/loc_ws/install/fast_lio/share/fast_lio/cmake/fast_lio__rosidl_typesupport_introspection_cExport.cmake
[4.674s] -- Up-to-date: /home/dongkuo/lt_ws/loc_ws/install/fast_lio/share/fast_lio/cmake/fast_lio__rosidl_typesupport_introspection_cExport-release.cmake
[4.674s] -- Up-to-date: /home/dongkuo/lt_ws/loc_ws/install/fast_lio/share/fast_lio/cmake/fast_lio__rosidl_typesupport_cExport.cmake
[4.674s] -- Up-to-date: /home/dongkuo/lt_ws/loc_ws/install/fast_lio/share/fast_lio/cmake/fast_lio__rosidl_typesupport_cExport-release.cmake
[4.674s] -- Up-to-date: /home/dongkuo/lt_ws/loc_ws/install/fast_lio/share/fast_lio/cmake/fast_lio__rosidl_typesupport_introspection_cppExport.cmake
[4.674s] -- Up-to-date: /home/dongkuo/lt_ws/loc_ws/install/fast_lio/share/fast_lio/cmake/fast_lio__rosidl_typesupport_introspection_cppExport-release.cmake
[4.674s] -- Up-to-date: /home/dongkuo/lt_ws/loc_ws/install/fast_lio/share/fast_lio/cmake/fast_lio__rosidl_typesupport_cppExport.cmake
[4.674s] -- Up-to-date: /home/dongkuo/lt_ws/loc_ws/install/fast_lio/share/fast_lio/cmake/fast_lio__rosidl_typesupport_cppExport-release.cmake
[4.674s] -- Up-to-date: /home/dongkuo/lt_ws/loc_ws/install/fast_lio/share/fast_lio/cmake/export_fast_lio__rosidl_generator_pyExport.cmake
[4.674s] -- Up-to-date: /home/dongkuo/lt_ws/loc_ws/install/fast_lio/share/fast_lio/cmake/export_fast_lio__rosidl_generator_pyExport-release.cmake
[4.674s] -- Up-to-date: /home/dongkuo/lt_ws/loc_ws/install/fast_lio/share/fast_lio/cmake/rosidl_cmake-extras.cmake
[4.674s] -- Up-to-date: /home/dongkuo/lt_ws/loc_ws/install/fast_lio/share/fast_lio/cmake/ament_cmake_export_include_directories-extras.cmake
[4.674s] -- Up-to-date: /home/dongkuo/lt_ws/loc_ws/install/fast_lio/share/fast_lio/cmake/ament_cmake_export_libraries-extras.cmake
[4.674s] -- Up-to-date: /home/dongkuo/lt_ws/loc_ws/install/fast_lio/share/fast_lio/cmake/ament_cmake_export_targets-extras.cmake
[4.674s] -- Up-to-date: /home/dongkuo/lt_ws/loc_ws/install/fast_lio/share/fast_lio/cmake/rosidl_cmake_export_typesupport_targets-extras.cmake
[4.674s] -- Up-to-date: /home/dongkuo/lt_ws/loc_ws/install/fast_lio/share/fast_lio/cmake/ament_cmake_export_dependencies-extras.cmake
[4.674s] -- Up-to-date: /home/dongkuo/lt_ws/loc_ws/install/fast_lio/share/fast_lio/cmake/rosidl_cmake_export_typesupport_libraries-extras.cmake
[4.674s] -- Up-to-date: /home/dongkuo/lt_ws/loc_ws/install/fast_lio/share/fast_lio/cmake/fast_lioConfig.cmake
[4.674s] -- Up-to-date: /home/dongkuo/lt_ws/loc_ws/install/fast_lio/share/fast_lio/cmake/fast_lioConfig-version.cmake
[4.674s] -- Up-to-date: /home/dongkuo/lt_ws/loc_ws/install/fast_lio/share/fast_lio/package.xml
[4.675s] Invoked command in '/home/dongkuo/lt_ws/loc_ws/build/fast_lio' returned '0': CMAKE_PREFIX_PATH=/home/dongkuo/lt_ws/loc_ws/install/livox_ros_driver2:/home/dongkuo/lt_ws/loc_ws/install/scout_base:/opt/ros/humble:/home/dongkuo/lt_ws/loc_ws/install/ugv_sdk:/home/dongkuo/lt_ws/loc_ws/install/scout_msgs:/home/dongkuo/lt_ws/loc_ws/install/scout_description:/home/dongkuo/lt_ws/loc_ws/install/point2d_loc:/home/dongkuo/lt_ws/loc_ws/install/nav_demo:/home/dongkuo/lt_ws/loc_ws/install/fast_lio:/home/dongkuo/lt_ws/realsense_ws/install/realsense2_description:/home/dongkuo/lt_ws/realsense_ws/install/realsense2_camera:/home/dongkuo/lt_ws/realsense_ws/install/realsense2_camera_msgs:/home/dongkuo/lt_ws/realsense_ws/install/depth_to_cloud_converter:/opt/vulcanexus/humble LD_LIBRARY_PATH=/home/dongkuo/lt_ws/loc_ws/install/livox_ros_driver2/lib:/home/dongkuo/lt_ws/loc_ws/install/scout_msgs/lib:/home/dongkuo/lt_ws/loc_ws/install/fast_lio/lib:/home/dongkuo/lt_ws/realsense_ws/install/realsense2_camera/lib:/home/dongkuo/lt_ws/realsense_ws/install/realsense2_camera_msgs/lib:/opt/vulcanexus/humble/lib:/usr/lib/x86_64-linux-gnu/gazebo-11/plugins:/opt/ros/humble/opt/rviz_ogre_vendor/lib:/opt/ros/humble/lib/x86_64-linux-gnu:/opt/ros/humble/lib /usr/bin/cmake --install /home/dongkuo/lt_ws/loc_ws/build/fast_lio
