[  2%] Built target fast_lio__cpp
[ 10%] Built target fast_lio__rosidl_generator_c
[ 10%] Built target ament_cmake_python_copy_fast_lio
[ 16%] Built target pcd_publisher
[ 24%] Built target fast_lio__rosidl_typesupport_fastrtps_cpp
[ 32%] Built target fast_lio__rosidl_typesupport_cpp
[ 54%] Built target fast_lio__rosidl_typesupport_c
[ 54%] Built target fast_lio__rosidl_typesupport_introspection_c
[ 56%] Built target fast_lio__rosidl_typesupport_fastrtps_c
[ 64%] Built target fast_lio__rosidl_typesupport_introspection_cpp
[ 64%] Built target fast_lio
[ 67%] Built target fast_lio__py
[ 70%] [32mBuilding CXX object CMakeFiles/fastlio_mapping.dir/src/laserMapping.cpp.o[0m
[ 75%] Built target fast_lio__rosidl_generator_py
[ 81%] Built target fast_lio__rosidl_typesupport_c__pyext
[ 91%] Built target fast_lio__rosidl_typesupport_introspection_c__pyext
[ 91%] Built target fast_lio__rosidl_typesupport_fastrtps_c__pyext
running egg_info
writing fast_lio.egg-info/PKG-INFO
writing dependency_links to fast_lio.egg-info/dependency_links.txt
writing top-level names to fast_lio.egg-info/top_level.txt
reading manifest file 'fast_lio.egg-info/SOURCES.txt'
writing manifest file 'fast_lio.egg-info/SOURCES.txt'
[ 91%] Built target ament_cmake_python_build_fast_lio_egg
In file included from [01m[K/usr/include/boost/smart_ptr/detail/sp_thread_sleep.hpp:22[m[K,
                 from [01m[K/usr/include/boost/smart_ptr/detail/yield_k.hpp:23[m[K,
                 from [01m[K/usr/include/boost/smart_ptr/detail/spinlock_gcc_atomic.hpp:14[m[K,
                 from [01m[K/usr/include/boost/smart_ptr/detail/spinlock.hpp:42[m[K,
                 from [01m[K/usr/include/boost/smart_ptr/detail/spinlock_pool.hpp:25[m[K,
                 from [01m[K/usr/include/boost/smart_ptr/shared_ptr.hpp:29[m[K,
                 from [01m[K/usr/include/boost/shared_ptr.hpp:17[m[K,
                 from [01m[K/usr/include/boost/date_time/microsec_time_clock.hpp:18[m[K,
                 from [01m[K/usr/include/boost/interprocess/detail/posix_time_types_wrk.hpp:31[m[K,
                 from [01m[K/usr/include/boost/interprocess/detail/os_thread_functions.hpp:36[m[K,
                 from [01m[K/usr/include/boost/interprocess/sync/file_lock.hpp:26[m[K,
                 from [01m[K/usr/include/pcl-1.12/pcl/io/pcd_io.h:46[m[K,
                 from [01m[K/opt/ros/humble/include/pcl_conversions/pcl_conversions/pcl_conversions.h:73[m[K,
                 from [01m[K/home/dongkuo/lt_ws/loc_ws/src/FAST_LIO/src/IMU_Processing.hpp:18[m[K,
                 from [01m[K/home/dongkuo/lt_ws/loc_ws/src/FAST_LIO/src/laserMapping.cpp:47[m[K:
[01m[K/usr/include/boost/bind.hpp:36:1:[m[K [01;36m[Knote: [m[K‘[01m[K#pragma message: The practice of declaring the Bind placeholders (_1, _2, ...) in the global namespace is deprecated. Please use <boost/bind/bind.hpp> + using namespace boost::placeholders, or define BOOST_BIND_GLOBAL_PLACEHOLDERS to retain the current behavior.[m[K’
   36 | [01;36m[KBOOST_PRAGMA_MESSAGE[m[K(
      | [01;36m[K^~~~~~~~~~~~~~~~~~~~[m[K
[01m[K/home/dongkuo/lt_ws/loc_ws/src/FAST_LIO/src/laserMapping.cpp:[m[K In function ‘[01m[Kvoid set_posestamp(T&)[m[K’:
[01m[K/home/dongkuo/lt_ws/loc_ws/src/FAST_LIO/src/laserMapping.cpp:647:43:[m[K [01;31m[Kerror: [m[Kexpected primary-expression before ‘[01m[K.[m[K’ token
  647 |     out.twist.twist.linear.x = state_ikfom[01;31m[K.[m[Kvel(0);
      |                                           [01;31m[K^[m[K
[01m[K/home/dongkuo/lt_ws/loc_ws/src/FAST_LIO/src/laserMapping.cpp:648:43:[m[K [01;31m[Kerror: [m[Kexpected primary-expression before ‘[01m[K.[m[K’ token
  648 |     out.twist.twist.linear.y = state_ikfom[01;31m[K.[m[Kvel(1);
      |                                           [01;31m[K^[m[K
[01m[K/home/dongkuo/lt_ws/loc_ws/src/FAST_LIO/src/laserMapping.cpp:[m[K In function ‘[01m[Kvoid publish_odometry(rclcpp::Publisher<nav_msgs::msg::Odometry_<std::allocator<void> > >::SharedPtr, std::unique_ptr<tf2_ros::TransformBroadcaster>&)[m[K’:
[01m[K/home/dongkuo/lt_ws/loc_ws/src/FAST_LIO/src/laserMapping.cpp:726:5:[m[K [01;31m[Kerror: [m[K‘[01m[Ktf2[m[K’ has not been declared
  726 |     [01;31m[Ktf2[m[K::Quaternion q;
      |     [01;31m[K^~~[m[K
[01m[K/home/dongkuo/lt_ws/loc_ws/src/FAST_LIO/src/laserMapping.cpp:727:5:[m[K [01;31m[Kerror: [m[K‘[01m[Ktf2[m[K’ has not been declared
  727 |     [01;31m[Ktf2[m[K::fromMsg(odomAftMapped.pose.pose.orientation, q);
      |     [01;31m[K^~~[m[K
[01m[K/home/dongkuo/lt_ws/loc_ws/src/FAST_LIO/src/laserMapping.cpp:727:55:[m[K [01;31m[Kerror: [m[K‘[01m[Kq[m[K’ was not declared in this scope
  727 |     tf2::fromMsg(odomAftMapped.pose.pose.orientation, [01;31m[Kq[m[K);
      |                                                       [01;31m[K^[m[K
[01m[K/home/dongkuo/lt_ws/loc_ws/src/FAST_LIO/src/laserMapping.cpp:729:5:[m[K [01;31m[Kerror: [m[K‘[01m[Ktf2[m[K’ has not been declared
  729 |     [01;31m[Ktf2[m[K::Matrix3x3(q).getRPY(roll, pitch, yaw);
      |     [01;31m[K^~~[m[K
[01m[K/home/dongkuo/lt_ws/loc_ws/src/FAST_LIO/src/laserMapping.cpp:732:43:[m[K [01;31m[Kerror: [m[K‘[01m[Ktf2[m[K’ has not been declared
  732 |     odomAftMapped.pose.pose.orientation = [01;31m[Ktf2[m[K::toMsg(q);
      |                                           [01;31m[K^~~[m[K
/home/dongkuo/lt_ws/loc_ws/src/FAST_LIO/src/laserMapping.cpp: In instantiation of ‘[01m[Kvoid set_posestamp(T&) [with T = geometry_msgs::msg::PoseWithCovariance_<std::allocator<void> >][m[K’:
[01m[K/home/dongkuo/lt_ws/loc_ws/src/FAST_LIO/src/laserMapping.cpp:700:18:[m[K   required from here
[01m[K/home/dongkuo/lt_ws/loc_ws/src/FAST_LIO/src/laserMapping.cpp:649:9:[m[K [01;31m[Kerror: [m[K‘[01m[Kstruct geometry_msgs::msg::PoseWithCovariance_<std::allocator<void> >[m[K’ has no member named ‘[01m[Ktwist[m[K’
  649 |     [01;31m[Kout.twist[m[K.twist.linear.z = 0.0;
      |     [01;31m[K~~~~^~~~~[m[K
/home/dongkuo/lt_ws/loc_ws/src/FAST_LIO/src/laserMapping.cpp: In instantiation of ‘[01m[Kvoid set_posestamp(T&) [with T = geometry_msgs::msg::PoseStamped_<std::allocator<void> >][m[K’:
[01m[K/home/dongkuo/lt_ws/loc_ws/src/FAST_LIO/src/laserMapping.cpp:743:18:[m[K   required from here
[01m[K/home/dongkuo/lt_ws/loc_ws/src/FAST_LIO/src/laserMapping.cpp:649:9:[m[K [01;31m[Kerror: [m[K‘[01m[Kstruct geometry_msgs::msg::PoseStamped_<std::allocator<void> >[m[K’ has no member named ‘[01m[Ktwist[m[K’
gmake[2]: *** [CMakeFiles/fastlio_mapping.dir/build.make:76: CMakeFiles/fastlio_mapping.dir/src/laserMapping.cpp.o] Error 1
gmake[1]: *** [CMakeFiles/Makefile2:595: CMakeFiles/fastlio_mapping.dir/all] Error 2
gmake: *** [Makefile:146: all] Error 2
