[0.023s] Invoking command in '/home/dongkuo/lt_ws/loc_ws/build/fast_lio': CMAKE_PREFIX_PATH=/home/dongkuo/lt_ws/loc_ws/install/livox_ros_driver2:/home/dongkuo/lt_ws/loc_ws/install/scout_base:/opt/ros/humble:/home/dongkuo/lt_ws/loc_ws/install/ugv_sdk:/home/dongkuo/lt_ws/loc_ws/install/scout_msgs:/home/dongkuo/lt_ws/loc_ws/install/scout_description:/home/dongkuo/lt_ws/loc_ws/install/point2d_loc:/home/dongkuo/lt_ws/loc_ws/install/nav_demo:/home/dongkuo/lt_ws/loc_ws/install/fast_lio:/home/dongkuo/lt_ws/realsense_ws/install/realsense2_description:/home/dongkuo/lt_ws/realsense_ws/install/realsense2_camera:/home/dongkuo/lt_ws/realsense_ws/install/realsense2_camera_msgs:/home/dongkuo/lt_ws/realsense_ws/install/depth_to_cloud_converter:/opt/vulcanexus/humble LD_LIBRARY_PATH=/home/dongkuo/lt_ws/loc_ws/install/livox_ros_driver2/lib:/home/dongkuo/lt_ws/loc_ws/install/scout_msgs/lib:/home/dongkuo/lt_ws/loc_ws/install/fast_lio/lib:/home/dongkuo/lt_ws/realsense_ws/install/realsense2_camera/lib:/home/dongkuo/lt_ws/realsense_ws/install/realsense2_camera_msgs/lib:/opt/vulcanexus/humble/lib:/usr/lib/x86_64-linux-gnu/gazebo-11/plugins:/opt/ros/humble/opt/rviz_ogre_vendor/lib:/opt/ros/humble/lib/x86_64-linux-gnu:/opt/ros/humble/lib /usr/bin/cmake --build /home/dongkuo/lt_ws/loc_ws/build/fast_lio -- -j32 -l32
[0.069s] [  2%] Built target fast_lio__cpp
[0.070s] [ 10%] Built target fast_lio__rosidl_generator_c
[0.076s] [ 10%] Built target ament_cmake_python_copy_fast_lio
[0.078s] [ 16%] Built target pcd_publisher
[0.086s] [ 24%] Built target fast_lio__rosidl_typesupport_fastrtps_cpp
[0.088s] [ 32%] Built target fast_lio__rosidl_typesupport_cpp
[0.088s] [ 54%] Built target fast_lio__rosidl_typesupport_c
[0.088s] [ 54%] Built target fast_lio__rosidl_typesupport_introspection_c
[0.088s] [ 56%] Built target fast_lio__rosidl_typesupport_fastrtps_c
[0.089s] [ 64%] Built target fast_lio__rosidl_typesupport_introspection_cpp
[0.107s] [ 64%] Built target fast_lio
[0.124s] [ 67%] Built target fast_lio__py
[0.124s] [ 70%] [32mBuilding CXX object CMakeFiles/fastlio_mapping.dir/src/laserMapping.cpp.o[0m
[0.142s] [ 75%] Built target fast_lio__rosidl_generator_py
[0.162s] [ 81%] Built target fast_lio__rosidl_typesupport_c__pyext
[0.162s] [ 91%] Built target fast_lio__rosidl_typesupport_introspection_c__pyext
[0.162s] [ 91%] Built target fast_lio__rosidl_typesupport_fastrtps_c__pyext
[0.224s] running egg_info
[0.224s] writing fast_lio.egg-info/PKG-INFO
[0.224s] writing dependency_links to fast_lio.egg-info/dependency_links.txt
[0.224s] writing top-level names to fast_lio.egg-info/top_level.txt
[0.226s] reading manifest file 'fast_lio.egg-info/SOURCES.txt'
[0.226s] writing manifest file 'fast_lio.egg-info/SOURCES.txt'
[0.244s] [ 91%] Built target ament_cmake_python_build_fast_lio_egg
[3.193s] In file included from [01m[K/usr/include/boost/smart_ptr/detail/sp_thread_sleep.hpp:22[m[K,
[3.193s]                  from [01m[K/usr/include/boost/smart_ptr/detail/yield_k.hpp:23[m[K,
[3.193s]                  from [01m[K/usr/include/boost/smart_ptr/detail/spinlock_gcc_atomic.hpp:14[m[K,
[3.193s]                  from [01m[K/usr/include/boost/smart_ptr/detail/spinlock.hpp:42[m[K,
[3.193s]                  from [01m[K/usr/include/boost/smart_ptr/detail/spinlock_pool.hpp:25[m[K,
[3.193s]                  from [01m[K/usr/include/boost/smart_ptr/shared_ptr.hpp:29[m[K,
[3.193s]                  from [01m[K/usr/include/boost/shared_ptr.hpp:17[m[K,
[3.193s]                  from [01m[K/usr/include/boost/date_time/microsec_time_clock.hpp:18[m[K,
[3.193s]                  from [01m[K/usr/include/boost/interprocess/detail/posix_time_types_wrk.hpp:31[m[K,
[3.193s]                  from [01m[K/usr/include/boost/interprocess/detail/os_thread_functions.hpp:36[m[K,
[3.194s]                  from [01m[K/usr/include/boost/interprocess/sync/file_lock.hpp:26[m[K,
[3.194s]                  from [01m[K/usr/include/pcl-1.12/pcl/io/pcd_io.h:46[m[K,
[3.194s]                  from [01m[K/opt/ros/humble/include/pcl_conversions/pcl_conversions/pcl_conversions.h:73[m[K,
[3.194s]                  from [01m[K/home/dongkuo/lt_ws/loc_ws/src/FAST_LIO/src/IMU_Processing.hpp:18[m[K,
[3.194s]                  from [01m[K/home/dongkuo/lt_ws/loc_ws/src/FAST_LIO/src/laserMapping.cpp:47[m[K:
[3.194s] [01m[K/usr/include/boost/bind.hpp:36:1:[m[K [01;36m[Knote: [m[K‘[01m[K#pragma message: The practice of declaring the Bind placeholders (_1, _2, ...) in the global namespace is deprecated. Please use <boost/bind/bind.hpp> + using namespace boost::placeholders, or define BOOST_BIND_GLOBAL_PLACEHOLDERS to retain the current behavior.[m[K’
[3.194s]    36 | [01;36m[KBOOST_PRAGMA_MESSAGE[m[K(
[3.194s]       | [01;36m[K^~~~~~~~~~~~~~~~~~~~[m[K
[3.874s] [01m[K/home/dongkuo/lt_ws/loc_ws/src/FAST_LIO/src/laserMapping.cpp:[m[K In function ‘[01m[Kvoid set_posestamp(T&)[m[K’:
[3.874s] [01m[K/home/dongkuo/lt_ws/loc_ws/src/FAST_LIO/src/laserMapping.cpp:647:43:[m[K [01;31m[Kerror: [m[Kexpected primary-expression before ‘[01m[K.[m[K’ token
[3.874s]   647 |     out.twist.twist.linear.x = state_ikfom[01;31m[K.[m[Kvel(0);
[3.874s]       |                                           [01;31m[K^[m[K
[3.874s] [01m[K/home/dongkuo/lt_ws/loc_ws/src/FAST_LIO/src/laserMapping.cpp:648:43:[m[K [01;31m[Kerror: [m[Kexpected primary-expression before ‘[01m[K.[m[K’ token
[3.874s]   648 |     out.twist.twist.linear.y = state_ikfom[01;31m[K.[m[Kvel(1);
[3.874s]       |                                           [01;31m[K^[m[K
[3.876s] [01m[K/home/dongkuo/lt_ws/loc_ws/src/FAST_LIO/src/laserMapping.cpp:[m[K In function ‘[01m[Kvoid publish_odometry(rclcpp::Publisher<nav_msgs::msg::Odometry_<std::allocator<void> > >::SharedPtr, std::unique_ptr<tf2_ros::TransformBroadcaster>&)[m[K’:
[3.876s] [01m[K/home/dongkuo/lt_ws/loc_ws/src/FAST_LIO/src/laserMapping.cpp:726:5:[m[K [01;31m[Kerror: [m[K‘[01m[Ktf2[m[K’ has not been declared
[3.876s]   726 |     [01;31m[Ktf2[m[K::Quaternion q;
[3.877s]       |     [01;31m[K^~~[m[K
[3.877s] [01m[K/home/dongkuo/lt_ws/loc_ws/src/FAST_LIO/src/laserMapping.cpp:727:5:[m[K [01;31m[Kerror: [m[K‘[01m[Ktf2[m[K’ has not been declared
[3.877s]   727 |     [01;31m[Ktf2[m[K::fromMsg(odomAftMapped.pose.pose.orientation, q);
[3.877s]       |     [01;31m[K^~~[m[K
[3.880s] [01m[K/home/dongkuo/lt_ws/loc_ws/src/FAST_LIO/src/laserMapping.cpp:727:55:[m[K [01;31m[Kerror: [m[K‘[01m[Kq[m[K’ was not declared in this scope
[3.880s]   727 |     tf2::fromMsg(odomAftMapped.pose.pose.orientation, [01;31m[Kq[m[K);
[3.880s]       |                                                       [01;31m[K^[m[K
[3.880s] [01m[K/home/dongkuo/lt_ws/loc_ws/src/FAST_LIO/src/laserMapping.cpp:729:5:[m[K [01;31m[Kerror: [m[K‘[01m[Ktf2[m[K’ has not been declared
[3.880s]   729 |     [01;31m[Ktf2[m[K::Matrix3x3(q).getRPY(roll, pitch, yaw);
[3.880s]       |     [01;31m[K^~~[m[K
[3.880s] [01m[K/home/dongkuo/lt_ws/loc_ws/src/FAST_LIO/src/laserMapping.cpp:732:43:[m[K [01;31m[Kerror: [m[K‘[01m[Ktf2[m[K’ has not been declared
[3.880s]   732 |     odomAftMapped.pose.pose.orientation = [01;31m[Ktf2[m[K::toMsg(q);
[3.880s]       |                                           [01;31m[K^~~[m[K
[4.975s] /home/dongkuo/lt_ws/loc_ws/src/FAST_LIO/src/laserMapping.cpp: In instantiation of ‘[01m[Kvoid set_posestamp(T&) [with T = geometry_msgs::msg::PoseWithCovariance_<std::allocator<void> >][m[K’:
[4.975s] [01m[K/home/dongkuo/lt_ws/loc_ws/src/FAST_LIO/src/laserMapping.cpp:700:18:[m[K   required from here
[4.975s] [01m[K/home/dongkuo/lt_ws/loc_ws/src/FAST_LIO/src/laserMapping.cpp:649:9:[m[K [01;31m[Kerror: [m[K‘[01m[Kstruct geometry_msgs::msg::PoseWithCovariance_<std::allocator<void> >[m[K’ has no member named ‘[01m[Ktwist[m[K’
[4.975s]   649 |     [01;31m[Kout.twist[m[K.twist.linear.z = 0.0;
[4.975s]       |     [01;31m[K~~~~^~~~~[m[K
[4.979s] /home/dongkuo/lt_ws/loc_ws/src/FAST_LIO/src/laserMapping.cpp: In instantiation of ‘[01m[Kvoid set_posestamp(T&) [with T = geometry_msgs::msg::PoseStamped_<std::allocator<void> >][m[K’:
[4.979s] [01m[K/home/dongkuo/lt_ws/loc_ws/src/FAST_LIO/src/laserMapping.cpp:743:18:[m[K   required from here
[4.979s] [01m[K/home/dongkuo/lt_ws/loc_ws/src/FAST_LIO/src/laserMapping.cpp:649:9:[m[K [01;31m[Kerror: [m[K‘[01m[Kstruct geometry_msgs::msg::PoseStamped_<std::allocator<void> >[m[K’ has no member named ‘[01m[Ktwist[m[K’
[22.674s] gmake[2]: *** [CMakeFiles/fastlio_mapping.dir/build.make:76: CMakeFiles/fastlio_mapping.dir/src/laserMapping.cpp.o] Error 1
[22.674s] gmake[1]: *** [CMakeFiles/Makefile2:595: CMakeFiles/fastlio_mapping.dir/all] Error 2
[22.675s] gmake: *** [Makefile:146: all] Error 2
[22.677s] Invoked command in '/home/dongkuo/lt_ws/loc_ws/build/fast_lio' returned '2': CMAKE_PREFIX_PATH=/home/dongkuo/lt_ws/loc_ws/install/livox_ros_driver2:/home/dongkuo/lt_ws/loc_ws/install/scout_base:/opt/ros/humble:/home/dongkuo/lt_ws/loc_ws/install/ugv_sdk:/home/dongkuo/lt_ws/loc_ws/install/scout_msgs:/home/dongkuo/lt_ws/loc_ws/install/scout_description:/home/dongkuo/lt_ws/loc_ws/install/point2d_loc:/home/dongkuo/lt_ws/loc_ws/install/nav_demo:/home/dongkuo/lt_ws/loc_ws/install/fast_lio:/home/dongkuo/lt_ws/realsense_ws/install/realsense2_description:/home/dongkuo/lt_ws/realsense_ws/install/realsense2_camera:/home/dongkuo/lt_ws/realsense_ws/install/realsense2_camera_msgs:/home/dongkuo/lt_ws/realsense_ws/install/depth_to_cloud_converter:/opt/vulcanexus/humble LD_LIBRARY_PATH=/home/dongkuo/lt_ws/loc_ws/install/livox_ros_driver2/lib:/home/dongkuo/lt_ws/loc_ws/install/scout_msgs/lib:/home/dongkuo/lt_ws/loc_ws/install/fast_lio/lib:/home/dongkuo/lt_ws/realsense_ws/install/realsense2_camera/lib:/home/dongkuo/lt_ws/realsense_ws/install/realsense2_camera_msgs/lib:/opt/vulcanexus/humble/lib:/usr/lib/x86_64-linux-gnu/gazebo-11/plugins:/opt/ros/humble/opt/rviz_ogre_vendor/lib:/opt/ros/humble/lib/x86_64-linux-gnu:/opt/ros/humble/lib /usr/bin/cmake --build /home/dongkuo/lt_ws/loc_ws/build/fast_lio -- -j32 -l32
