[0.012s] Invoking command in '/home/dongkuo/lt_ws/loc_ws/build/nav_demo': CMAKE_PREFIX_PATH=/home/dongkuo/lt_ws/loc_ws/install/scout_base:/opt/ros/humble:/home/dongkuo/lt_ws/loc_ws/install/ugv_sdk:/home/dongkuo/lt_ws/loc_ws/install/scout_msgs:/home/dongkuo/lt_ws/loc_ws/install/scout_description:/home/dongkuo/lt_ws/loc_ws/install/point2d_loc:/home/dongkuo/lt_ws/loc_ws/install/nav_demo:/home/dongkuo/lt_ws/loc_ws/install/fast_lio:/home/dongkuo/lt_ws/loc_ws/install/livox_ros_driver2:/home/dongkuo/lt_ws/realsense_ws/install/realsense2_description:/home/dongkuo/lt_ws/realsense_ws/install/realsense2_camera:/home/dongkuo/lt_ws/realsense_ws/install/realsense2_camera_msgs:/home/dongkuo/lt_ws/realsense_ws/install/depth_to_cloud_converter:/opt/vulcanexus/humble /usr/bin/cmake /home/dongkuo/lt_ws/loc_ws/src/nav_demo -DCMAKE_INSTALL_PREFIX=/home/dongkuo/lt_ws/loc_ws/install/nav_demo
[0.018s] -- Found ament_cmake: 1.3.12 (/opt/ros/humble/share/ament_cmake/cmake)
[0.103s] -- Found rclcpp: 16.0.15 (/opt/ros/humble/share/rclcpp/cmake)
[0.126s] -- Found rosidl_generator_c: 3.1.7 (/opt/ros/humble/share/rosidl_generator_c/cmake)
[0.126s] -- Found rosidl_adapter: 3.1.7 (/opt/ros/humble/share/rosidl_adapter/cmake)
[0.129s] -- Found rosidl_generator_cpp: 3.1.7 (/opt/ros/humble/share/rosidl_generator_cpp/cmake)
[0.134s] -- Using all available rosidl_typesupport_c: rosidl_typesupport_fastrtps_c;rosidl_typesupport_introspection_c
[0.140s] -- Using all available rosidl_typesupport_cpp: rosidl_typesupport_fastrtps_cpp;rosidl_typesupport_introspection_cpp
[0.156s] -- Found rmw_implementation_cmake: 6.1.2 (/opt/ros/humble/share/rmw_implementation_cmake/cmake)
[0.156s] -- Found rmw_fastrtps_cpp: 6.2.6 (/opt/vulcanexus/humble/share/rmw_fastrtps_cpp/cmake)
[0.214s] -- Using RMW implementation 'rmw_fastrtps_cpp' as default
[0.237s] -- Found geometry_msgs: 4.9.0 (/opt/ros/humble/share/geometry_msgs/cmake)
[0.243s] -- Found tf2: 0.25.16 (/opt/ros/humble/share/tf2/cmake)
[0.244s] -- Found tf2_geometry_msgs: 0.25.16 (/opt/ros/humble/share/tf2_geometry_msgs/cmake)
[0.246s] -- Found eigen3_cmake_module: 0.1.1 (/opt/ros/humble/share/eigen3_cmake_module/cmake)
[0.247s] -- Ensuring Eigen3 include directory is part of orocos-kdl CMake target
[0.284s] -- Found nav_msgs: 4.9.0 (/opt/ros/humble/share/nav_msgs/cmake)
[0.292s] -- Found ament_lint_auto: 0.12.14 (/opt/ros/humble/share/ament_lint_auto/cmake)
[0.328s] -- Added test 'cppcheck' to perform static code analysis on C / C++ code
[0.328s] -- Configured cppcheck include dirs: /home/dongkuo/lt_ws/loc_ws/src/nav_demo/include
[0.328s] -- Configured cppcheck exclude dirs and/or files: 
[0.328s] -- Added test 'flake8' to check Python code syntax and style conventions
[0.328s] -- Added test 'lint_cmake' to check CMake code style
[0.328s] -- Added test 'pep257' to check Python code against some of the docstring style conventions in PEP 257
[0.329s] -- Added test 'uncrustify' to check C / C++ code style
[0.329s] -- Configured uncrustify additional arguments: 
[0.329s] -- Added test 'xmllint' to check XML markup files
[0.329s] -- Configuring done
[0.334s] -- Generating done
[0.336s] -- Build files have been written to: /home/dongkuo/lt_ws/loc_ws/build/nav_demo
[0.341s] Invoked command in '/home/dongkuo/lt_ws/loc_ws/build/nav_demo' returned '0': CMAKE_PREFIX_PATH=/home/dongkuo/lt_ws/loc_ws/install/scout_base:/opt/ros/humble:/home/dongkuo/lt_ws/loc_ws/install/ugv_sdk:/home/dongkuo/lt_ws/loc_ws/install/scout_msgs:/home/dongkuo/lt_ws/loc_ws/install/scout_description:/home/dongkuo/lt_ws/loc_ws/install/point2d_loc:/home/dongkuo/lt_ws/loc_ws/install/nav_demo:/home/dongkuo/lt_ws/loc_ws/install/fast_lio:/home/dongkuo/lt_ws/loc_ws/install/livox_ros_driver2:/home/dongkuo/lt_ws/realsense_ws/install/realsense2_description:/home/dongkuo/lt_ws/realsense_ws/install/realsense2_camera:/home/dongkuo/lt_ws/realsense_ws/install/realsense2_camera_msgs:/home/dongkuo/lt_ws/realsense_ws/install/depth_to_cloud_converter:/opt/vulcanexus/humble /usr/bin/cmake /home/dongkuo/lt_ws/loc_ws/src/nav_demo -DCMAKE_INSTALL_PREFIX=/home/dongkuo/lt_ws/loc_ws/install/nav_demo
[0.342s] Invoking command in '/home/dongkuo/lt_ws/loc_ws/build/nav_demo': CMAKE_PREFIX_PATH=/home/dongkuo/lt_ws/loc_ws/install/scout_base:/opt/ros/humble:/home/dongkuo/lt_ws/loc_ws/install/ugv_sdk:/home/dongkuo/lt_ws/loc_ws/install/scout_msgs:/home/dongkuo/lt_ws/loc_ws/install/scout_description:/home/dongkuo/lt_ws/loc_ws/install/point2d_loc:/home/dongkuo/lt_ws/loc_ws/install/nav_demo:/home/dongkuo/lt_ws/loc_ws/install/fast_lio:/home/dongkuo/lt_ws/loc_ws/install/livox_ros_driver2:/home/dongkuo/lt_ws/realsense_ws/install/realsense2_description:/home/dongkuo/lt_ws/realsense_ws/install/realsense2_camera:/home/dongkuo/lt_ws/realsense_ws/install/realsense2_camera_msgs:/home/dongkuo/lt_ws/realsense_ws/install/depth_to_cloud_converter:/opt/vulcanexus/humble /usr/bin/cmake --build /home/dongkuo/lt_ws/loc_ws/build/nav_demo -- -j32 -l32
[0.371s] [35m[1mConsolidate compiler generated dependencies of target simple_navigator[0m
[0.382s] [100%] Built target simple_navigator
[0.390s] Invoked command in '/home/dongkuo/lt_ws/loc_ws/build/nav_demo' returned '0': CMAKE_PREFIX_PATH=/home/dongkuo/lt_ws/loc_ws/install/scout_base:/opt/ros/humble:/home/dongkuo/lt_ws/loc_ws/install/ugv_sdk:/home/dongkuo/lt_ws/loc_ws/install/scout_msgs:/home/dongkuo/lt_ws/loc_ws/install/scout_description:/home/dongkuo/lt_ws/loc_ws/install/point2d_loc:/home/dongkuo/lt_ws/loc_ws/install/nav_demo:/home/dongkuo/lt_ws/loc_ws/install/fast_lio:/home/dongkuo/lt_ws/loc_ws/install/livox_ros_driver2:/home/dongkuo/lt_ws/realsense_ws/install/realsense2_description:/home/dongkuo/lt_ws/realsense_ws/install/realsense2_camera:/home/dongkuo/lt_ws/realsense_ws/install/realsense2_camera_msgs:/home/dongkuo/lt_ws/realsense_ws/install/depth_to_cloud_converter:/opt/vulcanexus/humble /usr/bin/cmake --build /home/dongkuo/lt_ws/loc_ws/build/nav_demo -- -j32 -l32
[0.391s] Invoking command in '/home/dongkuo/lt_ws/loc_ws/build/nav_demo': CMAKE_PREFIX_PATH=/home/dongkuo/lt_ws/loc_ws/install/scout_base:/opt/ros/humble:/home/dongkuo/lt_ws/loc_ws/install/ugv_sdk:/home/dongkuo/lt_ws/loc_ws/install/scout_msgs:/home/dongkuo/lt_ws/loc_ws/install/scout_description:/home/dongkuo/lt_ws/loc_ws/install/point2d_loc:/home/dongkuo/lt_ws/loc_ws/install/nav_demo:/home/dongkuo/lt_ws/loc_ws/install/fast_lio:/home/dongkuo/lt_ws/loc_ws/install/livox_ros_driver2:/home/dongkuo/lt_ws/realsense_ws/install/realsense2_description:/home/dongkuo/lt_ws/realsense_ws/install/realsense2_camera:/home/dongkuo/lt_ws/realsense_ws/install/realsense2_camera_msgs:/home/dongkuo/lt_ws/realsense_ws/install/depth_to_cloud_converter:/opt/vulcanexus/humble /usr/bin/cmake --install /home/dongkuo/lt_ws/loc_ws/build/nav_demo
[0.396s] -- Install configuration: ""
[0.396s] -- Up-to-date: /home/dongkuo/lt_ws/loc_ws/install/nav_demo/lib/nav_demo/simple_navigator
[0.396s] -- Up-to-date: /home/dongkuo/lt_ws/loc_ws/install/nav_demo/share/nav_demo/launch
[0.396s] -- Up-to-date: /home/dongkuo/lt_ws/loc_ws/install/nav_demo/share/nav_demo/launch/nav2_odom_navigation.launch.py
[0.397s] -- Up-to-date: /home/dongkuo/lt_ws/loc_ws/install/nav_demo/share/nav_demo/config
[0.397s] -- Up-to-date: /home/dongkuo/lt_ws/loc_ws/install/nav_demo/share/nav_demo/config/nav2_params2.yaml
[0.397s] -- Installing: /home/dongkuo/lt_ws/loc_ws/install/nav_demo/share/nav_demo/config/nav2_params.yaml
[0.397s] -- Installing: /home/dongkuo/lt_ws/loc_ws/install/nav_demo/share/nav_demo/config/nav2_params copy.yaml
[0.397s] -- Up-to-date: /home/dongkuo/lt_ws/loc_ws/install/nav_demo/share/nav_demo/config/nav2_params1.yaml
[0.397s] -- Up-to-date: /home/dongkuo/lt_ws/loc_ws/install/nav_demo/share/ament_index/resource_index/package_run_dependencies/nav_demo
[0.397s] -- Installing: /home/dongkuo/lt_ws/loc_ws/install/nav_demo/share/ament_index/resource_index/parent_prefix_path/nav_demo
[0.397s] -- Up-to-date: /home/dongkuo/lt_ws/loc_ws/install/nav_demo/share/nav_demo/environment/ament_prefix_path.sh
[0.397s] -- Installing: /home/dongkuo/lt_ws/loc_ws/install/nav_demo/share/nav_demo/environment/ament_prefix_path.dsv
[0.397s] -- Up-to-date: /home/dongkuo/lt_ws/loc_ws/install/nav_demo/share/nav_demo/environment/path.sh
[0.397s] -- Installing: /home/dongkuo/lt_ws/loc_ws/install/nav_demo/share/nav_demo/environment/path.dsv
[0.397s] -- Up-to-date: /home/dongkuo/lt_ws/loc_ws/install/nav_demo/share/nav_demo/local_setup.bash
[0.397s] -- Up-to-date: /home/dongkuo/lt_ws/loc_ws/install/nav_demo/share/nav_demo/local_setup.sh
[0.397s] -- Up-to-date: /home/dongkuo/lt_ws/loc_ws/install/nav_demo/share/nav_demo/local_setup.zsh
[0.397s] -- Installing: /home/dongkuo/lt_ws/loc_ws/install/nav_demo/share/nav_demo/local_setup.dsv
[0.397s] -- Installing: /home/dongkuo/lt_ws/loc_ws/install/nav_demo/share/nav_demo/package.dsv
[0.398s] -- Up-to-date: /home/dongkuo/lt_ws/loc_ws/install/nav_demo/share/ament_index/resource_index/packages/nav_demo
[0.398s] -- Up-to-date: /home/dongkuo/lt_ws/loc_ws/install/nav_demo/share/nav_demo/cmake/nav_demoConfig.cmake
[0.398s] -- Up-to-date: /home/dongkuo/lt_ws/loc_ws/install/nav_demo/share/nav_demo/cmake/nav_demoConfig-version.cmake
[0.398s] -- Up-to-date: /home/dongkuo/lt_ws/loc_ws/install/nav_demo/share/nav_demo/package.xml
[0.398s] Invoked command in '/home/dongkuo/lt_ws/loc_ws/build/nav_demo' returned '0': CMAKE_PREFIX_PATH=/home/dongkuo/lt_ws/loc_ws/install/scout_base:/opt/ros/humble:/home/dongkuo/lt_ws/loc_ws/install/ugv_sdk:/home/dongkuo/lt_ws/loc_ws/install/scout_msgs:/home/dongkuo/lt_ws/loc_ws/install/scout_description:/home/dongkuo/lt_ws/loc_ws/install/point2d_loc:/home/dongkuo/lt_ws/loc_ws/install/nav_demo:/home/dongkuo/lt_ws/loc_ws/install/fast_lio:/home/dongkuo/lt_ws/loc_ws/install/livox_ros_driver2:/home/dongkuo/lt_ws/realsense_ws/install/realsense2_description:/home/dongkuo/lt_ws/realsense_ws/install/realsense2_camera:/home/dongkuo/lt_ws/realsense_ws/install/realsense2_camera_msgs:/home/dongkuo/lt_ws/realsense_ws/install/depth_to_cloud_converter:/opt/vulcanexus/humble /usr/bin/cmake --install /home/dongkuo/lt_ws/loc_ws/build/nav_demo
