[0.014s] Invoking command in '/home/dongkuo/lt_ws/loc_ws/build/nav_demo': CMAKE_PREFIX_PATH=/home/dongkuo/lt_ws/loc_ws/install/scout_base:/opt/ros/humble:/home/dongkuo/lt_ws/loc_ws/install/ugv_sdk:/home/dongkuo/lt_ws/loc_ws/install/scout_msgs:/home/dongkuo/lt_ws/loc_ws/install/scout_description:/home/dongkuo/lt_ws/loc_ws/install/point2d_loc:/home/dongkuo/lt_ws/loc_ws/install/nav_demo:/home/dongkuo/lt_ws/loc_ws/install/fast_lio:/home/dongkuo/lt_ws/loc_ws/install/livox_ros_driver2:/home/dongkuo/lt_ws/realsense_ws/install/realsense2_description:/home/dongkuo/lt_ws/realsense_ws/install/realsense2_camera:/home/dongkuo/lt_ws/realsense_ws/install/realsense2_camera_msgs:/home/dongkuo/lt_ws/realsense_ws/install/depth_to_cloud_converter:/opt/vulcanexus/humble /usr/bin/cmake --build /home/dongkuo/lt_ws/loc_ws/build/nav_demo -- -j32 -l32
[0.059s] [100%] Built target simple_navigator
[0.085s] Invoked command in '/home/dongkuo/lt_ws/loc_ws/build/nav_demo' returned '0': CMAKE_PREFIX_PATH=/home/dongkuo/lt_ws/loc_ws/install/scout_base:/opt/ros/humble:/home/dongkuo/lt_ws/loc_ws/install/ugv_sdk:/home/dongkuo/lt_ws/loc_ws/install/scout_msgs:/home/dongkuo/lt_ws/loc_ws/install/scout_description:/home/dongkuo/lt_ws/loc_ws/install/point2d_loc:/home/dongkuo/lt_ws/loc_ws/install/nav_demo:/home/dongkuo/lt_ws/loc_ws/install/fast_lio:/home/dongkuo/lt_ws/loc_ws/install/livox_ros_driver2:/home/dongkuo/lt_ws/realsense_ws/install/realsense2_description:/home/dongkuo/lt_ws/realsense_ws/install/realsense2_camera:/home/dongkuo/lt_ws/realsense_ws/install/realsense2_camera_msgs:/home/dongkuo/lt_ws/realsense_ws/install/depth_to_cloud_converter:/opt/vulcanexus/humble /usr/bin/cmake --build /home/dongkuo/lt_ws/loc_ws/build/nav_demo -- -j32 -l32
[0.086s] Invoking command in '/home/dongkuo/lt_ws/loc_ws/build/nav_demo': CMAKE_PREFIX_PATH=/home/dongkuo/lt_ws/loc_ws/install/scout_base:/opt/ros/humble:/home/dongkuo/lt_ws/loc_ws/install/ugv_sdk:/home/dongkuo/lt_ws/loc_ws/install/scout_msgs:/home/dongkuo/lt_ws/loc_ws/install/scout_description:/home/dongkuo/lt_ws/loc_ws/install/point2d_loc:/home/dongkuo/lt_ws/loc_ws/install/nav_demo:/home/dongkuo/lt_ws/loc_ws/install/fast_lio:/home/dongkuo/lt_ws/loc_ws/install/livox_ros_driver2:/home/dongkuo/lt_ws/realsense_ws/install/realsense2_description:/home/dongkuo/lt_ws/realsense_ws/install/realsense2_camera:/home/dongkuo/lt_ws/realsense_ws/install/realsense2_camera_msgs:/home/dongkuo/lt_ws/realsense_ws/install/depth_to_cloud_converter:/opt/vulcanexus/humble /usr/bin/cmake --install /home/dongkuo/lt_ws/loc_ws/build/nav_demo
[0.089s] -- Install configuration: ""
[0.089s] -- Up-to-date: /home/dongkuo/lt_ws/loc_ws/install/nav_demo/lib/nav_demo/simple_navigator
[0.089s] -- Up-to-date: /home/dongkuo/lt_ws/loc_ws/install/nav_demo/share/nav_demo/launch
[0.089s] -- Up-to-date: /home/dongkuo/lt_ws/loc_ws/install/nav_demo/share/nav_demo/launch/nav2_odom_navigation.launch.py
[0.089s] -- Up-to-date: /home/dongkuo/lt_ws/loc_ws/install/nav_demo/share/nav_demo/config
[0.090s] -- Up-to-date: /home/dongkuo/lt_ws/loc_ws/install/nav_demo/share/nav_demo/config/nav2_params2.yaml
[0.090s] -- Up-to-date: /home/dongkuo/lt_ws/loc_ws/install/nav_demo/share/nav_demo/config/nav2_params.yaml
[0.090s] -- Up-to-date: /home/dongkuo/lt_ws/loc_ws/install/nav_demo/share/nav_demo/config/nav2_params1.yaml
[0.090s] -- Up-to-date: /home/dongkuo/lt_ws/loc_ws/install/nav_demo/share/ament_index/resource_index/package_run_dependencies/nav_demo
[0.090s] -- Up-to-date: /home/dongkuo/lt_ws/loc_ws/install/nav_demo/share/ament_index/resource_index/parent_prefix_path/nav_demo
[0.090s] -- Up-to-date: /home/dongkuo/lt_ws/loc_ws/install/nav_demo/share/nav_demo/environment/ament_prefix_path.sh
[0.090s] -- Up-to-date: /home/dongkuo/lt_ws/loc_ws/install/nav_demo/share/nav_demo/environment/ament_prefix_path.dsv
[0.090s] -- Up-to-date: /home/dongkuo/lt_ws/loc_ws/install/nav_demo/share/nav_demo/environment/path.sh
[0.090s] -- Up-to-date: /home/dongkuo/lt_ws/loc_ws/install/nav_demo/share/nav_demo/environment/path.dsv
[0.090s] -- Up-to-date: /home/dongkuo/lt_ws/loc_ws/install/nav_demo/share/nav_demo/local_setup.bash
[0.090s] -- Up-to-date: /home/dongkuo/lt_ws/loc_ws/install/nav_demo/share/nav_demo/local_setup.sh
[0.090s] -- Up-to-date: /home/dongkuo/lt_ws/loc_ws/install/nav_demo/share/nav_demo/local_setup.zsh
[0.090s] -- Up-to-date: /home/dongkuo/lt_ws/loc_ws/install/nav_demo/share/nav_demo/local_setup.dsv
[0.090s] -- Installing: /home/dongkuo/lt_ws/loc_ws/install/nav_demo/share/nav_demo/package.dsv
[0.091s] -- Up-to-date: /home/dongkuo/lt_ws/loc_ws/install/nav_demo/share/ament_index/resource_index/packages/nav_demo
[0.091s] -- Up-to-date: /home/dongkuo/lt_ws/loc_ws/install/nav_demo/share/nav_demo/cmake/nav_demoConfig.cmake
[0.091s] -- Up-to-date: /home/dongkuo/lt_ws/loc_ws/install/nav_demo/share/nav_demo/cmake/nav_demoConfig-version.cmake
[0.091s] -- Up-to-date: /home/dongkuo/lt_ws/loc_ws/install/nav_demo/share/nav_demo/package.xml
[0.092s] Invoked command in '/home/dongkuo/lt_ws/loc_ws/build/nav_demo' returned '0': CMAKE_PREFIX_PATH=/home/dongkuo/lt_ws/loc_ws/install/scout_base:/opt/ros/humble:/home/dongkuo/lt_ws/loc_ws/install/ugv_sdk:/home/dongkuo/lt_ws/loc_ws/install/scout_msgs:/home/dongkuo/lt_ws/loc_ws/install/scout_description:/home/dongkuo/lt_ws/loc_ws/install/point2d_loc:/home/dongkuo/lt_ws/loc_ws/install/nav_demo:/home/dongkuo/lt_ws/loc_ws/install/fast_lio:/home/dongkuo/lt_ws/loc_ws/install/livox_ros_driver2:/home/dongkuo/lt_ws/realsense_ws/install/realsense2_description:/home/dongkuo/lt_ws/realsense_ws/install/realsense2_camera:/home/dongkuo/lt_ws/realsense_ws/install/realsense2_camera_msgs:/home/dongkuo/lt_ws/realsense_ws/install/depth_to_cloud_converter:/opt/vulcanexus/humble /usr/bin/cmake --install /home/dongkuo/lt_ws/loc_ws/build/nav_demo
