[0.010s] Invoking command in '/home/dongkuo/lt_ws/loc_ws/build/point2d_loc': CMAKE_PREFIX_PATH=${CMAKE_PREFIX_PATH}:/opt/ros/humble /usr/bin/cmake /home/dongkuo/lt_ws/loc_ws/src/point2d_loc -DROS_EDITION=ROS2 -DHUMBLE_ROS=humble -DCMAKE_INSTALL_PREFIX=/home/dongkuo/lt_ws/loc_ws/install/point2d_loc
[0.046s] -- The C compiler identification is GNU 11.4.0
[0.082s] -- The CXX compiler identification is GNU 11.4.0
[0.087s] -- Detecting C compiler ABI info
[0.127s] -- Detecting C compiler ABI info - done
[0.131s] -- Check for working C compiler: /usr/bin/cc - skipped
[0.131s] -- Detecting C compile features
[0.131s] -- Detecting C compile features - done
[0.132s] -- Detecting CXX compiler ABI info
[0.180s] -- Detecting CXX compiler ABI info - done
[0.184s] -- Check for working CXX compiler: /usr/bin/c++ - skipped
[0.184s] -- Detecting CXX compile features
[0.185s] -- Detecting CXX compile features - done
[0.186s] -- Found ament_cmake: 1.3.12 (/opt/ros/humble/share/ament_cmake/cmake)
[0.272s] -- Found Python3: /usr/bin/python3 (found version "3.10.12") found components: Interpreter 
[0.326s] -- Found rclcpp: 16.0.15 (/opt/ros/humble/share/rclcpp/cmake)
[0.367s] -- Found rosidl_generator_c: 3.1.7 (/opt/ros/humble/share/rosidl_generator_c/cmake)
[0.372s] -- Found rosidl_adapter: 3.1.7 (/opt/ros/humble/share/rosidl_adapter/cmake)
[0.379s] -- Found rosidl_generator_cpp: 3.1.7 (/opt/ros/humble/share/rosidl_generator_cpp/cmake)
[0.390s] -- Using all available rosidl_typesupport_c: rosidl_typesupport_fastrtps_c;rosidl_typesupport_introspection_c
[0.404s] -- Using all available rosidl_typesupport_cpp: rosidl_typesupport_fastrtps_cpp;rosidl_typesupport_introspection_cpp
[0.447s] -- Found rmw_implementation_cmake: 6.1.2 (/opt/ros/humble/share/rmw_implementation_cmake/cmake)
[0.448s] -- Found rmw_fastrtps_cpp: 6.2.6 (/opt/vulcanexus/humble/share/rmw_fastrtps_cpp/cmake)
[0.514s] -- Found OpenSSL: /usr/lib/x86_64-linux-gnu/libcrypto.so (found version "3.0.2")  
[0.539s] -- Found FastRTPS: /opt/vulcanexus/humble/include  
[0.575s] -- Using RMW implementation 'rmw_fastrtps_cpp' as default
[0.584s] -- Looking for pthread.h
[0.640s] -- Looking for pthread.h - found
[0.640s] -- Performing Test CMAKE_HAVE_LIBC_PTHREAD
[0.694s] -- Performing Test CMAKE_HAVE_LIBC_PTHREAD - Success
[0.695s] -- Found Threads: TRUE  
[0.736s] -- Found tf2: 0.25.16 (/opt/ros/humble/share/tf2/cmake)
[0.749s] -- Found tf2_sensor_msgs: 0.25.16 (/opt/ros/humble/share/tf2_sensor_msgs/cmake)
[0.814s] -- Found nav_msgs: 4.9.0 (/opt/ros/humble/share/nav_msgs/cmake)
[0.823s] -- Found pcl_conversions: 2.4.5 (/opt/ros/humble/share/pcl_conversions/cmake)
[0.843s] -- Checking for module 'eigen3'
[0.853s] --   Found eigen3, version 3.4.0
[0.875s] -- Found Eigen: /usr/include/eigen3 (Required is at least version "3.1") 
[0.875s] -- Eigen found (include: /usr/include/eigen3, version: 3.4.0)
[0.897s] -- Checking for module 'flann'
[0.906s] --   Found flann, version 1.9.1
[0.934s] -- Found FLANN: /usr/lib/x86_64-linux-gnu/libflann_cpp.so  
[0.934s] -- FLANN found (include: /usr/include, lib: /usr/lib/x86_64-linux-gnu/libflann_cpp.so)
[1.581s] -- Checking for module 'libusb-1.0'
[1.591s] --   Found libusb-1.0, version 1.0.25
[1.614s] -- Found libusb: /usr/lib/x86_64-linux-gnu/libusb-1.0.so  
[1.615s] -- OpenNI found (version: 1.5.4.0, include: /usr/include/ni, lib: /usr/lib/libOpenNI.so;libusb::libusb)
[1.655s] -- OpenNI2 found (version: 2.2.0.33, include: /usr/include/openni2, lib: /usr/lib/x86_64-linux-gnu/libOpenNI2.so;libusb::libusb)
[1.782s] -- Eigen found (include: /usr/include/eigen3, version: 3.4.0)
[1.787s] -- OpenNI found (version: 1.5.4.0, include: /usr/include/ni, lib: /usr/lib/libOpenNI.so;libusb::libusb)
[1.792s] -- OpenNI2 found (version: 2.2.0.33, include: /usr/include/openni2, lib: /usr/lib/x86_64-linux-gnu/libOpenNI2.so;libusb::libusb)
[1.936s] -- Found Qhull version 8.0.2
[2.068s] -- OpenNI found (version: 1.5.4.0, include: /usr/include/ni, lib: /usr/lib/libOpenNI.so;libusb::libusb)
[2.210s] -- Found PCL_COMMON: /usr/lib/x86_64-linux-gnu/libpcl_common.so  
[2.210s] -- Found PCL_KDTREE: /usr/lib/x86_64-linux-gnu/libpcl_kdtree.so  
[2.211s] -- Found PCL_OCTREE: /usr/lib/x86_64-linux-gnu/libpcl_octree.so  
[2.212s] -- Found PCL_SEARCH: /usr/lib/x86_64-linux-gnu/libpcl_search.so  
[2.213s] -- Found PCL_SAMPLE_CONSENSUS: /usr/lib/x86_64-linux-gnu/libpcl_sample_consensus.so  
[2.213s] -- Found PCL_FILTERS: /usr/lib/x86_64-linux-gnu/libpcl_filters.so  
[2.214s] -- Found PCL_2D: /usr/include/pcl-1.12  
[2.214s] -- Found PCL_GEOMETRY: /usr/include/pcl-1.12  
[2.215s] -- Found PCL_IO: /usr/lib/x86_64-linux-gnu/libpcl_io.so  
[2.216s] -- Found PCL_FEATURES: /usr/lib/x86_64-linux-gnu/libpcl_features.so  
[2.217s] -- Found PCL_ML: /usr/lib/x86_64-linux-gnu/libpcl_ml.so  
[2.217s] -- Found PCL_SEGMENTATION: /usr/lib/x86_64-linux-gnu/libpcl_segmentation.so  
[2.218s] -- Found PCL_VISUALIZATION: /usr/lib/x86_64-linux-gnu/libpcl_visualization.so  
[2.219s] -- Found PCL_SURFACE: /usr/lib/x86_64-linux-gnu/libpcl_surface.so  
[2.220s] -- Found PCL_REGISTRATION: /usr/lib/x86_64-linux-gnu/libpcl_registration.so  
[2.221s] -- Found PCL_KEYPOINTS: /usr/lib/x86_64-linux-gnu/libpcl_keypoints.so  
[2.222s] -- Found PCL_TRACKING: /usr/lib/x86_64-linux-gnu/libpcl_tracking.so  
[2.223s] -- Found PCL_RECOGNITION: /usr/lib/x86_64-linux-gnu/libpcl_recognition.so  
[2.223s] -- Found PCL_STEREO: /usr/lib/x86_64-linux-gnu/libpcl_stereo.so  
[2.224s] -- Found PCL_APPS: /usr/lib/x86_64-linux-gnu/libpcl_apps.so  
[2.225s] -- Found PCL_IN_HAND_SCANNER: /usr/include/pcl-1.12  
[2.225s] -- Found PCL_MODELER: /usr/include/pcl-1.12  
[2.225s] -- Found PCL_POINT_CLOUD_EDITOR: /usr/include/pcl-1.12  
[2.226s] -- Found PCL_OUTOFCORE: /usr/lib/x86_64-linux-gnu/libpcl_outofcore.so  
[2.227s] -- Found PCL_PEOPLE: /usr/lib/x86_64-linux-gnu/libpcl_people.so  
[2.237s] -- Found OpenCV: /usr (found version "4.5.4") 
[2.242s] -- Found tf2_geometry_msgs: 0.25.16 (/opt/ros/humble/share/tf2_geometry_msgs/cmake)
[2.252s] -- Found Eigen3: TRUE (found version "3.4.0") 
[2.252s] -- Ensuring Eigen3 include directory is part of orocos-kdl CMake target
[2.289s] -- Found ament_lint_auto: 0.12.14 (/opt/ros/humble/share/ament_lint_auto/cmake)
[2.342s] -- Added test 'cppcheck' to perform static code analysis on C / C++ code
[2.342s] -- Configured cppcheck include dirs: 
[2.342s] -- Configured cppcheck exclude dirs and/or files: 
[2.343s] -- Added test 'flake8' to check Python code syntax and style conventions
[2.343s] -- Added test 'lint_cmake' to check CMake code style
[2.344s] -- Added test 'pep257' to check Python code against some of the docstring style conventions in PEP 257
[2.345s] -- Added test 'uncrustify' to check C / C++ code style
[2.345s] -- Configured uncrustify additional arguments: 
[2.345s] -- Added test 'xmllint' to check XML markup files
[2.346s] -- Configuring done
[2.403s] -- Generating done
[2.405s] [33mCMake Warning:
[2.405s]   Manually-specified variables were not used by the project:
[2.405s] 
[2.405s]     HUMBLE_ROS
[2.405s]     ROS_EDITION
[2.405s] 
[2.405s] [0m
[2.418s] -- Build files have been written to: /home/dongkuo/lt_ws/loc_ws/build/point2d_loc
[2.439s] Invoked command in '/home/dongkuo/lt_ws/loc_ws/build/point2d_loc' returned '0': CMAKE_PREFIX_PATH=${CMAKE_PREFIX_PATH}:/opt/ros/humble /usr/bin/cmake /home/dongkuo/lt_ws/loc_ws/src/point2d_loc -DROS_EDITION=ROS2 -DHUMBLE_ROS=humble -DCMAKE_INSTALL_PREFIX=/home/dongkuo/lt_ws/loc_ws/install/point2d_loc
[2.442s] Invoking command in '/home/dongkuo/lt_ws/loc_ws/build/point2d_loc': CMAKE_PREFIX_PATH=${CMAKE_PREFIX_PATH}:/opt/ros/humble /usr/bin/cmake --build /home/dongkuo/lt_ws/loc_ws/build/point2d_loc -- -j32 -l32
[2.486s] [ 50%] [32mBuilding CXX object CMakeFiles/point_look.dir/src/point_look.cpp.o[0m
[2.486s] [ 50%] [32mBuilding CXX object CMakeFiles/pointcloud_to_laserscan.dir/src/pointcloud_to_laserscan.cpp.o[0m
[6.904s] [01m[K/home/dongkuo/lt_ws/loc_ws/src/point2d_loc/src/pointcloud_to_laserscan.cpp:[m[K In member function ‘[01m[Knav_msgs::msg::OccupancyGrid PointCloudTFNode::loadMap(const string&, double, const string&)[m[K’:
[6.904s] [01m[K/home/dongkuo/lt_ws/loc_ws/src/point2d_loc/src/pointcloud_to_laserscan.cpp:311:76:[m[K [01;35m[Kwarning: [m[Kunused parameter ‘[01m[Kresolution[m[K’ [[01;35m[K]8;;https://gcc.gnu.org/onlinedocs/gcc/Warning-Options.html#index-Wunused-parameter-Wunused-parameter]8;;[m[K]
[6.904s]   311 | ::OccupancyGrid loadMap(const std::string &pgm_file, [01;35m[Kdouble resolution[m[K, const std::string &override_image_file = "")
[6.904s]       |                                                      [01;35m[K~~~~~~~^~~~~~~~~~[m[K
[6.904s] 
[8.471s] [ 75%] [32m[1mLinking CXX executable point_look[0m
[8.888s] [ 75%] Built target point_look
[15.579s] [100%] [32m[1mLinking CXX executable pointcloud_to_laserscan[0m
[16.490s] [100%] Built target pointcloud_to_laserscan
[16.502s] Invoked command in '/home/dongkuo/lt_ws/loc_ws/build/point2d_loc' returned '0': CMAKE_PREFIX_PATH=${CMAKE_PREFIX_PATH}:/opt/ros/humble /usr/bin/cmake --build /home/dongkuo/lt_ws/loc_ws/build/point2d_loc -- -j32 -l32
[16.503s] Invoking command in '/home/dongkuo/lt_ws/loc_ws/build/point2d_loc': CMAKE_PREFIX_PATH=${CMAKE_PREFIX_PATH}:/opt/ros/humble /usr/bin/cmake --install /home/dongkuo/lt_ws/loc_ws/build/point2d_loc
[16.508s] -- Install configuration: ""
[16.508s] -- Installing: /home/dongkuo/lt_ws/loc_ws/install/point2d_loc/lib/point2d_loc/pointcloud_to_laserscan
[16.512s] -- Set runtime path of "/home/dongkuo/lt_ws/loc_ws/install/point2d_loc/lib/point2d_loc/pointcloud_to_laserscan" to ""
[16.512s] -- Installing: /home/dongkuo/lt_ws/loc_ws/install/point2d_loc/lib/point2d_loc/point_look
[16.513s] -- Set runtime path of "/home/dongkuo/lt_ws/loc_ws/install/point2d_loc/lib/point2d_loc/point_look" to ""
[16.513s] -- Installing: /home/dongkuo/lt_ws/loc_ws/install/point2d_loc/share/point2d_loc/launch
[16.513s] -- Installing: /home/dongkuo/lt_ws/loc_ws/install/point2d_loc/share/point2d_loc/launch/pointcloud_to_laserscan_launch.py
[16.513s] -- Installing: /home/dongkuo/lt_ws/loc_ws/install/point2d_loc/share/point2d_loc/map
[16.513s] -- Installing: /home/dongkuo/lt_ws/loc_ws/install/point2d_loc/share/point2d_loc/map/office2.pgm
[16.513s] -- Installing: /home/dongkuo/lt_ws/loc_ws/install/point2d_loc/share/point2d_loc/map/test.pcd
[16.515s] -- Installing: /home/dongkuo/lt_ws/loc_ws/install/point2d_loc/share/point2d_loc/map/office2.yaml
[16.515s] -- Installing: /home/dongkuo/lt_ws/loc_ws/install/point2d_loc/share/point2d_loc/rviz
[16.515s] -- Installing: /home/dongkuo/lt_ws/loc_ws/install/point2d_loc/share/point2d_loc/rviz/loc_map.rviz
[16.515s] -- Installing: /home/dongkuo/lt_ws/loc_ws/install/point2d_loc/share/point2d_loc/rviz/rviz.rviz
[16.515s] -- Installing: /home/dongkuo/lt_ws/loc_ws/install/point2d_loc/share/ament_index/resource_index/package_run_dependencies/point2d_loc
[16.515s] -- Installing: /home/dongkuo/lt_ws/loc_ws/install/point2d_loc/share/ament_index/resource_index/parent_prefix_path/point2d_loc
[16.515s] -- Installing: /home/dongkuo/lt_ws/loc_ws/install/point2d_loc/share/point2d_loc/environment/ament_prefix_path.sh
[16.515s] -- Installing: /home/dongkuo/lt_ws/loc_ws/install/point2d_loc/share/point2d_loc/environment/ament_prefix_path.dsv
[16.515s] -- Installing: /home/dongkuo/lt_ws/loc_ws/install/point2d_loc/share/point2d_loc/environment/path.sh
[16.515s] -- Installing: /home/dongkuo/lt_ws/loc_ws/install/point2d_loc/share/point2d_loc/environment/path.dsv
[16.515s] -- Installing: /home/dongkuo/lt_ws/loc_ws/install/point2d_loc/share/point2d_loc/local_setup.bash
[16.515s] -- Installing: /home/dongkuo/lt_ws/loc_ws/install/point2d_loc/share/point2d_loc/local_setup.sh
[16.515s] -- Installing: /home/dongkuo/lt_ws/loc_ws/install/point2d_loc/share/point2d_loc/local_setup.zsh
[16.515s] -- Installing: /home/dongkuo/lt_ws/loc_ws/install/point2d_loc/share/point2d_loc/local_setup.dsv
[16.515s] -- Installing: /home/dongkuo/lt_ws/loc_ws/install/point2d_loc/share/point2d_loc/package.dsv
[16.515s] -- Installing: /home/dongkuo/lt_ws/loc_ws/install/point2d_loc/share/ament_index/resource_index/packages/point2d_loc
[16.515s] -- Installing: /home/dongkuo/lt_ws/loc_ws/install/point2d_loc/share/point2d_loc/cmake/point2d_locConfig.cmake
[16.515s] -- Installing: /home/dongkuo/lt_ws/loc_ws/install/point2d_loc/share/point2d_loc/cmake/point2d_locConfig-version.cmake
[16.515s] -- Installing: /home/dongkuo/lt_ws/loc_ws/install/point2d_loc/share/point2d_loc/package.xml
[16.517s] Invoked command in '/home/dongkuo/lt_ws/loc_ws/build/point2d_loc' returned '0': CMAKE_PREFIX_PATH=${CMAKE_PREFIX_PATH}:/opt/ros/humble /usr/bin/cmake --install /home/dongkuo/lt_ws/loc_ws/build/point2d_loc
