[0.016s] Invoking command in '/home/dongkuo/lt_ws/loc_ws/build/point2d_loc': CMAKE_PREFIX_PATH=/home/dongkuo/lt_ws/loc_ws/install/scout_base:/opt/ros/humble:/home/dongkuo/lt_ws/loc_ws/install/ugv_sdk:/home/dongkuo/lt_ws/loc_ws/install/scout_msgs:/home/dongkuo/lt_ws/loc_ws/install/scout_description:/home/dongkuo/lt_ws/loc_ws/install/point2d_loc:/home/dongkuo/lt_ws/loc_ws/install/nav_demo:/home/dongkuo/lt_ws/loc_ws/install/fast_lio:/home/dongkuo/lt_ws/loc_ws/install/livox_ros_driver2:/home/dongkuo/lt_ws/realsense_ws/install/realsense2_description:/home/dongkuo/lt_ws/realsense_ws/install/realsense2_camera:/home/dongkuo/lt_ws/realsense_ws/install/realsense2_camera_msgs:/home/dongkuo/lt_ws/realsense_ws/install/depth_to_cloud_converter:/opt/vulcanexus/humble /usr/bin/cmake --build /home/dongkuo/lt_ws/loc_ws/build/point2d_loc -- -j32 -l32
[0.035s] -- Found ament_cmake: 1.3.12 (/opt/ros/humble/share/ament_cmake/cmake)
[0.150s] -- Found rclcpp: 16.0.15 (/opt/ros/humble/share/rclcpp/cmake)
[0.172s] -- Found rosidl_generator_c: 3.1.7 (/opt/ros/humble/share/rosidl_generator_c/cmake)
[0.173s] -- Found rosidl_adapter: 3.1.7 (/opt/ros/humble/share/rosidl_adapter/cmake)
[0.177s] -- Found rosidl_generator_cpp: 3.1.7 (/opt/ros/humble/share/rosidl_generator_cpp/cmake)
[0.182s] -- Using all available rosidl_typesupport_c: rosidl_typesupport_fastrtps_c;rosidl_typesupport_introspection_c
[0.190s] -- Using all available rosidl_typesupport_cpp: rosidl_typesupport_fastrtps_cpp;rosidl_typesupport_introspection_cpp
[0.209s] -- Found rmw_implementation_cmake: 6.1.2 (/opt/ros/humble/share/rmw_implementation_cmake/cmake)
[0.210s] -- Found rmw_fastrtps_cpp: 6.2.6 (/opt/vulcanexus/humble/share/rmw_fastrtps_cpp/cmake)
[0.277s] -- Using RMW implementation 'rmw_fastrtps_cpp' as default
[0.304s] -- Found tf2: 0.25.16 (/opt/ros/humble/share/tf2/cmake)
[0.313s] -- Found tf2_sensor_msgs: 0.25.16 (/opt/ros/humble/share/tf2_sensor_msgs/cmake)
[0.372s] -- Found nav_msgs: 4.9.0 (/opt/ros/humble/share/nav_msgs/cmake)
[0.381s] -- Found pcl_conversions: 2.4.5 (/opt/ros/humble/share/pcl_conversions/cmake)
[0.402s] -- Eigen found (include: /usr/include/eigen3, version: 3.4.0)
[0.426s] -- FLANN found (include: /usr/include, lib: /usr/lib/x86_64-linux-gnu/libflann_cpp.so)
[0.642s] -- OpenNI found (version: 1.5.4.0, include: /usr/include/ni, lib: /usr/lib/libOpenNI.so;libusb::libusb)
[0.647s] -- OpenNI2 found (version: 2.2.0.33, include: /usr/include/openni2, lib: /usr/lib/x86_64-linux-gnu/libOpenNI2.so;libusb::libusb)
[0.748s] -- Eigen found (include: /usr/include/eigen3, version: 3.4.0)
[0.753s] -- OpenNI found (version: 1.5.4.0, include: /usr/include/ni, lib: /usr/lib/libOpenNI.so;libusb::libusb)
[0.758s] -- OpenNI2 found (version: 2.2.0.33, include: /usr/include/openni2, lib: /usr/lib/x86_64-linux-gnu/libOpenNI2.so;libusb::libusb)
[0.855s] -- Found Qhull version 8.0.2
[0.953s] -- OpenNI found (version: 1.5.4.0, include: /usr/include/ni, lib: /usr/lib/libOpenNI.so;libusb::libusb)
[1.050s] -- Found tf2_geometry_msgs: 0.25.16 (/opt/ros/humble/share/tf2_geometry_msgs/cmake)
[1.052s] -- Ensuring Eigen3 include directory is part of orocos-kdl CMake target
[1.083s] -- Found ament_lint_auto: 0.12.14 (/opt/ros/humble/share/ament_lint_auto/cmake)
[1.122s] -- Added test 'cppcheck' to perform static code analysis on C / C++ code
[1.122s] -- Configured cppcheck include dirs: 
[1.122s] -- Configured cppcheck exclude dirs and/or files: 
[1.122s] -- Added test 'flake8' to check Python code syntax and style conventions
[1.123s] -- Added test 'lint_cmake' to check CMake code style
[1.123s] -- Added test 'pep257' to check Python code against some of the docstring style conventions in PEP 257
[1.123s] -- Added test 'uncrustify' to check C / C++ code style
[1.123s] -- Configured uncrustify additional arguments: 
[1.124s] -- Added test 'xmllint' to check XML markup files
[1.124s] -- Configuring done
[1.129s] [31mCMake Error at CMakeLists.txt:55 (add_executable):
[1.129s]   Cannot find source file:
[1.129s] 
[1.129s]     src/laser_to_scan.cpp
[1.129s] 
[1.129s]   Tried extensions .c .C .c++ .cc .cpp .cxx .cu .mpp .m .M .mm .ixx .cppm .h
[1.129s]   .hh .h++ .hm .hpp .hxx .in .txx .f .F .for .f77 .f90 .f95 .f03 .hip .ispc
[1.129s] 
[1.129s] [0m
[1.131s] [31mCMake Error at CMakeLists.txt:55 (add_executable):
[1.131s]   No SOURCES given to target: laser_to_scan
[1.131s] 
[1.131s] [0m
[1.131s] [0mCMake Generate step failed.  Build files cannot be regenerated correctly.[0m
[1.139s] gmake: *** [Makefile:308: cmake_check_build_system] Error 1
[1.140s] Invoked command in '/home/dongkuo/lt_ws/loc_ws/build/point2d_loc' returned '2': CMAKE_PREFIX_PATH=/home/dongkuo/lt_ws/loc_ws/install/scout_base:/opt/ros/humble:/home/dongkuo/lt_ws/loc_ws/install/ugv_sdk:/home/dongkuo/lt_ws/loc_ws/install/scout_msgs:/home/dongkuo/lt_ws/loc_ws/install/scout_description:/home/dongkuo/lt_ws/loc_ws/install/point2d_loc:/home/dongkuo/lt_ws/loc_ws/install/nav_demo:/home/dongkuo/lt_ws/loc_ws/install/fast_lio:/home/dongkuo/lt_ws/loc_ws/install/livox_ros_driver2:/home/dongkuo/lt_ws/realsense_ws/install/realsense2_description:/home/dongkuo/lt_ws/realsense_ws/install/realsense2_camera:/home/dongkuo/lt_ws/realsense_ws/install/realsense2_camera_msgs:/home/dongkuo/lt_ws/realsense_ws/install/depth_to_cloud_converter:/opt/vulcanexus/humble /usr/bin/cmake --build /home/dongkuo/lt_ws/loc_ws/build/point2d_loc -- -j32 -l32
