[0.014s] Invoking command in '/home/dongkuo/lt_ws/loc_ws/build/scout_description': CMAKE_PREFIX_PATH=/home/dongkuo/lt_ws/loc_ws/install/scout_base:/opt/ros/humble:/home/dongkuo/lt_ws/loc_ws/install/ugv_sdk:/home/dongkuo/lt_ws/loc_ws/install/scout_msgs:/home/dongkuo/lt_ws/loc_ws/install/scout_description:/home/dongkuo/lt_ws/loc_ws/install/point2d_loc:/home/dongkuo/lt_ws/loc_ws/install/nav_demo:/home/dongkuo/lt_ws/loc_ws/install/fast_lio:/home/dongkuo/lt_ws/loc_ws/install/livox_ros_driver2:/home/dongkuo/lt_ws/realsense_ws/install/realsense2_description:/home/dongkuo/lt_ws/realsense_ws/install/realsense2_camera:/home/dongkuo/lt_ws/realsense_ws/install/realsense2_camera_msgs:/home/dongkuo/lt_ws/realsense_ws/install/depth_to_cloud_converter:/opt/vulcanexus/humble /usr/bin/cmake --build /home/dongkuo/lt_ws/loc_ws/build/scout_description -- -j32 -l32
[0.039s] Invoked command in '/home/dongkuo/lt_ws/loc_ws/build/scout_description' returned '0': CMAKE_PREFIX_PATH=/home/dongkuo/lt_ws/loc_ws/install/scout_base:/opt/ros/humble:/home/dongkuo/lt_ws/loc_ws/install/ugv_sdk:/home/dongkuo/lt_ws/loc_ws/install/scout_msgs:/home/dongkuo/lt_ws/loc_ws/install/scout_description:/home/dongkuo/lt_ws/loc_ws/install/point2d_loc:/home/dongkuo/lt_ws/loc_ws/install/nav_demo:/home/dongkuo/lt_ws/loc_ws/install/fast_lio:/home/dongkuo/lt_ws/loc_ws/install/livox_ros_driver2:/home/dongkuo/lt_ws/realsense_ws/install/realsense2_description:/home/dongkuo/lt_ws/realsense_ws/install/realsense2_camera:/home/dongkuo/lt_ws/realsense_ws/install/realsense2_camera_msgs:/home/dongkuo/lt_ws/realsense_ws/install/depth_to_cloud_converter:/opt/vulcanexus/humble /usr/bin/cmake --build /home/dongkuo/lt_ws/loc_ws/build/scout_description -- -j32 -l32
[0.047s] Invoking command in '/home/dongkuo/lt_ws/loc_ws/build/scout_description': CMAKE_PREFIX_PATH=/home/dongkuo/lt_ws/loc_ws/install/scout_base:/opt/ros/humble:/home/dongkuo/lt_ws/loc_ws/install/ugv_sdk:/home/dongkuo/lt_ws/loc_ws/install/scout_msgs:/home/dongkuo/lt_ws/loc_ws/install/scout_description:/home/dongkuo/lt_ws/loc_ws/install/point2d_loc:/home/dongkuo/lt_ws/loc_ws/install/nav_demo:/home/dongkuo/lt_ws/loc_ws/install/fast_lio:/home/dongkuo/lt_ws/loc_ws/install/livox_ros_driver2:/home/dongkuo/lt_ws/realsense_ws/install/realsense2_description:/home/dongkuo/lt_ws/realsense_ws/install/realsense2_camera:/home/dongkuo/lt_ws/realsense_ws/install/realsense2_camera_msgs:/home/dongkuo/lt_ws/realsense_ws/install/depth_to_cloud_converter:/opt/vulcanexus/humble /usr/bin/cmake --install /home/dongkuo/lt_ws/loc_ws/build/scout_description
[0.054s] -- Install configuration: ""
[0.054s] -- Up-to-date: /home/dongkuo/lt_ws/loc_ws/install/scout_description/share/scout_description//launch
[0.054s] -- Up-to-date: /home/dongkuo/lt_ws/loc_ws/install/scout_description/share/scout_description//launch/scout_base_description.launch.py
[0.054s] -- Up-to-date: /home/dongkuo/lt_ws/loc_ws/install/scout_description/share/scout_description//urdf
[0.054s] -- Up-to-date: /home/dongkuo/lt_ws/loc_ws/install/scout_description/share/scout_description//urdf/scout_v2.xacro
[0.054s] -- Up-to-date: /home/dongkuo/lt_ws/loc_ws/install/scout_description/share/scout_description//urdf/scout_mini_wheel_2.xacro
[0.054s] -- Up-to-date: /home/dongkuo/lt_ws/loc_ws/install/scout_description/share/scout_description//urdf/scout_mini_wheel_1.xacro
[0.054s] -- Up-to-date: /home/dongkuo/lt_ws/loc_ws/install/scout_description/share/scout_description//urdf/scout_wheel_type2.xacro
[0.054s] -- Up-to-date: /home/dongkuo/lt_ws/loc_ws/install/scout_description/share/scout_description//urdf/scout_mini.xacro
[0.054s] -- Up-to-date: /home/dongkuo/lt_ws/loc_ws/install/scout_description/share/scout_description//urdf/scout_mini_wheel_4.xacro
[0.054s] -- Up-to-date: /home/dongkuo/lt_ws/loc_ws/install/scout_description/share/scout_description//urdf/scout_mini.gazebo
[0.055s] -- Up-to-date: /home/dongkuo/lt_ws/loc_ws/install/scout_description/share/scout_description//urdf/scout_v2.urdf
[0.055s] -- Up-to-date: /home/dongkuo/lt_ws/loc_ws/install/scout_description/share/scout_description//urdf/scout_mini_wheel_3.xacro
[0.055s] -- Up-to-date: /home/dongkuo/lt_ws/loc_ws/install/scout_description/share/scout_description//urdf/scout_mini.urdf
[0.055s] -- Up-to-date: /home/dongkuo/lt_ws/loc_ws/install/scout_description/share/scout_description//urdf/scout_mini_wheel.gazebo
[0.055s] -- Up-to-date: /home/dongkuo/lt_ws/loc_ws/install/scout_description/share/scout_description//urdf/empty.urdf
[0.055s] -- Up-to-date: /home/dongkuo/lt_ws/loc_ws/install/scout_description/share/scout_description//urdf/scout_wheel_type1.xacro
[0.055s] -- Up-to-date: /home/dongkuo/lt_ws/loc_ws/install/scout_description/share/scout_description//urdf/generate_urdf.sh
[0.055s] -- Up-to-date: /home/dongkuo/lt_ws/loc_ws/install/scout_description/share/scout_description//meshes
[0.055s] -- Up-to-date: /home/dongkuo/lt_ws/loc_ws/install/scout_description/share/scout_description//meshes/base_link.dae
[0.055s] -- Up-to-date: /home/dongkuo/lt_ws/loc_ws/install/scout_description/share/scout_description//meshes/wheel_type2.dae
[0.055s] -- Up-to-date: /home/dongkuo/lt_ws/loc_ws/install/scout_description/share/scout_description//meshes/hokuyo.dae
[0.055s] -- Up-to-date: /home/dongkuo/lt_ws/loc_ws/install/scout_description/share/scout_description//meshes/base_link_full.dae
[0.055s] -- Up-to-date: /home/dongkuo/lt_ws/loc_ws/install/scout_description/share/scout_description//meshes/wheel_type1.dae
[0.055s] -- Up-to-date: /home/dongkuo/lt_ws/loc_ws/install/scout_description/share/ament_index/resource_index/package_run_dependencies/scout_description
[0.055s] -- Up-to-date: /home/dongkuo/lt_ws/loc_ws/install/scout_description/share/ament_index/resource_index/parent_prefix_path/scout_description
[0.055s] -- Up-to-date: /home/dongkuo/lt_ws/loc_ws/install/scout_description/share/scout_description/environment/ament_prefix_path.sh
[0.055s] -- Up-to-date: /home/dongkuo/lt_ws/loc_ws/install/scout_description/share/scout_description/environment/ament_prefix_path.dsv
[0.055s] -- Up-to-date: /home/dongkuo/lt_ws/loc_ws/install/scout_description/share/scout_description/environment/path.sh
[0.055s] -- Up-to-date: /home/dongkuo/lt_ws/loc_ws/install/scout_description/share/scout_description/environment/path.dsv
[0.056s] -- Up-to-date: /home/dongkuo/lt_ws/loc_ws/install/scout_description/share/scout_description/local_setup.bash
[0.056s] -- Up-to-date: /home/dongkuo/lt_ws/loc_ws/install/scout_description/share/scout_description/local_setup.sh
[0.056s] -- Up-to-date: /home/dongkuo/lt_ws/loc_ws/install/scout_description/share/scout_description/local_setup.zsh
[0.056s] -- Up-to-date: /home/dongkuo/lt_ws/loc_ws/install/scout_description/share/scout_description/local_setup.dsv
[0.056s] -- Installing: /home/dongkuo/lt_ws/loc_ws/install/scout_description/share/scout_description/package.dsv
[0.056s] -- Up-to-date: /home/dongkuo/lt_ws/loc_ws/install/scout_description/share/ament_index/resource_index/packages/scout_description
[0.056s] -- Up-to-date: /home/dongkuo/lt_ws/loc_ws/install/scout_description/share/scout_description/cmake/scout_descriptionConfig.cmake
[0.056s] -- Up-to-date: /home/dongkuo/lt_ws/loc_ws/install/scout_description/share/scout_description/cmake/scout_descriptionConfig-version.cmake
[0.056s] -- Up-to-date: /home/dongkuo/lt_ws/loc_ws/install/scout_description/share/scout_description/package.xml
[0.059s] Invoked command in '/home/dongkuo/lt_ws/loc_ws/build/scout_description' returned '0': CMAKE_PREFIX_PATH=/home/dongkuo/lt_ws/loc_ws/install/scout_base:/opt/ros/humble:/home/dongkuo/lt_ws/loc_ws/install/ugv_sdk:/home/dongkuo/lt_ws/loc_ws/install/scout_msgs:/home/dongkuo/lt_ws/loc_ws/install/scout_description:/home/dongkuo/lt_ws/loc_ws/install/point2d_loc:/home/dongkuo/lt_ws/loc_ws/install/nav_demo:/home/dongkuo/lt_ws/loc_ws/install/fast_lio:/home/dongkuo/lt_ws/loc_ws/install/livox_ros_driver2:/home/dongkuo/lt_ws/realsense_ws/install/realsense2_description:/home/dongkuo/lt_ws/realsense_ws/install/realsense2_camera:/home/dongkuo/lt_ws/realsense_ws/install/realsense2_camera_msgs:/home/dongkuo/lt_ws/realsense_ws/install/depth_to_cloud_converter:/opt/vulcanexus/humble /usr/bin/cmake --install /home/dongkuo/lt_ws/loc_ws/build/scout_description
