[0.026s] Invoking command in '/home/dongkuo/lt_ws/loc_ws/build/point2d_loc': CMAKE_PREFIX_PATH=/home/dongkuo/lt_ws/loc_ws/install/scout_base:/opt/ros/humble:/home/dongkuo/lt_ws/loc_ws/install/ugv_sdk:/home/dongkuo/lt_ws/loc_ws/install/scout_msgs:/home/dongkuo/lt_ws/loc_ws/install/scout_description:/home/dongkuo/lt_ws/loc_ws/install/point2d_loc:/home/dongkuo/lt_ws/loc_ws/install/nav_demo:/home/dongkuo/lt_ws/loc_ws/install/fast_lio:/home/dongkuo/lt_ws/loc_ws/install/livox_ros_driver2:/home/dongkuo/lt_ws/realsense_ws/install/realsense2_description:/home/dongkuo/lt_ws/realsense_ws/install/realsense2_camera:/home/dongkuo/lt_ws/realsense_ws/install/realsense2_camera_msgs:/home/dongkuo/lt_ws/realsense_ws/install/depth_to_cloud_converter:/opt/vulcanexus/humble /usr/bin/cmake --build /home/dongkuo/lt_ws/loc_ws/build/point2d_loc -- -j32 -l32
[0.049s] -- Found ament_cmake: 1.3.12 (/opt/ros/humble/share/ament_cmake/cmake)
[0.153s] -- Found rclcpp: 16.0.15 (/opt/ros/humble/share/rclcpp/cmake)
[0.174s] -- Found rosidl_generator_c: 3.1.7 (/opt/ros/humble/share/rosidl_generator_c/cmake)
[0.175s] -- Found rosidl_adapter: 3.1.7 (/opt/ros/humble/share/rosidl_adapter/cmake)
[0.179s] -- Found rosidl_generator_cpp: 3.1.7 (/opt/ros/humble/share/rosidl_generator_cpp/cmake)
[0.184s] -- Using all available rosidl_typesupport_c: rosidl_typesupport_fastrtps_c;rosidl_typesupport_introspection_c
[0.191s] -- Using all available rosidl_typesupport_cpp: rosidl_typesupport_fastrtps_cpp;rosidl_typesupport_introspection_cpp
[0.208s] -- Found rmw_implementation_cmake: 6.1.2 (/opt/ros/humble/share/rmw_implementation_cmake/cmake)
[0.209s] -- Found rmw_fastrtps_cpp: 6.2.6 (/opt/vulcanexus/humble/share/rmw_fastrtps_cpp/cmake)
[0.278s] -- Using RMW implementation 'rmw_fastrtps_cpp' as default
[0.304s] -- Found tf2: 0.25.16 (/opt/ros/humble/share/tf2/cmake)
[0.313s] -- Found tf2_sensor_msgs: 0.25.16 (/opt/ros/humble/share/tf2_sensor_msgs/cmake)
[0.372s] -- Found nav_msgs: 4.9.0 (/opt/ros/humble/share/nav_msgs/cmake)
[0.381s] -- Found pcl_conversions: 2.4.5 (/opt/ros/humble/share/pcl_conversions/cmake)
[0.403s] -- Eigen found (include: /usr/include/eigen3, version: 3.4.0)
[0.428s] -- FLANN found (include: /usr/include, lib: /usr/lib/x86_64-linux-gnu/libflann_cpp.so)
[0.636s] -- OpenNI found (version: 1.5.4.0, include: /usr/include/ni, lib: /usr/lib/libOpenNI.so;libusb::libusb)
[0.640s] -- OpenNI2 found (version: 2.2.0.33, include: /usr/include/openni2, lib: /usr/lib/x86_64-linux-gnu/libOpenNI2.so;libusb::libusb)
[0.736s] -- Eigen found (include: /usr/include/eigen3, version: 3.4.0)
[0.740s] -- OpenNI found (version: 1.5.4.0, include: /usr/include/ni, lib: /usr/lib/libOpenNI.so;libusb::libusb)
[0.745s] -- OpenNI2 found (version: 2.2.0.33, include: /usr/include/openni2, lib: /usr/lib/x86_64-linux-gnu/libOpenNI2.so;libusb::libusb)
[0.840s] -- Found Qhull version 8.0.2
[0.956s] -- OpenNI found (version: 1.5.4.0, include: /usr/include/ni, lib: /usr/lib/libOpenNI.so;libusb::libusb)
[1.050s] -- Found tf2_geometry_msgs: 0.25.16 (/opt/ros/humble/share/tf2_geometry_msgs/cmake)
[1.052s] -- Ensuring Eigen3 include directory is part of orocos-kdl CMake target
[1.081s] -- Found ament_lint_auto: 0.12.14 (/opt/ros/humble/share/ament_lint_auto/cmake)
[1.116s] -- Added test 'cppcheck' to perform static code analysis on C / C++ code
[1.116s] -- Configured cppcheck include dirs: 
[1.117s] -- Configured cppcheck exclude dirs and/or files: 
[1.117s] -- Added test 'flake8' to check Python code syntax and style conventions
[1.117s] -- Added test 'lint_cmake' to check CMake code style
[1.117s] -- Added test 'pep257' to check Python code against some of the docstring style conventions in PEP 257
[1.117s] -- Added test 'uncrustify' to check C / C++ code style
[1.117s] -- Configured uncrustify additional arguments: 
[1.118s] -- Added test 'xmllint' to check XML markup files
[1.118s] -- Configuring done
[1.160s] -- Generating done
[1.171s] -- Build files have been written to: /home/dongkuo/lt_ws/loc_ws/build/point2d_loc
[1.201s] [35m[1mConsolidate compiler generated dependencies of target point_look[0m
[1.201s] [35m[1mConsolidate compiler generated dependencies of target pointcloud_to_laserscan[0m
[1.207s] [ 16%] [32mBuilding CXX object CMakeFiles/livox_to_scan.dir/src/livox_to_scan.cpp.o[0m
[1.227s] [ 50%] Built target point_look
[1.232s] [ 83%] Built target pointcloud_to_laserscan
[6.881s] [100%] [32m[1mLinking CXX executable livox_to_scan[0m
[7.298s] [100%] Built target livox_to_scan
[7.310s] Invoked command in '/home/dongkuo/lt_ws/loc_ws/build/point2d_loc' returned '0': CMAKE_PREFIX_PATH=/home/dongkuo/lt_ws/loc_ws/install/scout_base:/opt/ros/humble:/home/dongkuo/lt_ws/loc_ws/install/ugv_sdk:/home/dongkuo/lt_ws/loc_ws/install/scout_msgs:/home/dongkuo/lt_ws/loc_ws/install/scout_description:/home/dongkuo/lt_ws/loc_ws/install/point2d_loc:/home/dongkuo/lt_ws/loc_ws/install/nav_demo:/home/dongkuo/lt_ws/loc_ws/install/fast_lio:/home/dongkuo/lt_ws/loc_ws/install/livox_ros_driver2:/home/dongkuo/lt_ws/realsense_ws/install/realsense2_description:/home/dongkuo/lt_ws/realsense_ws/install/realsense2_camera:/home/dongkuo/lt_ws/realsense_ws/install/realsense2_camera_msgs:/home/dongkuo/lt_ws/realsense_ws/install/depth_to_cloud_converter:/opt/vulcanexus/humble /usr/bin/cmake --build /home/dongkuo/lt_ws/loc_ws/build/point2d_loc -- -j32 -l32
[7.312s] Invoking command in '/home/dongkuo/lt_ws/loc_ws/build/point2d_loc': CMAKE_PREFIX_PATH=/home/dongkuo/lt_ws/loc_ws/install/scout_base:/opt/ros/humble:/home/dongkuo/lt_ws/loc_ws/install/ugv_sdk:/home/dongkuo/lt_ws/loc_ws/install/scout_msgs:/home/dongkuo/lt_ws/loc_ws/install/scout_description:/home/dongkuo/lt_ws/loc_ws/install/point2d_loc:/home/dongkuo/lt_ws/loc_ws/install/nav_demo:/home/dongkuo/lt_ws/loc_ws/install/fast_lio:/home/dongkuo/lt_ws/loc_ws/install/livox_ros_driver2:/home/dongkuo/lt_ws/realsense_ws/install/realsense2_description:/home/dongkuo/lt_ws/realsense_ws/install/realsense2_camera:/home/dongkuo/lt_ws/realsense_ws/install/realsense2_camera_msgs:/home/dongkuo/lt_ws/realsense_ws/install/depth_to_cloud_converter:/opt/vulcanexus/humble /usr/bin/cmake --install /home/dongkuo/lt_ws/loc_ws/build/point2d_loc
[7.320s] -- Install configuration: ""
[7.321s] -- Up-to-date: /home/dongkuo/lt_ws/loc_ws/install/point2d_loc/lib/point2d_loc/pointcloud_to_laserscan
[7.321s] -- Up-to-date: /home/dongkuo/lt_ws/loc_ws/install/point2d_loc/lib/point2d_loc/point_look
[7.321s] -- Installing: /home/dongkuo/lt_ws/loc_ws/install/point2d_loc/lib/point2d_loc/livox_to_scan
[7.324s] -- Set runtime path of "/home/dongkuo/lt_ws/loc_ws/install/point2d_loc/lib/point2d_loc/livox_to_scan" to ""
[7.325s] -- Up-to-date: /home/dongkuo/lt_ws/loc_ws/install/point2d_loc/share/point2d_loc/launch
[7.325s] -- Up-to-date: /home/dongkuo/lt_ws/loc_ws/install/point2d_loc/share/point2d_loc/launch/pointcloud_to_laserscan_launch.py
[7.325s] -- Installing: /home/dongkuo/lt_ws/loc_ws/install/point2d_loc/share/point2d_loc/launch/laser_tf_pub.py
[7.325s] -- Up-to-date: /home/dongkuo/lt_ws/loc_ws/install/point2d_loc/share/point2d_loc/map
[7.325s] -- Up-to-date: /home/dongkuo/lt_ws/loc_ws/install/point2d_loc/share/point2d_loc/map/office2.pgm
[7.325s] -- Up-to-date: /home/dongkuo/lt_ws/loc_ws/install/point2d_loc/share/point2d_loc/map/test.pcd
[7.325s] -- Up-to-date: /home/dongkuo/lt_ws/loc_ws/install/point2d_loc/share/point2d_loc/map/office2.yaml
[7.325s] -- Up-to-date: /home/dongkuo/lt_ws/loc_ws/install/point2d_loc/share/point2d_loc/rviz
[7.325s] -- Up-to-date: /home/dongkuo/lt_ws/loc_ws/install/point2d_loc/share/point2d_loc/rviz/loc_map.rviz
[7.325s] -- Up-to-date: /home/dongkuo/lt_ws/loc_ws/install/point2d_loc/share/point2d_loc/rviz/rviz.rviz
[7.325s] -- Up-to-date: /home/dongkuo/lt_ws/loc_ws/install/point2d_loc/share/ament_index/resource_index/package_run_dependencies/point2d_loc
[7.325s] -- Up-to-date: /home/dongkuo/lt_ws/loc_ws/install/point2d_loc/share/ament_index/resource_index/parent_prefix_path/point2d_loc
[7.325s] -- Up-to-date: /home/dongkuo/lt_ws/loc_ws/install/point2d_loc/share/point2d_loc/environment/ament_prefix_path.sh
[7.325s] -- Installing: /home/dongkuo/lt_ws/loc_ws/install/point2d_loc/share/point2d_loc/environment/ament_prefix_path.dsv
[7.325s] -- Up-to-date: /home/dongkuo/lt_ws/loc_ws/install/point2d_loc/share/point2d_loc/environment/path.sh
[7.325s] -- Installing: /home/dongkuo/lt_ws/loc_ws/install/point2d_loc/share/point2d_loc/environment/path.dsv
[7.325s] -- Up-to-date: /home/dongkuo/lt_ws/loc_ws/install/point2d_loc/share/point2d_loc/local_setup.bash
[7.325s] -- Up-to-date: /home/dongkuo/lt_ws/loc_ws/install/point2d_loc/share/point2d_loc/local_setup.sh
[7.325s] -- Up-to-date: /home/dongkuo/lt_ws/loc_ws/install/point2d_loc/share/point2d_loc/local_setup.zsh
[7.325s] -- Installing: /home/dongkuo/lt_ws/loc_ws/install/point2d_loc/share/point2d_loc/local_setup.dsv
[7.325s] -- Installing: /home/dongkuo/lt_ws/loc_ws/install/point2d_loc/share/point2d_loc/package.dsv
[7.325s] -- Up-to-date: /home/dongkuo/lt_ws/loc_ws/install/point2d_loc/share/ament_index/resource_index/packages/point2d_loc
[7.325s] -- Up-to-date: /home/dongkuo/lt_ws/loc_ws/install/point2d_loc/share/point2d_loc/cmake/point2d_locConfig.cmake
[7.325s] -- Up-to-date: /home/dongkuo/lt_ws/loc_ws/install/point2d_loc/share/point2d_loc/cmake/point2d_locConfig-version.cmake
[7.325s] -- Up-to-date: /home/dongkuo/lt_ws/loc_ws/install/point2d_loc/share/point2d_loc/package.xml
[7.326s] Invoked command in '/home/dongkuo/lt_ws/loc_ws/build/point2d_loc' returned '0': CMAKE_PREFIX_PATH=/home/dongkuo/lt_ws/loc_ws/install/scout_base:/opt/ros/humble:/home/dongkuo/lt_ws/loc_ws/install/ugv_sdk:/home/dongkuo/lt_ws/loc_ws/install/scout_msgs:/home/dongkuo/lt_ws/loc_ws/install/scout_description:/home/dongkuo/lt_ws/loc_ws/install/point2d_loc:/home/dongkuo/lt_ws/loc_ws/install/nav_demo:/home/dongkuo/lt_ws/loc_ws/install/fast_lio:/home/dongkuo/lt_ws/loc_ws/install/livox_ros_driver2:/home/dongkuo/lt_ws/realsense_ws/install/realsense2_description:/home/dongkuo/lt_ws/realsense_ws/install/realsense2_camera:/home/dongkuo/lt_ws/realsense_ws/install/realsense2_camera_msgs:/home/dongkuo/lt_ws/realsense_ws/install/depth_to_cloud_converter:/opt/vulcanexus/humble /usr/bin/cmake --install /home/dongkuo/lt_ws/loc_ws/build/point2d_loc
