[0.008s] Invoking command in '/home/dongkuo/lt_ws/loc_ws/build/scout_base': CMAKE_PREFIX_PATH=/opt/ros/humble:/home/dongkuo/lt_ws/loc_ws/install/ugv_sdk:/home/dongkuo/lt_ws/loc_ws/install/scout_msgs:/home/dongkuo/lt_ws/loc_ws/install/scout_base:/home/dongkuo/lt_ws/loc_ws/install/scout_description:/home/dongkuo/lt_ws/loc_ws/install/point2d_loc:/home/dongkuo/lt_ws/loc_ws/install/nav_demo:/home/dongkuo/lt_ws/loc_ws/install/fast_lio:/home/dongkuo/lt_ws/loc_ws/install/livox_ros_driver2:/home/dongkuo/lt_ws/realsense_ws/install/realsense2_description:/home/dongkuo/lt_ws/realsense_ws/install/realsense2_camera:/home/dongkuo/lt_ws/realsense_ws/install/realsense2_camera_msgs:/home/dongkuo/lt_ws/realsense_ws/install/depth_to_cloud_converter:/opt/vulcanexus/humble /usr/bin/cmake /home/dongkuo/lt_ws/loc_ws/src/scout_ros2_driver/scout_ros2/scout_base -DCMAKE_INSTALL_PREFIX=/home/dongkuo/lt_ws/loc_ws/install/scout_base
[0.014s] -- Found ament_cmake: 1.3.12 (/opt/ros/humble/share/ament_cmake/cmake)
[0.081s] -- Found rclcpp: 16.0.15 (/opt/ros/humble/share/rclcpp/cmake)
[0.095s] -- Found rosidl_generator_c: 3.1.7 (/opt/ros/humble/share/rosidl_generator_c/cmake)
[0.096s] -- Found rosidl_adapter: 3.1.7 (/opt/ros/humble/share/rosidl_adapter/cmake)
[0.098s] -- Found rosidl_generator_cpp: 3.1.7 (/opt/ros/humble/share/rosidl_generator_cpp/cmake)
[0.102s] -- Using all available rosidl_typesupport_c: rosidl_typesupport_fastrtps_c;rosidl_typesupport_introspection_c
[0.108s] -- Using all available rosidl_typesupport_cpp: rosidl_typesupport_fastrtps_cpp;rosidl_typesupport_introspection_cpp
[0.123s] -- Found rmw_implementation_cmake: 6.1.2 (/opt/ros/humble/share/rmw_implementation_cmake/cmake)
[0.124s] -- Found rmw_fastrtps_cpp: 6.2.8 (/opt/ros/humble/share/rmw_fastrtps_cpp/cmake)
[0.180s] -- Using RMW implementation 'rmw_fastrtps_cpp' as default
[0.202s] -- Found geometry_msgs: 4.9.0 (/opt/ros/humble/share/geometry_msgs/cmake)
[0.208s] -- Found nav_msgs: 4.9.0 (/opt/ros/humble/share/nav_msgs/cmake)
[0.215s] -- Found sensor_msgs: 4.9.0 (/opt/ros/humble/share/sensor_msgs/cmake)
[0.222s] -- Found tf2: 0.25.16 (/opt/ros/humble/share/tf2/cmake)
[0.224s] -- Found tf2_ros: 0.25.16 (/opt/ros/humble/share/tf2_ros/cmake)
[0.258s] -- Found tf2_geometry_msgs: 0.25.16 (/opt/ros/humble/share/tf2_geometry_msgs/cmake)
[0.260s] -- Found eigen3_cmake_module: 0.1.1 (/opt/ros/humble/share/eigen3_cmake_module/cmake)
[0.260s] -- Ensuring Eigen3 include directory is part of orocos-kdl CMake target
[0.261s] -- Found scout_msgs: 0.1.0 (/home/dongkuo/lt_ws/loc_ws/install/scout_msgs/share/scout_msgs/cmake)
[0.270s] -- Found ament_lint_auto: 0.12.14 (/opt/ros/humble/share/ament_lint_auto/cmake)
[0.306s] -- Added test 'copyright' to check source files copyright and LICENSE
[0.307s] -- Added test 'cppcheck' to perform static code analysis on C / C++ code
[0.307s] -- Configured cppcheck include dirs: /home/dongkuo/lt_ws/loc_ws/src/scout_ros2_driver/scout_ros2/scout_base/include
[0.307s] -- Configured cppcheck exclude dirs and/or files: 
[0.307s] -- Added test 'cpplint' to check C / C++ code against the Google style
[0.307s] -- Configured cpplint exclude dirs and/or files: 
[0.307s] -- Added test 'flake8' to check Python code syntax and style conventions
[0.307s] -- Added test 'lint_cmake' to check CMake code style
[0.307s] -- Added test 'pep257' to check Python code against some of the docstring style conventions in PEP 257
[0.308s] -- Added test 'uncrustify' to check C / C++ code style
[0.308s] -- Configured uncrustify additional arguments: 
[0.308s] -- Added test 'xmllint' to check XML markup files
[0.308s] -- Configuring done
[0.314s] -- Generating done
[0.316s] -- Build files have been written to: /home/dongkuo/lt_ws/loc_ws/build/scout_base
[0.322s] Invoked command in '/home/dongkuo/lt_ws/loc_ws/build/scout_base' returned '0': CMAKE_PREFIX_PATH=/opt/ros/humble:/home/dongkuo/lt_ws/loc_ws/install/ugv_sdk:/home/dongkuo/lt_ws/loc_ws/install/scout_msgs:/home/dongkuo/lt_ws/loc_ws/install/scout_base:/home/dongkuo/lt_ws/loc_ws/install/scout_description:/home/dongkuo/lt_ws/loc_ws/install/point2d_loc:/home/dongkuo/lt_ws/loc_ws/install/nav_demo:/home/dongkuo/lt_ws/loc_ws/install/fast_lio:/home/dongkuo/lt_ws/loc_ws/install/livox_ros_driver2:/home/dongkuo/lt_ws/realsense_ws/install/realsense2_description:/home/dongkuo/lt_ws/realsense_ws/install/realsense2_camera:/home/dongkuo/lt_ws/realsense_ws/install/realsense2_camera_msgs:/home/dongkuo/lt_ws/realsense_ws/install/depth_to_cloud_converter:/opt/vulcanexus/humble /usr/bin/cmake /home/dongkuo/lt_ws/loc_ws/src/scout_ros2_driver/scout_ros2/scout_base -DCMAKE_INSTALL_PREFIX=/home/dongkuo/lt_ws/loc_ws/install/scout_base
[0.322s] Invoking command in '/home/dongkuo/lt_ws/loc_ws/build/scout_base': CMAKE_PREFIX_PATH=/opt/ros/humble:/home/dongkuo/lt_ws/loc_ws/install/ugv_sdk:/home/dongkuo/lt_ws/loc_ws/install/scout_msgs:/home/dongkuo/lt_ws/loc_ws/install/scout_base:/home/dongkuo/lt_ws/loc_ws/install/scout_description:/home/dongkuo/lt_ws/loc_ws/install/point2d_loc:/home/dongkuo/lt_ws/loc_ws/install/nav_demo:/home/dongkuo/lt_ws/loc_ws/install/fast_lio:/home/dongkuo/lt_ws/loc_ws/install/livox_ros_driver2:/home/dongkuo/lt_ws/realsense_ws/install/realsense2_description:/home/dongkuo/lt_ws/realsense_ws/install/realsense2_camera:/home/dongkuo/lt_ws/realsense_ws/install/realsense2_camera_msgs:/home/dongkuo/lt_ws/realsense_ws/install/depth_to_cloud_converter:/opt/vulcanexus/humble /usr/bin/cmake --build /home/dongkuo/lt_ws/loc_ws/build/scout_base -- -j32 -l32
[0.353s] [35m[1mConsolidate compiler generated dependencies of target scout_base_node[0m
[0.370s] [100%] Built target scout_base_node
[0.378s] Invoked command in '/home/dongkuo/lt_ws/loc_ws/build/scout_base' returned '0': CMAKE_PREFIX_PATH=/opt/ros/humble:/home/dongkuo/lt_ws/loc_ws/install/ugv_sdk:/home/dongkuo/lt_ws/loc_ws/install/scout_msgs:/home/dongkuo/lt_ws/loc_ws/install/scout_base:/home/dongkuo/lt_ws/loc_ws/install/scout_description:/home/dongkuo/lt_ws/loc_ws/install/point2d_loc:/home/dongkuo/lt_ws/loc_ws/install/nav_demo:/home/dongkuo/lt_ws/loc_ws/install/fast_lio:/home/dongkuo/lt_ws/loc_ws/install/livox_ros_driver2:/home/dongkuo/lt_ws/realsense_ws/install/realsense2_description:/home/dongkuo/lt_ws/realsense_ws/install/realsense2_camera:/home/dongkuo/lt_ws/realsense_ws/install/realsense2_camera_msgs:/home/dongkuo/lt_ws/realsense_ws/install/depth_to_cloud_converter:/opt/vulcanexus/humble /usr/bin/cmake --build /home/dongkuo/lt_ws/loc_ws/build/scout_base -- -j32 -l32
[0.379s] Invoking command in '/home/dongkuo/lt_ws/loc_ws/build/scout_base': CMAKE_PREFIX_PATH=/opt/ros/humble:/home/dongkuo/lt_ws/loc_ws/install/ugv_sdk:/home/dongkuo/lt_ws/loc_ws/install/scout_msgs:/home/dongkuo/lt_ws/loc_ws/install/scout_base:/home/dongkuo/lt_ws/loc_ws/install/scout_description:/home/dongkuo/lt_ws/loc_ws/install/point2d_loc:/home/dongkuo/lt_ws/loc_ws/install/nav_demo:/home/dongkuo/lt_ws/loc_ws/install/fast_lio:/home/dongkuo/lt_ws/loc_ws/install/livox_ros_driver2:/home/dongkuo/lt_ws/realsense_ws/install/realsense2_description:/home/dongkuo/lt_ws/realsense_ws/install/realsense2_camera:/home/dongkuo/lt_ws/realsense_ws/install/realsense2_camera_msgs:/home/dongkuo/lt_ws/realsense_ws/install/depth_to_cloud_converter:/opt/vulcanexus/humble /usr/bin/cmake --install /home/dongkuo/lt_ws/loc_ws/build/scout_base
[0.384s] -- Install configuration: ""
[0.385s] -- Up-to-date: /home/dongkuo/lt_ws/loc_ws/install/scout_base/lib/scout_base/scout_base_node
[0.385s] -- Up-to-date: /home/dongkuo/lt_ws/loc_ws/install/scout_base/share/scout_base//launch
[0.385s] -- Up-to-date: /home/dongkuo/lt_ws/loc_ws/install/scout_base/share/scout_base//launch/scout_mini_omni_base.launch.py
[0.385s] -- Up-to-date: /home/dongkuo/lt_ws/loc_ws/install/scout_base/share/scout_base//launch/test.py
[0.385s] -- Up-to-date: /home/dongkuo/lt_ws/loc_ws/install/scout_base/share/scout_base//launch/scout_base.launch.py
[0.385s] -- Up-to-date: /home/dongkuo/lt_ws/loc_ws/install/scout_base/share/scout_base//launch/scout_mini_base.launch.py
[0.385s] -- Up-to-date: /home/dongkuo/lt_ws/loc_ws/install/scout_base/share/ament_index/resource_index/package_run_dependencies/scout_base
[0.385s] -- Installing: /home/dongkuo/lt_ws/loc_ws/install/scout_base/share/ament_index/resource_index/parent_prefix_path/scout_base
[0.385s] -- Up-to-date: /home/dongkuo/lt_ws/loc_ws/install/scout_base/share/scout_base/environment/ament_prefix_path.sh
[0.385s] -- Installing: /home/dongkuo/lt_ws/loc_ws/install/scout_base/share/scout_base/environment/ament_prefix_path.dsv
[0.385s] -- Up-to-date: /home/dongkuo/lt_ws/loc_ws/install/scout_base/share/scout_base/environment/path.sh
[0.385s] -- Installing: /home/dongkuo/lt_ws/loc_ws/install/scout_base/share/scout_base/environment/path.dsv
[0.385s] -- Up-to-date: /home/dongkuo/lt_ws/loc_ws/install/scout_base/share/scout_base/local_setup.bash
[0.386s] -- Up-to-date: /home/dongkuo/lt_ws/loc_ws/install/scout_base/share/scout_base/local_setup.sh
[0.386s] -- Up-to-date: /home/dongkuo/lt_ws/loc_ws/install/scout_base/share/scout_base/local_setup.zsh
[0.386s] -- Installing: /home/dongkuo/lt_ws/loc_ws/install/scout_base/share/scout_base/local_setup.dsv
[0.386s] -- Installing: /home/dongkuo/lt_ws/loc_ws/install/scout_base/share/scout_base/package.dsv
[0.386s] -- Up-to-date: /home/dongkuo/lt_ws/loc_ws/install/scout_base/share/ament_index/resource_index/packages/scout_base
[0.386s] -- Up-to-date: /home/dongkuo/lt_ws/loc_ws/install/scout_base/share/scout_base/cmake/scout_baseConfig.cmake
[0.386s] -- Up-to-date: /home/dongkuo/lt_ws/loc_ws/install/scout_base/share/scout_base/cmake/scout_baseConfig-version.cmake
[0.386s] -- Up-to-date: /home/dongkuo/lt_ws/loc_ws/install/scout_base/share/scout_base/package.xml
[0.387s] Invoked command in '/home/dongkuo/lt_ws/loc_ws/build/scout_base' returned '0': CMAKE_PREFIX_PATH=/opt/ros/humble:/home/dongkuo/lt_ws/loc_ws/install/ugv_sdk:/home/dongkuo/lt_ws/loc_ws/install/scout_msgs:/home/dongkuo/lt_ws/loc_ws/install/scout_base:/home/dongkuo/lt_ws/loc_ws/install/scout_description:/home/dongkuo/lt_ws/loc_ws/install/point2d_loc:/home/dongkuo/lt_ws/loc_ws/install/nav_demo:/home/dongkuo/lt_ws/loc_ws/install/fast_lio:/home/dongkuo/lt_ws/loc_ws/install/livox_ros_driver2:/home/dongkuo/lt_ws/realsense_ws/install/realsense2_description:/home/dongkuo/lt_ws/realsense_ws/install/realsense2_camera:/home/dongkuo/lt_ws/realsense_ws/install/realsense2_camera_msgs:/home/dongkuo/lt_ws/realsense_ws/install/depth_to_cloud_converter:/opt/vulcanexus/humble /usr/bin/cmake --install /home/dongkuo/lt_ws/loc_ws/build/scout_base
