[0.016s] Invoking command in '/home/dongkuo/lt_ws/loc_ws/build/fast_lio': CMAKE_PREFIX_PATH=/home/dongkuo/lt_ws/loc_ws/install/livox_ros_driver2:/home/dongkuo/lt_ws/loc_ws/install/scout_base:/opt/ros/humble:/home/dongkuo/lt_ws/loc_ws/install/ugv_sdk:/home/dongkuo/lt_ws/loc_ws/install/scout_msgs:/home/dongkuo/lt_ws/loc_ws/install/scout_description:/home/dongkuo/lt_ws/loc_ws/install/point2d_loc:/home/dongkuo/lt_ws/loc_ws/install/nav_demo:/home/dongkuo/lt_ws/loc_ws/install/fast_lio:/home/dongkuo/lt_ws/realsense_ws/install/realsense2_description:/home/dongkuo/lt_ws/realsense_ws/install/realsense2_camera:/home/dongkuo/lt_ws/realsense_ws/install/realsense2_camera_msgs:/home/dongkuo/lt_ws/realsense_ws/install/depth_to_cloud_converter:/opt/vulcanexus/humble LD_LIBRARY_PATH=/home/dongkuo/lt_ws/loc_ws/install/livox_ros_driver2/lib:/home/dongkuo/lt_ws/loc_ws/install/scout_msgs/lib:/home/dongkuo/lt_ws/loc_ws/install/fast_lio/lib:/home/dongkuo/lt_ws/realsense_ws/install/realsense2_camera/lib:/home/dongkuo/lt_ws/realsense_ws/install/realsense2_camera_msgs/lib:/opt/vulcanexus/humble/lib:/usr/lib/x86_64-linux-gnu/gazebo-11/plugins:/opt/ros/humble/opt/rviz_ogre_vendor/lib:/opt/ros/humble/lib/x86_64-linux-gnu:/opt/ros/humble/lib /usr/bin/cmake --build /home/dongkuo/lt_ws/loc_ws/build/fast_lio -- -j32 -l32
[0.056s] [  8%] Built target fast_lio__rosidl_generator_c
[0.057s] [ 10%] Built target fast_lio__cpp
[0.064s] [ 10%] Built target ament_cmake_python_copy_fast_lio
[0.068s] [ 16%] Built target pcd_publisher
[0.073s] [ 24%] Built target fast_lio__rosidl_typesupport_introspection_cpp
[0.073s] [ 32%] Built target fast_lio__rosidl_typesupport_introspection_c
[0.073s] [ 40%] Built target fast_lio__rosidl_typesupport_fastrtps_cpp
[0.074s] [ 48%] Built target fast_lio__rosidl_typesupport_c
[0.075s] [ 56%] Built target fast_lio__rosidl_typesupport_fastrtps_c
[0.077s] [ 64%] Built target fast_lio__rosidl_typesupport_cpp
[0.093s] [ 64%] Built target fast_lio
[0.093s] [35m[1mConsolidate compiler generated dependencies of target fastlio_mapping[0m
[0.109s] [ 67%] Built target fast_lio__py
[0.123s] [ 70%] [32mBuilding CXX object CMakeFiles/fastlio_mapping.dir/src/laserMapping.cpp.o[0m
[0.128s] [ 75%] Built target fast_lio__rosidl_generator_py
[0.147s] [ 81%] Built target fast_lio__rosidl_typesupport_introspection_c__pyext
[0.148s] [ 86%] Built target fast_lio__rosidl_typesupport_fastrtps_c__pyext
[0.148s] [ 91%] Built target fast_lio__rosidl_typesupport_c__pyext
[0.207s] running egg_info
[0.207s] writing fast_lio.egg-info/PKG-INFO
[0.207s] writing dependency_links to fast_lio.egg-info/dependency_links.txt
[0.208s] writing top-level names to fast_lio.egg-info/top_level.txt
[0.209s] reading manifest file 'fast_lio.egg-info/SOURCES.txt'
[0.209s] writing manifest file 'fast_lio.egg-info/SOURCES.txt'
[0.227s] [ 91%] Built target ament_cmake_python_build_fast_lio_egg
[3.079s] In file included from [01m[K/usr/include/boost/smart_ptr/detail/sp_thread_sleep.hpp:22[m[K,
[3.079s]                  from [01m[K/usr/include/boost/smart_ptr/detail/yield_k.hpp:23[m[K,
[3.079s]                  from [01m[K/usr/include/boost/smart_ptr/detail/spinlock_gcc_atomic.hpp:14[m[K,
[3.079s]                  from [01m[K/usr/include/boost/smart_ptr/detail/spinlock.hpp:42[m[K,
[3.080s]                  from [01m[K/usr/include/boost/smart_ptr/detail/spinlock_pool.hpp:25[m[K,
[3.080s]                  from [01m[K/usr/include/boost/smart_ptr/shared_ptr.hpp:29[m[K,
[3.080s]                  from [01m[K/usr/include/boost/shared_ptr.hpp:17[m[K,
[3.080s]                  from [01m[K/usr/include/boost/date_time/microsec_time_clock.hpp:18[m[K,
[3.080s]                  from [01m[K/usr/include/boost/interprocess/detail/posix_time_types_wrk.hpp:31[m[K,
[3.080s]                  from [01m[K/usr/include/boost/interprocess/detail/os_thread_functions.hpp:36[m[K,
[3.080s]                  from [01m[K/usr/include/boost/interprocess/sync/file_lock.hpp:26[m[K,
[3.080s]                  from [01m[K/usr/include/pcl-1.12/pcl/io/pcd_io.h:46[m[K,
[3.080s]                  from [01m[K/opt/ros/humble/include/pcl_conversions/pcl_conversions/pcl_conversions.h:73[m[K,
[3.080s]                  from [01m[K/home/dongkuo/lt_ws/loc_ws/src/FAST_LIO/src/IMU_Processing.hpp:18[m[K,
[3.080s]                  from [01m[K/home/dongkuo/lt_ws/loc_ws/src/FAST_LIO/src/laserMapping.cpp:47[m[K:
[3.080s] [01m[K/usr/include/boost/bind.hpp:36:1:[m[K [01;36m[Knote: [m[K‘[01m[K#pragma message: The practice of declaring the Bind placeholders (_1, _2, ...) in the global namespace is deprecated. Please use <boost/bind/bind.hpp> + using namespace boost::placeholders, or define BOOST_BIND_GLOBAL_PLACEHOLDERS to retain the current behavior.[m[K’
[3.080s]    36 | [01;36m[KBOOST_PRAGMA_MESSAGE[m[K(
[3.080s]       | [01;36m[K^~~~~~~~~~~~~~~~~~~~[m[K
[38.890s] [ 94%] [32m[1mLinking CXX executable fastlio_mapping[0m
[39.516s] [100%] Built target fastlio_mapping
[39.524s] Invoked command in '/home/dongkuo/lt_ws/loc_ws/build/fast_lio' returned '0': CMAKE_PREFIX_PATH=/home/dongkuo/lt_ws/loc_ws/install/livox_ros_driver2:/home/dongkuo/lt_ws/loc_ws/install/scout_base:/opt/ros/humble:/home/dongkuo/lt_ws/loc_ws/install/ugv_sdk:/home/dongkuo/lt_ws/loc_ws/install/scout_msgs:/home/dongkuo/lt_ws/loc_ws/install/scout_description:/home/dongkuo/lt_ws/loc_ws/install/point2d_loc:/home/dongkuo/lt_ws/loc_ws/install/nav_demo:/home/dongkuo/lt_ws/loc_ws/install/fast_lio:/home/dongkuo/lt_ws/realsense_ws/install/realsense2_description:/home/dongkuo/lt_ws/realsense_ws/install/realsense2_camera:/home/dongkuo/lt_ws/realsense_ws/install/realsense2_camera_msgs:/home/dongkuo/lt_ws/realsense_ws/install/depth_to_cloud_converter:/opt/vulcanexus/humble LD_LIBRARY_PATH=/home/dongkuo/lt_ws/loc_ws/install/livox_ros_driver2/lib:/home/dongkuo/lt_ws/loc_ws/install/scout_msgs/lib:/home/dongkuo/lt_ws/loc_ws/install/fast_lio/lib:/home/dongkuo/lt_ws/realsense_ws/install/realsense2_camera/lib:/home/dongkuo/lt_ws/realsense_ws/install/realsense2_camera_msgs/lib:/opt/vulcanexus/humble/lib:/usr/lib/x86_64-linux-gnu/gazebo-11/plugins:/opt/ros/humble/opt/rviz_ogre_vendor/lib:/opt/ros/humble/lib/x86_64-linux-gnu:/opt/ros/humble/lib /usr/bin/cmake --build /home/dongkuo/lt_ws/loc_ws/build/fast_lio -- -j32 -l32
[39.525s] Invoking command in '/home/dongkuo/lt_ws/loc_ws/build/fast_lio': CMAKE_PREFIX_PATH=/home/dongkuo/lt_ws/loc_ws/install/livox_ros_driver2:/home/dongkuo/lt_ws/loc_ws/install/scout_base:/opt/ros/humble:/home/dongkuo/lt_ws/loc_ws/install/ugv_sdk:/home/dongkuo/lt_ws/loc_ws/install/scout_msgs:/home/dongkuo/lt_ws/loc_ws/install/scout_description:/home/dongkuo/lt_ws/loc_ws/install/point2d_loc:/home/dongkuo/lt_ws/loc_ws/install/nav_demo:/home/dongkuo/lt_ws/loc_ws/install/fast_lio:/home/dongkuo/lt_ws/realsense_ws/install/realsense2_description:/home/dongkuo/lt_ws/realsense_ws/install/realsense2_camera:/home/dongkuo/lt_ws/realsense_ws/install/realsense2_camera_msgs:/home/dongkuo/lt_ws/realsense_ws/install/depth_to_cloud_converter:/opt/vulcanexus/humble LD_LIBRARY_PATH=/home/dongkuo/lt_ws/loc_ws/install/livox_ros_driver2/lib:/home/dongkuo/lt_ws/loc_ws/install/scout_msgs/lib:/home/dongkuo/lt_ws/loc_ws/install/fast_lio/lib:/home/dongkuo/lt_ws/realsense_ws/install/realsense2_camera/lib:/home/dongkuo/lt_ws/realsense_ws/install/realsense2_camera_msgs/lib:/opt/vulcanexus/humble/lib:/usr/lib/x86_64-linux-gnu/gazebo-11/plugins:/opt/ros/humble/opt/rviz_ogre_vendor/lib:/opt/ros/humble/lib/x86_64-linux-gnu:/opt/ros/humble/lib /usr/bin/cmake --install /home/dongkuo/lt_ws/loc_ws/build/fast_lio
[39.532s] -- Install configuration: "Release"
[39.532s] -- Up-to-date: /home/dongkuo/lt_ws/loc_ws/install/fast_lio/share/ament_index/resource_index/rosidl_interfaces/fast_lio
[39.532s] -- Up-to-date: /home/dongkuo/lt_ws/loc_ws/install/fast_lio/include/fast_lio/fast_lio
[39.533s] -- Up-to-date: /home/dongkuo/lt_ws/loc_ws/install/fast_lio/include/fast_lio/fast_lio/msg
[39.533s] -- Up-to-date: /home/dongkuo/lt_ws/loc_ws/install/fast_lio/include/fast_lio/fast_lio/msg/detail
[39.533s] -- Up-to-date: /home/dongkuo/lt_ws/loc_ws/install/fast_lio/include/fast_lio/fast_lio/msg/detail/pose6_d__type_support.h
[39.533s] -- Up-to-date: /home/dongkuo/lt_ws/loc_ws/install/fast_lio/include/fast_lio/fast_lio/msg/detail/pose6_d__struct.h
[39.533s] -- Up-to-date: /home/dongkuo/lt_ws/loc_ws/install/fast_lio/include/fast_lio/fast_lio/msg/detail/pose6_d__functions.h
[39.533s] -- Up-to-date: /home/dongkuo/lt_ws/loc_ws/install/fast_lio/include/fast_lio/fast_lio/msg/detail/pose6_d__functions.c
[39.533s] -- Up-to-date: /home/dongkuo/lt_ws/loc_ws/install/fast_lio/include/fast_lio/fast_lio/msg/rosidl_generator_c__visibility_control.h
[39.533s] -- Up-to-date: /home/dongkuo/lt_ws/loc_ws/install/fast_lio/include/fast_lio/fast_lio/msg/pose6_d.h
[39.533s] -- Up-to-date: /home/dongkuo/lt_ws/loc_ws/install/fast_lio/share/fast_lio/environment/library_path.sh
[39.533s] -- Up-to-date: /home/dongkuo/lt_ws/loc_ws/install/fast_lio/share/fast_lio/environment/library_path.dsv
[39.533s] -- Up-to-date: /home/dongkuo/lt_ws/loc_ws/install/fast_lio/lib/libfast_lio__rosidl_generator_c.so
[39.533s] -- Up-to-date: /home/dongkuo/lt_ws/loc_ws/install/fast_lio/include/fast_lio/fast_lio
[39.533s] -- Up-to-date: /home/dongkuo/lt_ws/loc_ws/install/fast_lio/include/fast_lio/fast_lio/msg
[39.533s] -- Up-to-date: /home/dongkuo/lt_ws/loc_ws/install/fast_lio/include/fast_lio/fast_lio/msg/rosidl_typesupport_fastrtps_c__visibility_control.h
[39.533s] -- Up-to-date: /home/dongkuo/lt_ws/loc_ws/install/fast_lio/include/fast_lio/fast_lio/msg/detail
[39.533s] -- Up-to-date: /home/dongkuo/lt_ws/loc_ws/install/fast_lio/include/fast_lio/fast_lio/msg/detail/pose6_d__rosidl_typesupport_fastrtps_c.h
[39.533s] -- Up-to-date: /home/dongkuo/lt_ws/loc_ws/install/fast_lio/lib/libfast_lio__rosidl_typesupport_fastrtps_c.so
[39.534s] -- Up-to-date: /home/dongkuo/lt_ws/loc_ws/install/fast_lio/include/fast_lio/fast_lio
[39.534s] -- Up-to-date: /home/dongkuo/lt_ws/loc_ws/install/fast_lio/include/fast_lio/fast_lio/msg
[39.534s] -- Up-to-date: /home/dongkuo/lt_ws/loc_ws/install/fast_lio/include/fast_lio/fast_lio/msg/pose6_d.hpp
[39.534s] -- Up-to-date: /home/dongkuo/lt_ws/loc_ws/install/fast_lio/include/fast_lio/fast_lio/msg/detail
[39.534s] -- Up-to-date: /home/dongkuo/lt_ws/loc_ws/install/fast_lio/include/fast_lio/fast_lio/msg/detail/pose6_d__traits.hpp
[39.534s] -- Up-to-date: /home/dongkuo/lt_ws/loc_ws/install/fast_lio/include/fast_lio/fast_lio/msg/detail/pose6_d__struct.hpp
[39.534s] -- Up-to-date: /home/dongkuo/lt_ws/loc_ws/install/fast_lio/include/fast_lio/fast_lio/msg/detail/pose6_d__builder.hpp
[39.534s] -- Up-to-date: /home/dongkuo/lt_ws/loc_ws/install/fast_lio/include/fast_lio/fast_lio/msg/detail/pose6_d__type_support.hpp
[39.534s] -- Up-to-date: /home/dongkuo/lt_ws/loc_ws/install/fast_lio/include/fast_lio/fast_lio/msg/rosidl_generator_cpp__visibility_control.hpp
[39.534s] -- Up-to-date: /home/dongkuo/lt_ws/loc_ws/install/fast_lio/include/fast_lio/fast_lio
[39.534s] -- Up-to-date: /home/dongkuo/lt_ws/loc_ws/install/fast_lio/include/fast_lio/fast_lio/msg
[39.534s] -- Up-to-date: /home/dongkuo/lt_ws/loc_ws/install/fast_lio/include/fast_lio/fast_lio/msg/detail
[39.534s] -- Up-to-date: /home/dongkuo/lt_ws/loc_ws/install/fast_lio/include/fast_lio/fast_lio/msg/detail/dds_fastrtps
[39.534s] -- Up-to-date: /home/dongkuo/lt_ws/loc_ws/install/fast_lio/include/fast_lio/fast_lio/msg/detail/pose6_d__rosidl_typesupport_fastrtps_cpp.hpp
[39.534s] -- Up-to-date: /home/dongkuo/lt_ws/loc_ws/install/fast_lio/include/fast_lio/fast_lio/msg/rosidl_typesupport_fastrtps_cpp__visibility_control.h
[39.534s] -- Up-to-date: /home/dongkuo/lt_ws/loc_ws/install/fast_lio/lib/libfast_lio__rosidl_typesupport_fastrtps_cpp.so
[39.534s] -- Up-to-date: /home/dongkuo/lt_ws/loc_ws/install/fast_lio/include/fast_lio/fast_lio
[39.534s] -- Up-to-date: /home/dongkuo/lt_ws/loc_ws/install/fast_lio/include/fast_lio/fast_lio/msg
[39.534s] -- Up-to-date: /home/dongkuo/lt_ws/loc_ws/install/fast_lio/include/fast_lio/fast_lio/msg/detail
[39.535s] -- Up-to-date: /home/dongkuo/lt_ws/loc_ws/install/fast_lio/include/fast_lio/fast_lio/msg/detail/pose6_d__type_support.c
[39.535s] -- Up-to-date: /home/dongkuo/lt_ws/loc_ws/install/fast_lio/include/fast_lio/fast_lio/msg/detail/pose6_d__rosidl_typesupport_introspection_c.h
[39.535s] -- Up-to-date: /home/dongkuo/lt_ws/loc_ws/install/fast_lio/include/fast_lio/fast_lio/msg/rosidl_typesupport_introspection_c__visibility_control.h
[39.535s] -- Up-to-date: /home/dongkuo/lt_ws/loc_ws/install/fast_lio/lib/libfast_lio__rosidl_typesupport_introspection_c.so
[39.535s] -- Up-to-date: /home/dongkuo/lt_ws/loc_ws/install/fast_lio/lib/libfast_lio__rosidl_typesupport_c.so
[39.535s] -- Up-to-date: /home/dongkuo/lt_ws/loc_ws/install/fast_lio/include/fast_lio/fast_lio
[39.535s] -- Up-to-date: /home/dongkuo/lt_ws/loc_ws/install/fast_lio/include/fast_lio/fast_lio/msg
[39.535s] -- Up-to-date: /home/dongkuo/lt_ws/loc_ws/install/fast_lio/include/fast_lio/fast_lio/msg/detail
[39.535s] -- Up-to-date: /home/dongkuo/lt_ws/loc_ws/install/fast_lio/include/fast_lio/fast_lio/msg/detail/pose6_d__type_support.cpp
[39.535s] -- Up-to-date: /home/dongkuo/lt_ws/loc_ws/install/fast_lio/include/fast_lio/fast_lio/msg/detail/pose6_d__rosidl_typesupport_introspection_cpp.hpp
[39.535s] -- Up-to-date: /home/dongkuo/lt_ws/loc_ws/install/fast_lio/lib/libfast_lio__rosidl_typesupport_introspection_cpp.so
[39.536s] -- Up-to-date: /home/dongkuo/lt_ws/loc_ws/install/fast_lio/lib/libfast_lio__rosidl_typesupport_cpp.so
[39.536s] -- Up-to-date: /home/dongkuo/lt_ws/loc_ws/install/fast_lio/share/fast_lio/environment/pythonpath.sh
[39.536s] -- Up-to-date: /home/dongkuo/lt_ws/loc_ws/install/fast_lio/share/fast_lio/environment/pythonpath.dsv
[39.536s] -- Up-to-date: /home/dongkuo/lt_ws/loc_ws/install/fast_lio/local/lib/python3.10/dist-packages/fast_lio-0.0.0-py3.10.egg-info
[39.536s] -- Installing: /home/dongkuo/lt_ws/loc_ws/install/fast_lio/local/lib/python3.10/dist-packages/fast_lio-0.0.0-py3.10.egg-info/SOURCES.txt
[39.536s] -- Installing: /home/dongkuo/lt_ws/loc_ws/install/fast_lio/local/lib/python3.10/dist-packages/fast_lio-0.0.0-py3.10.egg-info/top_level.txt
[39.536s] -- Installing: /home/dongkuo/lt_ws/loc_ws/install/fast_lio/local/lib/python3.10/dist-packages/fast_lio-0.0.0-py3.10.egg-info/dependency_links.txt
[39.536s] -- Installing: /home/dongkuo/lt_ws/loc_ws/install/fast_lio/local/lib/python3.10/dist-packages/fast_lio-0.0.0-py3.10.egg-info/PKG-INFO
[39.536s] -- Up-to-date: /home/dongkuo/lt_ws/loc_ws/install/fast_lio/local/lib/python3.10/dist-packages/fast_lio
[39.537s] -- Up-to-date: /home/dongkuo/lt_ws/loc_ws/install/fast_lio/local/lib/python3.10/dist-packages/fast_lio/libfast_lio__rosidl_generator_py.so
[39.537s] -- Up-to-date: /home/dongkuo/lt_ws/loc_ws/install/fast_lio/local/lib/python3.10/dist-packages/fast_lio/fast_lio_s__rosidl_typesupport_c.cpython-310-x86_64-linux-gnu.so
[39.537s] -- Up-to-date: /home/dongkuo/lt_ws/loc_ws/install/fast_lio/local/lib/python3.10/dist-packages/fast_lio/_fast_lio_s.ep.rosidl_typesupport_c.c
[39.537s] -- Up-to-date: /home/dongkuo/lt_ws/loc_ws/install/fast_lio/local/lib/python3.10/dist-packages/fast_lio/_fast_lio_s.ep.rosidl_typesupport_fastrtps_c.c
[39.537s] -- Up-to-date: /home/dongkuo/lt_ws/loc_ws/install/fast_lio/local/lib/python3.10/dist-packages/fast_lio/fast_lio_s__rosidl_typesupport_fastrtps_c.cpython-310-x86_64-linux-gnu.so
[39.537s] -- Up-to-date: /home/dongkuo/lt_ws/loc_ws/install/fast_lio/local/lib/python3.10/dist-packages/fast_lio/_fast_lio_s.ep.rosidl_typesupport_introspection_c.c
[39.537s] -- Up-to-date: /home/dongkuo/lt_ws/loc_ws/install/fast_lio/local/lib/python3.10/dist-packages/fast_lio/__init__.py
[39.537s] -- Up-to-date: /home/dongkuo/lt_ws/loc_ws/install/fast_lio/local/lib/python3.10/dist-packages/fast_lio/msg
[39.537s] -- Up-to-date: /home/dongkuo/lt_ws/loc_ws/install/fast_lio/local/lib/python3.10/dist-packages/fast_lio/msg/_pose6_d.py
[39.537s] -- Up-to-date: /home/dongkuo/lt_ws/loc_ws/install/fast_lio/local/lib/python3.10/dist-packages/fast_lio/msg/__init__.py
[39.537s] -- Up-to-date: /home/dongkuo/lt_ws/loc_ws/install/fast_lio/local/lib/python3.10/dist-packages/fast_lio/msg/_pose6_d_s.c
[39.537s] -- Up-to-date: /home/dongkuo/lt_ws/loc_ws/install/fast_lio/local/lib/python3.10/dist-packages/fast_lio/fast_lio_s__rosidl_typesupport_introspection_c.cpython-310-x86_64-linux-gnu.so
[39.558s] Listing '/home/dongkuo/lt_ws/loc_ws/install/fast_lio/local/lib/python3.10/dist-packages/fast_lio'...
[39.558s] Listing '/home/dongkuo/lt_ws/loc_ws/install/fast_lio/local/lib/python3.10/dist-packages/fast_lio/msg'...
[39.561s] -- Up-to-date: /home/dongkuo/lt_ws/loc_ws/install/fast_lio/local/lib/python3.10/dist-packages/fast_lio/fast_lio_s__rosidl_typesupport_fastrtps_c.cpython-310-x86_64-linux-gnu.so
[39.561s] -- Up-to-date: /home/dongkuo/lt_ws/loc_ws/install/fast_lio/local/lib/python3.10/dist-packages/fast_lio/fast_lio_s__rosidl_typesupport_introspection_c.cpython-310-x86_64-linux-gnu.so
[39.561s] -- Up-to-date: /home/dongkuo/lt_ws/loc_ws/install/fast_lio/local/lib/python3.10/dist-packages/fast_lio/fast_lio_s__rosidl_typesupport_c.cpython-310-x86_64-linux-gnu.so
[39.561s] -- Up-to-date: /home/dongkuo/lt_ws/loc_ws/install/fast_lio/lib/libfast_lio__rosidl_generator_py.so
[39.562s] -- Up-to-date: /home/dongkuo/lt_ws/loc_ws/install/fast_lio/share/fast_lio/msg/Pose6D.idl
[39.562s] -- Up-to-date: /home/dongkuo/lt_ws/loc_ws/install/fast_lio/share/fast_lio/msg/Pose6D.msg
[39.562s] -- Installing: /home/dongkuo/lt_ws/loc_ws/install/fast_lio/lib/fast_lio/fastlio_mapping
[39.563s] -- Set runtime path of "/home/dongkuo/lt_ws/loc_ws/install/fast_lio/lib/fast_lio/fastlio_mapping" to ""
[39.564s] -- Up-to-date: /home/dongkuo/lt_ws/loc_ws/install/fast_lio/lib/fast_lio/pcd_publisher
[39.564s] -- Up-to-date: /home/dongkuo/lt_ws/loc_ws/install/fast_lio/share/fast_lio/config
[39.564s] -- Up-to-date: /home/dongkuo/lt_ws/loc_ws/install/fast_lio/share/fast_lio/config/mid360.yaml
[39.564s] -- Up-to-date: /home/dongkuo/lt_ws/loc_ws/install/fast_lio/share/fast_lio/config/avia.yaml
[39.564s] -- Up-to-date: /home/dongkuo/lt_ws/loc_ws/install/fast_lio/share/fast_lio/config/velodyne.yaml
[39.564s] -- Up-to-date: /home/dongkuo/lt_ws/loc_ws/install/fast_lio/share/fast_lio/config/pc2scan_params.yaml
[39.564s] -- Up-to-date: /home/dongkuo/lt_ws/loc_ws/install/fast_lio/share/fast_lio/config/ouster64.yaml
[39.564s] -- Up-to-date: /home/dongkuo/lt_ws/loc_ws/install/fast_lio/share/fast_lio/config/horizon.yaml
[39.564s] -- Up-to-date: /home/dongkuo/lt_ws/loc_ws/install/fast_lio/share/fast_lio/launch
[39.564s] -- Up-to-date: /home/dongkuo/lt_ws/loc_ws/install/fast_lio/share/fast_lio/launch/point_look.launch .py
[39.565s] -- Up-to-date: /home/dongkuo/lt_ws/loc_ws/install/fast_lio/share/fast_lio/launch/mapping.launch.py
[39.565s] -- Up-to-date: /home/dongkuo/lt_ws/loc_ws/install/fast_lio/share/fast_lio/launch/gdb_debug_example.launch
[39.565s] -- Up-to-date: /home/dongkuo/lt_ws/loc_ws/install/fast_lio/share/fast_lio/launch/online_mapping.launch.py
[39.565s] -- Up-to-date: /home/dongkuo/lt_ws/loc_ws/install/fast_lio/share/fast_lio/rviz
[39.565s] -- Up-to-date: /home/dongkuo/lt_ws/loc_ws/install/fast_lio/share/fast_lio/rviz/fastlio.rviz
[39.565s] -- Up-to-date: /home/dongkuo/lt_ws/loc_ws/install/fast_lio/share/ament_index/resource_index/package_run_dependencies/fast_lio
[39.565s] -- Up-to-date: /home/dongkuo/lt_ws/loc_ws/install/fast_lio/share/ament_index/resource_index/parent_prefix_path/fast_lio
[39.565s] -- Up-to-date: /home/dongkuo/lt_ws/loc_ws/install/fast_lio/share/fast_lio/environment/ament_prefix_path.sh
[39.565s] -- Up-to-date: /home/dongkuo/lt_ws/loc_ws/install/fast_lio/share/fast_lio/environment/ament_prefix_path.dsv
[39.565s] -- Up-to-date: /home/dongkuo/lt_ws/loc_ws/install/fast_lio/share/fast_lio/environment/path.sh
[39.565s] -- Up-to-date: /home/dongkuo/lt_ws/loc_ws/install/fast_lio/share/fast_lio/environment/path.dsv
[39.565s] -- Up-to-date: /home/dongkuo/lt_ws/loc_ws/install/fast_lio/share/fast_lio/local_setup.bash
[39.565s] -- Up-to-date: /home/dongkuo/lt_ws/loc_ws/install/fast_lio/share/fast_lio/local_setup.sh
[39.565s] -- Up-to-date: /home/dongkuo/lt_ws/loc_ws/install/fast_lio/share/fast_lio/local_setup.zsh
[39.565s] -- Up-to-date: /home/dongkuo/lt_ws/loc_ws/install/fast_lio/share/fast_lio/local_setup.dsv
[39.565s] -- Installing: /home/dongkuo/lt_ws/loc_ws/install/fast_lio/share/fast_lio/package.dsv
[39.565s] -- Up-to-date: /home/dongkuo/lt_ws/loc_ws/install/fast_lio/share/ament_index/resource_index/packages/fast_lio
[39.565s] -- Up-to-date: /home/dongkuo/lt_ws/loc_ws/install/fast_lio/share/fast_lio/cmake/export_fast_lio__rosidl_generator_cExport.cmake
[39.565s] -- Up-to-date: /home/dongkuo/lt_ws/loc_ws/install/fast_lio/share/fast_lio/cmake/export_fast_lio__rosidl_generator_cExport-release.cmake
[39.566s] -- Up-to-date: /home/dongkuo/lt_ws/loc_ws/install/fast_lio/share/fast_lio/cmake/export_fast_lio__rosidl_typesupport_fastrtps_cExport.cmake
[39.566s] -- Up-to-date: /home/dongkuo/lt_ws/loc_ws/install/fast_lio/share/fast_lio/cmake/export_fast_lio__rosidl_typesupport_fastrtps_cExport-release.cmake
[39.566s] -- Up-to-date: /home/dongkuo/lt_ws/loc_ws/install/fast_lio/share/fast_lio/cmake/export_fast_lio__rosidl_generator_cppExport.cmake
[39.566s] -- Up-to-date: /home/dongkuo/lt_ws/loc_ws/install/fast_lio/share/fast_lio/cmake/export_fast_lio__rosidl_typesupport_fastrtps_cppExport.cmake
[39.566s] -- Up-to-date: /home/dongkuo/lt_ws/loc_ws/install/fast_lio/share/fast_lio/cmake/export_fast_lio__rosidl_typesupport_fastrtps_cppExport-release.cmake
[39.566s] -- Up-to-date: /home/dongkuo/lt_ws/loc_ws/install/fast_lio/share/fast_lio/cmake/fast_lio__rosidl_typesupport_introspection_cExport.cmake
[39.566s] -- Up-to-date: /home/dongkuo/lt_ws/loc_ws/install/fast_lio/share/fast_lio/cmake/fast_lio__rosidl_typesupport_introspection_cExport-release.cmake
[39.566s] -- Up-to-date: /home/dongkuo/lt_ws/loc_ws/install/fast_lio/share/fast_lio/cmake/fast_lio__rosidl_typesupport_cExport.cmake
[39.566s] -- Up-to-date: /home/dongkuo/lt_ws/loc_ws/install/fast_lio/share/fast_lio/cmake/fast_lio__rosidl_typesupport_cExport-release.cmake
[39.566s] -- Up-to-date: /home/dongkuo/lt_ws/loc_ws/install/fast_lio/share/fast_lio/cmake/fast_lio__rosidl_typesupport_introspection_cppExport.cmake
[39.566s] -- Up-to-date: /home/dongkuo/lt_ws/loc_ws/install/fast_lio/share/fast_lio/cmake/fast_lio__rosidl_typesupport_introspection_cppExport-release.cmake
[39.566s] -- Up-to-date: /home/dongkuo/lt_ws/loc_ws/install/fast_lio/share/fast_lio/cmake/fast_lio__rosidl_typesupport_cppExport.cmake
[39.566s] -- Up-to-date: /home/dongkuo/lt_ws/loc_ws/install/fast_lio/share/fast_lio/cmake/fast_lio__rosidl_typesupport_cppExport-release.cmake
[39.566s] -- Up-to-date: /home/dongkuo/lt_ws/loc_ws/install/fast_lio/share/fast_lio/cmake/export_fast_lio__rosidl_generator_pyExport.cmake
[39.566s] -- Up-to-date: /home/dongkuo/lt_ws/loc_ws/install/fast_lio/share/fast_lio/cmake/export_fast_lio__rosidl_generator_pyExport-release.cmake
[39.567s] -- Up-to-date: /home/dongkuo/lt_ws/loc_ws/install/fast_lio/share/fast_lio/cmake/rosidl_cmake-extras.cmake
[39.567s] -- Up-to-date: /home/dongkuo/lt_ws/loc_ws/install/fast_lio/share/fast_lio/cmake/ament_cmake_export_include_directories-extras.cmake
[39.567s] -- Up-to-date: /home/dongkuo/lt_ws/loc_ws/install/fast_lio/share/fast_lio/cmake/ament_cmake_export_libraries-extras.cmake
[39.567s] -- Up-to-date: /home/dongkuo/lt_ws/loc_ws/install/fast_lio/share/fast_lio/cmake/ament_cmake_export_targets-extras.cmake
[39.567s] -- Up-to-date: /home/dongkuo/lt_ws/loc_ws/install/fast_lio/share/fast_lio/cmake/rosidl_cmake_export_typesupport_targets-extras.cmake
[39.567s] -- Up-to-date: /home/dongkuo/lt_ws/loc_ws/install/fast_lio/share/fast_lio/cmake/ament_cmake_export_dependencies-extras.cmake
[39.567s] -- Up-to-date: /home/dongkuo/lt_ws/loc_ws/install/fast_lio/share/fast_lio/cmake/rosidl_cmake_export_typesupport_libraries-extras.cmake
[39.567s] -- Up-to-date: /home/dongkuo/lt_ws/loc_ws/install/fast_lio/share/fast_lio/cmake/fast_lioConfig.cmake
[39.567s] -- Up-to-date: /home/dongkuo/lt_ws/loc_ws/install/fast_lio/share/fast_lio/cmake/fast_lioConfig-version.cmake
[39.567s] -- Up-to-date: /home/dongkuo/lt_ws/loc_ws/install/fast_lio/share/fast_lio/package.xml
[39.569s] Invoked command in '/home/dongkuo/lt_ws/loc_ws/build/fast_lio' returned '0': CMAKE_PREFIX_PATH=/home/dongkuo/lt_ws/loc_ws/install/livox_ros_driver2:/home/dongkuo/lt_ws/loc_ws/install/scout_base:/opt/ros/humble:/home/dongkuo/lt_ws/loc_ws/install/ugv_sdk:/home/dongkuo/lt_ws/loc_ws/install/scout_msgs:/home/dongkuo/lt_ws/loc_ws/install/scout_description:/home/dongkuo/lt_ws/loc_ws/install/point2d_loc:/home/dongkuo/lt_ws/loc_ws/install/nav_demo:/home/dongkuo/lt_ws/loc_ws/install/fast_lio:/home/dongkuo/lt_ws/realsense_ws/install/realsense2_description:/home/dongkuo/lt_ws/realsense_ws/install/realsense2_camera:/home/dongkuo/lt_ws/realsense_ws/install/realsense2_camera_msgs:/home/dongkuo/lt_ws/realsense_ws/install/depth_to_cloud_converter:/opt/vulcanexus/humble LD_LIBRARY_PATH=/home/dongkuo/lt_ws/loc_ws/install/livox_ros_driver2/lib:/home/dongkuo/lt_ws/loc_ws/install/scout_msgs/lib:/home/dongkuo/lt_ws/loc_ws/install/fast_lio/lib:/home/dongkuo/lt_ws/realsense_ws/install/realsense2_camera/lib:/home/dongkuo/lt_ws/realsense_ws/install/realsense2_camera_msgs/lib:/opt/vulcanexus/humble/lib:/usr/lib/x86_64-linux-gnu/gazebo-11/plugins:/opt/ros/humble/opt/rviz_ogre_vendor/lib:/opt/ros/humble/lib/x86_64-linux-gnu:/opt/ros/humble/lib /usr/bin/cmake --install /home/dongkuo/lt_ws/loc_ws/build/fast_lio
