[0.007s] Invoking command in '/home/dongkuo/lt_ws/loc_ws/build/fast_lio': AMENT_PREFIX_PATH=/home/dongkuo/lt_ws/loc_ws/install/livox_ros_driver2:${AMENT_PREFIX_PATH} CMAKE_PREFIX_PATH=/home/dongkuo/lt_ws/loc_ws/install/livox_ros_driver2:/home/dongkuo/lt_ws/realsense_ws/install/realsense2_description:/home/dongkuo/lt_ws/realsense_ws/install/realsense2_camera:/home/dongkuo/lt_ws/realsense_ws/install/realsense2_camera_msgs:/home/dongkuo/lt_ws/realsense_ws/install/depth_to_cloud_converter:/opt/vulcanexus/humble:/opt/ros/humble LD_LIBRARY_PATH=/home/dongkuo/lt_ws/loc_ws/install/livox_ros_driver2/lib:${LD_LIBRARY_PATH} PYTHONPATH=/home/dongkuo/lt_ws/loc_ws/install/livox_ros_driver2/local/lib/python3.10/dist-packages:${PYTHONPATH} /usr/bin/cmake --build /home/dongkuo/lt_ws/loc_ws/build/fast_lio -- -j32 -l32
[0.041s] [  2%] Built target fast_lio__cpp
[0.042s] [ 10%] Built target fast_lio__rosidl_generator_c
[0.046s] [ 10%] Built target ament_cmake_python_copy_fast_lio
[0.053s] [ 16%] Built target pcd_publisher
[0.055s] [ 24%] Built target fast_lio__rosidl_typesupport_introspection_c
[0.055s] [ 32%] Built target fast_lio__rosidl_typesupport_fastrtps_cpp
[0.055s] [ 40%] Built target fast_lio__rosidl_typesupport_introspection_cpp
[0.057s] [ 54%] Built target fast_lio__rosidl_typesupport_fastrtps_c
[0.057s] [ 56%] Built target fast_lio__rosidl_typesupport_cpp
[0.057s] [ 64%] Built target fast_lio__rosidl_typesupport_c
[0.069s] [ 64%] Built target fast_lio
[0.083s] [ 75%] Built target fast_lio__py
[0.083s] [ 78%] Built target fastlio_mapping
[0.099s] [ 83%] Built target fast_lio__rosidl_generator_py
[0.114s] [ 89%] Built target fast_lio__rosidl_typesupport_c__pyext
[0.115s] [ 94%] Built target fast_lio__rosidl_typesupport_introspection_c__pyext
[0.115s] [100%] Built target fast_lio__rosidl_typesupport_fastrtps_c__pyext
[0.166s] running egg_info
[0.166s] writing fast_lio.egg-info/PKG-INFO
[0.167s] writing dependency_links to fast_lio.egg-info/dependency_links.txt
[0.167s] writing top-level names to fast_lio.egg-info/top_level.txt
[0.168s] reading manifest file 'fast_lio.egg-info/SOURCES.txt'
[0.168s] writing manifest file 'fast_lio.egg-info/SOURCES.txt'
[0.183s] [100%] Built target ament_cmake_python_build_fast_lio_egg
[0.191s] Invoked command in '/home/dongkuo/lt_ws/loc_ws/build/fast_lio' returned '0': AMENT_PREFIX_PATH=/home/dongkuo/lt_ws/loc_ws/install/livox_ros_driver2:${AMENT_PREFIX_PATH} CMAKE_PREFIX_PATH=/home/dongkuo/lt_ws/loc_ws/install/livox_ros_driver2:/home/dongkuo/lt_ws/realsense_ws/install/realsense2_description:/home/dongkuo/lt_ws/realsense_ws/install/realsense2_camera:/home/dongkuo/lt_ws/realsense_ws/install/realsense2_camera_msgs:/home/dongkuo/lt_ws/realsense_ws/install/depth_to_cloud_converter:/opt/vulcanexus/humble:/opt/ros/humble LD_LIBRARY_PATH=/home/dongkuo/lt_ws/loc_ws/install/livox_ros_driver2/lib:${LD_LIBRARY_PATH} PYTHONPATH=/home/dongkuo/lt_ws/loc_ws/install/livox_ros_driver2/local/lib/python3.10/dist-packages:${PYTHONPATH} /usr/bin/cmake --build /home/dongkuo/lt_ws/loc_ws/build/fast_lio -- -j32 -l32
[0.192s] Invoking command in '/home/dongkuo/lt_ws/loc_ws/build/fast_lio': AMENT_PREFIX_PATH=/home/dongkuo/lt_ws/loc_ws/install/livox_ros_driver2:${AMENT_PREFIX_PATH} CMAKE_PREFIX_PATH=/home/dongkuo/lt_ws/loc_ws/install/livox_ros_driver2:/home/dongkuo/lt_ws/realsense_ws/install/realsense2_description:/home/dongkuo/lt_ws/realsense_ws/install/realsense2_camera:/home/dongkuo/lt_ws/realsense_ws/install/realsense2_camera_msgs:/home/dongkuo/lt_ws/realsense_ws/install/depth_to_cloud_converter:/opt/vulcanexus/humble:/opt/ros/humble LD_LIBRARY_PATH=/home/dongkuo/lt_ws/loc_ws/install/livox_ros_driver2/lib:${LD_LIBRARY_PATH} PYTHONPATH=/home/dongkuo/lt_ws/loc_ws/install/livox_ros_driver2/local/lib/python3.10/dist-packages:${PYTHONPATH} /usr/bin/cmake --install /home/dongkuo/lt_ws/loc_ws/build/fast_lio
[0.198s] -- Install configuration: "Release"
[0.198s] -- Up-to-date: /home/dongkuo/lt_ws/loc_ws/install/fast_lio/share/ament_index/resource_index/rosidl_interfaces/fast_lio
[0.198s] -- Up-to-date: /home/dongkuo/lt_ws/loc_ws/install/fast_lio/include/fast_lio/fast_lio
[0.198s] -- Up-to-date: /home/dongkuo/lt_ws/loc_ws/install/fast_lio/include/fast_lio/fast_lio/msg
[0.198s] -- Up-to-date: /home/dongkuo/lt_ws/loc_ws/install/fast_lio/include/fast_lio/fast_lio/msg/detail
[0.198s] -- Up-to-date: /home/dongkuo/lt_ws/loc_ws/install/fast_lio/include/fast_lio/fast_lio/msg/detail/pose6_d__type_support.h
[0.198s] -- Up-to-date: /home/dongkuo/lt_ws/loc_ws/install/fast_lio/include/fast_lio/fast_lio/msg/detail/pose6_d__struct.h
[0.198s] -- Up-to-date: /home/dongkuo/lt_ws/loc_ws/install/fast_lio/include/fast_lio/fast_lio/msg/detail/pose6_d__functions.h
[0.198s] -- Up-to-date: /home/dongkuo/lt_ws/loc_ws/install/fast_lio/include/fast_lio/fast_lio/msg/detail/pose6_d__functions.c
[0.198s] -- Up-to-date: /home/dongkuo/lt_ws/loc_ws/install/fast_lio/include/fast_lio/fast_lio/msg/rosidl_generator_c__visibility_control.h
[0.198s] -- Up-to-date: /home/dongkuo/lt_ws/loc_ws/install/fast_lio/include/fast_lio/fast_lio/msg/pose6_d.h
[0.199s] -- Up-to-date: /home/dongkuo/lt_ws/loc_ws/install/fast_lio/share/fast_lio/environment/library_path.sh
[0.199s] -- Up-to-date: /home/dongkuo/lt_ws/loc_ws/install/fast_lio/share/fast_lio/environment/library_path.dsv
[0.199s] -- Up-to-date: /home/dongkuo/lt_ws/loc_ws/install/fast_lio/lib/libfast_lio__rosidl_generator_c.so
[0.199s] -- Up-to-date: /home/dongkuo/lt_ws/loc_ws/install/fast_lio/include/fast_lio/fast_lio
[0.199s] -- Up-to-date: /home/dongkuo/lt_ws/loc_ws/install/fast_lio/include/fast_lio/fast_lio/msg
[0.199s] -- Up-to-date: /home/dongkuo/lt_ws/loc_ws/install/fast_lio/include/fast_lio/fast_lio/msg/rosidl_typesupport_fastrtps_c__visibility_control.h
[0.199s] -- Up-to-date: /home/dongkuo/lt_ws/loc_ws/install/fast_lio/include/fast_lio/fast_lio/msg/detail
[0.199s] -- Up-to-date: /home/dongkuo/lt_ws/loc_ws/install/fast_lio/include/fast_lio/fast_lio/msg/detail/pose6_d__rosidl_typesupport_fastrtps_c.h
[0.199s] -- Up-to-date: /home/dongkuo/lt_ws/loc_ws/install/fast_lio/lib/libfast_lio__rosidl_typesupport_fastrtps_c.so
[0.199s] -- Up-to-date: /home/dongkuo/lt_ws/loc_ws/install/fast_lio/include/fast_lio/fast_lio
[0.199s] -- Up-to-date: /home/dongkuo/lt_ws/loc_ws/install/fast_lio/include/fast_lio/fast_lio/msg
[0.199s] -- Up-to-date: /home/dongkuo/lt_ws/loc_ws/install/fast_lio/include/fast_lio/fast_lio/msg/pose6_d.hpp
[0.199s] -- Up-to-date: /home/dongkuo/lt_ws/loc_ws/install/fast_lio/include/fast_lio/fast_lio/msg/detail
[0.199s] -- Up-to-date: /home/dongkuo/lt_ws/loc_ws/install/fast_lio/include/fast_lio/fast_lio/msg/detail/pose6_d__traits.hpp
[0.199s] -- Up-to-date: /home/dongkuo/lt_ws/loc_ws/install/fast_lio/include/fast_lio/fast_lio/msg/detail/pose6_d__struct.hpp
[0.199s] -- Up-to-date: /home/dongkuo/lt_ws/loc_ws/install/fast_lio/include/fast_lio/fast_lio/msg/detail/pose6_d__builder.hpp
[0.200s] -- Up-to-date: /home/dongkuo/lt_ws/loc_ws/install/fast_lio/include/fast_lio/fast_lio/msg/detail/pose6_d__type_support.hpp
[0.200s] -- Up-to-date: /home/dongkuo/lt_ws/loc_ws/install/fast_lio/include/fast_lio/fast_lio/msg/rosidl_generator_cpp__visibility_control.hpp
[0.200s] -- Up-to-date: /home/dongkuo/lt_ws/loc_ws/install/fast_lio/include/fast_lio/fast_lio
[0.200s] -- Up-to-date: /home/dongkuo/lt_ws/loc_ws/install/fast_lio/include/fast_lio/fast_lio/msg
[0.200s] -- Up-to-date: /home/dongkuo/lt_ws/loc_ws/install/fast_lio/include/fast_lio/fast_lio/msg/detail
[0.200s] -- Up-to-date: /home/dongkuo/lt_ws/loc_ws/install/fast_lio/include/fast_lio/fast_lio/msg/detail/dds_fastrtps
[0.200s] -- Up-to-date: /home/dongkuo/lt_ws/loc_ws/install/fast_lio/include/fast_lio/fast_lio/msg/detail/pose6_d__rosidl_typesupport_fastrtps_cpp.hpp
[0.200s] -- Up-to-date: /home/dongkuo/lt_ws/loc_ws/install/fast_lio/include/fast_lio/fast_lio/msg/rosidl_typesupport_fastrtps_cpp__visibility_control.h
[0.200s] -- Up-to-date: /home/dongkuo/lt_ws/loc_ws/install/fast_lio/lib/libfast_lio__rosidl_typesupport_fastrtps_cpp.so
[0.200s] -- Up-to-date: /home/dongkuo/lt_ws/loc_ws/install/fast_lio/include/fast_lio/fast_lio
[0.200s] -- Up-to-date: /home/dongkuo/lt_ws/loc_ws/install/fast_lio/include/fast_lio/fast_lio/msg
[0.200s] -- Up-to-date: /home/dongkuo/lt_ws/loc_ws/install/fast_lio/include/fast_lio/fast_lio/msg/detail
[0.200s] -- Up-to-date: /home/dongkuo/lt_ws/loc_ws/install/fast_lio/include/fast_lio/fast_lio/msg/detail/pose6_d__type_support.c
[0.200s] -- Up-to-date: /home/dongkuo/lt_ws/loc_ws/install/fast_lio/include/fast_lio/fast_lio/msg/detail/pose6_d__rosidl_typesupport_introspection_c.h
[0.200s] -- Up-to-date: /home/dongkuo/lt_ws/loc_ws/install/fast_lio/include/fast_lio/fast_lio/msg/rosidl_typesupport_introspection_c__visibility_control.h
[0.200s] -- Up-to-date: /home/dongkuo/lt_ws/loc_ws/install/fast_lio/lib/libfast_lio__rosidl_typesupport_introspection_c.so
[0.200s] -- Up-to-date: /home/dongkuo/lt_ws/loc_ws/install/fast_lio/lib/libfast_lio__rosidl_typesupport_c.so
[0.201s] -- Up-to-date: /home/dongkuo/lt_ws/loc_ws/install/fast_lio/include/fast_lio/fast_lio
[0.201s] -- Up-to-date: /home/dongkuo/lt_ws/loc_ws/install/fast_lio/include/fast_lio/fast_lio/msg
[0.201s] -- Up-to-date: /home/dongkuo/lt_ws/loc_ws/install/fast_lio/include/fast_lio/fast_lio/msg/detail
[0.201s] -- Up-to-date: /home/dongkuo/lt_ws/loc_ws/install/fast_lio/include/fast_lio/fast_lio/msg/detail/pose6_d__type_support.cpp
[0.201s] -- Up-to-date: /home/dongkuo/lt_ws/loc_ws/install/fast_lio/include/fast_lio/fast_lio/msg/detail/pose6_d__rosidl_typesupport_introspection_cpp.hpp
[0.201s] -- Up-to-date: /home/dongkuo/lt_ws/loc_ws/install/fast_lio/lib/libfast_lio__rosidl_typesupport_introspection_cpp.so
[0.201s] -- Up-to-date: /home/dongkuo/lt_ws/loc_ws/install/fast_lio/lib/libfast_lio__rosidl_typesupport_cpp.so
[0.201s] -- Up-to-date: /home/dongkuo/lt_ws/loc_ws/install/fast_lio/share/fast_lio/environment/pythonpath.sh
[0.201s] -- Up-to-date: /home/dongkuo/lt_ws/loc_ws/install/fast_lio/share/fast_lio/environment/pythonpath.dsv
[0.201s] -- Up-to-date: /home/dongkuo/lt_ws/loc_ws/install/fast_lio/local/lib/python3.10/dist-packages/fast_lio-0.0.0-py3.10.egg-info
[0.201s] -- Installing: /home/dongkuo/lt_ws/loc_ws/install/fast_lio/local/lib/python3.10/dist-packages/fast_lio-0.0.0-py3.10.egg-info/SOURCES.txt
[0.201s] -- Installing: /home/dongkuo/lt_ws/loc_ws/install/fast_lio/local/lib/python3.10/dist-packages/fast_lio-0.0.0-py3.10.egg-info/top_level.txt
[0.201s] -- Installing: /home/dongkuo/lt_ws/loc_ws/install/fast_lio/local/lib/python3.10/dist-packages/fast_lio-0.0.0-py3.10.egg-info/dependency_links.txt
[0.201s] -- Installing: /home/dongkuo/lt_ws/loc_ws/install/fast_lio/local/lib/python3.10/dist-packages/fast_lio-0.0.0-py3.10.egg-info/PKG-INFO
[0.201s] -- Up-to-date: /home/dongkuo/lt_ws/loc_ws/install/fast_lio/local/lib/python3.10/dist-packages/fast_lio
[0.201s] -- Up-to-date: /home/dongkuo/lt_ws/loc_ws/install/fast_lio/local/lib/python3.10/dist-packages/fast_lio/libfast_lio__rosidl_generator_py.so
[0.201s] -- Up-to-date: /home/dongkuo/lt_ws/loc_ws/install/fast_lio/local/lib/python3.10/dist-packages/fast_lio/fast_lio_s__rosidl_typesupport_c.cpython-310-x86_64-linux-gnu.so
[0.202s] -- Up-to-date: /home/dongkuo/lt_ws/loc_ws/install/fast_lio/local/lib/python3.10/dist-packages/fast_lio/_fast_lio_s.ep.rosidl_typesupport_c.c
[0.202s] -- Up-to-date: /home/dongkuo/lt_ws/loc_ws/install/fast_lio/local/lib/python3.10/dist-packages/fast_lio/_fast_lio_s.ep.rosidl_typesupport_fastrtps_c.c
[0.202s] -- Up-to-date: /home/dongkuo/lt_ws/loc_ws/install/fast_lio/local/lib/python3.10/dist-packages/fast_lio/fast_lio_s__rosidl_typesupport_fastrtps_c.cpython-310-x86_64-linux-gnu.so
[0.202s] -- Up-to-date: /home/dongkuo/lt_ws/loc_ws/install/fast_lio/local/lib/python3.10/dist-packages/fast_lio/_fast_lio_s.ep.rosidl_typesupport_introspection_c.c
[0.202s] -- Up-to-date: /home/dongkuo/lt_ws/loc_ws/install/fast_lio/local/lib/python3.10/dist-packages/fast_lio/__init__.py
[0.202s] -- Up-to-date: /home/dongkuo/lt_ws/loc_ws/install/fast_lio/local/lib/python3.10/dist-packages/fast_lio/msg
[0.202s] -- Up-to-date: /home/dongkuo/lt_ws/loc_ws/install/fast_lio/local/lib/python3.10/dist-packages/fast_lio/msg/_pose6_d.py
[0.202s] -- Up-to-date: /home/dongkuo/lt_ws/loc_ws/install/fast_lio/local/lib/python3.10/dist-packages/fast_lio/msg/__init__.py
[0.202s] -- Up-to-date: /home/dongkuo/lt_ws/loc_ws/install/fast_lio/local/lib/python3.10/dist-packages/fast_lio/msg/_pose6_d_s.c
[0.202s] -- Up-to-date: /home/dongkuo/lt_ws/loc_ws/install/fast_lio/local/lib/python3.10/dist-packages/fast_lio/fast_lio_s__rosidl_typesupport_introspection_c.cpython-310-x86_64-linux-gnu.so
[0.217s] Listing '/home/dongkuo/lt_ws/loc_ws/install/fast_lio/local/lib/python3.10/dist-packages/fast_lio'...
[0.217s] Listing '/home/dongkuo/lt_ws/loc_ws/install/fast_lio/local/lib/python3.10/dist-packages/fast_lio/msg'...
[0.219s] -- Up-to-date: /home/dongkuo/lt_ws/loc_ws/install/fast_lio/local/lib/python3.10/dist-packages/fast_lio/fast_lio_s__rosidl_typesupport_fastrtps_c.cpython-310-x86_64-linux-gnu.so
[0.220s] -- Up-to-date: /home/dongkuo/lt_ws/loc_ws/install/fast_lio/local/lib/python3.10/dist-packages/fast_lio/fast_lio_s__rosidl_typesupport_introspection_c.cpython-310-x86_64-linux-gnu.so
[0.220s] -- Up-to-date: /home/dongkuo/lt_ws/loc_ws/install/fast_lio/local/lib/python3.10/dist-packages/fast_lio/fast_lio_s__rosidl_typesupport_c.cpython-310-x86_64-linux-gnu.so
[0.220s] -- Up-to-date: /home/dongkuo/lt_ws/loc_ws/install/fast_lio/lib/libfast_lio__rosidl_generator_py.so
[0.220s] -- Up-to-date: /home/dongkuo/lt_ws/loc_ws/install/fast_lio/share/fast_lio/msg/Pose6D.idl
[0.220s] -- Up-to-date: /home/dongkuo/lt_ws/loc_ws/install/fast_lio/share/fast_lio/msg/Pose6D.msg
[0.220s] -- Up-to-date: /home/dongkuo/lt_ws/loc_ws/install/fast_lio/lib/fast_lio/fastlio_mapping
[0.220s] -- Up-to-date: /home/dongkuo/lt_ws/loc_ws/install/fast_lio/lib/fast_lio/pcd_publisher
[0.220s] -- Up-to-date: /home/dongkuo/lt_ws/loc_ws/install/fast_lio/share/fast_lio/config
[0.220s] -- Up-to-date: /home/dongkuo/lt_ws/loc_ws/install/fast_lio/share/fast_lio/config/mid360.yaml
[0.220s] -- Up-to-date: /home/dongkuo/lt_ws/loc_ws/install/fast_lio/share/fast_lio/config/avia.yaml
[0.220s] -- Up-to-date: /home/dongkuo/lt_ws/loc_ws/install/fast_lio/share/fast_lio/config/velodyne.yaml
[0.221s] -- Up-to-date: /home/dongkuo/lt_ws/loc_ws/install/fast_lio/share/fast_lio/config/pc2scan_params.yaml
[0.221s] -- Up-to-date: /home/dongkuo/lt_ws/loc_ws/install/fast_lio/share/fast_lio/config/ouster64.yaml
[0.221s] -- Up-to-date: /home/dongkuo/lt_ws/loc_ws/install/fast_lio/share/fast_lio/config/horizon.yaml
[0.221s] -- Up-to-date: /home/dongkuo/lt_ws/loc_ws/install/fast_lio/share/fast_lio/launch
[0.221s] -- Up-to-date: /home/dongkuo/lt_ws/loc_ws/install/fast_lio/share/fast_lio/launch/point_look.launch .py
[0.221s] -- Up-to-date: /home/dongkuo/lt_ws/loc_ws/install/fast_lio/share/fast_lio/launch/mapping.launch.py
[0.221s] -- Up-to-date: /home/dongkuo/lt_ws/loc_ws/install/fast_lio/share/fast_lio/launch/gdb_debug_example.launch
[0.221s] -- Up-to-date: /home/dongkuo/lt_ws/loc_ws/install/fast_lio/share/fast_lio/launch/online_mapping.launch.py
[0.221s] -- Up-to-date: /home/dongkuo/lt_ws/loc_ws/install/fast_lio/share/fast_lio/rviz
[0.221s] -- Up-to-date: /home/dongkuo/lt_ws/loc_ws/install/fast_lio/share/fast_lio/rviz/fastlio.rviz
[0.221s] -- Up-to-date: /home/dongkuo/lt_ws/loc_ws/install/fast_lio/share/ament_index/resource_index/package_run_dependencies/fast_lio
[0.221s] -- Up-to-date: /home/dongkuo/lt_ws/loc_ws/install/fast_lio/share/ament_index/resource_index/parent_prefix_path/fast_lio
[0.221s] -- Up-to-date: /home/dongkuo/lt_ws/loc_ws/install/fast_lio/share/fast_lio/environment/ament_prefix_path.sh
[0.221s] -- Up-to-date: /home/dongkuo/lt_ws/loc_ws/install/fast_lio/share/fast_lio/environment/ament_prefix_path.dsv
[0.221s] -- Up-to-date: /home/dongkuo/lt_ws/loc_ws/install/fast_lio/share/fast_lio/environment/path.sh
[0.222s] -- Up-to-date: /home/dongkuo/lt_ws/loc_ws/install/fast_lio/share/fast_lio/environment/path.dsv
[0.222s] -- Up-to-date: /home/dongkuo/lt_ws/loc_ws/install/fast_lio/share/fast_lio/local_setup.bash
[0.222s] -- Up-to-date: /home/dongkuo/lt_ws/loc_ws/install/fast_lio/share/fast_lio/local_setup.sh
[0.222s] -- Up-to-date: /home/dongkuo/lt_ws/loc_ws/install/fast_lio/share/fast_lio/local_setup.zsh
[0.222s] -- Up-to-date: /home/dongkuo/lt_ws/loc_ws/install/fast_lio/share/fast_lio/local_setup.dsv
[0.222s] -- Installing: /home/dongkuo/lt_ws/loc_ws/install/fast_lio/share/fast_lio/package.dsv
[0.222s] -- Up-to-date: /home/dongkuo/lt_ws/loc_ws/install/fast_lio/share/ament_index/resource_index/packages/fast_lio
[0.222s] -- Up-to-date: /home/dongkuo/lt_ws/loc_ws/install/fast_lio/share/fast_lio/cmake/export_fast_lio__rosidl_generator_cExport.cmake
[0.222s] -- Up-to-date: /home/dongkuo/lt_ws/loc_ws/install/fast_lio/share/fast_lio/cmake/export_fast_lio__rosidl_generator_cExport-release.cmake
[0.223s] -- Up-to-date: /home/dongkuo/lt_ws/loc_ws/install/fast_lio/share/fast_lio/cmake/export_fast_lio__rosidl_typesupport_fastrtps_cExport.cmake
[0.223s] -- Up-to-date: /home/dongkuo/lt_ws/loc_ws/install/fast_lio/share/fast_lio/cmake/export_fast_lio__rosidl_typesupport_fastrtps_cExport-release.cmake
[0.223s] -- Up-to-date: /home/dongkuo/lt_ws/loc_ws/install/fast_lio/share/fast_lio/cmake/export_fast_lio__rosidl_generator_cppExport.cmake
[0.223s] -- Up-to-date: /home/dongkuo/lt_ws/loc_ws/install/fast_lio/share/fast_lio/cmake/export_fast_lio__rosidl_typesupport_fastrtps_cppExport.cmake
[0.223s] -- Up-to-date: /home/dongkuo/lt_ws/loc_ws/install/fast_lio/share/fast_lio/cmake/export_fast_lio__rosidl_typesupport_fastrtps_cppExport-release.cmake
[0.223s] -- Up-to-date: /home/dongkuo/lt_ws/loc_ws/install/fast_lio/share/fast_lio/cmake/fast_lio__rosidl_typesupport_introspection_cExport.cmake
[0.223s] -- Up-to-date: /home/dongkuo/lt_ws/loc_ws/install/fast_lio/share/fast_lio/cmake/fast_lio__rosidl_typesupport_introspection_cExport-release.cmake
[0.223s] -- Up-to-date: /home/dongkuo/lt_ws/loc_ws/install/fast_lio/share/fast_lio/cmake/fast_lio__rosidl_typesupport_cExport.cmake
[0.223s] -- Up-to-date: /home/dongkuo/lt_ws/loc_ws/install/fast_lio/share/fast_lio/cmake/fast_lio__rosidl_typesupport_cExport-release.cmake
[0.224s] -- Up-to-date: /home/dongkuo/lt_ws/loc_ws/install/fast_lio/share/fast_lio/cmake/fast_lio__rosidl_typesupport_introspection_cppExport.cmake
[0.224s] -- Up-to-date: /home/dongkuo/lt_ws/loc_ws/install/fast_lio/share/fast_lio/cmake/fast_lio__rosidl_typesupport_introspection_cppExport-release.cmake
[0.224s] -- Up-to-date: /home/dongkuo/lt_ws/loc_ws/install/fast_lio/share/fast_lio/cmake/fast_lio__rosidl_typesupport_cppExport.cmake
[0.224s] -- Up-to-date: /home/dongkuo/lt_ws/loc_ws/install/fast_lio/share/fast_lio/cmake/fast_lio__rosidl_typesupport_cppExport-release.cmake
[0.224s] -- Up-to-date: /home/dongkuo/lt_ws/loc_ws/install/fast_lio/share/fast_lio/cmake/export_fast_lio__rosidl_generator_pyExport.cmake
[0.224s] -- Up-to-date: /home/dongkuo/lt_ws/loc_ws/install/fast_lio/share/fast_lio/cmake/export_fast_lio__rosidl_generator_pyExport-release.cmake
[0.224s] -- Up-to-date: /home/dongkuo/lt_ws/loc_ws/install/fast_lio/share/fast_lio/cmake/rosidl_cmake-extras.cmake
[0.224s] -- Up-to-date: /home/dongkuo/lt_ws/loc_ws/install/fast_lio/share/fast_lio/cmake/ament_cmake_export_include_directories-extras.cmake
[0.224s] -- Up-to-date: /home/dongkuo/lt_ws/loc_ws/install/fast_lio/share/fast_lio/cmake/ament_cmake_export_libraries-extras.cmake
[0.225s] -- Up-to-date: /home/dongkuo/lt_ws/loc_ws/install/fast_lio/share/fast_lio/cmake/ament_cmake_export_targets-extras.cmake
[0.225s] -- Up-to-date: /home/dongkuo/lt_ws/loc_ws/install/fast_lio/share/fast_lio/cmake/rosidl_cmake_export_typesupport_targets-extras.cmake
[0.225s] -- Up-to-date: /home/dongkuo/lt_ws/loc_ws/install/fast_lio/share/fast_lio/cmake/ament_cmake_export_dependencies-extras.cmake
[0.225s] -- Up-to-date: /home/dongkuo/lt_ws/loc_ws/install/fast_lio/share/fast_lio/cmake/rosidl_cmake_export_typesupport_libraries-extras.cmake
[0.225s] -- Up-to-date: /home/dongkuo/lt_ws/loc_ws/install/fast_lio/share/fast_lio/cmake/fast_lioConfig.cmake
[0.225s] -- Up-to-date: /home/dongkuo/lt_ws/loc_ws/install/fast_lio/share/fast_lio/cmake/fast_lioConfig-version.cmake
[0.225s] -- Up-to-date: /home/dongkuo/lt_ws/loc_ws/install/fast_lio/share/fast_lio/package.xml
[0.226s] Invoked command in '/home/dongkuo/lt_ws/loc_ws/build/fast_lio' returned '0': AMENT_PREFIX_PATH=/home/dongkuo/lt_ws/loc_ws/install/livox_ros_driver2:${AMENT_PREFIX_PATH} CMAKE_PREFIX_PATH=/home/dongkuo/lt_ws/loc_ws/install/livox_ros_driver2:/home/dongkuo/lt_ws/realsense_ws/install/realsense2_description:/home/dongkuo/lt_ws/realsense_ws/install/realsense2_camera:/home/dongkuo/lt_ws/realsense_ws/install/realsense2_camera_msgs:/home/dongkuo/lt_ws/realsense_ws/install/depth_to_cloud_converter:/opt/vulcanexus/humble:/opt/ros/humble LD_LIBRARY_PATH=/home/dongkuo/lt_ws/loc_ws/install/livox_ros_driver2/lib:${LD_LIBRARY_PATH} PYTHONPATH=/home/dongkuo/lt_ws/loc_ws/install/livox_ros_driver2/local/lib/python3.10/dist-packages:${PYTHONPATH} /usr/bin/cmake --install /home/dongkuo/lt_ws/loc_ws/build/fast_lio
