[35m[1mConsolidate compiler generated dependencies of target pointcloud_to_laserscan[0m
[ 50%] Built target point_look
[ 75%] [32mBuilding CXX object CMakeFiles/pointcloud_to_laserscan.dir/src/pointcloud_to_laserscan.cpp.o[0m
[01m[K/home/dongkuo/lt_ws/loc_ws/src/point2d_loc/src/pointcloud_to_laserscan.cpp:[m[K In member function ‘[01m[Knav_msgs::msg::OccupancyGrid PointCloudTFNode::loadMap(const string&, double, const string&)[m[K’:
[01m[K/home/dongkuo/lt_ws/loc_ws/src/point2d_loc/src/pointcloud_to_laserscan.cpp:316:76:[m[K [01;35m[Kwarning: [m[Kunused parameter ‘[01m[Kresolution[m[K’ [[01;35m[K]8;;https://gcc.gnu.org/onlinedocs/gcc/Warning-Options.html#index-Wunused-parameter-Wunused-parameter]8;;[m[K]
  316 | :string &pgm_file, [01;35m[Kdouble resolution[m[K, const std::string &override_image_file = "")
      |                    [01;35m[K~~~~~~~^~~~~~~~~~[m[K

[100%] [32m[1mLinking CXX executable pointcloud_to_laserscan[0m
[100%] Built target pointcloud_to_laserscan
-- Install configuration: ""
-- Installing: /home/dongkuo/lt_ws/loc_ws/install/point2d_loc/lib/point2d_loc/pointcloud_to_laserscan
-- Set runtime path of "/home/dongkuo/lt_ws/loc_ws/install/point2d_loc/lib/point2d_loc/pointcloud_to_laserscan" to ""
-- Up-to-date: /home/dongkuo/lt_ws/loc_ws/install/point2d_loc/lib/point2d_loc/point_look
-- Up-to-date: /home/dongkuo/lt_ws/loc_ws/install/point2d_loc/share/point2d_loc/launch
-- Up-to-date: /home/dongkuo/lt_ws/loc_ws/install/point2d_loc/share/point2d_loc/launch/pointcloud_to_laserscan_launch.py
-- Up-to-date: /home/dongkuo/lt_ws/loc_ws/install/point2d_loc/share/point2d_loc/map
-- Up-to-date: /home/dongkuo/lt_ws/loc_ws/install/point2d_loc/share/point2d_loc/map/office2.pgm
-- Up-to-date: /home/dongkuo/lt_ws/loc_ws/install/point2d_loc/share/point2d_loc/map/test.pcd
-- Up-to-date: /home/dongkuo/lt_ws/loc_ws/install/point2d_loc/share/point2d_loc/map/office2.yaml
-- Up-to-date: /home/dongkuo/lt_ws/loc_ws/install/point2d_loc/share/point2d_loc/rviz
-- Up-to-date: /home/dongkuo/lt_ws/loc_ws/install/point2d_loc/share/point2d_loc/rviz/loc_map.rviz
-- Up-to-date: /home/dongkuo/lt_ws/loc_ws/install/point2d_loc/share/point2d_loc/rviz/rviz.rviz
-- Up-to-date: /home/dongkuo/lt_ws/loc_ws/install/point2d_loc/share/ament_index/resource_index/package_run_dependencies/point2d_loc
-- Up-to-date: /home/dongkuo/lt_ws/loc_ws/install/point2d_loc/share/ament_index/resource_index/parent_prefix_path/point2d_loc
-- Up-to-date: /home/dongkuo/lt_ws/loc_ws/install/point2d_loc/share/point2d_loc/environment/ament_prefix_path.sh
-- Up-to-date: /home/dongkuo/lt_ws/loc_ws/install/point2d_loc/share/point2d_loc/environment/ament_prefix_path.dsv
-- Up-to-date: /home/dongkuo/lt_ws/loc_ws/install/point2d_loc/share/point2d_loc/environment/path.sh
-- Up-to-date: /home/dongkuo/lt_ws/loc_ws/install/point2d_loc/share/point2d_loc/environment/path.dsv
-- Up-to-date: /home/dongkuo/lt_ws/loc_ws/install/point2d_loc/share/point2d_loc/local_setup.bash
-- Up-to-date: /home/dongkuo/lt_ws/loc_ws/install/point2d_loc/share/point2d_loc/local_setup.sh
-- Up-to-date: /home/dongkuo/lt_ws/loc_ws/install/point2d_loc/share/point2d_loc/local_setup.zsh
-- Up-to-date: /home/dongkuo/lt_ws/loc_ws/install/point2d_loc/share/point2d_loc/local_setup.dsv
-- Installing: /home/dongkuo/lt_ws/loc_ws/install/point2d_loc/share/point2d_loc/package.dsv
-- Up-to-date: /home/dongkuo/lt_ws/loc_ws/install/point2d_loc/share/ament_index/resource_index/packages/point2d_loc
-- Up-to-date: /home/dongkuo/lt_ws/loc_ws/install/point2d_loc/share/point2d_loc/cmake/point2d_locConfig.cmake
-- Up-to-date: /home/dongkuo/lt_ws/loc_ws/install/point2d_loc/share/point2d_loc/cmake/point2d_locConfig-version.cmake
-- Up-to-date: /home/dongkuo/lt_ws/loc_ws/install/point2d_loc/share/point2d_loc/package.xml
