[0.023s] Invoking command in '/home/dongkuo/lt_ws/loc_ws/build/livox_ros_driver2': CMAKE_PREFIX_PATH=/home/dongkuo/lt_ws/loc_ws/install/scout_base:/home/dongkuo/wl_ws/navigation2_ws/install/nav2_simple_commander:/opt/ros/humble:/home/dongkuo/lt_ws/loc_ws/install/ugv_sdk:/home/dongkuo/lt_ws/loc_ws/install/scout_msgs:/home/dongkuo/lt_ws/loc_ws/install/scout_description:/home/dongkuo/lt_ws/loc_ws/install/point2d_loc:/home/dongkuo/lt_ws/loc_ws/install/nav_demo:/home/dongkuo/lt_ws/loc_ws/install/fast_lio:/home/dongkuo/lt_ws/loc_ws/install/livox_ros_driver2:/home/dongkuo/wl_ws/navigation2_ws/install/nav2_system_tests:/home/dongkuo/wl_ws/navigation2_ws/install/nav2_bringup:/home/dongkuo/wl_ws/navigation2_ws/install/navigation2:/home/dongkuo/wl_ws/navigation2_ws/install/nav2_smoother:/home/dongkuo/wl_ws/navigation2_ws/install/nav2_rotation_shim_controller:/home/dongkuo/wl_ws/navigation2_ws/install/nav2_graceful_controller:/home/dongkuo/wl_ws/navigation2_ws/install/nav2_dwb_controller:/home/dongkuo/wl_ws/navigation2_ws/install/nav2_controller:/home/dongkuo/wl_ws/navigation2_ws/install/dwb_plugins:/home/dongkuo/wl_ws/navigation2_ws/install/dwb_critics:/home/dongkuo/wl_ws/navigation2_ws/install/dwb_core:/home/dongkuo/wl_ws/navigation2_ws/install/nav_2d_utils:/home/dongkuo/wl_ws/navigation2_ws/install/dwb_msgs:/home/dongkuo/wl_ws/navigation2_ws/install/nav_2d_msgs:/home/dongkuo/wl_ws/navigation2_ws/install/nav2_waypoint_follower:/home/dongkuo/wl_ws/navigation2_ws/install/nav2_theta_star_planner:/home/dongkuo/wl_ws/navigation2_ws/install/nav2_smac_planner:/home/dongkuo/wl_ws/navigation2_ws/install/nav2_route:/home/dongkuo/wl_ws/navigation2_ws/install/nav2_regulated_pure_pursuit_controller:/home/dongkuo/wl_ws/navigation2_ws/install/nav2_planner:/home/dongkuo/wl_ws/navigation2_ws/install/nav2_navfn_planner:/home/dongkuo/wl_ws/navigation2_ws/install/nav2_mppi_controller:/home/dongkuo/wl_ws/navigation2_ws/install/nav2_constrained_smoother:/home/dongkuo/wl_ws/navigation2_ws/install/nav2_bt_navigator:/home/dongkuo/wl_ws/navigation2_ws/install/nav2_behaviors:/home/dongkuo/wl_ws/navigation2_ws/install/nav2_core:/home/dongkuo/wl_ws/navigation2_ws/install/nav2_collision_monitor:/home/dongkuo/wl_ws/navigation2_ws/install/costmap_queue:/home/dongkuo/wl_ws/navigation2_ws/install/nav2_costmap_2d:/home/dongkuo/wl_ws/navigation2_ws/install/nav2_voxel_grid:/home/dongkuo/wl_ws/navigation2_ws/install/nav2_velocity_smoother:/home/dongkuo/wl_ws/navigation2_ws/install/nav2_rviz_plugins:/home/dongkuo/wl_ws/navigation2_ws/install/nav2_map_server:/home/dongkuo/wl_ws/navigation2_ws/install/nav2_lifecycle_manager:/home/dongkuo/wl_ws/navigation2_ws/install/nav2_behavior_tree:/home/dongkuo/wl_ws/navigation2_ws/install/nav2_amcl:/home/dongkuo/wl_ws/navigation2_ws/install/nav2_util:/home/dongkuo/wl_ws/navigation2_ws/install/nav2_msgs:/home/dongkuo/wl_ws/navigation2_ws/install/nav2_common:/home/dongkuo/lt_ws/realsense_ws/install/realsense2_description:/home/dongkuo/lt_ws/realsense_ws/install/realsense2_camera:/home/dongkuo/lt_ws/realsense_ws/install/realsense2_camera_msgs:/home/dongkuo/lt_ws/realsense_ws/install/depth_to_cloud_converter:/opt/vulcanexus/humble /usr/bin/cmake --build /home/dongkuo/lt_ws/loc_ws/build/livox_ros_driver2 -- -j32 -l32
[0.085s] [  1%] Built target livox_interfaces2__cpp
[0.090s] [  5%] Built target livox_ros_driver2_node
[0.091s] [ 12%] Built target livox_interfaces2__rosidl_generator_c
[0.098s] [ 12%] Built target ament_cmake_python_copy_livox_ros_driver2
[0.121s] [ 19%] Built target livox_interfaces2__rosidl_typesupport_fastrtps_cpp
[0.122s] [ 29%] Built target livox_interfaces2__rosidl_typesupport_cpp
[0.122s] [ 33%] Built target livox_interfaces2__rosidl_typesupport_introspection_cpp
[0.122s] [ 40%] Built target livox_interfaces2__rosidl_typesupport_c
[0.123s] [ 47%] Built target livox_interfaces2__rosidl_typesupport_fastrtps_c
[0.126s] [ 54%] Built target livox_interfaces2__rosidl_typesupport_introspection_c
[0.143s] [ 54%] Built target livox_interfaces2
[0.156s] [ 82%] Built target livox_ros_driver2
[0.165s] [ 84%] Built target livox_interfaces2__py
[0.187s] [ 89%] Built target livox_interfaces2__rosidl_generator_py
[0.213s] [ 92%] Built target livox_ros_driver2__rosidl_typesupport_c__pyext
[0.213s] [ 96%] Built target livox_ros_driver2__rosidl_typesupport_introspection_c__pyext
[0.214s] [100%] Built target livox_ros_driver2__rosidl_typesupport_fastrtps_c__pyext
[0.275s] running egg_info
[0.275s] writing livox_ros_driver2.egg-info/PKG-INFO
[0.275s] writing dependency_links to livox_ros_driver2.egg-info/dependency_links.txt
[0.275s] writing top-level names to livox_ros_driver2.egg-info/top_level.txt
[0.277s] reading manifest file 'livox_ros_driver2.egg-info/SOURCES.txt'
[0.277s] writing manifest file 'livox_ros_driver2.egg-info/SOURCES.txt'
[0.298s] [100%] Built target ament_cmake_python_build_livox_ros_driver2_egg
[0.309s] Invoked command in '/home/dongkuo/lt_ws/loc_ws/build/livox_ros_driver2' returned '0': CMAKE_PREFIX_PATH=/home/dongkuo/lt_ws/loc_ws/install/scout_base:/home/dongkuo/wl_ws/navigation2_ws/install/nav2_simple_commander:/opt/ros/humble:/home/dongkuo/lt_ws/loc_ws/install/ugv_sdk:/home/dongkuo/lt_ws/loc_ws/install/scout_msgs:/home/dongkuo/lt_ws/loc_ws/install/scout_description:/home/dongkuo/lt_ws/loc_ws/install/point2d_loc:/home/dongkuo/lt_ws/loc_ws/install/nav_demo:/home/dongkuo/lt_ws/loc_ws/install/fast_lio:/home/dongkuo/lt_ws/loc_ws/install/livox_ros_driver2:/home/dongkuo/wl_ws/navigation2_ws/install/nav2_system_tests:/home/dongkuo/wl_ws/navigation2_ws/install/nav2_bringup:/home/dongkuo/wl_ws/navigation2_ws/install/navigation2:/home/dongkuo/wl_ws/navigation2_ws/install/nav2_smoother:/home/dongkuo/wl_ws/navigation2_ws/install/nav2_rotation_shim_controller:/home/dongkuo/wl_ws/navigation2_ws/install/nav2_graceful_controller:/home/dongkuo/wl_ws/navigation2_ws/install/nav2_dwb_controller:/home/dongkuo/wl_ws/navigation2_ws/install/nav2_controller:/home/dongkuo/wl_ws/navigation2_ws/install/dwb_plugins:/home/dongkuo/wl_ws/navigation2_ws/install/dwb_critics:/home/dongkuo/wl_ws/navigation2_ws/install/dwb_core:/home/dongkuo/wl_ws/navigation2_ws/install/nav_2d_utils:/home/dongkuo/wl_ws/navigation2_ws/install/dwb_msgs:/home/dongkuo/wl_ws/navigation2_ws/install/nav_2d_msgs:/home/dongkuo/wl_ws/navigation2_ws/install/nav2_waypoint_follower:/home/dongkuo/wl_ws/navigation2_ws/install/nav2_theta_star_planner:/home/dongkuo/wl_ws/navigation2_ws/install/nav2_smac_planner:/home/dongkuo/wl_ws/navigation2_ws/install/nav2_route:/home/dongkuo/wl_ws/navigation2_ws/install/nav2_regulated_pure_pursuit_controller:/home/dongkuo/wl_ws/navigation2_ws/install/nav2_planner:/home/dongkuo/wl_ws/navigation2_ws/install/nav2_navfn_planner:/home/dongkuo/wl_ws/navigation2_ws/install/nav2_mppi_controller:/home/dongkuo/wl_ws/navigation2_ws/install/nav2_constrained_smoother:/home/dongkuo/wl_ws/navigation2_ws/install/nav2_bt_navigator:/home/dongkuo/wl_ws/navigation2_ws/install/nav2_behaviors:/home/dongkuo/wl_ws/navigation2_ws/install/nav2_core:/home/dongkuo/wl_ws/navigation2_ws/install/nav2_collision_monitor:/home/dongkuo/wl_ws/navigation2_ws/install/costmap_queue:/home/dongkuo/wl_ws/navigation2_ws/install/nav2_costmap_2d:/home/dongkuo/wl_ws/navigation2_ws/install/nav2_voxel_grid:/home/dongkuo/wl_ws/navigation2_ws/install/nav2_velocity_smoother:/home/dongkuo/wl_ws/navigation2_ws/install/nav2_rviz_plugins:/home/dongkuo/wl_ws/navigation2_ws/install/nav2_map_server:/home/dongkuo/wl_ws/navigation2_ws/install/nav2_lifecycle_manager:/home/dongkuo/wl_ws/navigation2_ws/install/nav2_behavior_tree:/home/dongkuo/wl_ws/navigation2_ws/install/nav2_amcl:/home/dongkuo/wl_ws/navigation2_ws/install/nav2_util:/home/dongkuo/wl_ws/navigation2_ws/install/nav2_msgs:/home/dongkuo/wl_ws/navigation2_ws/install/nav2_common:/home/dongkuo/lt_ws/realsense_ws/install/realsense2_description:/home/dongkuo/lt_ws/realsense_ws/install/realsense2_camera:/home/dongkuo/lt_ws/realsense_ws/install/realsense2_camera_msgs:/home/dongkuo/lt_ws/realsense_ws/install/depth_to_cloud_converter:/opt/vulcanexus/humble /usr/bin/cmake --build /home/dongkuo/lt_ws/loc_ws/build/livox_ros_driver2 -- -j32 -l32
[0.312s] Invoking command in '/home/dongkuo/lt_ws/loc_ws/build/livox_ros_driver2': CMAKE_PREFIX_PATH=/home/dongkuo/lt_ws/loc_ws/install/scout_base:/home/dongkuo/wl_ws/navigation2_ws/install/nav2_simple_commander:/opt/ros/humble:/home/dongkuo/lt_ws/loc_ws/install/ugv_sdk:/home/dongkuo/lt_ws/loc_ws/install/scout_msgs:/home/dongkuo/lt_ws/loc_ws/install/scout_description:/home/dongkuo/lt_ws/loc_ws/install/point2d_loc:/home/dongkuo/lt_ws/loc_ws/install/nav_demo:/home/dongkuo/lt_ws/loc_ws/install/fast_lio:/home/dongkuo/lt_ws/loc_ws/install/livox_ros_driver2:/home/dongkuo/wl_ws/navigation2_ws/install/nav2_system_tests:/home/dongkuo/wl_ws/navigation2_ws/install/nav2_bringup:/home/dongkuo/wl_ws/navigation2_ws/install/navigation2:/home/dongkuo/wl_ws/navigation2_ws/install/nav2_smoother:/home/dongkuo/wl_ws/navigation2_ws/install/nav2_rotation_shim_controller:/home/dongkuo/wl_ws/navigation2_ws/install/nav2_graceful_controller:/home/dongkuo/wl_ws/navigation2_ws/install/nav2_dwb_controller:/home/dongkuo/wl_ws/navigation2_ws/install/nav2_controller:/home/dongkuo/wl_ws/navigation2_ws/install/dwb_plugins:/home/dongkuo/wl_ws/navigation2_ws/install/dwb_critics:/home/dongkuo/wl_ws/navigation2_ws/install/dwb_core:/home/dongkuo/wl_ws/navigation2_ws/install/nav_2d_utils:/home/dongkuo/wl_ws/navigation2_ws/install/dwb_msgs:/home/dongkuo/wl_ws/navigation2_ws/install/nav_2d_msgs:/home/dongkuo/wl_ws/navigation2_ws/install/nav2_waypoint_follower:/home/dongkuo/wl_ws/navigation2_ws/install/nav2_theta_star_planner:/home/dongkuo/wl_ws/navigation2_ws/install/nav2_smac_planner:/home/dongkuo/wl_ws/navigation2_ws/install/nav2_route:/home/dongkuo/wl_ws/navigation2_ws/install/nav2_regulated_pure_pursuit_controller:/home/dongkuo/wl_ws/navigation2_ws/install/nav2_planner:/home/dongkuo/wl_ws/navigation2_ws/install/nav2_navfn_planner:/home/dongkuo/wl_ws/navigation2_ws/install/nav2_mppi_controller:/home/dongkuo/wl_ws/navigation2_ws/install/nav2_constrained_smoother:/home/dongkuo/wl_ws/navigation2_ws/install/nav2_bt_navigator:/home/dongkuo/wl_ws/navigation2_ws/install/nav2_behaviors:/home/dongkuo/wl_ws/navigation2_ws/install/nav2_core:/home/dongkuo/wl_ws/navigation2_ws/install/nav2_collision_monitor:/home/dongkuo/wl_ws/navigation2_ws/install/costmap_queue:/home/dongkuo/wl_ws/navigation2_ws/install/nav2_costmap_2d:/home/dongkuo/wl_ws/navigation2_ws/install/nav2_voxel_grid:/home/dongkuo/wl_ws/navigation2_ws/install/nav2_velocity_smoother:/home/dongkuo/wl_ws/navigation2_ws/install/nav2_rviz_plugins:/home/dongkuo/wl_ws/navigation2_ws/install/nav2_map_server:/home/dongkuo/wl_ws/navigation2_ws/install/nav2_lifecycle_manager:/home/dongkuo/wl_ws/navigation2_ws/install/nav2_behavior_tree:/home/dongkuo/wl_ws/navigation2_ws/install/nav2_amcl:/home/dongkuo/wl_ws/navigation2_ws/install/nav2_util:/home/dongkuo/wl_ws/navigation2_ws/install/nav2_msgs:/home/dongkuo/wl_ws/navigation2_ws/install/nav2_common:/home/dongkuo/lt_ws/realsense_ws/install/realsense2_description:/home/dongkuo/lt_ws/realsense_ws/install/realsense2_camera:/home/dongkuo/lt_ws/realsense_ws/install/realsense2_camera_msgs:/home/dongkuo/lt_ws/realsense_ws/install/depth_to_cloud_converter:/opt/vulcanexus/humble /usr/bin/cmake --install /home/dongkuo/lt_ws/loc_ws/build/livox_ros_driver2
[0.317s] -- Install configuration: ""
[0.318s] -- Up-to-date: /home/dongkuo/lt_ws/loc_ws/install/livox_ros_driver2/share/ament_index/resource_index/rosidl_interfaces/livox_ros_driver2
[0.318s] -- Up-to-date: /home/dongkuo/lt_ws/loc_ws/install/livox_ros_driver2/include/livox_ros_driver2/livox_ros_driver2
[0.318s] -- Up-to-date: /home/dongkuo/lt_ws/loc_ws/install/livox_ros_driver2/include/livox_ros_driver2/livox_ros_driver2/msg
[0.318s] -- Up-to-date: /home/dongkuo/lt_ws/loc_ws/install/livox_ros_driver2/include/livox_ros_driver2/livox_ros_driver2/msg/custom_point.h
[0.318s] -- Up-to-date: /home/dongkuo/lt_ws/loc_ws/install/livox_ros_driver2/include/livox_ros_driver2/livox_ros_driver2/msg/custom_msg.h
[0.318s] -- Up-to-date: /home/dongkuo/lt_ws/loc_ws/install/livox_ros_driver2/include/livox_ros_driver2/livox_ros_driver2/msg/detail
[0.318s] -- Up-to-date: /home/dongkuo/lt_ws/loc_ws/install/livox_ros_driver2/include/livox_ros_driver2/livox_ros_driver2/msg/detail/custom_msg__functions.h
[0.318s] -- Up-to-date: /home/dongkuo/lt_ws/loc_ws/install/livox_ros_driver2/include/livox_ros_driver2/livox_ros_driver2/msg/detail/custom_point__type_support.h
[0.318s] -- Up-to-date: /home/dongkuo/lt_ws/loc_ws/install/livox_ros_driver2/include/livox_ros_driver2/livox_ros_driver2/msg/detail/custom_point__struct.h
[0.318s] -- Up-to-date: /home/dongkuo/lt_ws/loc_ws/install/livox_ros_driver2/include/livox_ros_driver2/livox_ros_driver2/msg/detail/custom_point__functions.c
[0.318s] -- Up-to-date: /home/dongkuo/lt_ws/loc_ws/install/livox_ros_driver2/include/livox_ros_driver2/livox_ros_driver2/msg/detail/custom_msg__functions.c
[0.318s] -- Up-to-date: /home/dongkuo/lt_ws/loc_ws/install/livox_ros_driver2/include/livox_ros_driver2/livox_ros_driver2/msg/detail/custom_point__functions.h
[0.318s] -- Up-to-date: /home/dongkuo/lt_ws/loc_ws/install/livox_ros_driver2/include/livox_ros_driver2/livox_ros_driver2/msg/detail/custom_msg__type_support.h
[0.318s] -- Up-to-date: /home/dongkuo/lt_ws/loc_ws/install/livox_ros_driver2/include/livox_ros_driver2/livox_ros_driver2/msg/detail/custom_msg__struct.h
[0.318s] -- Up-to-date: /home/dongkuo/lt_ws/loc_ws/install/livox_ros_driver2/include/livox_ros_driver2/livox_ros_driver2/msg/rosidl_generator_c__visibility_control.h
[0.319s] -- Up-to-date: /home/dongkuo/lt_ws/loc_ws/install/livox_ros_driver2/share/livox_ros_driver2/environment/library_path.sh
[0.319s] -- Up-to-date: /home/dongkuo/lt_ws/loc_ws/install/livox_ros_driver2/share/livox_ros_driver2/environment/library_path.dsv
[0.319s] -- Up-to-date: /home/dongkuo/lt_ws/loc_ws/install/livox_ros_driver2/lib/liblivox_ros_driver2__rosidl_generator_c.so
[0.319s] -- Up-to-date: /home/dongkuo/lt_ws/loc_ws/install/livox_ros_driver2/include/livox_ros_driver2/livox_ros_driver2
[0.319s] -- Up-to-date: /home/dongkuo/lt_ws/loc_ws/install/livox_ros_driver2/include/livox_ros_driver2/livox_ros_driver2/msg
[0.319s] -- Up-to-date: /home/dongkuo/lt_ws/loc_ws/install/livox_ros_driver2/include/livox_ros_driver2/livox_ros_driver2/msg/rosidl_typesupport_fastrtps_c__visibility_control.h
[0.319s] -- Up-to-date: /home/dongkuo/lt_ws/loc_ws/install/livox_ros_driver2/include/livox_ros_driver2/livox_ros_driver2/msg/detail
[0.319s] -- Up-to-date: /home/dongkuo/lt_ws/loc_ws/install/livox_ros_driver2/include/livox_ros_driver2/livox_ros_driver2/msg/detail/custom_msg__rosidl_typesupport_fastrtps_c.h
[0.319s] -- Up-to-date: /home/dongkuo/lt_ws/loc_ws/install/livox_ros_driver2/include/livox_ros_driver2/livox_ros_driver2/msg/detail/custom_point__rosidl_typesupport_fastrtps_c.h
[0.319s] -- Up-to-date: /home/dongkuo/lt_ws/loc_ws/install/livox_ros_driver2/lib/liblivox_ros_driver2__rosidl_typesupport_fastrtps_c.so
[0.319s] -- Up-to-date: /home/dongkuo/lt_ws/loc_ws/install/livox_ros_driver2/include/livox_ros_driver2/livox_ros_driver2
[0.319s] -- Up-to-date: /home/dongkuo/lt_ws/loc_ws/install/livox_ros_driver2/include/livox_ros_driver2/livox_ros_driver2/msg
[0.319s] -- Up-to-date: /home/dongkuo/lt_ws/loc_ws/install/livox_ros_driver2/include/livox_ros_driver2/livox_ros_driver2/msg/detail
[0.319s] -- Up-to-date: /home/dongkuo/lt_ws/loc_ws/install/livox_ros_driver2/include/livox_ros_driver2/livox_ros_driver2/msg/detail/custom_point__rosidl_typesupport_introspection_c.h
[0.319s] -- Up-to-date: /home/dongkuo/lt_ws/loc_ws/install/livox_ros_driver2/include/livox_ros_driver2/livox_ros_driver2/msg/detail/custom_point__type_support.c
[0.319s] -- Up-to-date: /home/dongkuo/lt_ws/loc_ws/install/livox_ros_driver2/include/livox_ros_driver2/livox_ros_driver2/msg/detail/custom_msg__type_support.c
[0.320s] -- Up-to-date: /home/dongkuo/lt_ws/loc_ws/install/livox_ros_driver2/include/livox_ros_driver2/livox_ros_driver2/msg/detail/custom_msg__rosidl_typesupport_introspection_c.h
[0.320s] -- Up-to-date: /home/dongkuo/lt_ws/loc_ws/install/livox_ros_driver2/include/livox_ros_driver2/livox_ros_driver2/msg/rosidl_typesupport_introspection_c__visibility_control.h
[0.320s] -- Up-to-date: /home/dongkuo/lt_ws/loc_ws/install/livox_ros_driver2/lib/liblivox_ros_driver2__rosidl_typesupport_introspection_c.so
[0.320s] -- Up-to-date: /home/dongkuo/lt_ws/loc_ws/install/livox_ros_driver2/lib/liblivox_ros_driver2__rosidl_typesupport_c.so
[0.320s] -- Up-to-date: /home/dongkuo/lt_ws/loc_ws/install/livox_ros_driver2/include/livox_ros_driver2/livox_ros_driver2
[0.320s] -- Up-to-date: /home/dongkuo/lt_ws/loc_ws/install/livox_ros_driver2/include/livox_ros_driver2/livox_ros_driver2/msg
[0.320s] -- Up-to-date: /home/dongkuo/lt_ws/loc_ws/install/livox_ros_driver2/include/livox_ros_driver2/livox_ros_driver2/msg/custom_point.hpp
[0.320s] -- Up-to-date: /home/dongkuo/lt_ws/loc_ws/install/livox_ros_driver2/include/livox_ros_driver2/livox_ros_driver2/msg/custom_msg.hpp
[0.320s] -- Up-to-date: /home/dongkuo/lt_ws/loc_ws/install/livox_ros_driver2/include/livox_ros_driver2/livox_ros_driver2/msg/detail
[0.320s] -- Up-to-date: /home/dongkuo/lt_ws/loc_ws/install/livox_ros_driver2/include/livox_ros_driver2/livox_ros_driver2/msg/detail/custom_msg__builder.hpp
[0.320s] -- Up-to-date: /home/dongkuo/lt_ws/loc_ws/install/livox_ros_driver2/include/livox_ros_driver2/livox_ros_driver2/msg/detail/custom_point__struct.hpp
[0.320s] -- Up-to-date: /home/dongkuo/lt_ws/loc_ws/install/livox_ros_driver2/include/livox_ros_driver2/livox_ros_driver2/msg/detail/custom_point__type_support.hpp
[0.320s] -- Up-to-date: /home/dongkuo/lt_ws/loc_ws/install/livox_ros_driver2/include/livox_ros_driver2/livox_ros_driver2/msg/detail/custom_point__traits.hpp
[0.320s] -- Up-to-date: /home/dongkuo/lt_ws/loc_ws/install/livox_ros_driver2/include/livox_ros_driver2/livox_ros_driver2/msg/detail/custom_msg__traits.hpp
[0.320s] -- Up-to-date: /home/dongkuo/lt_ws/loc_ws/install/livox_ros_driver2/include/livox_ros_driver2/livox_ros_driver2/msg/detail/custom_msg__struct.hpp
[0.321s] -- Up-to-date: /home/dongkuo/lt_ws/loc_ws/install/livox_ros_driver2/include/livox_ros_driver2/livox_ros_driver2/msg/detail/custom_msg__type_support.hpp
[0.321s] -- Up-to-date: /home/dongkuo/lt_ws/loc_ws/install/livox_ros_driver2/include/livox_ros_driver2/livox_ros_driver2/msg/detail/custom_point__builder.hpp
[0.321s] -- Up-to-date: /home/dongkuo/lt_ws/loc_ws/install/livox_ros_driver2/include/livox_ros_driver2/livox_ros_driver2/msg/rosidl_generator_cpp__visibility_control.hpp
[0.321s] -- Up-to-date: /home/dongkuo/lt_ws/loc_ws/install/livox_ros_driver2/include/livox_ros_driver2/livox_ros_driver2
[0.321s] -- Up-to-date: /home/dongkuo/lt_ws/loc_ws/install/livox_ros_driver2/include/livox_ros_driver2/livox_ros_driver2/msg
[0.321s] -- Up-to-date: /home/dongkuo/lt_ws/loc_ws/install/livox_ros_driver2/include/livox_ros_driver2/livox_ros_driver2/msg/detail
[0.321s] -- Up-to-date: /home/dongkuo/lt_ws/loc_ws/install/livox_ros_driver2/include/livox_ros_driver2/livox_ros_driver2/msg/detail/custom_point__rosidl_typesupport_fastrtps_cpp.hpp
[0.321s] -- Up-to-date: /home/dongkuo/lt_ws/loc_ws/install/livox_ros_driver2/include/livox_ros_driver2/livox_ros_driver2/msg/detail/custom_msg__rosidl_typesupport_fastrtps_cpp.hpp
[0.321s] -- Up-to-date: /home/dongkuo/lt_ws/loc_ws/install/livox_ros_driver2/include/livox_ros_driver2/livox_ros_driver2/msg/detail/dds_fastrtps
[0.321s] -- Up-to-date: /home/dongkuo/lt_ws/loc_ws/install/livox_ros_driver2/include/livox_ros_driver2/livox_ros_driver2/msg/rosidl_typesupport_fastrtps_cpp__visibility_control.h
[0.321s] -- Up-to-date: /home/dongkuo/lt_ws/loc_ws/install/livox_ros_driver2/lib/liblivox_ros_driver2__rosidl_typesupport_fastrtps_cpp.so
[0.321s] -- Up-to-date: /home/dongkuo/lt_ws/loc_ws/install/livox_ros_driver2/include/livox_ros_driver2/livox_ros_driver2
[0.321s] -- Up-to-date: /home/dongkuo/lt_ws/loc_ws/install/livox_ros_driver2/include/livox_ros_driver2/livox_ros_driver2/msg
[0.321s] -- Up-to-date: /home/dongkuo/lt_ws/loc_ws/install/livox_ros_driver2/include/livox_ros_driver2/livox_ros_driver2/msg/detail
[0.322s] -- Up-to-date: /home/dongkuo/lt_ws/loc_ws/install/livox_ros_driver2/include/livox_ros_driver2/livox_ros_driver2/msg/detail/custom_msg__type_support.cpp
[0.322s] -- Up-to-date: /home/dongkuo/lt_ws/loc_ws/install/livox_ros_driver2/include/livox_ros_driver2/livox_ros_driver2/msg/detail/custom_point__rosidl_typesupport_introspection_cpp.hpp
[0.322s] -- Up-to-date: /home/dongkuo/lt_ws/loc_ws/install/livox_ros_driver2/include/livox_ros_driver2/livox_ros_driver2/msg/detail/custom_point__type_support.cpp
[0.322s] -- Up-to-date: /home/dongkuo/lt_ws/loc_ws/install/livox_ros_driver2/include/livox_ros_driver2/livox_ros_driver2/msg/detail/custom_msg__rosidl_typesupport_introspection_cpp.hpp
[0.322s] -- Up-to-date: /home/dongkuo/lt_ws/loc_ws/install/livox_ros_driver2/lib/liblivox_ros_driver2__rosidl_typesupport_introspection_cpp.so
[0.323s] -- Up-to-date: /home/dongkuo/lt_ws/loc_ws/install/livox_ros_driver2/lib/liblivox_ros_driver2__rosidl_typesupport_cpp.so
[0.323s] -- Up-to-date: /home/dongkuo/lt_ws/loc_ws/install/livox_ros_driver2/share/livox_ros_driver2/environment/pythonpath.sh
[0.323s] -- Up-to-date: /home/dongkuo/lt_ws/loc_ws/install/livox_ros_driver2/share/livox_ros_driver2/environment/pythonpath.dsv
[0.323s] -- Up-to-date: /home/dongkuo/lt_ws/loc_ws/install/livox_ros_driver2/local/lib/python3.10/dist-packages/livox_ros_driver2-1.0.0-py3.10.egg-info
[0.323s] -- Installing: /home/dongkuo/lt_ws/loc_ws/install/livox_ros_driver2/local/lib/python3.10/dist-packages/livox_ros_driver2-1.0.0-py3.10.egg-info/SOURCES.txt
[0.323s] -- Installing: /home/dongkuo/lt_ws/loc_ws/install/livox_ros_driver2/local/lib/python3.10/dist-packages/livox_ros_driver2-1.0.0-py3.10.egg-info/top_level.txt
[0.323s] -- Installing: /home/dongkuo/lt_ws/loc_ws/install/livox_ros_driver2/local/lib/python3.10/dist-packages/livox_ros_driver2-1.0.0-py3.10.egg-info/dependency_links.txt
[0.323s] -- Installing: /home/dongkuo/lt_ws/loc_ws/install/livox_ros_driver2/local/lib/python3.10/dist-packages/livox_ros_driver2-1.0.0-py3.10.egg-info/PKG-INFO
[0.323s] -- Up-to-date: /home/dongkuo/lt_ws/loc_ws/install/livox_ros_driver2/local/lib/python3.10/dist-packages/livox_ros_driver2
[0.324s] -- Up-to-date: /home/dongkuo/lt_ws/loc_ws/install/livox_ros_driver2/local/lib/python3.10/dist-packages/livox_ros_driver2/livox_ros_driver2_s__rosidl_typesupport_fastrtps_c.cpython-310-x86_64-linux-gnu.so
[0.324s] -- Up-to-date: /home/dongkuo/lt_ws/loc_ws/install/livox_ros_driver2/local/lib/python3.10/dist-packages/livox_ros_driver2/livox_ros_driver2_s__rosidl_typesupport_c.cpython-310-x86_64-linux-gnu.so
[0.324s] -- Up-to-date: /home/dongkuo/lt_ws/loc_ws/install/livox_ros_driver2/local/lib/python3.10/dist-packages/livox_ros_driver2/_livox_ros_driver2_s.ep.rosidl_typesupport_c.c
[0.324s] -- Up-to-date: /home/dongkuo/lt_ws/loc_ws/install/livox_ros_driver2/local/lib/python3.10/dist-packages/livox_ros_driver2/_livox_ros_driver2_s.ep.rosidl_typesupport_fastrtps_c.c
[0.324s] -- Up-to-date: /home/dongkuo/lt_ws/loc_ws/install/livox_ros_driver2/local/lib/python3.10/dist-packages/livox_ros_driver2/_livox_ros_driver2_s.ep.rosidl_typesupport_introspection_c.c
[0.324s] -- Up-to-date: /home/dongkuo/lt_ws/loc_ws/install/livox_ros_driver2/local/lib/python3.10/dist-packages/livox_ros_driver2/livox_ros_driver2_s__rosidl_typesupport_introspection_c.cpython-310-x86_64-linux-gnu.so
[0.324s] -- Up-to-date: /home/dongkuo/lt_ws/loc_ws/install/livox_ros_driver2/local/lib/python3.10/dist-packages/livox_ros_driver2/liblivox_interfaces2__rosidl_generator_py.so
[0.324s] -- Up-to-date: /home/dongkuo/lt_ws/loc_ws/install/livox_ros_driver2/local/lib/python3.10/dist-packages/livox_ros_driver2/__init__.py
[0.324s] -- Up-to-date: /home/dongkuo/lt_ws/loc_ws/install/livox_ros_driver2/local/lib/python3.10/dist-packages/livox_ros_driver2/msg
[0.324s] -- Up-to-date: /home/dongkuo/lt_ws/loc_ws/install/livox_ros_driver2/local/lib/python3.10/dist-packages/livox_ros_driver2/msg/_custom_msg_s.c
[0.324s] -- Up-to-date: /home/dongkuo/lt_ws/loc_ws/install/livox_ros_driver2/local/lib/python3.10/dist-packages/livox_ros_driver2/msg/_custom_msg.py
[0.324s] -- Up-to-date: /home/dongkuo/lt_ws/loc_ws/install/livox_ros_driver2/local/lib/python3.10/dist-packages/livox_ros_driver2/msg/_custom_point_s.c
[0.324s] -- Up-to-date: /home/dongkuo/lt_ws/loc_ws/install/livox_ros_driver2/local/lib/python3.10/dist-packages/livox_ros_driver2/msg/_custom_point.py
[0.324s] -- Up-to-date: /home/dongkuo/lt_ws/loc_ws/install/livox_ros_driver2/local/lib/python3.10/dist-packages/livox_ros_driver2/msg/__init__.py
[0.349s] Listing '/home/dongkuo/lt_ws/loc_ws/install/livox_ros_driver2/local/lib/python3.10/dist-packages/livox_ros_driver2'...
[0.349s] Listing '/home/dongkuo/lt_ws/loc_ws/install/livox_ros_driver2/local/lib/python3.10/dist-packages/livox_ros_driver2/msg'...
[0.352s] -- Up-to-date: /home/dongkuo/lt_ws/loc_ws/install/livox_ros_driver2/local/lib/python3.10/dist-packages/livox_ros_driver2/livox_ros_driver2_s__rosidl_typesupport_fastrtps_c.cpython-310-x86_64-linux-gnu.so
[0.352s] -- Up-to-date: /home/dongkuo/lt_ws/loc_ws/install/livox_ros_driver2/local/lib/python3.10/dist-packages/livox_ros_driver2/livox_ros_driver2_s__rosidl_typesupport_introspection_c.cpython-310-x86_64-linux-gnu.so
[0.352s] -- Up-to-date: /home/dongkuo/lt_ws/loc_ws/install/livox_ros_driver2/local/lib/python3.10/dist-packages/livox_ros_driver2/livox_ros_driver2_s__rosidl_typesupport_c.cpython-310-x86_64-linux-gnu.so
[0.353s] -- Up-to-date: /home/dongkuo/lt_ws/loc_ws/install/livox_ros_driver2/lib/liblivox_interfaces2__rosidl_generator_py.so
[0.353s] -- Up-to-date: /home/dongkuo/lt_ws/loc_ws/install/livox_ros_driver2/share/livox_ros_driver2/msg/CustomPoint.idl
[0.353s] -- Up-to-date: /home/dongkuo/lt_ws/loc_ws/install/livox_ros_driver2/share/livox_ros_driver2/msg/CustomMsg.idl
[0.353s] -- Up-to-date: /home/dongkuo/lt_ws/loc_ws/install/livox_ros_driver2/share/livox_ros_driver2/msg/CustomPoint.msg
[0.353s] -- Up-to-date: /home/dongkuo/lt_ws/loc_ws/install/livox_ros_driver2/share/livox_ros_driver2/msg/CustomMsg.msg
[0.353s] -- Up-to-date: /home/dongkuo/lt_ws/loc_ws/install/livox_ros_driver2/lib/livox_ros_driver2/livox_ros_driver2_node
[0.353s] -- Up-to-date: /home/dongkuo/lt_ws/loc_ws/install/livox_ros_driver2/lib/liblivox_ros_driver2.so
[0.354s] -- Up-to-date: /home/dongkuo/lt_ws/loc_ws/install/livox_ros_driver2/share/livox_ros_driver2/config
[0.354s] -- Up-to-date: /home/dongkuo/lt_ws/loc_ws/install/livox_ros_driver2/share/livox_ros_driver2/config/HAP_config.json
[0.354s] -- Up-to-date: /home/dongkuo/lt_ws/loc_ws/install/livox_ros_driver2/share/livox_ros_driver2/config/MID360_config.json
[0.354s] -- Up-to-date: /home/dongkuo/lt_ws/loc_ws/install/livox_ros_driver2/share/livox_ros_driver2/config/display_point_cloud_ROS2.rviz
[0.354s] -- Up-to-date: /home/dongkuo/lt_ws/loc_ws/install/livox_ros_driver2/share/livox_ros_driver2/config/mixed_HAP_MID360_config.json
[0.354s] -- Up-to-date: /home/dongkuo/lt_ws/loc_ws/install/livox_ros_driver2/share/livox_ros_driver2/config/display_point_cloud_ROS1.rviz
[0.354s] -- Up-to-date: /home/dongkuo/lt_ws/loc_ws/install/livox_ros_driver2/share/livox_ros_driver2/launch_ROS2
[0.354s] -- Up-to-date: /home/dongkuo/lt_ws/loc_ws/install/livox_ros_driver2/share/livox_ros_driver2/launch_ROS2/rviz_MID360_launch.py
[0.354s] -- Up-to-date: /home/dongkuo/lt_ws/loc_ws/install/livox_ros_driver2/share/livox_ros_driver2/launch_ROS2/rviz_mixed.py
[0.354s] -- Up-to-date: /home/dongkuo/lt_ws/loc_ws/install/livox_ros_driver2/share/livox_ros_driver2/launch_ROS2/msg_HAP_launch.py
[0.354s] -- Up-to-date: /home/dongkuo/lt_ws/loc_ws/install/livox_ros_driver2/share/livox_ros_driver2/launch_ROS2/rviz_HAP_launch.py
[0.354s] -- Up-to-date: /home/dongkuo/lt_ws/loc_ws/install/livox_ros_driver2/share/livox_ros_driver2/launch_ROS2/msg_MID360_launch.py
[0.354s] -- Up-to-date: /home/dongkuo/lt_ws/loc_ws/install/livox_ros_driver2/share/ament_index/resource_index/package_run_dependencies/livox_ros_driver2
[0.354s] -- Up-to-date: /home/dongkuo/lt_ws/loc_ws/install/livox_ros_driver2/share/ament_index/resource_index/parent_prefix_path/livox_ros_driver2
[0.355s] -- Up-to-date: /home/dongkuo/lt_ws/loc_ws/install/livox_ros_driver2/share/livox_ros_driver2/environment/ament_prefix_path.sh
[0.355s] -- Up-to-date: /home/dongkuo/lt_ws/loc_ws/install/livox_ros_driver2/share/livox_ros_driver2/environment/ament_prefix_path.dsv
[0.355s] -- Up-to-date: /home/dongkuo/lt_ws/loc_ws/install/livox_ros_driver2/share/livox_ros_driver2/environment/path.sh
[0.355s] -- Up-to-date: /home/dongkuo/lt_ws/loc_ws/install/livox_ros_driver2/share/livox_ros_driver2/environment/path.dsv
[0.355s] -- Up-to-date: /home/dongkuo/lt_ws/loc_ws/install/livox_ros_driver2/share/livox_ros_driver2/local_setup.bash
[0.355s] -- Up-to-date: /home/dongkuo/lt_ws/loc_ws/install/livox_ros_driver2/share/livox_ros_driver2/local_setup.sh
[0.355s] -- Up-to-date: /home/dongkuo/lt_ws/loc_ws/install/livox_ros_driver2/share/livox_ros_driver2/local_setup.zsh
[0.355s] -- Up-to-date: /home/dongkuo/lt_ws/loc_ws/install/livox_ros_driver2/share/livox_ros_driver2/local_setup.dsv
[0.355s] -- Installing: /home/dongkuo/lt_ws/loc_ws/install/livox_ros_driver2/share/livox_ros_driver2/package.dsv
[0.357s] -- Up-to-date: /home/dongkuo/lt_ws/loc_ws/install/livox_ros_driver2/share/ament_index/resource_index/packages/livox_ros_driver2
[0.358s] -- Up-to-date: /home/dongkuo/lt_ws/loc_ws/install/livox_ros_driver2/share/livox_ros_driver2/cmake/export_livox_interfaces2__rosidl_generator_cExport.cmake
[0.358s] -- Up-to-date: /home/dongkuo/lt_ws/loc_ws/install/livox_ros_driver2/share/livox_ros_driver2/cmake/export_livox_interfaces2__rosidl_generator_cExport-noconfig.cmake
[0.358s] -- Up-to-date: /home/dongkuo/lt_ws/loc_ws/install/livox_ros_driver2/share/livox_ros_driver2/cmake/export_livox_interfaces2__rosidl_typesupport_fastrtps_cExport.cmake
[0.358s] -- Up-to-date: /home/dongkuo/lt_ws/loc_ws/install/livox_ros_driver2/share/livox_ros_driver2/cmake/export_livox_interfaces2__rosidl_typesupport_fastrtps_cExport-noconfig.cmake
[0.358s] -- Up-to-date: /home/dongkuo/lt_ws/loc_ws/install/livox_ros_driver2/share/livox_ros_driver2/cmake/livox_interfaces2__rosidl_typesupport_introspection_cExport.cmake
[0.359s] -- Up-to-date: /home/dongkuo/lt_ws/loc_ws/install/livox_ros_driver2/share/livox_ros_driver2/cmake/livox_interfaces2__rosidl_typesupport_introspection_cExport-noconfig.cmake
[0.359s] -- Up-to-date: /home/dongkuo/lt_ws/loc_ws/install/livox_ros_driver2/share/livox_ros_driver2/cmake/livox_interfaces2__rosidl_typesupport_cExport.cmake
[0.359s] -- Up-to-date: /home/dongkuo/lt_ws/loc_ws/install/livox_ros_driver2/share/livox_ros_driver2/cmake/livox_interfaces2__rosidl_typesupport_cExport-noconfig.cmake
[0.359s] -- Up-to-date: /home/dongkuo/lt_ws/loc_ws/install/livox_ros_driver2/share/livox_ros_driver2/cmake/export_livox_interfaces2__rosidl_generator_cppExport.cmake
[0.359s] -- Up-to-date: /home/dongkuo/lt_ws/loc_ws/install/livox_ros_driver2/share/livox_ros_driver2/cmake/export_livox_interfaces2__rosidl_typesupport_fastrtps_cppExport.cmake
[0.359s] -- Up-to-date: /home/dongkuo/lt_ws/loc_ws/install/livox_ros_driver2/share/livox_ros_driver2/cmake/export_livox_interfaces2__rosidl_typesupport_fastrtps_cppExport-noconfig.cmake
[0.359s] -- Up-to-date: /home/dongkuo/lt_ws/loc_ws/install/livox_ros_driver2/share/livox_ros_driver2/cmake/livox_interfaces2__rosidl_typesupport_introspection_cppExport.cmake
[0.359s] -- Up-to-date: /home/dongkuo/lt_ws/loc_ws/install/livox_ros_driver2/share/livox_ros_driver2/cmake/livox_interfaces2__rosidl_typesupport_introspection_cppExport-noconfig.cmake
[0.359s] -- Up-to-date: /home/dongkuo/lt_ws/loc_ws/install/livox_ros_driver2/share/livox_ros_driver2/cmake/livox_interfaces2__rosidl_typesupport_cppExport.cmake
[0.360s] -- Up-to-date: /home/dongkuo/lt_ws/loc_ws/install/livox_ros_driver2/share/livox_ros_driver2/cmake/livox_interfaces2__rosidl_typesupport_cppExport-noconfig.cmake
[0.360s] -- Up-to-date: /home/dongkuo/lt_ws/loc_ws/install/livox_ros_driver2/share/livox_ros_driver2/cmake/export_livox_interfaces2__rosidl_generator_pyExport.cmake
[0.360s] -- Up-to-date: /home/dongkuo/lt_ws/loc_ws/install/livox_ros_driver2/share/livox_ros_driver2/cmake/export_livox_interfaces2__rosidl_generator_pyExport-noconfig.cmake
[0.360s] -- Up-to-date: /home/dongkuo/lt_ws/loc_ws/install/livox_ros_driver2/share/ament_index/resource_index/rclcpp_components/livox_ros_driver2
[0.360s] -- Up-to-date: /home/dongkuo/lt_ws/loc_ws/install/livox_ros_driver2/share/livox_ros_driver2/cmake/rosidl_cmake-extras.cmake
[0.361s] -- Up-to-date: /home/dongkuo/lt_ws/loc_ws/install/livox_ros_driver2/share/livox_ros_driver2/cmake/ament_cmake_export_dependencies-extras.cmake
[0.361s] -- Up-to-date: /home/dongkuo/lt_ws/loc_ws/install/livox_ros_driver2/share/livox_ros_driver2/cmake/ament_cmake_export_include_directories-extras.cmake
[0.361s] -- Up-to-date: /home/dongkuo/lt_ws/loc_ws/install/livox_ros_driver2/share/livox_ros_driver2/cmake/ament_cmake_export_libraries-extras.cmake
[0.361s] -- Up-to-date: /home/dongkuo/lt_ws/loc_ws/install/livox_ros_driver2/share/livox_ros_driver2/cmake/ament_cmake_export_targets-extras.cmake
[0.361s] -- Up-to-date: /home/dongkuo/lt_ws/loc_ws/install/livox_ros_driver2/share/livox_ros_driver2/cmake/rosidl_cmake_export_typesupport_targets-extras.cmake
[0.361s] -- Up-to-date: /home/dongkuo/lt_ws/loc_ws/install/livox_ros_driver2/share/livox_ros_driver2/cmake/rosidl_cmake_export_typesupport_libraries-extras.cmake
[0.361s] -- Up-to-date: /home/dongkuo/lt_ws/loc_ws/install/livox_ros_driver2/share/livox_ros_driver2/cmake/livox_ros_driver2Config.cmake
[0.361s] -- Up-to-date: /home/dongkuo/lt_ws/loc_ws/install/livox_ros_driver2/share/livox_ros_driver2/cmake/livox_ros_driver2Config-version.cmake
[0.361s] -- Up-to-date: /home/dongkuo/lt_ws/loc_ws/install/livox_ros_driver2/share/livox_ros_driver2/package.xml
[0.362s] Invoked command in '/home/dongkuo/lt_ws/loc_ws/build/livox_ros_driver2' returned '0': CMAKE_PREFIX_PATH=/home/dongkuo/lt_ws/loc_ws/install/scout_base:/home/dongkuo/wl_ws/navigation2_ws/install/nav2_simple_commander:/opt/ros/humble:/home/dongkuo/lt_ws/loc_ws/install/ugv_sdk:/home/dongkuo/lt_ws/loc_ws/install/scout_msgs:/home/dongkuo/lt_ws/loc_ws/install/scout_description:/home/dongkuo/lt_ws/loc_ws/install/point2d_loc:/home/dongkuo/lt_ws/loc_ws/install/nav_demo:/home/dongkuo/lt_ws/loc_ws/install/fast_lio:/home/dongkuo/lt_ws/loc_ws/install/livox_ros_driver2:/home/dongkuo/wl_ws/navigation2_ws/install/nav2_system_tests:/home/dongkuo/wl_ws/navigation2_ws/install/nav2_bringup:/home/dongkuo/wl_ws/navigation2_ws/install/navigation2:/home/dongkuo/wl_ws/navigation2_ws/install/nav2_smoother:/home/dongkuo/wl_ws/navigation2_ws/install/nav2_rotation_shim_controller:/home/dongkuo/wl_ws/navigation2_ws/install/nav2_graceful_controller:/home/dongkuo/wl_ws/navigation2_ws/install/nav2_dwb_controller:/home/dongkuo/wl_ws/navigation2_ws/install/nav2_controller:/home/dongkuo/wl_ws/navigation2_ws/install/dwb_plugins:/home/dongkuo/wl_ws/navigation2_ws/install/dwb_critics:/home/dongkuo/wl_ws/navigation2_ws/install/dwb_core:/home/dongkuo/wl_ws/navigation2_ws/install/nav_2d_utils:/home/dongkuo/wl_ws/navigation2_ws/install/dwb_msgs:/home/dongkuo/wl_ws/navigation2_ws/install/nav_2d_msgs:/home/dongkuo/wl_ws/navigation2_ws/install/nav2_waypoint_follower:/home/dongkuo/wl_ws/navigation2_ws/install/nav2_theta_star_planner:/home/dongkuo/wl_ws/navigation2_ws/install/nav2_smac_planner:/home/dongkuo/wl_ws/navigation2_ws/install/nav2_route:/home/dongkuo/wl_ws/navigation2_ws/install/nav2_regulated_pure_pursuit_controller:/home/dongkuo/wl_ws/navigation2_ws/install/nav2_planner:/home/dongkuo/wl_ws/navigation2_ws/install/nav2_navfn_planner:/home/dongkuo/wl_ws/navigation2_ws/install/nav2_mppi_controller:/home/dongkuo/wl_ws/navigation2_ws/install/nav2_constrained_smoother:/home/dongkuo/wl_ws/navigation2_ws/install/nav2_bt_navigator:/home/dongkuo/wl_ws/navigation2_ws/install/nav2_behaviors:/home/dongkuo/wl_ws/navigation2_ws/install/nav2_core:/home/dongkuo/wl_ws/navigation2_ws/install/nav2_collision_monitor:/home/dongkuo/wl_ws/navigation2_ws/install/costmap_queue:/home/dongkuo/wl_ws/navigation2_ws/install/nav2_costmap_2d:/home/dongkuo/wl_ws/navigation2_ws/install/nav2_voxel_grid:/home/dongkuo/wl_ws/navigation2_ws/install/nav2_velocity_smoother:/home/dongkuo/wl_ws/navigation2_ws/install/nav2_rviz_plugins:/home/dongkuo/wl_ws/navigation2_ws/install/nav2_map_server:/home/dongkuo/wl_ws/navigation2_ws/install/nav2_lifecycle_manager:/home/dongkuo/wl_ws/navigation2_ws/install/nav2_behavior_tree:/home/dongkuo/wl_ws/navigation2_ws/install/nav2_amcl:/home/dongkuo/wl_ws/navigation2_ws/install/nav2_util:/home/dongkuo/wl_ws/navigation2_ws/install/nav2_msgs:/home/dongkuo/wl_ws/navigation2_ws/install/nav2_common:/home/dongkuo/lt_ws/realsense_ws/install/realsense2_description:/home/dongkuo/lt_ws/realsense_ws/install/realsense2_camera:/home/dongkuo/lt_ws/realsense_ws/install/realsense2_camera_msgs:/home/dongkuo/lt_ws/realsense_ws/install/depth_to_cloud_converter:/opt/vulcanexus/humble /usr/bin/cmake --install /home/dongkuo/lt_ws/loc_ws/build/livox_ros_driver2
