[0.009s] Invoking command in '/home/dongkuo/lt_ws/loc_ws/build/scout_base': CMAKE_PREFIX_PATH=/opt/ros/humble:/home/dongkuo/lt_ws/loc_ws/install/ugv_sdk:/home/dongkuo/lt_ws/loc_ws/install/scout_msgs:/home/dongkuo/lt_ws/loc_ws/install/scout_base:/home/dongkuo/lt_ws/loc_ws/install/scout_description:/home/dongkuo/lt_ws/loc_ws/install/point2d_loc:/home/dongkuo/lt_ws/loc_ws/install/nav_demo:/home/dongkuo/lt_ws/loc_ws/install/fast_lio:/home/dongkuo/lt_ws/loc_ws/install/livox_ros_driver2:/home/dongkuo/lt_ws/realsense_ws/install/realsense2_description:/home/dongkuo/lt_ws/realsense_ws/install/realsense2_camera:/home/dongkuo/lt_ws/realsense_ws/install/realsense2_camera_msgs:/home/dongkuo/lt_ws/realsense_ws/install/depth_to_cloud_converter:/opt/vulcanexus/humble /usr/bin/cmake --build /home/dongkuo/lt_ws/loc_ws/build/scout_base -- -j32 -l32
[0.054s] [100%] Built target scout_base_node
[0.062s] Invoked command in '/home/dongkuo/lt_ws/loc_ws/build/scout_base' returned '0': CMAKE_PREFIX_PATH=/opt/ros/humble:/home/dongkuo/lt_ws/loc_ws/install/ugv_sdk:/home/dongkuo/lt_ws/loc_ws/install/scout_msgs:/home/dongkuo/lt_ws/loc_ws/install/scout_base:/home/dongkuo/lt_ws/loc_ws/install/scout_description:/home/dongkuo/lt_ws/loc_ws/install/point2d_loc:/home/dongkuo/lt_ws/loc_ws/install/nav_demo:/home/dongkuo/lt_ws/loc_ws/install/fast_lio:/home/dongkuo/lt_ws/loc_ws/install/livox_ros_driver2:/home/dongkuo/lt_ws/realsense_ws/install/realsense2_description:/home/dongkuo/lt_ws/realsense_ws/install/realsense2_camera:/home/dongkuo/lt_ws/realsense_ws/install/realsense2_camera_msgs:/home/dongkuo/lt_ws/realsense_ws/install/depth_to_cloud_converter:/opt/vulcanexus/humble /usr/bin/cmake --build /home/dongkuo/lt_ws/loc_ws/build/scout_base -- -j32 -l32
[0.063s] Invoking command in '/home/dongkuo/lt_ws/loc_ws/build/scout_base': CMAKE_PREFIX_PATH=/opt/ros/humble:/home/dongkuo/lt_ws/loc_ws/install/ugv_sdk:/home/dongkuo/lt_ws/loc_ws/install/scout_msgs:/home/dongkuo/lt_ws/loc_ws/install/scout_base:/home/dongkuo/lt_ws/loc_ws/install/scout_description:/home/dongkuo/lt_ws/loc_ws/install/point2d_loc:/home/dongkuo/lt_ws/loc_ws/install/nav_demo:/home/dongkuo/lt_ws/loc_ws/install/fast_lio:/home/dongkuo/lt_ws/loc_ws/install/livox_ros_driver2:/home/dongkuo/lt_ws/realsense_ws/install/realsense2_description:/home/dongkuo/lt_ws/realsense_ws/install/realsense2_camera:/home/dongkuo/lt_ws/realsense_ws/install/realsense2_camera_msgs:/home/dongkuo/lt_ws/realsense_ws/install/depth_to_cloud_converter:/opt/vulcanexus/humble /usr/bin/cmake --install /home/dongkuo/lt_ws/loc_ws/build/scout_base
[0.069s] -- Install configuration: ""
[0.070s] -- Up-to-date: /home/dongkuo/lt_ws/loc_ws/install/scout_base/lib/scout_base/scout_base_node
[0.070s] -- Up-to-date: /home/dongkuo/lt_ws/loc_ws/install/scout_base/share/scout_base//launch
[0.070s] -- Up-to-date: /home/dongkuo/lt_ws/loc_ws/install/scout_base/share/scout_base//launch/scout_mini_omni_base.launch.py
[0.070s] -- Up-to-date: /home/dongkuo/lt_ws/loc_ws/install/scout_base/share/scout_base//launch/test.py
[0.070s] -- Up-to-date: /home/dongkuo/lt_ws/loc_ws/install/scout_base/share/scout_base//launch/scout_base.launch.py
[0.070s] -- Up-to-date: /home/dongkuo/lt_ws/loc_ws/install/scout_base/share/scout_base//launch/scout_mini_base.launch.py
[0.070s] -- Up-to-date: /home/dongkuo/lt_ws/loc_ws/install/scout_base/share/ament_index/resource_index/package_run_dependencies/scout_base
[0.070s] -- Up-to-date: /home/dongkuo/lt_ws/loc_ws/install/scout_base/share/ament_index/resource_index/parent_prefix_path/scout_base
[0.070s] -- Up-to-date: /home/dongkuo/lt_ws/loc_ws/install/scout_base/share/scout_base/environment/ament_prefix_path.sh
[0.070s] -- Up-to-date: /home/dongkuo/lt_ws/loc_ws/install/scout_base/share/scout_base/environment/ament_prefix_path.dsv
[0.070s] -- Up-to-date: /home/dongkuo/lt_ws/loc_ws/install/scout_base/share/scout_base/environment/path.sh
[0.070s] -- Up-to-date: /home/dongkuo/lt_ws/loc_ws/install/scout_base/share/scout_base/environment/path.dsv
[0.071s] -- Up-to-date: /home/dongkuo/lt_ws/loc_ws/install/scout_base/share/scout_base/local_setup.bash
[0.071s] -- Up-to-date: /home/dongkuo/lt_ws/loc_ws/install/scout_base/share/scout_base/local_setup.sh
[0.071s] -- Up-to-date: /home/dongkuo/lt_ws/loc_ws/install/scout_base/share/scout_base/local_setup.zsh
[0.072s] -- Up-to-date: /home/dongkuo/lt_ws/loc_ws/install/scout_base/share/scout_base/local_setup.dsv
[0.072s] -- Installing: /home/dongkuo/lt_ws/loc_ws/install/scout_base/share/scout_base/package.dsv
[0.072s] -- Up-to-date: /home/dongkuo/lt_ws/loc_ws/install/scout_base/share/ament_index/resource_index/packages/scout_base
[0.072s] -- Up-to-date: /home/dongkuo/lt_ws/loc_ws/install/scout_base/share/scout_base/cmake/scout_baseConfig.cmake
[0.072s] -- Up-to-date: /home/dongkuo/lt_ws/loc_ws/install/scout_base/share/scout_base/cmake/scout_baseConfig-version.cmake
[0.072s] -- Up-to-date: /home/dongkuo/lt_ws/loc_ws/install/scout_base/share/scout_base/package.xml
[0.073s] Invoked command in '/home/dongkuo/lt_ws/loc_ws/build/scout_base' returned '0': CMAKE_PREFIX_PATH=/opt/ros/humble:/home/dongkuo/lt_ws/loc_ws/install/ugv_sdk:/home/dongkuo/lt_ws/loc_ws/install/scout_msgs:/home/dongkuo/lt_ws/loc_ws/install/scout_base:/home/dongkuo/lt_ws/loc_ws/install/scout_description:/home/dongkuo/lt_ws/loc_ws/install/point2d_loc:/home/dongkuo/lt_ws/loc_ws/install/nav_demo:/home/dongkuo/lt_ws/loc_ws/install/fast_lio:/home/dongkuo/lt_ws/loc_ws/install/livox_ros_driver2:/home/dongkuo/lt_ws/realsense_ws/install/realsense2_description:/home/dongkuo/lt_ws/realsense_ws/install/realsense2_camera:/home/dongkuo/lt_ws/realsense_ws/install/realsense2_camera_msgs:/home/dongkuo/lt_ws/realsense_ws/install/depth_to_cloud_converter:/opt/vulcanexus/humble /usr/bin/cmake --install /home/dongkuo/lt_ws/loc_ws/build/scout_base
