-- The C compiler identification is GNU 11.4.0
-- The CXX compiler identification is GNU 11.4.0
-- Detecting C compiler ABI info
-- Detecting C compiler ABI info - done
-- Check for working C compiler: /usr/bin/cc - skipped
-- Detecting C compile features
-- Detecting C compile features - done
-- Detecting CXX compiler ABI info
-- Detecting CXX compiler ABI info - done
-- Check for working CXX compiler: /usr/bin/c++ - skipped
-- Detecting CXX compile features
-- Detecting CXX compile features - done
-- Found ament_cmake: 1.3.12 (/opt/ros/humble/share/ament_cmake/cmake)
-- Found Python3: /usr/bin/python3 (found version "3.10.12") found components: Interpreter 
-- Found builtin_interfaces: 1.2.2 (/opt/ros/humble/share/builtin_interfaces/cmake)
-- Found rosidl_generator_c: 3.1.7 (/opt/ros/humble/share/rosidl_generator_c/cmake)
-- Found rosidl_adapter: 3.1.7 (/opt/ros/humble/share/rosidl_adapter/cmake)
-- Found rosidl_generator_cpp: 3.1.7 (/opt/ros/humble/share/rosidl_generator_cpp/cmake)
-- Using all available rosidl_typesupport_c: rosidl_typesupport_fastrtps_c;rosidl_typesupport_introspection_c
-- Using all available rosidl_typesupport_cpp: rosidl_typesupport_fastrtps_cpp;rosidl_typesupport_introspection_cpp
-- Found rosidl_default_generators: 1.2.0 (/opt/ros/humble/share/rosidl_default_generators/cmake)
-- Found std_msgs: 4.9.0 (/opt/ros/humble/share/std_msgs/cmake)
-- Found ament_cmake_ros: 0.10.0 (/opt/ros/humble/share/ament_cmake_ros/cmake)
-- Using all available rosidl_typesupport_c: rosidl_typesupport_fastrtps_c;rosidl_typesupport_introspection_c
-- Using all available rosidl_typesupport_cpp: rosidl_typesupport_fastrtps_cpp;rosidl_typesupport_introspection_cpp
-- Found PythonInterp: /usr/bin/python3 (found suitable version "3.10.12", minimum required is "3.6") 
-- Found python_cmake_module: 0.10.0 (/opt/ros/humble/share/python_cmake_module/cmake)
-- Found PythonLibs: /usr/lib/x86_64-linux-gnu/libpython3.10.so (found suitable version "3.10.12", minimum required is "3.5") 
-- Using PYTHON_EXECUTABLE: /usr/bin/python3
-- Using PYTHON_INCLUDE_DIRS: /usr/include/python3.10
-- Using PYTHON_LIBRARIES: /usr/lib/x86_64-linux-gnu/libpython3.10.so
-- Found PythonExtra: .so  
-- Found ament_lint_auto: 0.12.14 (/opt/ros/humble/share/ament_lint_auto/cmake)
-- Added test 'copyright' to check source files copyright and LICENSE
-- Added test 'lint_cmake' to check CMake code style
-- Added test 'xmllint' to check XML markup files
-- Configuring done
-- Generating done
[33mCMake Warning:
  Manually-specified variables were not used by the project:

    HUMBLE_ROS
    ROS_EDITION

[0m
-- Build files have been written to: /home/dongkuo/lt_ws/loc_ws/build/scout_msgs
[  1%] [34m[1mGenerating C code for ROS interfaces[0m
[  3%] [34m[1mGenerating C++ code for ROS interfaces[0m
[  3%] Built target ament_cmake_python_copy_scout_msgs
running egg_info
creating scout_msgs.egg-info
writing scout_msgs.egg-info/PKG-INFO
writing dependency_links to scout_msgs.egg-info/dependency_links.txt
writing top-level names to scout_msgs.egg-info/top_level.txt
writing manifest file 'scout_msgs.egg-info/SOURCES.txt'
reading manifest file 'scout_msgs.egg-info/SOURCES.txt'
writing manifest file 'scout_msgs.egg-info/SOURCES.txt'
[  3%] Built target ament_cmake_python_build_scout_msgs_egg
[  3%] Built target scout_msgs__cpp
[  6%] [34m[1mGenerating C++ introspection for ROS interfaces[0m
[  6%] [34m[1mGenerating C++ type support dispatch for ROS interfaces[0m
[  7%] [34m[1mGenerating C++ type support for eProsima Fast-RTPS[0m
[  9%] [32mBuilding C object CMakeFiles/scout_msgs__rosidl_generator_c.dir/rosidl_generator_c/scout_msgs/msg/detail/scout_rc_state__functions.c.o[0m
[ 15%] [32mBuilding C object CMakeFiles/scout_msgs__rosidl_generator_c.dir/rosidl_generator_c/scout_msgs/msg/detail/scout_light_cmd__functions.c.o[0m
[ 15%] [32mBuilding C object CMakeFiles/scout_msgs__rosidl_generator_c.dir/rosidl_generator_c/scout_msgs/msg/detail/scout_light_state__functions.c.o[0m
[ 15%] [32mBuilding C object CMakeFiles/scout_msgs__rosidl_generator_c.dir/rosidl_generator_c/scout_msgs/msg/detail/scout_actuator_state__functions.c.o[0m
[ 15%] [32mBuilding C object CMakeFiles/scout_msgs__rosidl_generator_c.dir/rosidl_generator_c/scout_msgs/msg/detail/scout_status__functions.c.o[0m
[ 17%] [32m[1mLinking C shared library libscout_msgs__rosidl_generator_c.so[0m
[ 17%] Built target scout_msgs__rosidl_generator_c
[ 22%] [34m[1mGenerating C type support for eProsima Fast-RTPS[0m
[ 22%] [34m[1mGenerating C type support dispatch for ROS interfaces[0m
[ 22%] [34m[1mGenerating C introspection for ROS interfaces[0m
[ 30%] [32mBuilding CXX object CMakeFiles/scout_msgs__rosidl_typesupport_cpp.dir/rosidl_typesupport_cpp/scout_msgs/msg/scout_light_state__type_support.cpp.o[0m
[ 30%] [32mBuilding CXX object CMakeFiles/scout_msgs__rosidl_typesupport_cpp.dir/rosidl_typesupport_cpp/scout_msgs/msg/scout_actuator_state__type_support.cpp.o[0m
[ 30%] [32mBuilding CXX object CMakeFiles/scout_msgs__rosidl_typesupport_cpp.dir/rosidl_typesupport_cpp/scout_msgs/msg/scout_rc_state__type_support.cpp.o[0m
[ 30%] [32mBuilding CXX object CMakeFiles/scout_msgs__rosidl_typesupport_cpp.dir/rosidl_typesupport_cpp/scout_msgs/msg/scout_light_cmd__type_support.cpp.o[0m
[ 30%] [32mBuilding CXX object CMakeFiles/scout_msgs__rosidl_typesupport_cpp.dir/rosidl_typesupport_cpp/scout_msgs/msg/scout_status__type_support.cpp.o[0m
[ 31%] [32mBuilding CXX object CMakeFiles/scout_msgs__rosidl_typesupport_introspection_cpp.dir/rosidl_typesupport_introspection_cpp/scout_msgs/msg/detail/scout_actuator_state__type_support.cpp.o[0m
[ 33%] [32mBuilding CXX object CMakeFiles/scout_msgs__rosidl_typesupport_introspection_cpp.dir/rosidl_typesupport_introspection_cpp/scout_msgs/msg/detail/scout_rc_state__type_support.cpp.o[0m
[ 34%] [32mBuilding CXX object CMakeFiles/scout_msgs__rosidl_typesupport_introspection_cpp.dir/rosidl_typesupport_introspection_cpp/scout_msgs/msg/detail/scout_light_state__type_support.cpp.o[0m
[ 36%] [32mBuilding CXX object CMakeFiles/scout_msgs__rosidl_typesupport_introspection_cpp.dir/rosidl_typesupport_introspection_cpp/scout_msgs/msg/detail/scout_light_cmd__type_support.cpp.o[0m
[ 38%] [32mBuilding CXX object CMakeFiles/scout_msgs__rosidl_typesupport_introspection_cpp.dir/rosidl_typesupport_introspection_cpp/scout_msgs/msg/detail/scout_status__type_support.cpp.o[0m
[ 39%] [32mBuilding CXX object CMakeFiles/scout_msgs__rosidl_typesupport_fastrtps_cpp.dir/rosidl_typesupport_fastrtps_cpp/scout_msgs/msg/detail/dds_fastrtps/scout_light_cmd__type_support.cpp.o[0m
[ 42%] [32mBuilding CXX object CMakeFiles/scout_msgs__rosidl_typesupport_fastrtps_cpp.dir/rosidl_typesupport_fastrtps_cpp/scout_msgs/msg/detail/dds_fastrtps/scout_rc_state__type_support.cpp.o[0m
[ 42%] [32mBuilding CXX object CMakeFiles/scout_msgs__rosidl_typesupport_fastrtps_cpp.dir/rosidl_typesupport_fastrtps_cpp/scout_msgs/msg/detail/dds_fastrtps/scout_actuator_state__type_support.cpp.o[0m
[ 44%] [32mBuilding CXX object CMakeFiles/scout_msgs__rosidl_typesupport_fastrtps_cpp.dir/rosidl_typesupport_fastrtps_cpp/scout_msgs/msg/detail/dds_fastrtps/scout_light_state__type_support.cpp.o[0m
[ 46%] [32mBuilding CXX object CMakeFiles/scout_msgs__rosidl_typesupport_fastrtps_cpp.dir/rosidl_typesupport_fastrtps_cpp/scout_msgs/msg/detail/dds_fastrtps/scout_status__type_support.cpp.o[0m
[ 47%] [32m[1mLinking CXX shared library libscout_msgs__rosidl_typesupport_cpp.so[0m
[ 49%] [32mBuilding C object CMakeFiles/scout_msgs__rosidl_typesupport_introspection_c.dir/rosidl_typesupport_introspection_c/scout_msgs/msg/detail/scout_actuator_state__type_support.c.o[0m
[ 52%] [32mBuilding C object CMakeFiles/scout_msgs__rosidl_typesupport_introspection_c.dir/rosidl_typesupport_introspection_c/scout_msgs/msg/detail/scout_rc_state__type_support.c.o[0m
[ 52%] [32mBuilding C object CMakeFiles/scout_msgs__rosidl_typesupport_introspection_c.dir/rosidl_typesupport_introspection_c/scout_msgs/msg/detail/scout_light_state__type_support.c.o[0m
[ 53%] [32mBuilding C object CMakeFiles/scout_msgs__rosidl_typesupport_introspection_c.dir/rosidl_typesupport_introspection_c/scout_msgs/msg/detail/scout_light_cmd__type_support.c.o[0m
[ 55%] [32mBuilding C object CMakeFiles/scout_msgs__rosidl_typesupport_introspection_c.dir/rosidl_typesupport_introspection_c/scout_msgs/msg/detail/scout_status__type_support.c.o[0m
[ 58%] [32mBuilding CXX object CMakeFiles/scout_msgs__rosidl_typesupport_c.dir/rosidl_typesupport_c/scout_msgs/msg/scout_rc_state__type_support.cpp.o[0m
[ 58%] [32mBuilding CXX object CMakeFiles/scout_msgs__rosidl_typesupport_c.dir/rosidl_typesupport_c/scout_msgs/msg/scout_light_cmd__type_support.cpp.o[0m
[ 58%] Built target scout_msgs__rosidl_typesupport_cpp
[ 60%] [32mBuilding CXX object CMakeFiles/scout_msgs__rosidl_typesupport_c.dir/rosidl_typesupport_c/scout_msgs/msg/scout_actuator_state__type_support.cpp.o[0m
[ 61%] [32mBuilding CXX object CMakeFiles/scout_msgs__rosidl_typesupport_c.dir/rosidl_typesupport_c/scout_msgs/msg/scout_light_state__type_support.cpp.o[0m
[ 63%] [32mBuilding CXX object CMakeFiles/scout_msgs__rosidl_typesupport_c.dir/rosidl_typesupport_c/scout_msgs/msg/scout_status__type_support.cpp.o[0m
[ 65%] [32m[1mLinking C shared library libscout_msgs__rosidl_typesupport_introspection_c.so[0m
[ 66%] [32m[1mLinking CXX shared library libscout_msgs__rosidl_typesupport_c.so[0m
[ 66%] Built target scout_msgs__rosidl_typesupport_introspection_c
[ 66%] Built target scout_msgs__rosidl_typesupport_c
[ 69%] [32mBuilding CXX object CMakeFiles/scout_msgs__rosidl_typesupport_fastrtps_c.dir/rosidl_typesupport_fastrtps_c/scout_msgs/msg/detail/scout_light_state__type_support_c.cpp.o[0m
[ 69%] [32mBuilding CXX object CMakeFiles/scout_msgs__rosidl_typesupport_fastrtps_c.dir/rosidl_typesupport_fastrtps_c/scout_msgs/msg/detail/scout_status__type_support_c.cpp.o[0m
[ 71%] [32mBuilding CXX object CMakeFiles/scout_msgs__rosidl_typesupport_fastrtps_c.dir/rosidl_typesupport_fastrtps_c/scout_msgs/msg/detail/scout_rc_state__type_support_c.cpp.o[0m
[ 73%] [32mBuilding CXX object CMakeFiles/scout_msgs__rosidl_typesupport_fastrtps_c.dir/rosidl_typesupport_fastrtps_c/scout_msgs/msg/detail/scout_light_cmd__type_support_c.cpp.o[0m
[ 74%] [32mBuilding CXX object CMakeFiles/scout_msgs__rosidl_typesupport_fastrtps_c.dir/rosidl_typesupport_fastrtps_c/scout_msgs/msg/detail/scout_actuator_state__type_support_c.cpp.o[0m
[ 76%] [32m[1mLinking CXX shared library libscout_msgs__rosidl_typesupport_introspection_cpp.so[0m
[ 76%] Built target scout_msgs__rosidl_typesupport_introspection_cpp
[ 77%] [32m[1mLinking CXX shared library libscout_msgs__rosidl_typesupport_fastrtps_cpp.so[0m
[ 77%] Built target scout_msgs__rosidl_typesupport_fastrtps_cpp
[ 79%] [32m[1mLinking CXX shared library libscout_msgs__rosidl_typesupport_fastrtps_c.so[0m
[ 79%] Built target scout_msgs__rosidl_typesupport_fastrtps_c
[ 79%] Built target scout_msgs
[ 80%] [34m[1mGenerating Python code for ROS interfaces[0m
[ 80%] Built target scout_msgs__py
[ 87%] [32mBuilding C object CMakeFiles/scout_msgs__rosidl_generator_py.dir/rosidl_generator_py/scout_msgs/msg/_scout_actuator_state_s.c.o[0m
[ 87%] [32mBuilding C object CMakeFiles/scout_msgs__rosidl_generator_py.dir/rosidl_generator_py/scout_msgs/msg/_scout_rc_state_s.c.o[0m
[ 87%] [32mBuilding C object CMakeFiles/scout_msgs__rosidl_generator_py.dir/rosidl_generator_py/scout_msgs/msg/_scout_light_cmd_s.c.o[0m
[ 87%] [32mBuilding C object CMakeFiles/scout_msgs__rosidl_generator_py.dir/rosidl_generator_py/scout_msgs/msg/_scout_light_state_s.c.o[0m
[ 88%] [32mBuilding C object CMakeFiles/scout_msgs__rosidl_generator_py.dir/rosidl_generator_py/scout_msgs/msg/_scout_status_s.c.o[0m
[ 90%] [32m[1mLinking C shared library rosidl_generator_py/scout_msgs/libscout_msgs__rosidl_generator_py.so[0m
[ 90%] Built target scout_msgs__rosidl_generator_py
[ 95%] [32mBuilding C object CMakeFiles/scout_msgs__rosidl_typesupport_fastrtps_c__pyext.dir/rosidl_generator_py/scout_msgs/_scout_msgs_s.ep.rosidl_typesupport_fastrtps_c.c.o[0m
[ 95%] [32mBuilding C object CMakeFiles/scout_msgs__rosidl_typesupport_introspection_c__pyext.dir/rosidl_generator_py/scout_msgs/_scout_msgs_s.ep.rosidl_typesupport_introspection_c.c.o[0m
[ 95%] [32mBuilding C object CMakeFiles/scout_msgs__rosidl_typesupport_c__pyext.dir/rosidl_generator_py/scout_msgs/_scout_msgs_s.ep.rosidl_typesupport_c.c.o[0m
[ 96%] [32m[1mLinking C shared library rosidl_generator_py/scout_msgs/scout_msgs_s__rosidl_typesupport_introspection_c.cpython-310-x86_64-linux-gnu.so[0m
[ 96%] Built target scout_msgs__rosidl_typesupport_introspection_c__pyext
[ 98%] [32m[1mLinking C shared library rosidl_generator_py/scout_msgs/scout_msgs_s__rosidl_typesupport_fastrtps_c.cpython-310-x86_64-linux-gnu.so[0m
[100%] [32m[1mLinking C shared library rosidl_generator_py/scout_msgs/scout_msgs_s__rosidl_typesupport_c.cpython-310-x86_64-linux-gnu.so[0m
[100%] Built target scout_msgs__rosidl_typesupport_c__pyext
[100%] Built target scout_msgs__rosidl_typesupport_fastrtps_c__pyext
-- Install configuration: ""
-- Installing: /home/dongkuo/lt_ws/loc_ws/install/scout_msgs/share/ament_index/resource_index/rosidl_interfaces/scout_msgs
-- Installing: /home/dongkuo/lt_ws/loc_ws/install/scout_msgs/include/scout_msgs/scout_msgs
-- Installing: /home/dongkuo/lt_ws/loc_ws/install/scout_msgs/include/scout_msgs/scout_msgs/msg
-- Installing: /home/dongkuo/lt_ws/loc_ws/install/scout_msgs/include/scout_msgs/scout_msgs/msg/scout_rc_state.h
-- Installing: /home/dongkuo/lt_ws/loc_ws/install/scout_msgs/include/scout_msgs/scout_msgs/msg/scout_light_state.h
-- Installing: /home/dongkuo/lt_ws/loc_ws/install/scout_msgs/include/scout_msgs/scout_msgs/msg/scout_actuator_state.h
-- Installing: /home/dongkuo/lt_ws/loc_ws/install/scout_msgs/include/scout_msgs/scout_msgs/msg/scout_status.h
-- Installing: /home/dongkuo/lt_ws/loc_ws/install/scout_msgs/include/scout_msgs/scout_msgs/msg/detail
-- Installing: /home/dongkuo/lt_ws/loc_ws/install/scout_msgs/include/scout_msgs/scout_msgs/msg/detail/scout_light_cmd__struct.h
-- Installing: /home/dongkuo/lt_ws/loc_ws/install/scout_msgs/include/scout_msgs/scout_msgs/msg/detail/scout_light_state__struct.h
-- Installing: /home/dongkuo/lt_ws/loc_ws/install/scout_msgs/include/scout_msgs/scout_msgs/msg/detail/scout_light_cmd__functions.c
-- Installing: /home/dongkuo/lt_ws/loc_ws/install/scout_msgs/include/scout_msgs/scout_msgs/msg/detail/scout_light_cmd__type_support.h
-- Installing: /home/dongkuo/lt_ws/loc_ws/install/scout_msgs/include/scout_msgs/scout_msgs/msg/detail/scout_actuator_state__functions.c
-- Installing: /home/dongkuo/lt_ws/loc_ws/install/scout_msgs/include/scout_msgs/scout_msgs/msg/detail/scout_status__functions.h
-- Installing: /home/dongkuo/lt_ws/loc_ws/install/scout_msgs/include/scout_msgs/scout_msgs/msg/detail/scout_actuator_state__type_support.h
-- Installing: /home/dongkuo/lt_ws/loc_ws/install/scout_msgs/include/scout_msgs/scout_msgs/msg/detail/scout_light_state__functions.h
-- Installing: /home/dongkuo/lt_ws/loc_ws/install/scout_msgs/include/scout_msgs/scout_msgs/msg/detail/scout_rc_state__functions.c
-- Installing: /home/dongkuo/lt_ws/loc_ws/install/scout_msgs/include/scout_msgs/scout_msgs/msg/detail/scout_light_state__functions.c
-- Installing: /home/dongkuo/lt_ws/loc_ws/install/scout_msgs/include/scout_msgs/scout_msgs/msg/detail/scout_status__struct.h
-- Installing: /home/dongkuo/lt_ws/loc_ws/install/scout_msgs/include/scout_msgs/scout_msgs/msg/detail/scout_actuator_state__functions.h
-- Installing: /home/dongkuo/lt_ws/loc_ws/install/scout_msgs/include/scout_msgs/scout_msgs/msg/detail/scout_light_cmd__functions.h
-- Installing: /home/dongkuo/lt_ws/loc_ws/install/scout_msgs/include/scout_msgs/scout_msgs/msg/detail/scout_rc_state__struct.h
-- Installing: /home/dongkuo/lt_ws/loc_ws/install/scout_msgs/include/scout_msgs/scout_msgs/msg/detail/scout_rc_state__type_support.h
-- Installing: /home/dongkuo/lt_ws/loc_ws/install/scout_msgs/include/scout_msgs/scout_msgs/msg/detail/scout_light_state__type_support.h
-- Installing: /home/dongkuo/lt_ws/loc_ws/install/scout_msgs/include/scout_msgs/scout_msgs/msg/detail/scout_rc_state__functions.h
-- Installing: /home/dongkuo/lt_ws/loc_ws/install/scout_msgs/include/scout_msgs/scout_msgs/msg/detail/scout_actuator_state__struct.h
-- Installing: /home/dongkuo/lt_ws/loc_ws/install/scout_msgs/include/scout_msgs/scout_msgs/msg/detail/scout_status__type_support.h
-- Installing: /home/dongkuo/lt_ws/loc_ws/install/scout_msgs/include/scout_msgs/scout_msgs/msg/detail/scout_status__functions.c
-- Installing: /home/dongkuo/lt_ws/loc_ws/install/scout_msgs/include/scout_msgs/scout_msgs/msg/rosidl_generator_c__visibility_control.h
-- Installing: /home/dongkuo/lt_ws/loc_ws/install/scout_msgs/include/scout_msgs/scout_msgs/msg/scout_light_cmd.h
-- Installing: /home/dongkuo/lt_ws/loc_ws/install/scout_msgs/share/scout_msgs/environment/library_path.sh
-- Installing: /home/dongkuo/lt_ws/loc_ws/install/scout_msgs/share/scout_msgs/environment/library_path.dsv
-- Installing: /home/dongkuo/lt_ws/loc_ws/install/scout_msgs/lib/libscout_msgs__rosidl_generator_c.so
-- Set runtime path of "/home/dongkuo/lt_ws/loc_ws/install/scout_msgs/lib/libscout_msgs__rosidl_generator_c.so" to ""
-- Up-to-date: /home/dongkuo/lt_ws/loc_ws/install/scout_msgs/include/scout_msgs/scout_msgs
-- Up-to-date: /home/dongkuo/lt_ws/loc_ws/install/scout_msgs/include/scout_msgs/scout_msgs/msg
-- Installing: /home/dongkuo/lt_ws/loc_ws/install/scout_msgs/include/scout_msgs/scout_msgs/msg/rosidl_typesupport_fastrtps_c__visibility_control.h
-- Up-to-date: /home/dongkuo/lt_ws/loc_ws/install/scout_msgs/include/scout_msgs/scout_msgs/msg/detail
-- Installing: /home/dongkuo/lt_ws/loc_ws/install/scout_msgs/include/scout_msgs/scout_msgs/msg/detail/scout_light_state__rosidl_typesupport_fastrtps_c.h
-- Installing: /home/dongkuo/lt_ws/loc_ws/install/scout_msgs/include/scout_msgs/scout_msgs/msg/detail/scout_actuator_state__rosidl_typesupport_fastrtps_c.h
-- Installing: /home/dongkuo/lt_ws/loc_ws/install/scout_msgs/include/scout_msgs/scout_msgs/msg/detail/scout_status__rosidl_typesupport_fastrtps_c.h
-- Installing: /home/dongkuo/lt_ws/loc_ws/install/scout_msgs/include/scout_msgs/scout_msgs/msg/detail/scout_light_cmd__rosidl_typesupport_fastrtps_c.h
-- Installing: /home/dongkuo/lt_ws/loc_ws/install/scout_msgs/include/scout_msgs/scout_msgs/msg/detail/scout_rc_state__rosidl_typesupport_fastrtps_c.h
-- Installing: /home/dongkuo/lt_ws/loc_ws/install/scout_msgs/lib/libscout_msgs__rosidl_typesupport_fastrtps_c.so
-- Set runtime path of "/home/dongkuo/lt_ws/loc_ws/install/scout_msgs/lib/libscout_msgs__rosidl_typesupport_fastrtps_c.so" to ""
-- Up-to-date: /home/dongkuo/lt_ws/loc_ws/install/scout_msgs/include/scout_msgs/scout_msgs
-- Up-to-date: /home/dongkuo/lt_ws/loc_ws/install/scout_msgs/include/scout_msgs/scout_msgs/msg
-- Installing: /home/dongkuo/lt_ws/loc_ws/install/scout_msgs/include/scout_msgs/scout_msgs/msg/scout_light_state.hpp
-- Installing: /home/dongkuo/lt_ws/loc_ws/install/scout_msgs/include/scout_msgs/scout_msgs/msg/scout_actuator_state.hpp
-- Installing: /home/dongkuo/lt_ws/loc_ws/install/scout_msgs/include/scout_msgs/scout_msgs/msg/scout_status.hpp
-- Installing: /home/dongkuo/lt_ws/loc_ws/install/scout_msgs/include/scout_msgs/scout_msgs/msg/scout_rc_state.hpp
-- Up-to-date: /home/dongkuo/lt_ws/loc_ws/install/scout_msgs/include/scout_msgs/scout_msgs/msg/detail
-- Installing: /home/dongkuo/lt_ws/loc_ws/install/scout_msgs/include/scout_msgs/scout_msgs/msg/detail/scout_rc_state__type_support.hpp
-- Installing: /home/dongkuo/lt_ws/loc_ws/install/scout_msgs/include/scout_msgs/scout_msgs/msg/detail/scout_actuator_state__type_support.hpp
-- Installing: /home/dongkuo/lt_ws/loc_ws/install/scout_msgs/include/scout_msgs/scout_msgs/msg/detail/scout_light_cmd__struct.hpp
-- Installing: /home/dongkuo/lt_ws/loc_ws/install/scout_msgs/include/scout_msgs/scout_msgs/msg/detail/scout_rc_state__traits.hpp
-- Installing: /home/dongkuo/lt_ws/loc_ws/install/scout_msgs/include/scout_msgs/scout_msgs/msg/detail/scout_light_cmd__traits.hpp
-- Installing: /home/dongkuo/lt_ws/loc_ws/install/scout_msgs/include/scout_msgs/scout_msgs/msg/detail/scout_rc_state__struct.hpp
-- Installing: /home/dongkuo/lt_ws/loc_ws/install/scout_msgs/include/scout_msgs/scout_msgs/msg/detail/scout_actuator_state__struct.hpp
-- Installing: /home/dongkuo/lt_ws/loc_ws/install/scout_msgs/include/scout_msgs/scout_msgs/msg/detail/scout_light_state__struct.hpp
-- Installing: /home/dongkuo/lt_ws/loc_ws/install/scout_msgs/include/scout_msgs/scout_msgs/msg/detail/scout_status__type_support.hpp
-- Installing: /home/dongkuo/lt_ws/loc_ws/install/scout_msgs/include/scout_msgs/scout_msgs/msg/detail/scout_light_cmd__builder.hpp
-- Installing: /home/dongkuo/lt_ws/loc_ws/install/scout_msgs/include/scout_msgs/scout_msgs/msg/detail/scout_actuator_state__builder.hpp
-- Installing: /home/dongkuo/lt_ws/loc_ws/install/scout_msgs/include/scout_msgs/scout_msgs/msg/detail/scout_light_cmd__type_support.hpp
-- Installing: /home/dongkuo/lt_ws/loc_ws/install/scout_msgs/include/scout_msgs/scout_msgs/msg/detail/scout_light_state__type_support.hpp
-- Installing: /home/dongkuo/lt_ws/loc_ws/install/scout_msgs/include/scout_msgs/scout_msgs/msg/detail/scout_status__builder.hpp
-- Installing: /home/dongkuo/lt_ws/loc_ws/install/scout_msgs/include/scout_msgs/scout_msgs/msg/detail/scout_rc_state__builder.hpp
-- Installing: /home/dongkuo/lt_ws/loc_ws/install/scout_msgs/include/scout_msgs/scout_msgs/msg/detail/scout_status__struct.hpp
-- Installing: /home/dongkuo/lt_ws/loc_ws/install/scout_msgs/include/scout_msgs/scout_msgs/msg/detail/scout_status__traits.hpp
-- Installing: /home/dongkuo/lt_ws/loc_ws/install/scout_msgs/include/scout_msgs/scout_msgs/msg/detail/scout_light_state__traits.hpp
-- Installing: /home/dongkuo/lt_ws/loc_ws/install/scout_msgs/include/scout_msgs/scout_msgs/msg/detail/scout_light_state__builder.hpp
-- Installing: /home/dongkuo/lt_ws/loc_ws/install/scout_msgs/include/scout_msgs/scout_msgs/msg/detail/scout_actuator_state__traits.hpp
-- Installing: /home/dongkuo/lt_ws/loc_ws/install/scout_msgs/include/scout_msgs/scout_msgs/msg/rosidl_generator_cpp__visibility_control.hpp
-- Installing: /home/dongkuo/lt_ws/loc_ws/install/scout_msgs/include/scout_msgs/scout_msgs/msg/scout_light_cmd.hpp
-- Up-to-date: /home/dongkuo/lt_ws/loc_ws/install/scout_msgs/include/scout_msgs/scout_msgs
-- Up-to-date: /home/dongkuo/lt_ws/loc_ws/install/scout_msgs/include/scout_msgs/scout_msgs/msg
-- Up-to-date: /home/dongkuo/lt_ws/loc_ws/install/scout_msgs/include/scout_msgs/scout_msgs/msg/detail
-- Installing: /home/dongkuo/lt_ws/loc_ws/install/scout_msgs/include/scout_msgs/scout_msgs/msg/detail/scout_light_state__rosidl_typesupport_fastrtps_cpp.hpp
-- Installing: /home/dongkuo/lt_ws/loc_ws/install/scout_msgs/include/scout_msgs/scout_msgs/msg/detail/scout_rc_state__rosidl_typesupport_fastrtps_cpp.hpp
-- Installing: /home/dongkuo/lt_ws/loc_ws/install/scout_msgs/include/scout_msgs/scout_msgs/msg/detail/scout_actuator_state__rosidl_typesupport_fastrtps_cpp.hpp
-- Installing: /home/dongkuo/lt_ws/loc_ws/install/scout_msgs/include/scout_msgs/scout_msgs/msg/detail/scout_status__rosidl_typesupport_fastrtps_cpp.hpp
-- Installing: /home/dongkuo/lt_ws/loc_ws/install/scout_msgs/include/scout_msgs/scout_msgs/msg/detail/scout_light_cmd__rosidl_typesupport_fastrtps_cpp.hpp
-- Installing: /home/dongkuo/lt_ws/loc_ws/install/scout_msgs/include/scout_msgs/scout_msgs/msg/detail/dds_fastrtps
-- Installing: /home/dongkuo/lt_ws/loc_ws/install/scout_msgs/include/scout_msgs/scout_msgs/msg/rosidl_typesupport_fastrtps_cpp__visibility_control.h
-- Installing: /home/dongkuo/lt_ws/loc_ws/install/scout_msgs/lib/libscout_msgs__rosidl_typesupport_fastrtps_cpp.so
-- Set runtime path of "/home/dongkuo/lt_ws/loc_ws/install/scout_msgs/lib/libscout_msgs__rosidl_typesupport_fastrtps_cpp.so" to ""
-- Up-to-date: /home/dongkuo/lt_ws/loc_ws/install/scout_msgs/include/scout_msgs/scout_msgs
-- Up-to-date: /home/dongkuo/lt_ws/loc_ws/install/scout_msgs/include/scout_msgs/scout_msgs/msg
-- Up-to-date: /home/dongkuo/lt_ws/loc_ws/install/scout_msgs/include/scout_msgs/scout_msgs/msg/detail
-- Installing: /home/dongkuo/lt_ws/loc_ws/install/scout_msgs/include/scout_msgs/scout_msgs/msg/detail/scout_rc_state__rosidl_typesupport_introspection_c.h
-- Installing: /home/dongkuo/lt_ws/loc_ws/install/scout_msgs/include/scout_msgs/scout_msgs/msg/detail/scout_light_state__type_support.c
-- Installing: /home/dongkuo/lt_ws/loc_ws/install/scout_msgs/include/scout_msgs/scout_msgs/msg/detail/scout_light_cmd__rosidl_typesupport_introspection_c.h
-- Installing: /home/dongkuo/lt_ws/loc_ws/install/scout_msgs/include/scout_msgs/scout_msgs/msg/detail/scout_status__type_support.c
-- Installing: /home/dongkuo/lt_ws/loc_ws/install/scout_msgs/include/scout_msgs/scout_msgs/msg/detail/scout_status__rosidl_typesupport_introspection_c.h
-- Installing: /home/dongkuo/lt_ws/loc_ws/install/scout_msgs/include/scout_msgs/scout_msgs/msg/detail/scout_light_state__rosidl_typesupport_introspection_c.h
-- Installing: /home/dongkuo/lt_ws/loc_ws/install/scout_msgs/include/scout_msgs/scout_msgs/msg/detail/scout_rc_state__type_support.c
-- Installing: /home/dongkuo/lt_ws/loc_ws/install/scout_msgs/include/scout_msgs/scout_msgs/msg/detail/scout_actuator_state__rosidl_typesupport_introspection_c.h
-- Installing: /home/dongkuo/lt_ws/loc_ws/install/scout_msgs/include/scout_msgs/scout_msgs/msg/detail/scout_light_cmd__type_support.c
-- Installing: /home/dongkuo/lt_ws/loc_ws/install/scout_msgs/include/scout_msgs/scout_msgs/msg/detail/scout_actuator_state__type_support.c
-- Installing: /home/dongkuo/lt_ws/loc_ws/install/scout_msgs/include/scout_msgs/scout_msgs/msg/rosidl_typesupport_introspection_c__visibility_control.h
-- Installing: /home/dongkuo/lt_ws/loc_ws/install/scout_msgs/lib/libscout_msgs__rosidl_typesupport_introspection_c.so
-- Set runtime path of "/home/dongkuo/lt_ws/loc_ws/install/scout_msgs/lib/libscout_msgs__rosidl_typesupport_introspection_c.so" to ""
-- Installing: /home/dongkuo/lt_ws/loc_ws/install/scout_msgs/lib/libscout_msgs__rosidl_typesupport_c.so
-- Set runtime path of "/home/dongkuo/lt_ws/loc_ws/install/scout_msgs/lib/libscout_msgs__rosidl_typesupport_c.so" to ""
-- Up-to-date: /home/dongkuo/lt_ws/loc_ws/install/scout_msgs/include/scout_msgs/scout_msgs
-- Up-to-date: /home/dongkuo/lt_ws/loc_ws/install/scout_msgs/include/scout_msgs/scout_msgs/msg
-- Up-to-date: /home/dongkuo/lt_ws/loc_ws/install/scout_msgs/include/scout_msgs/scout_msgs/msg/detail
-- Installing: /home/dongkuo/lt_ws/loc_ws/install/scout_msgs/include/scout_msgs/scout_msgs/msg/detail/scout_rc_state__rosidl_typesupport_introspection_cpp.hpp
-- Installing: /home/dongkuo/lt_ws/loc_ws/install/scout_msgs/include/scout_msgs/scout_msgs/msg/detail/scout_light_state__type_support.cpp
-- Installing: /home/dongkuo/lt_ws/loc_ws/install/scout_msgs/include/scout_msgs/scout_msgs/msg/detail/scout_status__type_support.cpp
-- Installing: /home/dongkuo/lt_ws/loc_ws/install/scout_msgs/include/scout_msgs/scout_msgs/msg/detail/scout_light_state__rosidl_typesupport_introspection_cpp.hpp
-- Installing: /home/dongkuo/lt_ws/loc_ws/install/scout_msgs/include/scout_msgs/scout_msgs/msg/detail/scout_rc_state__type_support.cpp
-- Installing: /home/dongkuo/lt_ws/loc_ws/install/scout_msgs/include/scout_msgs/scout_msgs/msg/detail/scout_actuator_state__rosidl_typesupport_introspection_cpp.hpp
-- Installing: /home/dongkuo/lt_ws/loc_ws/install/scout_msgs/include/scout_msgs/scout_msgs/msg/detail/scout_actuator_state__type_support.cpp
-- Installing: /home/dongkuo/lt_ws/loc_ws/install/scout_msgs/include/scout_msgs/scout_msgs/msg/detail/scout_light_cmd__rosidl_typesupport_introspection_cpp.hpp
-- Installing: /home/dongkuo/lt_ws/loc_ws/install/scout_msgs/include/scout_msgs/scout_msgs/msg/detail/scout_light_cmd__type_support.cpp
-- Installing: /home/dongkuo/lt_ws/loc_ws/install/scout_msgs/include/scout_msgs/scout_msgs/msg/detail/scout_status__rosidl_typesupport_introspection_cpp.hpp
-- Installing: /home/dongkuo/lt_ws/loc_ws/install/scout_msgs/lib/libscout_msgs__rosidl_typesupport_introspection_cpp.so
-- Set runtime path of "/home/dongkuo/lt_ws/loc_ws/install/scout_msgs/lib/libscout_msgs__rosidl_typesupport_introspection_cpp.so" to ""
-- Installing: /home/dongkuo/lt_ws/loc_ws/install/scout_msgs/lib/libscout_msgs__rosidl_typesupport_cpp.so
-- Set runtime path of "/home/dongkuo/lt_ws/loc_ws/install/scout_msgs/lib/libscout_msgs__rosidl_typesupport_cpp.so" to ""
-- Installing: /home/dongkuo/lt_ws/loc_ws/install/scout_msgs/share/scout_msgs/environment/pythonpath.sh
-- Installing: /home/dongkuo/lt_ws/loc_ws/install/scout_msgs/share/scout_msgs/environment/pythonpath.dsv
-- Installing: /home/dongkuo/lt_ws/loc_ws/install/scout_msgs/local/lib/python3.10/dist-packages/scout_msgs-0.1.0-py3.10.egg-info
-- Installing: /home/dongkuo/lt_ws/loc_ws/install/scout_msgs/local/lib/python3.10/dist-packages/scout_msgs-0.1.0-py3.10.egg-info/SOURCES.txt
-- Installing: /home/dongkuo/lt_ws/loc_ws/install/scout_msgs/local/lib/python3.10/dist-packages/scout_msgs-0.1.0-py3.10.egg-info/top_level.txt
-- Installing: /home/dongkuo/lt_ws/loc_ws/install/scout_msgs/local/lib/python3.10/dist-packages/scout_msgs-0.1.0-py3.10.egg-info/dependency_links.txt
-- Installing: /home/dongkuo/lt_ws/loc_ws/install/scout_msgs/local/lib/python3.10/dist-packages/scout_msgs-0.1.0-py3.10.egg-info/PKG-INFO
-- Installing: /home/dongkuo/lt_ws/loc_ws/install/scout_msgs/local/lib/python3.10/dist-packages/scout_msgs
-- Installing: /home/dongkuo/lt_ws/loc_ws/install/scout_msgs/local/lib/python3.10/dist-packages/scout_msgs/scout_msgs_s__rosidl_typesupport_fastrtps_c.cpython-310-x86_64-linux-gnu.so
-- Installing: /home/dongkuo/lt_ws/loc_ws/install/scout_msgs/local/lib/python3.10/dist-packages/scout_msgs/_scout_msgs_s.ep.rosidl_typesupport_c.c
-- Installing: /home/dongkuo/lt_ws/loc_ws/install/scout_msgs/local/lib/python3.10/dist-packages/scout_msgs/_scout_msgs_s.ep.rosidl_typesupport_introspection_c.c
-- Installing: /home/dongkuo/lt_ws/loc_ws/install/scout_msgs/local/lib/python3.10/dist-packages/scout_msgs/scout_msgs_s__rosidl_typesupport_c.cpython-310-x86_64-linux-gnu.so
-- Installing: /home/dongkuo/lt_ws/loc_ws/install/scout_msgs/local/lib/python3.10/dist-packages/scout_msgs/_scout_msgs_s.ep.rosidl_typesupport_fastrtps_c.c
-- Installing: /home/dongkuo/lt_ws/loc_ws/install/scout_msgs/local/lib/python3.10/dist-packages/scout_msgs/scout_msgs_s__rosidl_typesupport_introspection_c.cpython-310-x86_64-linux-gnu.so
-- Installing: /home/dongkuo/lt_ws/loc_ws/install/scout_msgs/local/lib/python3.10/dist-packages/scout_msgs/__init__.py
-- Installing: /home/dongkuo/lt_ws/loc_ws/install/scout_msgs/local/lib/python3.10/dist-packages/scout_msgs/msg
-- Installing: /home/dongkuo/lt_ws/loc_ws/install/scout_msgs/local/lib/python3.10/dist-packages/scout_msgs/msg/_scout_light_cmd.py
-- Installing: /home/dongkuo/lt_ws/loc_ws/install/scout_msgs/local/lib/python3.10/dist-packages/scout_msgs/msg/_scout_light_state_s.c
-- Installing: /home/dongkuo/lt_ws/loc_ws/install/scout_msgs/local/lib/python3.10/dist-packages/scout_msgs/msg/_scout_actuator_state.py
-- Installing: /home/dongkuo/lt_ws/loc_ws/install/scout_msgs/local/lib/python3.10/dist-packages/scout_msgs/msg/_scout_rc_state_s.c
-- Installing: /home/dongkuo/lt_ws/loc_ws/install/scout_msgs/local/lib/python3.10/dist-packages/scout_msgs/msg/_scout_rc_state.py
-- Installing: /home/dongkuo/lt_ws/loc_ws/install/scout_msgs/local/lib/python3.10/dist-packages/scout_msgs/msg/_scout_light_state.py
-- Installing: /home/dongkuo/lt_ws/loc_ws/install/scout_msgs/local/lib/python3.10/dist-packages/scout_msgs/msg/_scout_status.py
-- Installing: /home/dongkuo/lt_ws/loc_ws/install/scout_msgs/local/lib/python3.10/dist-packages/scout_msgs/msg/_scout_light_cmd_s.c
-- Installing: /home/dongkuo/lt_ws/loc_ws/install/scout_msgs/local/lib/python3.10/dist-packages/scout_msgs/msg/_scout_status_s.c
-- Installing: /home/dongkuo/lt_ws/loc_ws/install/scout_msgs/local/lib/python3.10/dist-packages/scout_msgs/msg/__init__.py
-- Installing: /home/dongkuo/lt_ws/loc_ws/install/scout_msgs/local/lib/python3.10/dist-packages/scout_msgs/msg/_scout_actuator_state_s.c
-- Installing: /home/dongkuo/lt_ws/loc_ws/install/scout_msgs/local/lib/python3.10/dist-packages/scout_msgs/libscout_msgs__rosidl_generator_py.so
Listing '/home/dongkuo/lt_ws/loc_ws/install/scout_msgs/local/lib/python3.10/dist-packages/scout_msgs'...
Compiling '/home/dongkuo/lt_ws/loc_ws/install/scout_msgs/local/lib/python3.10/dist-packages/scout_msgs/__init__.py'...
Listing '/home/dongkuo/lt_ws/loc_ws/install/scout_msgs/local/lib/python3.10/dist-packages/scout_msgs/msg'...
Compiling '/home/dongkuo/lt_ws/loc_ws/install/scout_msgs/local/lib/python3.10/dist-packages/scout_msgs/msg/__init__.py'...
Compiling '/home/dongkuo/lt_ws/loc_ws/install/scout_msgs/local/lib/python3.10/dist-packages/scout_msgs/msg/_scout_actuator_state.py'...
Compiling '/home/dongkuo/lt_ws/loc_ws/install/scout_msgs/local/lib/python3.10/dist-packages/scout_msgs/msg/_scout_light_cmd.py'...
Compiling '/home/dongkuo/lt_ws/loc_ws/install/scout_msgs/local/lib/python3.10/dist-packages/scout_msgs/msg/_scout_light_state.py'...
Compiling '/home/dongkuo/lt_ws/loc_ws/install/scout_msgs/local/lib/python3.10/dist-packages/scout_msgs/msg/_scout_rc_state.py'...
Compiling '/home/dongkuo/lt_ws/loc_ws/install/scout_msgs/local/lib/python3.10/dist-packages/scout_msgs/msg/_scout_status.py'...
-- Installing: /home/dongkuo/lt_ws/loc_ws/install/scout_msgs/local/lib/python3.10/dist-packages/scout_msgs/scout_msgs_s__rosidl_typesupport_fastrtps_c.cpython-310-x86_64-linux-gnu.so
-- Set runtime path of "/home/dongkuo/lt_ws/loc_ws/install/scout_msgs/local/lib/python3.10/dist-packages/scout_msgs/scout_msgs_s__rosidl_typesupport_fastrtps_c.cpython-310-x86_64-linux-gnu.so" to ""
-- Installing: /home/dongkuo/lt_ws/loc_ws/install/scout_msgs/local/lib/python3.10/dist-packages/scout_msgs/scout_msgs_s__rosidl_typesupport_introspection_c.cpython-310-x86_64-linux-gnu.so
-- Set runtime path of "/home/dongkuo/lt_ws/loc_ws/install/scout_msgs/local/lib/python3.10/dist-packages/scout_msgs/scout_msgs_s__rosidl_typesupport_introspection_c.cpython-310-x86_64-linux-gnu.so" to ""
-- Installing: /home/dongkuo/lt_ws/loc_ws/install/scout_msgs/local/lib/python3.10/dist-packages/scout_msgs/scout_msgs_s__rosidl_typesupport_c.cpython-310-x86_64-linux-gnu.so
-- Set runtime path of "/home/dongkuo/lt_ws/loc_ws/install/scout_msgs/local/lib/python3.10/dist-packages/scout_msgs/scout_msgs_s__rosidl_typesupport_c.cpython-310-x86_64-linux-gnu.so" to ""
-- Installing: /home/dongkuo/lt_ws/loc_ws/install/scout_msgs/lib/libscout_msgs__rosidl_generator_py.so
-- Set runtime path of "/home/dongkuo/lt_ws/loc_ws/install/scout_msgs/lib/libscout_msgs__rosidl_generator_py.so" to ""
-- Installing: /home/dongkuo/lt_ws/loc_ws/install/scout_msgs/share/scout_msgs/msg/ScoutActuatorState.idl
-- Installing: /home/dongkuo/lt_ws/loc_ws/install/scout_msgs/share/scout_msgs/msg/ScoutLightCmd.idl
-- Installing: /home/dongkuo/lt_ws/loc_ws/install/scout_msgs/share/scout_msgs/msg/ScoutLightState.idl
-- Installing: /home/dongkuo/lt_ws/loc_ws/install/scout_msgs/share/scout_msgs/msg/ScoutRCState.idl
-- Installing: /home/dongkuo/lt_ws/loc_ws/install/scout_msgs/share/scout_msgs/msg/ScoutStatus.idl
-- Installing: /home/dongkuo/lt_ws/loc_ws/install/scout_msgs/share/scout_msgs/msg/ScoutActuatorState.msg
-- Installing: /home/dongkuo/lt_ws/loc_ws/install/scout_msgs/share/scout_msgs/msg/ScoutLightCmd.msg
-- Installing: /home/dongkuo/lt_ws/loc_ws/install/scout_msgs/share/scout_msgs/msg/ScoutLightState.msg
-- Installing: /home/dongkuo/lt_ws/loc_ws/install/scout_msgs/share/scout_msgs/msg/ScoutRCState.msg
-- Installing: /home/dongkuo/lt_ws/loc_ws/install/scout_msgs/share/scout_msgs/msg/ScoutStatus.msg
-- Installing: /home/dongkuo/lt_ws/loc_ws/install/scout_msgs/share/ament_index/resource_index/package_run_dependencies/scout_msgs
-- Installing: /home/dongkuo/lt_ws/loc_ws/install/scout_msgs/share/ament_index/resource_index/parent_prefix_path/scout_msgs
-- Installing: /home/dongkuo/lt_ws/loc_ws/install/scout_msgs/share/scout_msgs/environment/ament_prefix_path.sh
-- Installing: /home/dongkuo/lt_ws/loc_ws/install/scout_msgs/share/scout_msgs/environment/ament_prefix_path.dsv
-- Installing: /home/dongkuo/lt_ws/loc_ws/install/scout_msgs/share/scout_msgs/environment/path.sh
-- Installing: /home/dongkuo/lt_ws/loc_ws/install/scout_msgs/share/scout_msgs/environment/path.dsv
-- Installing: /home/dongkuo/lt_ws/loc_ws/install/scout_msgs/share/scout_msgs/local_setup.bash
-- Installing: /home/dongkuo/lt_ws/loc_ws/install/scout_msgs/share/scout_msgs/local_setup.sh
-- Installing: /home/dongkuo/lt_ws/loc_ws/install/scout_msgs/share/scout_msgs/local_setup.zsh
-- Installing: /home/dongkuo/lt_ws/loc_ws/install/scout_msgs/share/scout_msgs/local_setup.dsv
-- Installing: /home/dongkuo/lt_ws/loc_ws/install/scout_msgs/share/scout_msgs/package.dsv
-- Installing: /home/dongkuo/lt_ws/loc_ws/install/scout_msgs/share/ament_index/resource_index/packages/scout_msgs
-- Installing: /home/dongkuo/lt_ws/loc_ws/install/scout_msgs/share/scout_msgs/cmake/export_scout_msgs__rosidl_generator_cExport.cmake
-- Installing: /home/dongkuo/lt_ws/loc_ws/install/scout_msgs/share/scout_msgs/cmake/export_scout_msgs__rosidl_generator_cExport-noconfig.cmake
-- Installing: /home/dongkuo/lt_ws/loc_ws/install/scout_msgs/share/scout_msgs/cmake/export_scout_msgs__rosidl_typesupport_fastrtps_cExport.cmake
-- Installing: /home/dongkuo/lt_ws/loc_ws/install/scout_msgs/share/scout_msgs/cmake/export_scout_msgs__rosidl_typesupport_fastrtps_cExport-noconfig.cmake
-- Installing: /home/dongkuo/lt_ws/loc_ws/install/scout_msgs/share/scout_msgs/cmake/export_scout_msgs__rosidl_generator_cppExport.cmake
-- Installing: /home/dongkuo/lt_ws/loc_ws/install/scout_msgs/share/scout_msgs/cmake/export_scout_msgs__rosidl_typesupport_fastrtps_cppExport.cmake
-- Installing: /home/dongkuo/lt_ws/loc_ws/install/scout_msgs/share/scout_msgs/cmake/export_scout_msgs__rosidl_typesupport_fastrtps_cppExport-noconfig.cmake
-- Installing: /home/dongkuo/lt_ws/loc_ws/install/scout_msgs/share/scout_msgs/cmake/scout_msgs__rosidl_typesupport_introspection_cExport.cmake
-- Installing: /home/dongkuo/lt_ws/loc_ws/install/scout_msgs/share/scout_msgs/cmake/scout_msgs__rosidl_typesupport_introspection_cExport-noconfig.cmake
-- Installing: /home/dongkuo/lt_ws/loc_ws/install/scout_msgs/share/scout_msgs/cmake/scout_msgs__rosidl_typesupport_cExport.cmake
-- Installing: /home/dongkuo/lt_ws/loc_ws/install/scout_msgs/share/scout_msgs/cmake/scout_msgs__rosidl_typesupport_cExport-noconfig.cmake
-- Installing: /home/dongkuo/lt_ws/loc_ws/install/scout_msgs/share/scout_msgs/cmake/scout_msgs__rosidl_typesupport_introspection_cppExport.cmake
-- Installing: /home/dongkuo/lt_ws/loc_ws/install/scout_msgs/share/scout_msgs/cmake/scout_msgs__rosidl_typesupport_introspection_cppExport-noconfig.cmake
-- Installing: /home/dongkuo/lt_ws/loc_ws/install/scout_msgs/share/scout_msgs/cmake/scout_msgs__rosidl_typesupport_cppExport.cmake
-- Installing: /home/dongkuo/lt_ws/loc_ws/install/scout_msgs/share/scout_msgs/cmake/scout_msgs__rosidl_typesupport_cppExport-noconfig.cmake
-- Installing: /home/dongkuo/lt_ws/loc_ws/install/scout_msgs/share/scout_msgs/cmake/export_scout_msgs__rosidl_generator_pyExport.cmake
-- Installing: /home/dongkuo/lt_ws/loc_ws/install/scout_msgs/share/scout_msgs/cmake/export_scout_msgs__rosidl_generator_pyExport-noconfig.cmake
-- Installing: /home/dongkuo/lt_ws/loc_ws/install/scout_msgs/share/scout_msgs/cmake/rosidl_cmake-extras.cmake
-- Installing: /home/dongkuo/lt_ws/loc_ws/install/scout_msgs/share/scout_msgs/cmake/ament_cmake_export_dependencies-extras.cmake
-- Installing: /home/dongkuo/lt_ws/loc_ws/install/scout_msgs/share/scout_msgs/cmake/ament_cmake_export_include_directories-extras.cmake
-- Installing: /home/dongkuo/lt_ws/loc_ws/install/scout_msgs/share/scout_msgs/cmake/ament_cmake_export_libraries-extras.cmake
-- Installing: /home/dongkuo/lt_ws/loc_ws/install/scout_msgs/share/scout_msgs/cmake/ament_cmake_export_targets-extras.cmake
-- Installing: /home/dongkuo/lt_ws/loc_ws/install/scout_msgs/share/scout_msgs/cmake/rosidl_cmake_export_typesupport_targets-extras.cmake
-- Installing: /home/dongkuo/lt_ws/loc_ws/install/scout_msgs/share/scout_msgs/cmake/rosidl_cmake_export_typesupport_libraries-extras.cmake
-- Installing: /home/dongkuo/lt_ws/loc_ws/install/scout_msgs/share/scout_msgs/cmake/scout_msgsConfig.cmake
-- Installing: /home/dongkuo/lt_ws/loc_ws/install/scout_msgs/share/scout_msgs/cmake/scout_msgsConfig-version.cmake
-- Installing: /home/dongkuo/lt_ws/loc_ws/install/scout_msgs/share/scout_msgs/package.xml
