[0.013s] Invoking command in '/home/dongkuo/lt_ws/loc_ws/build/scout_msgs': CMAKE_PREFIX_PATH=${CMAKE_PREFIX_PATH}:/opt/ros/humble /usr/bin/cmake /home/dongkuo/lt_ws/loc_ws/src/scout_ros2_driver/scout_ros2/scout_msgs -DROS_EDITION=ROS2 -DHUMBLE_ROS=humble -DCMAKE_INSTALL_PREFIX=/home/dongkuo/lt_ws/loc_ws/install/scout_msgs
[0.049s] -- The C compiler identification is GNU 11.4.0
[0.084s] -- The CXX compiler identification is GNU 11.4.0
[0.087s] -- Detecting C compiler ABI info
[0.127s] -- Detecting C compiler ABI info - done
[0.132s] -- Check for working C compiler: /usr/bin/cc - skipped
[0.132s] -- Detecting C compile features
[0.132s] -- Detecting C compile features - done
[0.134s] -- Detecting CXX compiler ABI info
[0.185s] -- Detecting CXX compiler ABI info - done
[0.189s] -- Check for working CXX compiler: /usr/bin/c++ - skipped
[0.189s] -- Detecting CXX compile features
[0.189s] -- Detecting CXX compile features - done
[0.191s] -- Found ament_cmake: 1.3.12 (/opt/ros/humble/share/ament_cmake/cmake)
[0.285s] -- Found Python3: /usr/bin/python3 (found version "3.10.12") found components: Interpreter 
[0.337s] -- Found builtin_interfaces: 1.2.2 (/opt/ros/humble/share/builtin_interfaces/cmake)
[0.367s] -- Found rosidl_generator_c: 3.1.7 (/opt/ros/humble/share/rosidl_generator_c/cmake)
[0.373s] -- Found rosidl_adapter: 3.1.7 (/opt/ros/humble/share/rosidl_adapter/cmake)
[0.380s] -- Found rosidl_generator_cpp: 3.1.7 (/opt/ros/humble/share/rosidl_generator_cpp/cmake)
[0.392s] -- Using all available rosidl_typesupport_c: rosidl_typesupport_fastrtps_c;rosidl_typesupport_introspection_c
[0.406s] -- Using all available rosidl_typesupport_cpp: rosidl_typesupport_fastrtps_cpp;rosidl_typesupport_introspection_cpp
[0.419s] -- Found rosidl_default_generators: 1.2.0 (/opt/ros/humble/share/rosidl_default_generators/cmake)
[0.428s] -- Found std_msgs: 4.9.0 (/opt/ros/humble/share/std_msgs/cmake)
[0.659s] -- Found ament_cmake_ros: 0.10.0 (/opt/ros/humble/share/ament_cmake_ros/cmake)
[0.946s] -- Using all available rosidl_typesupport_c: rosidl_typesupport_fastrtps_c;rosidl_typesupport_introspection_c
[1.056s] -- Using all available rosidl_typesupport_cpp: rosidl_typesupport_fastrtps_cpp;rosidl_typesupport_introspection_cpp
[1.074s] -- Found PythonInterp: /usr/bin/python3 (found suitable version "3.10.12", minimum required is "3.6") 
[1.076s] -- Found python_cmake_module: 0.10.0 (/opt/ros/humble/share/python_cmake_module/cmake)
[1.098s] -- Found PythonLibs: /usr/lib/x86_64-linux-gnu/libpython3.10.so (found suitable version "3.10.12", minimum required is "3.5") 
[1.098s] -- Using PYTHON_EXECUTABLE: /usr/bin/python3
[1.098s] -- Using PYTHON_INCLUDE_DIRS: /usr/include/python3.10
[1.098s] -- Using PYTHON_LIBRARIES: /usr/lib/x86_64-linux-gnu/libpython3.10.so
[1.116s] -- Found PythonExtra: .so  
[1.157s] -- Found ament_lint_auto: 0.12.14 (/opt/ros/humble/share/ament_lint_auto/cmake)
[1.178s] -- Added test 'copyright' to check source files copyright and LICENSE
[1.179s] -- Added test 'lint_cmake' to check CMake code style
[1.180s] -- Added test 'xmllint' to check XML markup files
[1.182s] -- Configuring done
[1.202s] -- Generating done
[1.202s] [33mCMake Warning:
[1.202s]   Manually-specified variables were not used by the project:
[1.203s] 
[1.203s]     HUMBLE_ROS
[1.203s]     ROS_EDITION
[1.203s] 
[1.203s] [0m
[1.207s] -- Build files have been written to: /home/dongkuo/lt_ws/loc_ws/build/scout_msgs
[1.211s] Invoked command in '/home/dongkuo/lt_ws/loc_ws/build/scout_msgs' returned '0': CMAKE_PREFIX_PATH=${CMAKE_PREFIX_PATH}:/opt/ros/humble /usr/bin/cmake /home/dongkuo/lt_ws/loc_ws/src/scout_ros2_driver/scout_ros2/scout_msgs -DROS_EDITION=ROS2 -DHUMBLE_ROS=humble -DCMAKE_INSTALL_PREFIX=/home/dongkuo/lt_ws/loc_ws/install/scout_msgs
[1.212s] Invoking command in '/home/dongkuo/lt_ws/loc_ws/build/scout_msgs': CMAKE_PREFIX_PATH=${CMAKE_PREFIX_PATH}:/opt/ros/humble /usr/bin/cmake --build /home/dongkuo/lt_ws/loc_ws/build/scout_msgs -- -j32 -l32
[1.243s] [  1%] [34m[1mGenerating C code for ROS interfaces[0m
[1.251s] [  3%] [34m[1mGenerating C++ code for ROS interfaces[0m
[1.256s] [  3%] Built target ament_cmake_python_copy_scout_msgs
[1.377s] running egg_info
[1.378s] creating scout_msgs.egg-info
[1.378s] writing scout_msgs.egg-info/PKG-INFO
[1.378s] writing dependency_links to scout_msgs.egg-info/dependency_links.txt
[1.378s] writing top-level names to scout_msgs.egg-info/top_level.txt
[1.378s] writing manifest file 'scout_msgs.egg-info/SOURCES.txt'
[1.379s] reading manifest file 'scout_msgs.egg-info/SOURCES.txt'
[1.379s] writing manifest file 'scout_msgs.egg-info/SOURCES.txt'
[1.396s] [  3%] Built target ament_cmake_python_build_scout_msgs_egg
[1.522s] [  3%] Built target scout_msgs__cpp
[1.530s] [  6%] [34m[1mGenerating C++ introspection for ROS interfaces[0m
[1.530s] [  6%] [34m[1mGenerating C++ type support dispatch for ROS interfaces[0m
[1.530s] [  7%] [34m[1mGenerating C++ type support for eProsima Fast-RTPS[0m
[1.549s] [  9%] [32mBuilding C object CMakeFiles/scout_msgs__rosidl_generator_c.dir/rosidl_generator_c/scout_msgs/msg/detail/scout_rc_state__functions.c.o[0m
[1.549s] [ 15%] [32mBuilding C object CMakeFiles/scout_msgs__rosidl_generator_c.dir/rosidl_generator_c/scout_msgs/msg/detail/scout_light_cmd__functions.c.o[0m
[1.549s] [ 15%] [32mBuilding C object CMakeFiles/scout_msgs__rosidl_generator_c.dir/rosidl_generator_c/scout_msgs/msg/detail/scout_light_state__functions.c.o[0m
[1.549s] [ 15%] [32mBuilding C object CMakeFiles/scout_msgs__rosidl_generator_c.dir/rosidl_generator_c/scout_msgs/msg/detail/scout_actuator_state__functions.c.o[0m
[1.549s] [ 15%] [32mBuilding C object CMakeFiles/scout_msgs__rosidl_generator_c.dir/rosidl_generator_c/scout_msgs/msg/detail/scout_status__functions.c.o[0m
[1.591s] [ 17%] [32m[1mLinking C shared library libscout_msgs__rosidl_generator_c.so[0m
[1.619s] [ 17%] Built target scout_msgs__rosidl_generator_c
[1.628s] [ 22%] [34m[1mGenerating C type support for eProsima Fast-RTPS[0m
[1.628s] [ 22%] [34m[1mGenerating C type support dispatch for ROS interfaces[0m
[1.628s] [ 22%] [34m[1mGenerating C introspection for ROS interfaces[0m
[1.743s] [ 30%] [32mBuilding CXX object CMakeFiles/scout_msgs__rosidl_typesupport_cpp.dir/rosidl_typesupport_cpp/scout_msgs/msg/scout_light_state__type_support.cpp.o[0m
[1.744s] [ 30%] [32mBuilding CXX object CMakeFiles/scout_msgs__rosidl_typesupport_cpp.dir/rosidl_typesupport_cpp/scout_msgs/msg/scout_actuator_state__type_support.cpp.o[0m
[1.744s] [ 30%] [32mBuilding CXX object CMakeFiles/scout_msgs__rosidl_typesupport_cpp.dir/rosidl_typesupport_cpp/scout_msgs/msg/scout_rc_state__type_support.cpp.o[0m
[1.744s] [ 30%] [32mBuilding CXX object CMakeFiles/scout_msgs__rosidl_typesupport_cpp.dir/rosidl_typesupport_cpp/scout_msgs/msg/scout_light_cmd__type_support.cpp.o[0m
[1.744s] [ 30%] [32mBuilding CXX object CMakeFiles/scout_msgs__rosidl_typesupport_cpp.dir/rosidl_typesupport_cpp/scout_msgs/msg/scout_status__type_support.cpp.o[0m
[1.762s] [ 31%] [32mBuilding CXX object CMakeFiles/scout_msgs__rosidl_typesupport_introspection_cpp.dir/rosidl_typesupport_introspection_cpp/scout_msgs/msg/detail/scout_actuator_state__type_support.cpp.o[0m
[1.763s] [ 33%] [32mBuilding CXX object CMakeFiles/scout_msgs__rosidl_typesupport_introspection_cpp.dir/rosidl_typesupport_introspection_cpp/scout_msgs/msg/detail/scout_rc_state__type_support.cpp.o[0m
[1.764s] [ 34%] [32mBuilding CXX object CMakeFiles/scout_msgs__rosidl_typesupport_introspection_cpp.dir/rosidl_typesupport_introspection_cpp/scout_msgs/msg/detail/scout_light_state__type_support.cpp.o[0m
[1.764s] [ 36%] [32mBuilding CXX object CMakeFiles/scout_msgs__rosidl_typesupport_introspection_cpp.dir/rosidl_typesupport_introspection_cpp/scout_msgs/msg/detail/scout_light_cmd__type_support.cpp.o[0m
[1.765s] [ 38%] [32mBuilding CXX object CMakeFiles/scout_msgs__rosidl_typesupport_introspection_cpp.dir/rosidl_typesupport_introspection_cpp/scout_msgs/msg/detail/scout_status__type_support.cpp.o[0m
[1.854s] [ 39%] [32mBuilding CXX object CMakeFiles/scout_msgs__rosidl_typesupport_fastrtps_cpp.dir/rosidl_typesupport_fastrtps_cpp/scout_msgs/msg/detail/dds_fastrtps/scout_light_cmd__type_support.cpp.o[0m
[1.856s] [ 42%] [32mBuilding CXX object CMakeFiles/scout_msgs__rosidl_typesupport_fastrtps_cpp.dir/rosidl_typesupport_fastrtps_cpp/scout_msgs/msg/detail/dds_fastrtps/scout_rc_state__type_support.cpp.o[0m
[1.856s] [ 42%] [32mBuilding CXX object CMakeFiles/scout_msgs__rosidl_typesupport_fastrtps_cpp.dir/rosidl_typesupport_fastrtps_cpp/scout_msgs/msg/detail/dds_fastrtps/scout_actuator_state__type_support.cpp.o[0m
[1.856s] [ 44%] [32mBuilding CXX object CMakeFiles/scout_msgs__rosidl_typesupport_fastrtps_cpp.dir/rosidl_typesupport_fastrtps_cpp/scout_msgs/msg/detail/dds_fastrtps/scout_light_state__type_support.cpp.o[0m
[1.857s] [ 46%] [32mBuilding CXX object CMakeFiles/scout_msgs__rosidl_typesupport_fastrtps_cpp.dir/rosidl_typesupport_fastrtps_cpp/scout_msgs/msg/detail/dds_fastrtps/scout_status__type_support.cpp.o[0m
[1.976s] [ 47%] [32m[1mLinking CXX shared library libscout_msgs__rosidl_typesupport_cpp.so[0m
[1.982s] [ 49%] [32mBuilding C object CMakeFiles/scout_msgs__rosidl_typesupport_introspection_c.dir/rosidl_typesupport_introspection_c/scout_msgs/msg/detail/scout_actuator_state__type_support.c.o[0m
[1.982s] [ 52%] [32mBuilding C object CMakeFiles/scout_msgs__rosidl_typesupport_introspection_c.dir/rosidl_typesupport_introspection_c/scout_msgs/msg/detail/scout_rc_state__type_support.c.o[0m
[1.982s] [ 52%] [32mBuilding C object CMakeFiles/scout_msgs__rosidl_typesupport_introspection_c.dir/rosidl_typesupport_introspection_c/scout_msgs/msg/detail/scout_light_state__type_support.c.o[0m
[1.982s] [ 53%] [32mBuilding C object CMakeFiles/scout_msgs__rosidl_typesupport_introspection_c.dir/rosidl_typesupport_introspection_c/scout_msgs/msg/detail/scout_light_cmd__type_support.c.o[0m
[1.982s] [ 55%] [32mBuilding C object CMakeFiles/scout_msgs__rosidl_typesupport_introspection_c.dir/rosidl_typesupport_introspection_c/scout_msgs/msg/detail/scout_status__type_support.c.o[0m
[2.009s] [ 58%] [32mBuilding CXX object CMakeFiles/scout_msgs__rosidl_typesupport_c.dir/rosidl_typesupport_c/scout_msgs/msg/scout_rc_state__type_support.cpp.o[0m
[2.009s] [ 58%] [32mBuilding CXX object CMakeFiles/scout_msgs__rosidl_typesupport_c.dir/rosidl_typesupport_c/scout_msgs/msg/scout_light_cmd__type_support.cpp.o[0m
[2.009s] [ 58%] Built target scout_msgs__rosidl_typesupport_cpp
[2.009s] [ 60%] [32mBuilding CXX object CMakeFiles/scout_msgs__rosidl_typesupport_c.dir/rosidl_typesupport_c/scout_msgs/msg/scout_actuator_state__type_support.cpp.o[0m
[2.009s] [ 61%] [32mBuilding CXX object CMakeFiles/scout_msgs__rosidl_typesupport_c.dir/rosidl_typesupport_c/scout_msgs/msg/scout_light_state__type_support.cpp.o[0m
[2.009s] [ 63%] [32mBuilding CXX object CMakeFiles/scout_msgs__rosidl_typesupport_c.dir/rosidl_typesupport_c/scout_msgs/msg/scout_status__type_support.cpp.o[0m
[2.010s] [ 65%] [32m[1mLinking C shared library libscout_msgs__rosidl_typesupport_introspection_c.so[0m
[2.032s] [ 66%] [32m[1mLinking CXX shared library libscout_msgs__rosidl_typesupport_c.so[0m
[2.038s] [ 66%] Built target scout_msgs__rosidl_typesupport_introspection_c
[2.059s] [ 66%] Built target scout_msgs__rosidl_typesupport_c
[2.083s] [ 69%] [32mBuilding CXX object CMakeFiles/scout_msgs__rosidl_typesupport_fastrtps_c.dir/rosidl_typesupport_fastrtps_c/scout_msgs/msg/detail/scout_light_state__type_support_c.cpp.o[0m
[2.084s] [ 69%] [32mBuilding CXX object CMakeFiles/scout_msgs__rosidl_typesupport_fastrtps_c.dir/rosidl_typesupport_fastrtps_c/scout_msgs/msg/detail/scout_status__type_support_c.cpp.o[0m
[2.084s] [ 71%] [32mBuilding CXX object CMakeFiles/scout_msgs__rosidl_typesupport_fastrtps_c.dir/rosidl_typesupport_fastrtps_c/scout_msgs/msg/detail/scout_rc_state__type_support_c.cpp.o[0m
[2.084s] [ 73%] [32mBuilding CXX object CMakeFiles/scout_msgs__rosidl_typesupport_fastrtps_c.dir/rosidl_typesupport_fastrtps_c/scout_msgs/msg/detail/scout_light_cmd__type_support_c.cpp.o[0m
[2.085s] [ 74%] [32mBuilding CXX object CMakeFiles/scout_msgs__rosidl_typesupport_fastrtps_c.dir/rosidl_typesupport_fastrtps_c/scout_msgs/msg/detail/scout_actuator_state__type_support_c.cpp.o[0m
[2.100s] [ 76%] [32m[1mLinking CXX shared library libscout_msgs__rosidl_typesupport_introspection_cpp.so[0m
[2.176s] [ 76%] Built target scout_msgs__rosidl_typesupport_introspection_cpp
[2.226s] [ 77%] [32m[1mLinking CXX shared library libscout_msgs__rosidl_typesupport_fastrtps_cpp.so[0m
[2.289s] [ 77%] Built target scout_msgs__rosidl_typesupport_fastrtps_cpp
[2.316s] [ 79%] [32m[1mLinking CXX shared library libscout_msgs__rosidl_typesupport_fastrtps_c.so[0m
[2.363s] [ 79%] Built target scout_msgs__rosidl_typesupport_fastrtps_c
[2.376s] [ 79%] Built target scout_msgs
[2.393s] [ 80%] [34m[1mGenerating Python code for ROS interfaces[0m
[2.822s] [ 80%] Built target scout_msgs__py
[2.837s] [ 87%] [32mBuilding C object CMakeFiles/scout_msgs__rosidl_generator_py.dir/rosidl_generator_py/scout_msgs/msg/_scout_actuator_state_s.c.o[0m
[2.837s] [ 87%] [32mBuilding C object CMakeFiles/scout_msgs__rosidl_generator_py.dir/rosidl_generator_py/scout_msgs/msg/_scout_rc_state_s.c.o[0m
[2.837s] [ 87%] [32mBuilding C object CMakeFiles/scout_msgs__rosidl_generator_py.dir/rosidl_generator_py/scout_msgs/msg/_scout_light_cmd_s.c.o[0m
[2.837s] [ 87%] [32mBuilding C object CMakeFiles/scout_msgs__rosidl_generator_py.dir/rosidl_generator_py/scout_msgs/msg/_scout_light_state_s.c.o[0m
[2.837s] [ 88%] [32mBuilding C object CMakeFiles/scout_msgs__rosidl_generator_py.dir/rosidl_generator_py/scout_msgs/msg/_scout_status_s.c.o[0m
[2.915s] [ 90%] [32m[1mLinking C shared library rosidl_generator_py/scout_msgs/libscout_msgs__rosidl_generator_py.so[0m
[2.943s] [ 90%] Built target scout_msgs__rosidl_generator_py
[2.959s] [ 95%] [32mBuilding C object CMakeFiles/scout_msgs__rosidl_typesupport_fastrtps_c__pyext.dir/rosidl_generator_py/scout_msgs/_scout_msgs_s.ep.rosidl_typesupport_fastrtps_c.c.o[0m
[2.959s] [ 95%] [32mBuilding C object CMakeFiles/scout_msgs__rosidl_typesupport_introspection_c__pyext.dir/rosidl_generator_py/scout_msgs/_scout_msgs_s.ep.rosidl_typesupport_introspection_c.c.o[0m
[2.959s] [ 95%] [32mBuilding C object CMakeFiles/scout_msgs__rosidl_typesupport_c__pyext.dir/rosidl_generator_py/scout_msgs/_scout_msgs_s.ep.rosidl_typesupport_c.c.o[0m
[3.012s] [ 96%] [32m[1mLinking C shared library rosidl_generator_py/scout_msgs/scout_msgs_s__rosidl_typesupport_introspection_c.cpython-310-x86_64-linux-gnu.so[0m
[3.043s] [ 96%] Built target scout_msgs__rosidl_typesupport_introspection_c__pyext
[3.043s] [ 98%] [32m[1mLinking C shared library rosidl_generator_py/scout_msgs/scout_msgs_s__rosidl_typesupport_fastrtps_c.cpython-310-x86_64-linux-gnu.so[0m
[3.043s] [100%] [32m[1mLinking C shared library rosidl_generator_py/scout_msgs/scout_msgs_s__rosidl_typesupport_c.cpython-310-x86_64-linux-gnu.so[0m
[3.071s] [100%] Built target scout_msgs__rosidl_typesupport_c__pyext
[3.072s] [100%] Built target scout_msgs__rosidl_typesupport_fastrtps_c__pyext
[3.081s] Invoked command in '/home/dongkuo/lt_ws/loc_ws/build/scout_msgs' returned '0': CMAKE_PREFIX_PATH=${CMAKE_PREFIX_PATH}:/opt/ros/humble /usr/bin/cmake --build /home/dongkuo/lt_ws/loc_ws/build/scout_msgs -- -j32 -l32
[3.083s] Invoking command in '/home/dongkuo/lt_ws/loc_ws/build/scout_msgs': CMAKE_PREFIX_PATH=${CMAKE_PREFIX_PATH}:/opt/ros/humble /usr/bin/cmake --install /home/dongkuo/lt_ws/loc_ws/build/scout_msgs
[3.087s] -- Install configuration: ""
[3.088s] -- Installing: /home/dongkuo/lt_ws/loc_ws/install/scout_msgs/share/ament_index/resource_index/rosidl_interfaces/scout_msgs
[3.088s] -- Installing: /home/dongkuo/lt_ws/loc_ws/install/scout_msgs/include/scout_msgs/scout_msgs
[3.088s] -- Installing: /home/dongkuo/lt_ws/loc_ws/install/scout_msgs/include/scout_msgs/scout_msgs/msg
[3.088s] -- Installing: /home/dongkuo/lt_ws/loc_ws/install/scout_msgs/include/scout_msgs/scout_msgs/msg/scout_rc_state.h
[3.088s] -- Installing: /home/dongkuo/lt_ws/loc_ws/install/scout_msgs/include/scout_msgs/scout_msgs/msg/scout_light_state.h
[3.088s] -- Installing: /home/dongkuo/lt_ws/loc_ws/install/scout_msgs/include/scout_msgs/scout_msgs/msg/scout_actuator_state.h
[3.088s] -- Installing: /home/dongkuo/lt_ws/loc_ws/install/scout_msgs/include/scout_msgs/scout_msgs/msg/scout_status.h
[3.088s] -- Installing: /home/dongkuo/lt_ws/loc_ws/install/scout_msgs/include/scout_msgs/scout_msgs/msg/detail
[3.088s] -- Installing: /home/dongkuo/lt_ws/loc_ws/install/scout_msgs/include/scout_msgs/scout_msgs/msg/detail/scout_light_cmd__struct.h
[3.088s] -- Installing: /home/dongkuo/lt_ws/loc_ws/install/scout_msgs/include/scout_msgs/scout_msgs/msg/detail/scout_light_state__struct.h
[3.088s] -- Installing: /home/dongkuo/lt_ws/loc_ws/install/scout_msgs/include/scout_msgs/scout_msgs/msg/detail/scout_light_cmd__functions.c
[3.088s] -- Installing: /home/dongkuo/lt_ws/loc_ws/install/scout_msgs/include/scout_msgs/scout_msgs/msg/detail/scout_light_cmd__type_support.h
[3.088s] -- Installing: /home/dongkuo/lt_ws/loc_ws/install/scout_msgs/include/scout_msgs/scout_msgs/msg/detail/scout_actuator_state__functions.c
[3.088s] -- Installing: /home/dongkuo/lt_ws/loc_ws/install/scout_msgs/include/scout_msgs/scout_msgs/msg/detail/scout_status__functions.h
[3.089s] -- Installing: /home/dongkuo/lt_ws/loc_ws/install/scout_msgs/include/scout_msgs/scout_msgs/msg/detail/scout_actuator_state__type_support.h
[3.089s] -- Installing: /home/dongkuo/lt_ws/loc_ws/install/scout_msgs/include/scout_msgs/scout_msgs/msg/detail/scout_light_state__functions.h
[3.089s] -- Installing: /home/dongkuo/lt_ws/loc_ws/install/scout_msgs/include/scout_msgs/scout_msgs/msg/detail/scout_rc_state__functions.c
[3.089s] -- Installing: /home/dongkuo/lt_ws/loc_ws/install/scout_msgs/include/scout_msgs/scout_msgs/msg/detail/scout_light_state__functions.c
[3.089s] -- Installing: /home/dongkuo/lt_ws/loc_ws/install/scout_msgs/include/scout_msgs/scout_msgs/msg/detail/scout_status__struct.h
[3.089s] -- Installing: /home/dongkuo/lt_ws/loc_ws/install/scout_msgs/include/scout_msgs/scout_msgs/msg/detail/scout_actuator_state__functions.h
[3.089s] -- Installing: /home/dongkuo/lt_ws/loc_ws/install/scout_msgs/include/scout_msgs/scout_msgs/msg/detail/scout_light_cmd__functions.h
[3.089s] -- Installing: /home/dongkuo/lt_ws/loc_ws/install/scout_msgs/include/scout_msgs/scout_msgs/msg/detail/scout_rc_state__struct.h
[3.089s] -- Installing: /home/dongkuo/lt_ws/loc_ws/install/scout_msgs/include/scout_msgs/scout_msgs/msg/detail/scout_rc_state__type_support.h
[3.089s] -- Installing: /home/dongkuo/lt_ws/loc_ws/install/scout_msgs/include/scout_msgs/scout_msgs/msg/detail/scout_light_state__type_support.h
[3.089s] -- Installing: /home/dongkuo/lt_ws/loc_ws/install/scout_msgs/include/scout_msgs/scout_msgs/msg/detail/scout_rc_state__functions.h
[3.089s] -- Installing: /home/dongkuo/lt_ws/loc_ws/install/scout_msgs/include/scout_msgs/scout_msgs/msg/detail/scout_actuator_state__struct.h
[3.089s] -- Installing: /home/dongkuo/lt_ws/loc_ws/install/scout_msgs/include/scout_msgs/scout_msgs/msg/detail/scout_status__type_support.h
[3.089s] -- Installing: /home/dongkuo/lt_ws/loc_ws/install/scout_msgs/include/scout_msgs/scout_msgs/msg/detail/scout_status__functions.c
[3.089s] -- Installing: /home/dongkuo/lt_ws/loc_ws/install/scout_msgs/include/scout_msgs/scout_msgs/msg/rosidl_generator_c__visibility_control.h
[3.089s] -- Installing: /home/dongkuo/lt_ws/loc_ws/install/scout_msgs/include/scout_msgs/scout_msgs/msg/scout_light_cmd.h
[3.089s] -- Installing: /home/dongkuo/lt_ws/loc_ws/install/scout_msgs/share/scout_msgs/environment/library_path.sh
[3.089s] -- Installing: /home/dongkuo/lt_ws/loc_ws/install/scout_msgs/share/scout_msgs/environment/library_path.dsv
[3.090s] -- Installing: /home/dongkuo/lt_ws/loc_ws/install/scout_msgs/lib/libscout_msgs__rosidl_generator_c.so
[3.090s] -- Set runtime path of "/home/dongkuo/lt_ws/loc_ws/install/scout_msgs/lib/libscout_msgs__rosidl_generator_c.so" to ""
[3.090s] -- Up-to-date: /home/dongkuo/lt_ws/loc_ws/install/scout_msgs/include/scout_msgs/scout_msgs
[3.090s] -- Up-to-date: /home/dongkuo/lt_ws/loc_ws/install/scout_msgs/include/scout_msgs/scout_msgs/msg
[3.090s] -- Installing: /home/dongkuo/lt_ws/loc_ws/install/scout_msgs/include/scout_msgs/scout_msgs/msg/rosidl_typesupport_fastrtps_c__visibility_control.h
[3.090s] -- Up-to-date: /home/dongkuo/lt_ws/loc_ws/install/scout_msgs/include/scout_msgs/scout_msgs/msg/detail
[3.090s] -- Installing: /home/dongkuo/lt_ws/loc_ws/install/scout_msgs/include/scout_msgs/scout_msgs/msg/detail/scout_light_state__rosidl_typesupport_fastrtps_c.h
[3.090s] -- Installing: /home/dongkuo/lt_ws/loc_ws/install/scout_msgs/include/scout_msgs/scout_msgs/msg/detail/scout_actuator_state__rosidl_typesupport_fastrtps_c.h
[3.090s] -- Installing: /home/dongkuo/lt_ws/loc_ws/install/scout_msgs/include/scout_msgs/scout_msgs/msg/detail/scout_status__rosidl_typesupport_fastrtps_c.h
[3.090s] -- Installing: /home/dongkuo/lt_ws/loc_ws/install/scout_msgs/include/scout_msgs/scout_msgs/msg/detail/scout_light_cmd__rosidl_typesupport_fastrtps_c.h
[3.090s] -- Installing: /home/dongkuo/lt_ws/loc_ws/install/scout_msgs/include/scout_msgs/scout_msgs/msg/detail/scout_rc_state__rosidl_typesupport_fastrtps_c.h
[3.090s] -- Installing: /home/dongkuo/lt_ws/loc_ws/install/scout_msgs/lib/libscout_msgs__rosidl_typesupport_fastrtps_c.so
[3.090s] -- Set runtime path of "/home/dongkuo/lt_ws/loc_ws/install/scout_msgs/lib/libscout_msgs__rosidl_typesupport_fastrtps_c.so" to ""
[3.090s] -- Up-to-date: /home/dongkuo/lt_ws/loc_ws/install/scout_msgs/include/scout_msgs/scout_msgs
[3.090s] -- Up-to-date: /home/dongkuo/lt_ws/loc_ws/install/scout_msgs/include/scout_msgs/scout_msgs/msg
[3.090s] -- Installing: /home/dongkuo/lt_ws/loc_ws/install/scout_msgs/include/scout_msgs/scout_msgs/msg/scout_light_state.hpp
[3.090s] -- Installing: /home/dongkuo/lt_ws/loc_ws/install/scout_msgs/include/scout_msgs/scout_msgs/msg/scout_actuator_state.hpp
[3.091s] -- Installing: /home/dongkuo/lt_ws/loc_ws/install/scout_msgs/include/scout_msgs/scout_msgs/msg/scout_status.hpp
[3.091s] -- Installing: /home/dongkuo/lt_ws/loc_ws/install/scout_msgs/include/scout_msgs/scout_msgs/msg/scout_rc_state.hpp
[3.091s] -- Up-to-date: /home/dongkuo/lt_ws/loc_ws/install/scout_msgs/include/scout_msgs/scout_msgs/msg/detail
[3.091s] -- Installing: /home/dongkuo/lt_ws/loc_ws/install/scout_msgs/include/scout_msgs/scout_msgs/msg/detail/scout_rc_state__type_support.hpp
[3.091s] -- Installing: /home/dongkuo/lt_ws/loc_ws/install/scout_msgs/include/scout_msgs/scout_msgs/msg/detail/scout_actuator_state__type_support.hpp
[3.091s] -- Installing: /home/dongkuo/lt_ws/loc_ws/install/scout_msgs/include/scout_msgs/scout_msgs/msg/detail/scout_light_cmd__struct.hpp
[3.091s] -- Installing: /home/dongkuo/lt_ws/loc_ws/install/scout_msgs/include/scout_msgs/scout_msgs/msg/detail/scout_rc_state__traits.hpp
[3.091s] -- Installing: /home/dongkuo/lt_ws/loc_ws/install/scout_msgs/include/scout_msgs/scout_msgs/msg/detail/scout_light_cmd__traits.hpp
[3.091s] -- Installing: /home/dongkuo/lt_ws/loc_ws/install/scout_msgs/include/scout_msgs/scout_msgs/msg/detail/scout_rc_state__struct.hpp
[3.091s] -- Installing: /home/dongkuo/lt_ws/loc_ws/install/scout_msgs/include/scout_msgs/scout_msgs/msg/detail/scout_actuator_state__struct.hpp
[3.091s] -- Installing: /home/dongkuo/lt_ws/loc_ws/install/scout_msgs/include/scout_msgs/scout_msgs/msg/detail/scout_light_state__struct.hpp
[3.091s] -- Installing: /home/dongkuo/lt_ws/loc_ws/install/scout_msgs/include/scout_msgs/scout_msgs/msg/detail/scout_status__type_support.hpp
[3.091s] -- Installing: /home/dongkuo/lt_ws/loc_ws/install/scout_msgs/include/scout_msgs/scout_msgs/msg/detail/scout_light_cmd__builder.hpp
[3.091s] -- Installing: /home/dongkuo/lt_ws/loc_ws/install/scout_msgs/include/scout_msgs/scout_msgs/msg/detail/scout_actuator_state__builder.hpp
[3.091s] -- Installing: /home/dongkuo/lt_ws/loc_ws/install/scout_msgs/include/scout_msgs/scout_msgs/msg/detail/scout_light_cmd__type_support.hpp
[3.091s] -- Installing: /home/dongkuo/lt_ws/loc_ws/install/scout_msgs/include/scout_msgs/scout_msgs/msg/detail/scout_light_state__type_support.hpp
[3.091s] -- Installing: /home/dongkuo/lt_ws/loc_ws/install/scout_msgs/include/scout_msgs/scout_msgs/msg/detail/scout_status__builder.hpp
[3.092s] -- Installing: /home/dongkuo/lt_ws/loc_ws/install/scout_msgs/include/scout_msgs/scout_msgs/msg/detail/scout_rc_state__builder.hpp
[3.092s] -- Installing: /home/dongkuo/lt_ws/loc_ws/install/scout_msgs/include/scout_msgs/scout_msgs/msg/detail/scout_status__struct.hpp
[3.092s] -- Installing: /home/dongkuo/lt_ws/loc_ws/install/scout_msgs/include/scout_msgs/scout_msgs/msg/detail/scout_status__traits.hpp
[3.092s] -- Installing: /home/dongkuo/lt_ws/loc_ws/install/scout_msgs/include/scout_msgs/scout_msgs/msg/detail/scout_light_state__traits.hpp
[3.092s] -- Installing: /home/dongkuo/lt_ws/loc_ws/install/scout_msgs/include/scout_msgs/scout_msgs/msg/detail/scout_light_state__builder.hpp
[3.092s] -- Installing: /home/dongkuo/lt_ws/loc_ws/install/scout_msgs/include/scout_msgs/scout_msgs/msg/detail/scout_actuator_state__traits.hpp
[3.092s] -- Installing: /home/dongkuo/lt_ws/loc_ws/install/scout_msgs/include/scout_msgs/scout_msgs/msg/rosidl_generator_cpp__visibility_control.hpp
[3.092s] -- Installing: /home/dongkuo/lt_ws/loc_ws/install/scout_msgs/include/scout_msgs/scout_msgs/msg/scout_light_cmd.hpp
[3.092s] -- Up-to-date: /home/dongkuo/lt_ws/loc_ws/install/scout_msgs/include/scout_msgs/scout_msgs
[3.092s] -- Up-to-date: /home/dongkuo/lt_ws/loc_ws/install/scout_msgs/include/scout_msgs/scout_msgs/msg
[3.092s] -- Up-to-date: /home/dongkuo/lt_ws/loc_ws/install/scout_msgs/include/scout_msgs/scout_msgs/msg/detail
[3.092s] -- Installing: /home/dongkuo/lt_ws/loc_ws/install/scout_msgs/include/scout_msgs/scout_msgs/msg/detail/scout_light_state__rosidl_typesupport_fastrtps_cpp.hpp
[3.092s] -- Installing: /home/dongkuo/lt_ws/loc_ws/install/scout_msgs/include/scout_msgs/scout_msgs/msg/detail/scout_rc_state__rosidl_typesupport_fastrtps_cpp.hpp
[3.092s] -- Installing: /home/dongkuo/lt_ws/loc_ws/install/scout_msgs/include/scout_msgs/scout_msgs/msg/detail/scout_actuator_state__rosidl_typesupport_fastrtps_cpp.hpp
[3.092s] -- Installing: /home/dongkuo/lt_ws/loc_ws/install/scout_msgs/include/scout_msgs/scout_msgs/msg/detail/scout_status__rosidl_typesupport_fastrtps_cpp.hpp
[3.092s] -- Installing: /home/dongkuo/lt_ws/loc_ws/install/scout_msgs/include/scout_msgs/scout_msgs/msg/detail/scout_light_cmd__rosidl_typesupport_fastrtps_cpp.hpp
[3.092s] -- Installing: /home/dongkuo/lt_ws/loc_ws/install/scout_msgs/include/scout_msgs/scout_msgs/msg/detail/dds_fastrtps
[3.092s] -- Installing: /home/dongkuo/lt_ws/loc_ws/install/scout_msgs/include/scout_msgs/scout_msgs/msg/rosidl_typesupport_fastrtps_cpp__visibility_control.h
[3.093s] -- Installing: /home/dongkuo/lt_ws/loc_ws/install/scout_msgs/lib/libscout_msgs__rosidl_typesupport_fastrtps_cpp.so
[3.093s] -- Set runtime path of "/home/dongkuo/lt_ws/loc_ws/install/scout_msgs/lib/libscout_msgs__rosidl_typesupport_fastrtps_cpp.so" to ""
[3.093s] -- Up-to-date: /home/dongkuo/lt_ws/loc_ws/install/scout_msgs/include/scout_msgs/scout_msgs
[3.093s] -- Up-to-date: /home/dongkuo/lt_ws/loc_ws/install/scout_msgs/include/scout_msgs/scout_msgs/msg
[3.093s] -- Up-to-date: /home/dongkuo/lt_ws/loc_ws/install/scout_msgs/include/scout_msgs/scout_msgs/msg/detail
[3.093s] -- Installing: /home/dongkuo/lt_ws/loc_ws/install/scout_msgs/include/scout_msgs/scout_msgs/msg/detail/scout_rc_state__rosidl_typesupport_introspection_c.h
[3.093s] -- Installing: /home/dongkuo/lt_ws/loc_ws/install/scout_msgs/include/scout_msgs/scout_msgs/msg/detail/scout_light_state__type_support.c
[3.093s] -- Installing: /home/dongkuo/lt_ws/loc_ws/install/scout_msgs/include/scout_msgs/scout_msgs/msg/detail/scout_light_cmd__rosidl_typesupport_introspection_c.h
[3.093s] -- Installing: /home/dongkuo/lt_ws/loc_ws/install/scout_msgs/include/scout_msgs/scout_msgs/msg/detail/scout_status__type_support.c
[3.093s] -- Installing: /home/dongkuo/lt_ws/loc_ws/install/scout_msgs/include/scout_msgs/scout_msgs/msg/detail/scout_status__rosidl_typesupport_introspection_c.h
[3.093s] -- Installing: /home/dongkuo/lt_ws/loc_ws/install/scout_msgs/include/scout_msgs/scout_msgs/msg/detail/scout_light_state__rosidl_typesupport_introspection_c.h
[3.093s] -- Installing: /home/dongkuo/lt_ws/loc_ws/install/scout_msgs/include/scout_msgs/scout_msgs/msg/detail/scout_rc_state__type_support.c
[3.093s] -- Installing: /home/dongkuo/lt_ws/loc_ws/install/scout_msgs/include/scout_msgs/scout_msgs/msg/detail/scout_actuator_state__rosidl_typesupport_introspection_c.h
[3.093s] -- Installing: /home/dongkuo/lt_ws/loc_ws/install/scout_msgs/include/scout_msgs/scout_msgs/msg/detail/scout_light_cmd__type_support.c
[3.093s] -- Installing: /home/dongkuo/lt_ws/loc_ws/install/scout_msgs/include/scout_msgs/scout_msgs/msg/detail/scout_actuator_state__type_support.c
[3.093s] -- Installing: /home/dongkuo/lt_ws/loc_ws/install/scout_msgs/include/scout_msgs/scout_msgs/msg/rosidl_typesupport_introspection_c__visibility_control.h
[3.093s] -- Installing: /home/dongkuo/lt_ws/loc_ws/install/scout_msgs/lib/libscout_msgs__rosidl_typesupport_introspection_c.so
[3.093s] -- Set runtime path of "/home/dongkuo/lt_ws/loc_ws/install/scout_msgs/lib/libscout_msgs__rosidl_typesupport_introspection_c.so" to ""
[3.093s] -- Installing: /home/dongkuo/lt_ws/loc_ws/install/scout_msgs/lib/libscout_msgs__rosidl_typesupport_c.so
[3.093s] -- Set runtime path of "/home/dongkuo/lt_ws/loc_ws/install/scout_msgs/lib/libscout_msgs__rosidl_typesupport_c.so" to ""
[3.094s] -- Up-to-date: /home/dongkuo/lt_ws/loc_ws/install/scout_msgs/include/scout_msgs/scout_msgs
[3.094s] -- Up-to-date: /home/dongkuo/lt_ws/loc_ws/install/scout_msgs/include/scout_msgs/scout_msgs/msg
[3.094s] -- Up-to-date: /home/dongkuo/lt_ws/loc_ws/install/scout_msgs/include/scout_msgs/scout_msgs/msg/detail
[3.094s] -- Installing: /home/dongkuo/lt_ws/loc_ws/install/scout_msgs/include/scout_msgs/scout_msgs/msg/detail/scout_rc_state__rosidl_typesupport_introspection_cpp.hpp
[3.094s] -- Installing: /home/dongkuo/lt_ws/loc_ws/install/scout_msgs/include/scout_msgs/scout_msgs/msg/detail/scout_light_state__type_support.cpp
[3.094s] -- Installing: /home/dongkuo/lt_ws/loc_ws/install/scout_msgs/include/scout_msgs/scout_msgs/msg/detail/scout_status__type_support.cpp
[3.094s] -- Installing: /home/dongkuo/lt_ws/loc_ws/install/scout_msgs/include/scout_msgs/scout_msgs/msg/detail/scout_light_state__rosidl_typesupport_introspection_cpp.hpp
[3.094s] -- Installing: /home/dongkuo/lt_ws/loc_ws/install/scout_msgs/include/scout_msgs/scout_msgs/msg/detail/scout_rc_state__type_support.cpp
[3.094s] -- Installing: /home/dongkuo/lt_ws/loc_ws/install/scout_msgs/include/scout_msgs/scout_msgs/msg/detail/scout_actuator_state__rosidl_typesupport_introspection_cpp.hpp
[3.094s] -- Installing: /home/dongkuo/lt_ws/loc_ws/install/scout_msgs/include/scout_msgs/scout_msgs/msg/detail/scout_actuator_state__type_support.cpp
[3.094s] -- Installing: /home/dongkuo/lt_ws/loc_ws/install/scout_msgs/include/scout_msgs/scout_msgs/msg/detail/scout_light_cmd__rosidl_typesupport_introspection_cpp.hpp
[3.094s] -- Installing: /home/dongkuo/lt_ws/loc_ws/install/scout_msgs/include/scout_msgs/scout_msgs/msg/detail/scout_light_cmd__type_support.cpp
[3.094s] -- Installing: /home/dongkuo/lt_ws/loc_ws/install/scout_msgs/include/scout_msgs/scout_msgs/msg/detail/scout_status__rosidl_typesupport_introspection_cpp.hpp
[3.094s] -- Installing: /home/dongkuo/lt_ws/loc_ws/install/scout_msgs/lib/libscout_msgs__rosidl_typesupport_introspection_cpp.so
[3.094s] -- Set runtime path of "/home/dongkuo/lt_ws/loc_ws/install/scout_msgs/lib/libscout_msgs__rosidl_typesupport_introspection_cpp.so" to ""
[3.094s] -- Installing: /home/dongkuo/lt_ws/loc_ws/install/scout_msgs/lib/libscout_msgs__rosidl_typesupport_cpp.so
[3.094s] -- Set runtime path of "/home/dongkuo/lt_ws/loc_ws/install/scout_msgs/lib/libscout_msgs__rosidl_typesupport_cpp.so" to ""
[3.094s] -- Installing: /home/dongkuo/lt_ws/loc_ws/install/scout_msgs/share/scout_msgs/environment/pythonpath.sh
[3.094s] -- Installing: /home/dongkuo/lt_ws/loc_ws/install/scout_msgs/share/scout_msgs/environment/pythonpath.dsv
[3.094s] -- Installing: /home/dongkuo/lt_ws/loc_ws/install/scout_msgs/local/lib/python3.10/dist-packages/scout_msgs-0.1.0-py3.10.egg-info
[3.095s] -- Installing: /home/dongkuo/lt_ws/loc_ws/install/scout_msgs/local/lib/python3.10/dist-packages/scout_msgs-0.1.0-py3.10.egg-info/SOURCES.txt
[3.095s] -- Installing: /home/dongkuo/lt_ws/loc_ws/install/scout_msgs/local/lib/python3.10/dist-packages/scout_msgs-0.1.0-py3.10.egg-info/top_level.txt
[3.095s] -- Installing: /home/dongkuo/lt_ws/loc_ws/install/scout_msgs/local/lib/python3.10/dist-packages/scout_msgs-0.1.0-py3.10.egg-info/dependency_links.txt
[3.095s] -- Installing: /home/dongkuo/lt_ws/loc_ws/install/scout_msgs/local/lib/python3.10/dist-packages/scout_msgs-0.1.0-py3.10.egg-info/PKG-INFO
[3.095s] -- Installing: /home/dongkuo/lt_ws/loc_ws/install/scout_msgs/local/lib/python3.10/dist-packages/scout_msgs
[3.095s] -- Installing: /home/dongkuo/lt_ws/loc_ws/install/scout_msgs/local/lib/python3.10/dist-packages/scout_msgs/scout_msgs_s__rosidl_typesupport_fastrtps_c.cpython-310-x86_64-linux-gnu.so
[3.095s] -- Installing: /home/dongkuo/lt_ws/loc_ws/install/scout_msgs/local/lib/python3.10/dist-packages/scout_msgs/_scout_msgs_s.ep.rosidl_typesupport_c.c
[3.095s] -- Installing: /home/dongkuo/lt_ws/loc_ws/install/scout_msgs/local/lib/python3.10/dist-packages/scout_msgs/_scout_msgs_s.ep.rosidl_typesupport_introspection_c.c
[3.095s] -- Installing: /home/dongkuo/lt_ws/loc_ws/install/scout_msgs/local/lib/python3.10/dist-packages/scout_msgs/scout_msgs_s__rosidl_typesupport_c.cpython-310-x86_64-linux-gnu.so
[3.095s] -- Installing: /home/dongkuo/lt_ws/loc_ws/install/scout_msgs/local/lib/python3.10/dist-packages/scout_msgs/_scout_msgs_s.ep.rosidl_typesupport_fastrtps_c.c
[3.095s] -- Installing: /home/dongkuo/lt_ws/loc_ws/install/scout_msgs/local/lib/python3.10/dist-packages/scout_msgs/scout_msgs_s__rosidl_typesupport_introspection_c.cpython-310-x86_64-linux-gnu.so
[3.095s] -- Installing: /home/dongkuo/lt_ws/loc_ws/install/scout_msgs/local/lib/python3.10/dist-packages/scout_msgs/__init__.py
[3.095s] -- Installing: /home/dongkuo/lt_ws/loc_ws/install/scout_msgs/local/lib/python3.10/dist-packages/scout_msgs/msg
[3.095s] -- Installing: /home/dongkuo/lt_ws/loc_ws/install/scout_msgs/local/lib/python3.10/dist-packages/scout_msgs/msg/_scout_light_cmd.py
[3.095s] -- Installing: /home/dongkuo/lt_ws/loc_ws/install/scout_msgs/local/lib/python3.10/dist-packages/scout_msgs/msg/_scout_light_state_s.c
[3.095s] -- Installing: /home/dongkuo/lt_ws/loc_ws/install/scout_msgs/local/lib/python3.10/dist-packages/scout_msgs/msg/_scout_actuator_state.py
[3.095s] -- Installing: /home/dongkuo/lt_ws/loc_ws/install/scout_msgs/local/lib/python3.10/dist-packages/scout_msgs/msg/_scout_rc_state_s.c
[3.095s] -- Installing: /home/dongkuo/lt_ws/loc_ws/install/scout_msgs/local/lib/python3.10/dist-packages/scout_msgs/msg/_scout_rc_state.py
[3.095s] -- Installing: /home/dongkuo/lt_ws/loc_ws/install/scout_msgs/local/lib/python3.10/dist-packages/scout_msgs/msg/_scout_light_state.py
[3.095s] -- Installing: /home/dongkuo/lt_ws/loc_ws/install/scout_msgs/local/lib/python3.10/dist-packages/scout_msgs/msg/_scout_status.py
[3.095s] -- Installing: /home/dongkuo/lt_ws/loc_ws/install/scout_msgs/local/lib/python3.10/dist-packages/scout_msgs/msg/_scout_light_cmd_s.c
[3.096s] -- Installing: /home/dongkuo/lt_ws/loc_ws/install/scout_msgs/local/lib/python3.10/dist-packages/scout_msgs/msg/_scout_status_s.c
[3.096s] -- Installing: /home/dongkuo/lt_ws/loc_ws/install/scout_msgs/local/lib/python3.10/dist-packages/scout_msgs/msg/__init__.py
[3.096s] -- Installing: /home/dongkuo/lt_ws/loc_ws/install/scout_msgs/local/lib/python3.10/dist-packages/scout_msgs/msg/_scout_actuator_state_s.c
[3.096s] -- Installing: /home/dongkuo/lt_ws/loc_ws/install/scout_msgs/local/lib/python3.10/dist-packages/scout_msgs/libscout_msgs__rosidl_generator_py.so
[3.119s] Listing '/home/dongkuo/lt_ws/loc_ws/install/scout_msgs/local/lib/python3.10/dist-packages/scout_msgs'...
[3.119s] Compiling '/home/dongkuo/lt_ws/loc_ws/install/scout_msgs/local/lib/python3.10/dist-packages/scout_msgs/__init__.py'...
[3.119s] Listing '/home/dongkuo/lt_ws/loc_ws/install/scout_msgs/local/lib/python3.10/dist-packages/scout_msgs/msg'...
[3.119s] Compiling '/home/dongkuo/lt_ws/loc_ws/install/scout_msgs/local/lib/python3.10/dist-packages/scout_msgs/msg/__init__.py'...
[3.119s] Compiling '/home/dongkuo/lt_ws/loc_ws/install/scout_msgs/local/lib/python3.10/dist-packages/scout_msgs/msg/_scout_actuator_state.py'...
[3.119s] Compiling '/home/dongkuo/lt_ws/loc_ws/install/scout_msgs/local/lib/python3.10/dist-packages/scout_msgs/msg/_scout_light_cmd.py'...
[3.119s] Compiling '/home/dongkuo/lt_ws/loc_ws/install/scout_msgs/local/lib/python3.10/dist-packages/scout_msgs/msg/_scout_light_state.py'...
[3.119s] Compiling '/home/dongkuo/lt_ws/loc_ws/install/scout_msgs/local/lib/python3.10/dist-packages/scout_msgs/msg/_scout_rc_state.py'...
[3.119s] Compiling '/home/dongkuo/lt_ws/loc_ws/install/scout_msgs/local/lib/python3.10/dist-packages/scout_msgs/msg/_scout_status.py'...
[3.121s] -- Installing: /home/dongkuo/lt_ws/loc_ws/install/scout_msgs/local/lib/python3.10/dist-packages/scout_msgs/scout_msgs_s__rosidl_typesupport_fastrtps_c.cpython-310-x86_64-linux-gnu.so
[3.121s] -- Set runtime path of "/home/dongkuo/lt_ws/loc_ws/install/scout_msgs/local/lib/python3.10/dist-packages/scout_msgs/scout_msgs_s__rosidl_typesupport_fastrtps_c.cpython-310-x86_64-linux-gnu.so" to ""
[3.122s] -- Installing: /home/dongkuo/lt_ws/loc_ws/install/scout_msgs/local/lib/python3.10/dist-packages/scout_msgs/scout_msgs_s__rosidl_typesupport_introspection_c.cpython-310-x86_64-linux-gnu.so
[3.122s] -- Set runtime path of "/home/dongkuo/lt_ws/loc_ws/install/scout_msgs/local/lib/python3.10/dist-packages/scout_msgs/scout_msgs_s__rosidl_typesupport_introspection_c.cpython-310-x86_64-linux-gnu.so" to ""
[3.122s] -- Installing: /home/dongkuo/lt_ws/loc_ws/install/scout_msgs/local/lib/python3.10/dist-packages/scout_msgs/scout_msgs_s__rosidl_typesupport_c.cpython-310-x86_64-linux-gnu.so
[3.122s] -- Set runtime path of "/home/dongkuo/lt_ws/loc_ws/install/scout_msgs/local/lib/python3.10/dist-packages/scout_msgs/scout_msgs_s__rosidl_typesupport_c.cpython-310-x86_64-linux-gnu.so" to ""
[3.122s] -- Installing: /home/dongkuo/lt_ws/loc_ws/install/scout_msgs/lib/libscout_msgs__rosidl_generator_py.so
[3.122s] -- Set runtime path of "/home/dongkuo/lt_ws/loc_ws/install/scout_msgs/lib/libscout_msgs__rosidl_generator_py.so" to ""
[3.122s] -- Installing: /home/dongkuo/lt_ws/loc_ws/install/scout_msgs/share/scout_msgs/msg/ScoutActuatorState.idl
[3.122s] -- Installing: /home/dongkuo/lt_ws/loc_ws/install/scout_msgs/share/scout_msgs/msg/ScoutLightCmd.idl
[3.122s] -- Installing: /home/dongkuo/lt_ws/loc_ws/install/scout_msgs/share/scout_msgs/msg/ScoutLightState.idl
[3.122s] -- Installing: /home/dongkuo/lt_ws/loc_ws/install/scout_msgs/share/scout_msgs/msg/ScoutRCState.idl
[3.122s] -- Installing: /home/dongkuo/lt_ws/loc_ws/install/scout_msgs/share/scout_msgs/msg/ScoutStatus.idl
[3.122s] -- Installing: /home/dongkuo/lt_ws/loc_ws/install/scout_msgs/share/scout_msgs/msg/ScoutActuatorState.msg
[3.122s] -- Installing: /home/dongkuo/lt_ws/loc_ws/install/scout_msgs/share/scout_msgs/msg/ScoutLightCmd.msg
[3.122s] -- Installing: /home/dongkuo/lt_ws/loc_ws/install/scout_msgs/share/scout_msgs/msg/ScoutLightState.msg
[3.122s] -- Installing: /home/dongkuo/lt_ws/loc_ws/install/scout_msgs/share/scout_msgs/msg/ScoutRCState.msg
[3.123s] -- Installing: /home/dongkuo/lt_ws/loc_ws/install/scout_msgs/share/scout_msgs/msg/ScoutStatus.msg
[3.123s] -- Installing: /home/dongkuo/lt_ws/loc_ws/install/scout_msgs/share/ament_index/resource_index/package_run_dependencies/scout_msgs
[3.123s] -- Installing: /home/dongkuo/lt_ws/loc_ws/install/scout_msgs/share/ament_index/resource_index/parent_prefix_path/scout_msgs
[3.123s] -- Installing: /home/dongkuo/lt_ws/loc_ws/install/scout_msgs/share/scout_msgs/environment/ament_prefix_path.sh
[3.123s] -- Installing: /home/dongkuo/lt_ws/loc_ws/install/scout_msgs/share/scout_msgs/environment/ament_prefix_path.dsv
[3.123s] -- Installing: /home/dongkuo/lt_ws/loc_ws/install/scout_msgs/share/scout_msgs/environment/path.sh
[3.123s] -- Installing: /home/dongkuo/lt_ws/loc_ws/install/scout_msgs/share/scout_msgs/environment/path.dsv
[3.123s] -- Installing: /home/dongkuo/lt_ws/loc_ws/install/scout_msgs/share/scout_msgs/local_setup.bash
[3.123s] -- Installing: /home/dongkuo/lt_ws/loc_ws/install/scout_msgs/share/scout_msgs/local_setup.sh
[3.123s] -- Installing: /home/dongkuo/lt_ws/loc_ws/install/scout_msgs/share/scout_msgs/local_setup.zsh
[3.123s] -- Installing: /home/dongkuo/lt_ws/loc_ws/install/scout_msgs/share/scout_msgs/local_setup.dsv
[3.123s] -- Installing: /home/dongkuo/lt_ws/loc_ws/install/scout_msgs/share/scout_msgs/package.dsv
[3.123s] -- Installing: /home/dongkuo/lt_ws/loc_ws/install/scout_msgs/share/ament_index/resource_index/packages/scout_msgs
[3.123s] -- Installing: /home/dongkuo/lt_ws/loc_ws/install/scout_msgs/share/scout_msgs/cmake/export_scout_msgs__rosidl_generator_cExport.cmake
[3.123s] -- Installing: /home/dongkuo/lt_ws/loc_ws/install/scout_msgs/share/scout_msgs/cmake/export_scout_msgs__rosidl_generator_cExport-noconfig.cmake
[3.123s] -- Installing: /home/dongkuo/lt_ws/loc_ws/install/scout_msgs/share/scout_msgs/cmake/export_scout_msgs__rosidl_typesupport_fastrtps_cExport.cmake
[3.123s] -- Installing: /home/dongkuo/lt_ws/loc_ws/install/scout_msgs/share/scout_msgs/cmake/export_scout_msgs__rosidl_typesupport_fastrtps_cExport-noconfig.cmake
[3.124s] -- Installing: /home/dongkuo/lt_ws/loc_ws/install/scout_msgs/share/scout_msgs/cmake/export_scout_msgs__rosidl_generator_cppExport.cmake
[3.124s] -- Installing: /home/dongkuo/lt_ws/loc_ws/install/scout_msgs/share/scout_msgs/cmake/export_scout_msgs__rosidl_typesupport_fastrtps_cppExport.cmake
[3.124s] -- Installing: /home/dongkuo/lt_ws/loc_ws/install/scout_msgs/share/scout_msgs/cmake/export_scout_msgs__rosidl_typesupport_fastrtps_cppExport-noconfig.cmake
[3.124s] -- Installing: /home/dongkuo/lt_ws/loc_ws/install/scout_msgs/share/scout_msgs/cmake/scout_msgs__rosidl_typesupport_introspection_cExport.cmake
[3.124s] -- Installing: /home/dongkuo/lt_ws/loc_ws/install/scout_msgs/share/scout_msgs/cmake/scout_msgs__rosidl_typesupport_introspection_cExport-noconfig.cmake
[3.124s] -- Installing: /home/dongkuo/lt_ws/loc_ws/install/scout_msgs/share/scout_msgs/cmake/scout_msgs__rosidl_typesupport_cExport.cmake
[3.124s] -- Installing: /home/dongkuo/lt_ws/loc_ws/install/scout_msgs/share/scout_msgs/cmake/scout_msgs__rosidl_typesupport_cExport-noconfig.cmake
[3.124s] -- Installing: /home/dongkuo/lt_ws/loc_ws/install/scout_msgs/share/scout_msgs/cmake/scout_msgs__rosidl_typesupport_introspection_cppExport.cmake
[3.124s] -- Installing: /home/dongkuo/lt_ws/loc_ws/install/scout_msgs/share/scout_msgs/cmake/scout_msgs__rosidl_typesupport_introspection_cppExport-noconfig.cmake
[3.124s] -- Installing: /home/dongkuo/lt_ws/loc_ws/install/scout_msgs/share/scout_msgs/cmake/scout_msgs__rosidl_typesupport_cppExport.cmake
[3.124s] -- Installing: /home/dongkuo/lt_ws/loc_ws/install/scout_msgs/share/scout_msgs/cmake/scout_msgs__rosidl_typesupport_cppExport-noconfig.cmake
[3.124s] -- Installing: /home/dongkuo/lt_ws/loc_ws/install/scout_msgs/share/scout_msgs/cmake/export_scout_msgs__rosidl_generator_pyExport.cmake
[3.124s] -- Installing: /home/dongkuo/lt_ws/loc_ws/install/scout_msgs/share/scout_msgs/cmake/export_scout_msgs__rosidl_generator_pyExport-noconfig.cmake
[3.124s] -- Installing: /home/dongkuo/lt_ws/loc_ws/install/scout_msgs/share/scout_msgs/cmake/rosidl_cmake-extras.cmake
[3.124s] -- Installing: /home/dongkuo/lt_ws/loc_ws/install/scout_msgs/share/scout_msgs/cmake/ament_cmake_export_dependencies-extras.cmake
[3.124s] -- Installing: /home/dongkuo/lt_ws/loc_ws/install/scout_msgs/share/scout_msgs/cmake/ament_cmake_export_include_directories-extras.cmake
[3.124s] -- Installing: /home/dongkuo/lt_ws/loc_ws/install/scout_msgs/share/scout_msgs/cmake/ament_cmake_export_libraries-extras.cmake
[3.124s] -- Installing: /home/dongkuo/lt_ws/loc_ws/install/scout_msgs/share/scout_msgs/cmake/ament_cmake_export_targets-extras.cmake
[3.124s] -- Installing: /home/dongkuo/lt_ws/loc_ws/install/scout_msgs/share/scout_msgs/cmake/rosidl_cmake_export_typesupport_targets-extras.cmake
[3.124s] -- Installing: /home/dongkuo/lt_ws/loc_ws/install/scout_msgs/share/scout_msgs/cmake/rosidl_cmake_export_typesupport_libraries-extras.cmake
[3.125s] -- Installing: /home/dongkuo/lt_ws/loc_ws/install/scout_msgs/share/scout_msgs/cmake/scout_msgsConfig.cmake
[3.125s] -- Installing: /home/dongkuo/lt_ws/loc_ws/install/scout_msgs/share/scout_msgs/cmake/scout_msgsConfig-version.cmake
[3.125s] -- Installing: /home/dongkuo/lt_ws/loc_ws/install/scout_msgs/share/scout_msgs/package.xml
[3.126s] Invoked command in '/home/dongkuo/lt_ws/loc_ws/build/scout_msgs' returned '0': CMAKE_PREFIX_PATH=${CMAKE_PREFIX_PATH}:/opt/ros/humble /usr/bin/cmake --install /home/dongkuo/lt_ws/loc_ws/build/scout_msgs
