[0.014s] Invoking command in '/home/dongkuo/lt_ws/loc_ws/build/nav_demo': CMAKE_PREFIX_PATH=/home/dongkuo/lt_ws/loc_ws/install/scout_base:/opt/ros/humble:/home/dongkuo/lt_ws/loc_ws/install/ugv_sdk:/home/dongkuo/lt_ws/loc_ws/install/scout_msgs:/home/dongkuo/lt_ws/loc_ws/install/scout_description:/home/dongkuo/lt_ws/loc_ws/install/point2d_loc:/home/dongkuo/lt_ws/loc_ws/install/nav_demo:/home/dongkuo/lt_ws/loc_ws/install/fast_lio:/home/dongkuo/lt_ws/loc_ws/install/livox_ros_driver2:/home/dongkuo/lt_ws/realsense_ws/install/realsense2_description:/home/dongkuo/lt_ws/realsense_ws/install/realsense2_camera:/home/dongkuo/lt_ws/realsense_ws/install/realsense2_camera_msgs:/home/dongkuo/lt_ws/realsense_ws/install/depth_to_cloud_converter:/opt/vulcanexus/humble /usr/bin/cmake --build /home/dongkuo/lt_ws/loc_ws/build/nav_demo -- -j32 -l32
[0.031s] -- Found ament_cmake: 1.3.12 (/opt/ros/humble/share/ament_cmake/cmake)
[0.125s] -- Found rclcpp: 16.0.15 (/opt/ros/humble/share/rclcpp/cmake)
[0.153s] -- Found rosidl_generator_c: 3.1.7 (/opt/ros/humble/share/rosidl_generator_c/cmake)
[0.155s] -- Found rosidl_adapter: 3.1.7 (/opt/ros/humble/share/rosidl_adapter/cmake)
[0.160s] -- Found rosidl_generator_cpp: 3.1.7 (/opt/ros/humble/share/rosidl_generator_cpp/cmake)
[0.168s] -- Using all available rosidl_typesupport_c: rosidl_typesupport_fastrtps_c;rosidl_typesupport_introspection_c
[0.178s] -- Using all available rosidl_typesupport_cpp: rosidl_typesupport_fastrtps_cpp;rosidl_typesupport_introspection_cpp
[0.205s] -- Found rmw_implementation_cmake: 6.1.2 (/opt/ros/humble/share/rmw_implementation_cmake/cmake)
[0.207s] -- Found rmw_fastrtps_cpp: 6.2.6 (/opt/vulcanexus/humble/share/rmw_fastrtps_cpp/cmake)
[0.281s] -- Using RMW implementation 'rmw_fastrtps_cpp' as default
[0.314s] -- Found geometry_msgs: 4.9.0 (/opt/ros/humble/share/geometry_msgs/cmake)
[0.322s] -- Found tf2: 0.25.16 (/opt/ros/humble/share/tf2/cmake)
[0.326s] -- Found tf2_geometry_msgs: 0.25.16 (/opt/ros/humble/share/tf2_geometry_msgs/cmake)
[0.328s] -- Found eigen3_cmake_module: 0.1.1 (/opt/ros/humble/share/eigen3_cmake_module/cmake)
[0.329s] -- Ensuring Eigen3 include directory is part of orocos-kdl CMake target
[0.404s] -- Found nav_msgs: 4.9.0 (/opt/ros/humble/share/nav_msgs/cmake)
[0.427s] -- Found ament_lint_auto: 0.12.14 (/opt/ros/humble/share/ament_lint_auto/cmake)
[0.473s] -- Added test 'cppcheck' to perform static code analysis on C / C++ code
[0.473s] -- Configured cppcheck include dirs: /home/dongkuo/lt_ws/loc_ws/src/nav_demo/include
[0.473s] -- Configured cppcheck exclude dirs and/or files: 
[0.473s] -- Added test 'flake8' to check Python code syntax and style conventions
[0.473s] -- Added test 'lint_cmake' to check CMake code style
[0.473s] -- Added test 'pep257' to check Python code against some of the docstring style conventions in PEP 257
[0.474s] -- Added test 'uncrustify' to check C / C++ code style
[0.474s] -- Configured uncrustify additional arguments: 
[0.474s] -- Added test 'xmllint' to check XML markup files
[0.475s] -- Configuring done
[0.481s] -- Generating done
[0.483s] -- Build files have been written to: /home/dongkuo/lt_ws/loc_ws/build/nav_demo
[0.503s] [35m[1mConsolidate compiler generated dependencies of target simple_navigator[0m
[0.515s] [100%] Built target simple_navigator
[0.524s] Invoked command in '/home/dongkuo/lt_ws/loc_ws/build/nav_demo' returned '0': CMAKE_PREFIX_PATH=/home/dongkuo/lt_ws/loc_ws/install/scout_base:/opt/ros/humble:/home/dongkuo/lt_ws/loc_ws/install/ugv_sdk:/home/dongkuo/lt_ws/loc_ws/install/scout_msgs:/home/dongkuo/lt_ws/loc_ws/install/scout_description:/home/dongkuo/lt_ws/loc_ws/install/point2d_loc:/home/dongkuo/lt_ws/loc_ws/install/nav_demo:/home/dongkuo/lt_ws/loc_ws/install/fast_lio:/home/dongkuo/lt_ws/loc_ws/install/livox_ros_driver2:/home/dongkuo/lt_ws/realsense_ws/install/realsense2_description:/home/dongkuo/lt_ws/realsense_ws/install/realsense2_camera:/home/dongkuo/lt_ws/realsense_ws/install/realsense2_camera_msgs:/home/dongkuo/lt_ws/realsense_ws/install/depth_to_cloud_converter:/opt/vulcanexus/humble /usr/bin/cmake --build /home/dongkuo/lt_ws/loc_ws/build/nav_demo -- -j32 -l32
[0.525s] Invoking command in '/home/dongkuo/lt_ws/loc_ws/build/nav_demo': CMAKE_PREFIX_PATH=/home/dongkuo/lt_ws/loc_ws/install/scout_base:/opt/ros/humble:/home/dongkuo/lt_ws/loc_ws/install/ugv_sdk:/home/dongkuo/lt_ws/loc_ws/install/scout_msgs:/home/dongkuo/lt_ws/loc_ws/install/scout_description:/home/dongkuo/lt_ws/loc_ws/install/point2d_loc:/home/dongkuo/lt_ws/loc_ws/install/nav_demo:/home/dongkuo/lt_ws/loc_ws/install/fast_lio:/home/dongkuo/lt_ws/loc_ws/install/livox_ros_driver2:/home/dongkuo/lt_ws/realsense_ws/install/realsense2_description:/home/dongkuo/lt_ws/realsense_ws/install/realsense2_camera:/home/dongkuo/lt_ws/realsense_ws/install/realsense2_camera_msgs:/home/dongkuo/lt_ws/realsense_ws/install/depth_to_cloud_converter:/opt/vulcanexus/humble /usr/bin/cmake --install /home/dongkuo/lt_ws/loc_ws/build/nav_demo
[0.529s] -- Install configuration: ""
[0.529s] -- Up-to-date: /home/dongkuo/lt_ws/loc_ws/install/nav_demo/lib/nav_demo/simple_navigator
[0.529s] -- Up-to-date: /home/dongkuo/lt_ws/loc_ws/install/nav_demo/share/nav_demo/launch
[0.529s] -- Installing: /home/dongkuo/lt_ws/loc_ws/install/nav_demo/share/nav_demo/launch/nav.launch.py
[0.529s] -- Up-to-date: /home/dongkuo/lt_ws/loc_ws/install/nav_demo/share/nav_demo/launch/nav2_odom_navigation.launch.py
[0.529s] -- Installing: /home/dongkuo/lt_ws/loc_ws/install/nav_demo/share/nav_demo/maps
[0.529s] -- Installing: /home/dongkuo/lt_ws/loc_ws/install/nav_demo/share/nav_demo/maps/first_floor1.yaml
[0.529s] -- Installing: /home/dongkuo/lt_ws/loc_ws/install/nav_demo/share/nav_demo/maps/first_floor1.pgm
[0.531s] -- Installing: /home/dongkuo/lt_ws/loc_ws/install/nav_demo/share/nav_demo/maps/my_2d_map1.yaml
[0.531s] -- Installing: /home/dongkuo/lt_ws/loc_ws/install/nav_demo/share/nav_demo/maps/office2.pgm
[0.532s] -- Installing: /home/dongkuo/lt_ws/loc_ws/install/nav_demo/share/nav_demo/maps/sec_floor.yaml
[0.532s] -- Installing: /home/dongkuo/lt_ws/loc_ws/install/nav_demo/share/nav_demo/maps/my_2d_map.pgm
[0.534s] -- Installing: /home/dongkuo/lt_ws/loc_ws/install/nav_demo/share/nav_demo/maps/neibor_office2.pgm
[0.534s] -- Installing: /home/dongkuo/lt_ws/loc_ws/install/nav_demo/share/nav_demo/maps/test.pcd
[0.535s] -- Installing: /home/dongkuo/lt_ws/loc_ws/install/nav_demo/share/nav_demo/maps/sec_floor.pgm
[0.536s] -- Installing: /home/dongkuo/lt_ws/loc_ws/install/nav_demo/share/nav_demo/maps/neibor_office.pgm
[0.537s] -- Installing: /home/dongkuo/lt_ws/loc_ws/install/nav_demo/share/nav_demo/maps/office1.yaml
[0.537s] -- Installing: /home/dongkuo/lt_ws/loc_ws/install/nav_demo/share/nav_demo/maps/my_2d_map1.pgm
[0.548s] -- Installing: /home/dongkuo/lt_ws/loc_ws/install/nav_demo/share/nav_demo/maps/office2.yaml
[0.548s] -- Installing: /home/dongkuo/lt_ws/loc_ws/install/nav_demo/share/nav_demo/maps/office1.pgm
[0.548s] -- Installing: /home/dongkuo/lt_ws/loc_ws/install/nav_demo/share/nav_demo/maps/neibor_office.yaml
[0.548s] -- Installing: /home/dongkuo/lt_ws/loc_ws/install/nav_demo/share/nav_demo/maps/neibor_office2.yaml
[0.548s] -- Installing: /home/dongkuo/lt_ws/loc_ws/install/nav_demo/share/nav_demo/maps/my_2d_map.yaml
[0.548s] -- Installing: /home/dongkuo/lt_ws/loc_ws/install/nav_demo/share/nav_demo/rviz
[0.548s] -- Installing: /home/dongkuo/lt_ws/loc_ws/install/nav_demo/share/nav_demo/rviz/navi.rviz
[0.548s] -- Up-to-date: /home/dongkuo/lt_ws/loc_ws/install/nav_demo/share/nav_demo/config
[0.548s] -- Installing: /home/dongkuo/lt_ws/loc_ws/install/nav_demo/share/nav_demo/config/nav2_params_wpr.yaml
[0.548s] -- Up-to-date: /home/dongkuo/lt_ws/loc_ws/install/nav_demo/share/nav_demo/config/nav2_params2.yaml
[0.548s] -- Installing: /home/dongkuo/lt_ws/loc_ws/install/nav_demo/share/nav_demo/config/nav2_params.yaml
[0.548s] -- Up-to-date: /home/dongkuo/lt_ws/loc_ws/install/nav_demo/share/nav_demo/config/nav2_params1.yaml
[0.548s] -- Up-to-date: /home/dongkuo/lt_ws/loc_ws/install/nav_demo/share/ament_index/resource_index/package_run_dependencies/nav_demo
[0.549s] -- Up-to-date: /home/dongkuo/lt_ws/loc_ws/install/nav_demo/share/ament_index/resource_index/parent_prefix_path/nav_demo
[0.549s] -- Up-to-date: /home/dongkuo/lt_ws/loc_ws/install/nav_demo/share/nav_demo/environment/ament_prefix_path.sh
[0.549s] -- Installing: /home/dongkuo/lt_ws/loc_ws/install/nav_demo/share/nav_demo/environment/ament_prefix_path.dsv
[0.549s] -- Up-to-date: /home/dongkuo/lt_ws/loc_ws/install/nav_demo/share/nav_demo/environment/path.sh
[0.549s] -- Installing: /home/dongkuo/lt_ws/loc_ws/install/nav_demo/share/nav_demo/environment/path.dsv
[0.549s] -- Up-to-date: /home/dongkuo/lt_ws/loc_ws/install/nav_demo/share/nav_demo/local_setup.bash
[0.549s] -- Up-to-date: /home/dongkuo/lt_ws/loc_ws/install/nav_demo/share/nav_demo/local_setup.sh
[0.549s] -- Up-to-date: /home/dongkuo/lt_ws/loc_ws/install/nav_demo/share/nav_demo/local_setup.zsh
[0.549s] -- Installing: /home/dongkuo/lt_ws/loc_ws/install/nav_demo/share/nav_demo/local_setup.dsv
[0.549s] -- Installing: /home/dongkuo/lt_ws/loc_ws/install/nav_demo/share/nav_demo/package.dsv
[0.549s] -- Up-to-date: /home/dongkuo/lt_ws/loc_ws/install/nav_demo/share/ament_index/resource_index/packages/nav_demo
[0.549s] -- Up-to-date: /home/dongkuo/lt_ws/loc_ws/install/nav_demo/share/nav_demo/cmake/nav_demoConfig.cmake
[0.549s] -- Up-to-date: /home/dongkuo/lt_ws/loc_ws/install/nav_demo/share/nav_demo/cmake/nav_demoConfig-version.cmake
[0.550s] -- Up-to-date: /home/dongkuo/lt_ws/loc_ws/install/nav_demo/share/nav_demo/package.xml
[0.550s] Invoked command in '/home/dongkuo/lt_ws/loc_ws/build/nav_demo' returned '0': CMAKE_PREFIX_PATH=/home/dongkuo/lt_ws/loc_ws/install/scout_base:/opt/ros/humble:/home/dongkuo/lt_ws/loc_ws/install/ugv_sdk:/home/dongkuo/lt_ws/loc_ws/install/scout_msgs:/home/dongkuo/lt_ws/loc_ws/install/scout_description:/home/dongkuo/lt_ws/loc_ws/install/point2d_loc:/home/dongkuo/lt_ws/loc_ws/install/nav_demo:/home/dongkuo/lt_ws/loc_ws/install/fast_lio:/home/dongkuo/lt_ws/loc_ws/install/livox_ros_driver2:/home/dongkuo/lt_ws/realsense_ws/install/realsense2_description:/home/dongkuo/lt_ws/realsense_ws/install/realsense2_camera:/home/dongkuo/lt_ws/realsense_ws/install/realsense2_camera_msgs:/home/dongkuo/lt_ws/realsense_ws/install/depth_to_cloud_converter:/opt/vulcanexus/humble /usr/bin/cmake --install /home/dongkuo/lt_ws/loc_ws/build/nav_demo
