[0.012s] Invoking command in '/home/dongkuo/lt_ws/loc_ws/build/ugv_sdk': /usr/bin/cmake /home/dongkuo/lt_ws/loc_ws/src/scout_ros2_driver/ugv_sdk -DROS_EDITION=ROS2 -DHUMBLE_ROS=humble -DCATKIN_INSTALL_INTO_PREFIX_ROOT=0 -DCMAKE_INSTALL_PREFIX=/home/dongkuo/lt_ws/loc_ws/install/ugv_sdk
[0.048s] -- The C compiler identification is GNU 11.4.0
[0.079s] -- The CXX compiler identification is GNU 11.4.0
[0.085s] -- Detecting C compiler ABI info
[0.130s] -- Detecting C compiler ABI info - done
[0.135s] -- Check for working C compiler: /usr/bin/cc - skipped
[0.135s] -- Detecting C compile features
[0.135s] -- Detecting C compile features - done
[0.137s] -- Detecting CXX compiler ABI info
[0.186s] -- Detecting CXX compiler ABI info - done
[0.190s] -- Check for working CXX compiler: /usr/bin/c++ - skipped
[0.190s] -- Detecting CXX compile features
[0.190s] -- Detecting CXX compile features - done
[0.190s] -- Build package with cmake
[0.190s] -- Setting build type to 'Release' as none was specified.
[0.190s] -- Tests will not be built
[0.192s] -- Looking for pthread.h
[0.237s] -- Looking for pthread.h - found
[0.237s] -- Performing Test CMAKE_HAVE_LIBC_PTHREAD
[0.286s] -- Performing Test CMAKE_HAVE_LIBC_PTHREAD - Success
[0.286s] -- Found Threads: TRUE  
[0.288s] -- Project will be installed to /home/dongkuo/lt_ws/loc_ws/install/ugv_sdk with 'make install'
[0.288s] --  - To install LIB components to /home/dongkuo/lt_ws/loc_ws/install/ugv_sdk/lib
[0.288s] --  - To install BIN components to /home/dongkuo/lt_ws/loc_ws/install/ugv_sdk/bin
[0.288s] --  - To install INCLUDE components to /home/dongkuo/lt_ws/loc_ws/install/ugv_sdk/include
[0.288s] --  - To install CMAKE components to /home/dongkuo/lt_ws/loc_ws/install/ugv_sdk/share/cmake/ugv_sdk
[0.292s] -- Configuring done
[0.298s] -- Generating done
[0.298s] [33mCMake Warning:
[0.299s]   Manually-specified variables were not used by the project:
[0.299s] 
[0.299s]     CATKIN_INSTALL_INTO_PREFIX_ROOT
[0.299s]     HUMBLE_ROS
[0.299s]     ROS_EDITION
[0.299s] 
[0.299s] [0m
[0.300s] -- Build files have been written to: /home/dongkuo/lt_ws/loc_ws/build/ugv_sdk
[0.303s] Invoked command in '/home/dongkuo/lt_ws/loc_ws/build/ugv_sdk' returned '0': /usr/bin/cmake /home/dongkuo/lt_ws/loc_ws/src/scout_ros2_driver/ugv_sdk -DROS_EDITION=ROS2 -DHUMBLE_ROS=humble -DCATKIN_INSTALL_INTO_PREFIX_ROOT=0 -DCMAKE_INSTALL_PREFIX=/home/dongkuo/lt_ws/loc_ws/install/ugv_sdk
[0.303s] Invoking command in '/home/dongkuo/lt_ws/loc_ws/build/ugv_sdk': /usr/bin/cmake --build /home/dongkuo/lt_ws/loc_ws/build/ugv_sdk -- -j32 -l32
[0.333s] [  3%] [32mBuilding CXX object CMakeFiles/ugv_sdk.dir/src/utilities/protocol_detector.cpp.o[0m
[0.334s] [  7%] [32mBuilding CXX object CMakeFiles/ugv_sdk.dir/src/mobile_robot/hunter_robot.cpp.o[0m
[0.334s] [ 10%] [32mBuilding CXX object CMakeFiles/ugv_sdk.dir/src/async_port/async_can.cpp.o[0m
[0.334s] [ 14%] [32mBuilding CXX object CMakeFiles/ugv_sdk.dir/src/mobile_robot/titan_robot.cpp.o[0m
[0.335s] [ 17%] [32mBuilding C object CMakeFiles/ugv_sdk.dir/src/protocol_v2/agilex_msg_parser_v2.c.o[0m
[0.335s] [ 21%] [32mBuilding CXX object CMakeFiles/ugv_sdk.dir/src/async_port/async_serial.cpp.o[0m
[0.335s] [ 25%] [32mBuilding CXX object CMakeFiles/ugv_sdk.dir/src/mobile_robot/ranger_robot.cpp.o[0m
[0.335s] [ 28%] [32mBuilding CXX object CMakeFiles/ugv_sdk.dir/src/mobile_robot/scout_robot.cpp.o[0m
[0.336s] [ 32%] [32mBuilding CXX object CMakeFiles/ugv_sdk.dir/src/mobile_robot/bunker_robot.cpp.o[0m
[0.337s] [ 35%] [32mBuilding CXX object CMakeFiles/ugv_sdk.dir/src/protocol_v2/protocol_v2_parser.cpp.o[0m
[0.337s] [ 39%] [32mBuilding C object CMakeFiles/ugv_sdk.dir/src/protocol_v1/agilex_msg_parser_v1.c.o[0m
[1.852s] [ 42%] [32m[1mLinking CXX static library lib/libugv_sdk.a[0m
[1.883s] [ 42%] Built target ugv_sdk
[1.897s] [ 46%] [32mBuilding CXX object sample/tracer_demo/CMakeFiles/demo_tracer_robot.dir/tracer_robot_demo.cpp.o[0m
[1.898s] [ 53%] [32mBuilding CXX object sample/scout_demo/CMakeFiles/demo_scout_mini_omni_robot.dir/scout_mini_omni_demo.cpp.o[0m
[1.898s] [ 53%] [32mBuilding CXX object sample/ranger_demo/CMakeFiles/demo_ranger_robot.dir/ranger_robot_demo.cpp.o[0m
[1.898s] [ 57%] [32mBuilding CXX object sample/bunker_demo/CMakeFiles/demo_bunker_robot.dir/bunker_robot_demo.cpp.o[0m
[1.898s] [ 60%] [32mBuilding CXX object sample/utils_demo/CMakeFiles/demo_protocol_detector.dir/demo_protocol_detector.cpp.o[0m
[1.898s] [ 64%] [32mBuilding CXX object sample/hunter_demo/CMakeFiles/demo_hunter_robot.dir/hunter_robot_demo.cpp.o[0m
[1.898s] [ 67%] [32mBuilding CXX object sample/scout_demo/CMakeFiles/demo_scout_robot.dir/scout_robot_demo.cpp.o[0m
[1.898s] [ 71%] [32mBuilding CXX object sample/utils_demo/CMakeFiles/demo_robot_version.dir/demo_robot_version.cpp.o[0m
[2.136s] [ 75%] [32m[1mLinking CXX executable ../../bin/demo_bunker_robot[0m
[2.186s] [ 75%] Built target demo_bunker_robot
[2.530s] [ 78%] [32m[1mLinking CXX executable ../../bin/demo_protocol_detector[0m
[2.552s] [ 82%] [32m[1mLinking CXX executable ../../bin/demo_hunter_robot[0m
[2.553s] [ 85%] [32m[1mLinking CXX executable ../../bin/demo_robot_version[0m
[2.582s] [ 85%] Built target demo_protocol_detector
[2.604s] [ 85%] Built target demo_robot_version
[2.619s] [ 85%] Built target demo_hunter_robot
[2.686s] [ 89%] [32m[1mLinking CXX executable ../../bin/demo_scout_robot[0m
[2.742s] [ 89%] Built target demo_scout_robot
[2.761s] [ 92%] [32m[1mLinking CXX executable ../../bin/demo_ranger_robot[0m
[2.784s] [ 96%] [32m[1mLinking CXX executable ../../bin/demo_tracer_robot[0m
[2.808s] [ 96%] Built target demo_ranger_robot
[2.846s] [ 96%] Built target demo_tracer_robot
[2.971s] [100%] [32m[1mLinking CXX executable ../../bin/demo_scout_mini_omni_robot[0m
[3.026s] [100%] Built target demo_scout_mini_omni_robot
[3.034s] Invoked command in '/home/dongkuo/lt_ws/loc_ws/build/ugv_sdk' returned '0': /usr/bin/cmake --build /home/dongkuo/lt_ws/loc_ws/build/ugv_sdk -- -j32 -l32
[3.035s] Invoking command in '/home/dongkuo/lt_ws/loc_ws/build/ugv_sdk': /usr/bin/cmake --install /home/dongkuo/lt_ws/loc_ws/build/ugv_sdk
[3.041s] -- Install configuration: "Release"
[3.041s] -- Installing: /home/dongkuo/lt_ws/loc_ws/install/ugv_sdk/lib/libugv_sdk.a
[3.043s] -- Installing: /home/dongkuo/lt_ws/loc_ws/install/ugv_sdk/include/ugv_sdk
[3.043s] -- Installing: /home/dongkuo/lt_ws/loc_ws/install/ugv_sdk/include/ugv_sdk/mobile_robot
[3.043s] -- Installing: /home/dongkuo/lt_ws/loc_ws/install/ugv_sdk/include/ugv_sdk/mobile_robot/tracer_robot.hpp
[3.043s] -- Installing: /home/dongkuo/lt_ws/loc_ws/install/ugv_sdk/include/ugv_sdk/mobile_robot/hunter_robot.hpp
[3.043s] -- Installing: /home/dongkuo/lt_ws/loc_ws/install/ugv_sdk/include/ugv_sdk/mobile_robot/ranger_robot.hpp
[3.043s] -- Installing: /home/dongkuo/lt_ws/loc_ws/install/ugv_sdk/include/ugv_sdk/mobile_robot/bunker_robot.hpp
[3.043s] -- Installing: /home/dongkuo/lt_ws/loc_ws/install/ugv_sdk/include/ugv_sdk/mobile_robot/titan_robot.hpp
[3.043s] -- Installing: /home/dongkuo/lt_ws/loc_ws/install/ugv_sdk/include/ugv_sdk/mobile_robot/scout_robot.hpp
[3.043s] -- Installing: /home/dongkuo/lt_ws/loc_ws/install/ugv_sdk/include/ugv_sdk/details
[3.043s] -- Installing: /home/dongkuo/lt_ws/loc_ws/install/ugv_sdk/include/ugv_sdk/details/protocol_v2
[3.043s] -- Installing: /home/dongkuo/lt_ws/loc_ws/install/ugv_sdk/include/ugv_sdk/details/protocol_v2/protocol_v2_parser.hpp
[3.043s] -- Installing: /home/dongkuo/lt_ws/loc_ws/install/ugv_sdk/include/ugv_sdk/details/parser_base.hpp
[3.043s] -- Installing: /home/dongkuo/lt_ws/loc_ws/install/ugv_sdk/include/ugv_sdk/details/async_port
[3.044s] -- Installing: /home/dongkuo/lt_ws/loc_ws/install/ugv_sdk/include/ugv_sdk/details/async_port/async_serial.hpp
[3.044s] -- Installing: /home/dongkuo/lt_ws/loc_ws/install/ugv_sdk/include/ugv_sdk/details/async_port/async_can.hpp
[3.044s] -- Installing: /home/dongkuo/lt_ws/loc_ws/install/ugv_sdk/include/ugv_sdk/details/async_port/ring_buffer.hpp
[3.044s] -- Installing: /home/dongkuo/lt_ws/loc_ws/install/ugv_sdk/include/ugv_sdk/details/robot_base
[3.044s] -- Installing: /home/dongkuo/lt_ws/loc_ws/install/ugv_sdk/include/ugv_sdk/details/robot_base/titan_base.hpp
[3.044s] -- Installing: /home/dongkuo/lt_ws/loc_ws/install/ugv_sdk/include/ugv_sdk/details/robot_base/bunker_base.hpp
[3.044s] -- Installing: /home/dongkuo/lt_ws/loc_ws/install/ugv_sdk/include/ugv_sdk/details/robot_base/agilex_base.hpp
[3.044s] -- Installing: /home/dongkuo/lt_ws/loc_ws/install/ugv_sdk/include/ugv_sdk/details/robot_base/scout_base.hpp
[3.044s] -- Installing: /home/dongkuo/lt_ws/loc_ws/install/ugv_sdk/include/ugv_sdk/details/robot_base/tracer_base.hpp
[3.044s] -- Installing: /home/dongkuo/lt_ws/loc_ws/install/ugv_sdk/include/ugv_sdk/details/robot_base/hunter_base.hpp
[3.044s] -- Installing: /home/dongkuo/lt_ws/loc_ws/install/ugv_sdk/include/ugv_sdk/details/robot_base/ranger_base.hpp
[3.044s] -- Installing: /home/dongkuo/lt_ws/loc_ws/install/ugv_sdk/include/ugv_sdk/details/interface
[3.044s] -- Installing: /home/dongkuo/lt_ws/loc_ws/install/ugv_sdk/include/ugv_sdk/details/interface/titan_interface.hpp
[3.044s] -- Installing: /home/dongkuo/lt_ws/loc_ws/install/ugv_sdk/include/ugv_sdk/details/interface/bunker_interface.hpp
[3.045s] -- Installing: /home/dongkuo/lt_ws/loc_ws/install/ugv_sdk/include/ugv_sdk/details/interface/hunter_interface.hpp
[3.045s] -- Installing: /home/dongkuo/lt_ws/loc_ws/install/ugv_sdk/include/ugv_sdk/details/interface/agilex_types.h
[3.045s] -- Installing: /home/dongkuo/lt_ws/loc_ws/install/ugv_sdk/include/ugv_sdk/details/interface/robot_common_interface.hpp
[3.045s] -- Installing: /home/dongkuo/lt_ws/loc_ws/install/ugv_sdk/include/ugv_sdk/details/interface/agilex_message.h
[3.045s] -- Installing: /home/dongkuo/lt_ws/loc_ws/install/ugv_sdk/include/ugv_sdk/details/interface/scout_interface.hpp
[3.045s] -- Installing: /home/dongkuo/lt_ws/loc_ws/install/ugv_sdk/include/ugv_sdk/details/interface/tracer_interface.hpp
[3.045s] -- Installing: /home/dongkuo/lt_ws/loc_ws/install/ugv_sdk/include/ugv_sdk/details/interface/ranger_interface.hpp
[3.045s] -- Installing: /home/dongkuo/lt_ws/loc_ws/install/ugv_sdk/include/ugv_sdk/details/protocol_v1
[3.045s] -- Installing: /home/dongkuo/lt_ws/loc_ws/install/ugv_sdk/include/ugv_sdk/details/protocol_v1/agilex_msg_parser_v1.h
[3.045s] -- Installing: /home/dongkuo/lt_ws/loc_ws/install/ugv_sdk/include/ugv_sdk/details/protocol_v1/protocol_v1_parser.hpp
[3.045s] -- Installing: /home/dongkuo/lt_ws/loc_ws/install/ugv_sdk/include/ugv_sdk/details/protocol_v1/robot_limits.hpp
[3.045s] -- Installing: /home/dongkuo/lt_ws/loc_ws/install/ugv_sdk/include/ugv_sdk/utilities
[3.045s] -- Installing: /home/dongkuo/lt_ws/loc_ws/install/ugv_sdk/include/ugv_sdk/utilities/protocol_detector.hpp
[3.045s] -- Installing: /home/dongkuo/lt_ws/loc_ws/install/ugv_sdk/lib/cmake/ugv_sdk/ugv_sdkTargets.cmake
[3.046s] -- Installing: /home/dongkuo/lt_ws/loc_ws/install/ugv_sdk/lib/cmake/ugv_sdk/ugv_sdkTargets-release.cmake
[3.046s] -- Installing: /home/dongkuo/lt_ws/loc_ws/install/ugv_sdk/lib/cmake/ugv_sdk/ugv_sdkConfig.cmake
[3.046s] -- Installing: /home/dongkuo/lt_ws/loc_ws/install/ugv_sdk/lib/cmake/ugv_sdk/ugv_sdkConfigVersion.cmake
[3.048s] Invoked command in '/home/dongkuo/lt_ws/loc_ws/build/ugv_sdk' returned '0': /usr/bin/cmake --install /home/dongkuo/lt_ws/loc_ws/build/ugv_sdk
