[0.018s] Invoking command in '/home/dongkuo/lt_ws/loc_ws/build/livox_ros_driver2': CMAKE_PREFIX_PATH=/home/dongkuo/lt_ws/loc_ws/install/scout_base:/opt/ros/humble:/home/dongkuo/lt_ws/loc_ws/install/ugv_sdk:/home/dongkuo/lt_ws/loc_ws/install/scout_msgs:/home/dongkuo/lt_ws/loc_ws/install/scout_description:/home/dongkuo/lt_ws/loc_ws/install/point2d_loc:/home/dongkuo/lt_ws/loc_ws/install/nav_demo:/home/dongkuo/lt_ws/loc_ws/install/fast_lio:/home/dongkuo/lt_ws/loc_ws/install/livox_ros_driver2:/home/dongkuo/lt_ws/realsense_ws/install/realsense2_description:/home/dongkuo/lt_ws/realsense_ws/install/realsense2_camera:/home/dongkuo/lt_ws/realsense_ws/install/realsense2_camera_msgs:/home/dongkuo/lt_ws/realsense_ws/install/depth_to_cloud_converter:/opt/vulcanexus/humble /usr/bin/cmake --build /home/dongkuo/lt_ws/loc_ws/build/livox_ros_driver2 -- -j32 -l32
[0.181s] [  7%] Built target livox_interfaces2__rosidl_generator_c
[0.208s] [  8%] Built target livox_interfaces2__cpp
[0.220s] [ 12%] Built target livox_ros_driver2_node
[0.288s] [ 12%] Built target ament_cmake_python_copy_livox_ros_driver2
[0.336s] [ 19%] Built target livox_interfaces2__rosidl_typesupport_c
[0.347s] [ 26%] Built target livox_interfaces2__rosidl_typesupport_introspection_c
[0.363s] [ 33%] Built target livox_interfaces2__rosidl_typesupport_fastrtps_c
[0.390s] [ 40%] Built target livox_interfaces2__rosidl_typesupport_fastrtps_cpp
[0.403s] [ 47%] Built target livox_interfaces2__rosidl_typesupport_cpp
[0.408s] [ 54%] Built target livox_interfaces2__rosidl_typesupport_introspection_cpp
[0.589s] [ 54%] Built target livox_interfaces2
[0.682s] [ 56%] Built target livox_interfaces2__py
[0.717s] [ 84%] Built target livox_ros_driver2
[0.830s] [ 89%] Built target livox_interfaces2__rosidl_generator_py
[0.956s] [ 92%] Built target livox_ros_driver2__rosidl_typesupport_c__pyext
[0.961s] [ 96%] Built target livox_ros_driver2__rosidl_typesupport_fastrtps_c__pyext
[0.979s] [100%] Built target livox_ros_driver2__rosidl_typesupport_introspection_c__pyext
[2.064s] running egg_info
[2.070s] writing livox_ros_driver2.egg-info/PKG-INFO
[2.070s] writing dependency_links to livox_ros_driver2.egg-info/dependency_links.txt
[2.070s] writing top-level names to livox_ros_driver2.egg-info/top_level.txt
[2.070s] reading manifest file 'livox_ros_driver2.egg-info/SOURCES.txt'
[2.070s] writing manifest file 'livox_ros_driver2.egg-info/SOURCES.txt'
[2.089s] [100%] Built target ament_cmake_python_build_livox_ros_driver2_egg
[2.098s] Invoked command in '/home/dongkuo/lt_ws/loc_ws/build/livox_ros_driver2' returned '0': CMAKE_PREFIX_PATH=/home/dongkuo/lt_ws/loc_ws/install/scout_base:/opt/ros/humble:/home/dongkuo/lt_ws/loc_ws/install/ugv_sdk:/home/dongkuo/lt_ws/loc_ws/install/scout_msgs:/home/dongkuo/lt_ws/loc_ws/install/scout_description:/home/dongkuo/lt_ws/loc_ws/install/point2d_loc:/home/dongkuo/lt_ws/loc_ws/install/nav_demo:/home/dongkuo/lt_ws/loc_ws/install/fast_lio:/home/dongkuo/lt_ws/loc_ws/install/livox_ros_driver2:/home/dongkuo/lt_ws/realsense_ws/install/realsense2_description:/home/dongkuo/lt_ws/realsense_ws/install/realsense2_camera:/home/dongkuo/lt_ws/realsense_ws/install/realsense2_camera_msgs:/home/dongkuo/lt_ws/realsense_ws/install/depth_to_cloud_converter:/opt/vulcanexus/humble /usr/bin/cmake --build /home/dongkuo/lt_ws/loc_ws/build/livox_ros_driver2 -- -j32 -l32
[2.099s] Invoking command in '/home/dongkuo/lt_ws/loc_ws/build/livox_ros_driver2': CMAKE_PREFIX_PATH=/home/dongkuo/lt_ws/loc_ws/install/scout_base:/opt/ros/humble:/home/dongkuo/lt_ws/loc_ws/install/ugv_sdk:/home/dongkuo/lt_ws/loc_ws/install/scout_msgs:/home/dongkuo/lt_ws/loc_ws/install/scout_description:/home/dongkuo/lt_ws/loc_ws/install/point2d_loc:/home/dongkuo/lt_ws/loc_ws/install/nav_demo:/home/dongkuo/lt_ws/loc_ws/install/fast_lio:/home/dongkuo/lt_ws/loc_ws/install/livox_ros_driver2:/home/dongkuo/lt_ws/realsense_ws/install/realsense2_description:/home/dongkuo/lt_ws/realsense_ws/install/realsense2_camera:/home/dongkuo/lt_ws/realsense_ws/install/realsense2_camera_msgs:/home/dongkuo/lt_ws/realsense_ws/install/depth_to_cloud_converter:/opt/vulcanexus/humble /usr/bin/cmake --install /home/dongkuo/lt_ws/loc_ws/build/livox_ros_driver2
[2.108s] -- Install configuration: ""
[2.108s] -- Up-to-date: /home/dongkuo/lt_ws/loc_ws/install/livox_ros_driver2/share/ament_index/resource_index/rosidl_interfaces/livox_ros_driver2
[2.108s] -- Up-to-date: /home/dongkuo/lt_ws/loc_ws/install/livox_ros_driver2/include/livox_ros_driver2/livox_ros_driver2
[2.108s] -- Up-to-date: /home/dongkuo/lt_ws/loc_ws/install/livox_ros_driver2/include/livox_ros_driver2/livox_ros_driver2/msg
[2.108s] -- Up-to-date: /home/dongkuo/lt_ws/loc_ws/install/livox_ros_driver2/include/livox_ros_driver2/livox_ros_driver2/msg/custom_point.h
[2.108s] -- Up-to-date: /home/dongkuo/lt_ws/loc_ws/install/livox_ros_driver2/include/livox_ros_driver2/livox_ros_driver2/msg/custom_msg.h
[2.108s] -- Up-to-date: /home/dongkuo/lt_ws/loc_ws/install/livox_ros_driver2/include/livox_ros_driver2/livox_ros_driver2/msg/detail
[2.109s] -- Up-to-date: /home/dongkuo/lt_ws/loc_ws/install/livox_ros_driver2/include/livox_ros_driver2/livox_ros_driver2/msg/detail/custom_msg__functions.h
[2.109s] -- Up-to-date: /home/dongkuo/lt_ws/loc_ws/install/livox_ros_driver2/include/livox_ros_driver2/livox_ros_driver2/msg/detail/custom_point__type_support.h
[2.109s] -- Up-to-date: /home/dongkuo/lt_ws/loc_ws/install/livox_ros_driver2/include/livox_ros_driver2/livox_ros_driver2/msg/detail/custom_point__struct.h
[2.109s] -- Up-to-date: /home/dongkuo/lt_ws/loc_ws/install/livox_ros_driver2/include/livox_ros_driver2/livox_ros_driver2/msg/detail/custom_point__functions.c
[2.109s] -- Up-to-date: /home/dongkuo/lt_ws/loc_ws/install/livox_ros_driver2/include/livox_ros_driver2/livox_ros_driver2/msg/detail/custom_msg__functions.c
[2.109s] -- Up-to-date: /home/dongkuo/lt_ws/loc_ws/install/livox_ros_driver2/include/livox_ros_driver2/livox_ros_driver2/msg/detail/custom_point__functions.h
[2.109s] -- Up-to-date: /home/dongkuo/lt_ws/loc_ws/install/livox_ros_driver2/include/livox_ros_driver2/livox_ros_driver2/msg/detail/custom_msg__type_support.h
[2.109s] -- Up-to-date: /home/dongkuo/lt_ws/loc_ws/install/livox_ros_driver2/include/livox_ros_driver2/livox_ros_driver2/msg/detail/custom_msg__struct.h
[2.109s] -- Up-to-date: /home/dongkuo/lt_ws/loc_ws/install/livox_ros_driver2/include/livox_ros_driver2/livox_ros_driver2/msg/rosidl_generator_c__visibility_control.h
[2.109s] -- Up-to-date: /home/dongkuo/lt_ws/loc_ws/install/livox_ros_driver2/share/livox_ros_driver2/environment/library_path.sh
[2.109s] -- Up-to-date: /home/dongkuo/lt_ws/loc_ws/install/livox_ros_driver2/share/livox_ros_driver2/environment/library_path.dsv
[2.109s] -- Up-to-date: /home/dongkuo/lt_ws/loc_ws/install/livox_ros_driver2/lib/liblivox_ros_driver2__rosidl_generator_c.so
[2.109s] -- Up-to-date: /home/dongkuo/lt_ws/loc_ws/install/livox_ros_driver2/include/livox_ros_driver2/livox_ros_driver2
[2.110s] -- Up-to-date: /home/dongkuo/lt_ws/loc_ws/install/livox_ros_driver2/include/livox_ros_driver2/livox_ros_driver2/msg
[2.110s] -- Up-to-date: /home/dongkuo/lt_ws/loc_ws/install/livox_ros_driver2/include/livox_ros_driver2/livox_ros_driver2/msg/rosidl_typesupport_fastrtps_c__visibility_control.h
[2.110s] -- Up-to-date: /home/dongkuo/lt_ws/loc_ws/install/livox_ros_driver2/include/livox_ros_driver2/livox_ros_driver2/msg/detail
[2.110s] -- Up-to-date: /home/dongkuo/lt_ws/loc_ws/install/livox_ros_driver2/include/livox_ros_driver2/livox_ros_driver2/msg/detail/custom_msg__rosidl_typesupport_fastrtps_c.h
[2.110s] -- Up-to-date: /home/dongkuo/lt_ws/loc_ws/install/livox_ros_driver2/include/livox_ros_driver2/livox_ros_driver2/msg/detail/custom_point__rosidl_typesupport_fastrtps_c.h
[2.110s] -- Up-to-date: /home/dongkuo/lt_ws/loc_ws/install/livox_ros_driver2/lib/liblivox_ros_driver2__rosidl_typesupport_fastrtps_c.so
[2.110s] -- Up-to-date: /home/dongkuo/lt_ws/loc_ws/install/livox_ros_driver2/include/livox_ros_driver2/livox_ros_driver2
[2.110s] -- Up-to-date: /home/dongkuo/lt_ws/loc_ws/install/livox_ros_driver2/include/livox_ros_driver2/livox_ros_driver2/msg
[2.110s] -- Up-to-date: /home/dongkuo/lt_ws/loc_ws/install/livox_ros_driver2/include/livox_ros_driver2/livox_ros_driver2/msg/detail
[2.110s] -- Up-to-date: /home/dongkuo/lt_ws/loc_ws/install/livox_ros_driver2/include/livox_ros_driver2/livox_ros_driver2/msg/detail/custom_point__rosidl_typesupport_introspection_c.h
[2.110s] -- Up-to-date: /home/dongkuo/lt_ws/loc_ws/install/livox_ros_driver2/include/livox_ros_driver2/livox_ros_driver2/msg/detail/custom_point__type_support.c
[2.110s] -- Up-to-date: /home/dongkuo/lt_ws/loc_ws/install/livox_ros_driver2/include/livox_ros_driver2/livox_ros_driver2/msg/detail/custom_msg__type_support.c
[2.110s] -- Up-to-date: /home/dongkuo/lt_ws/loc_ws/install/livox_ros_driver2/include/livox_ros_driver2/livox_ros_driver2/msg/detail/custom_msg__rosidl_typesupport_introspection_c.h
[2.110s] -- Up-to-date: /home/dongkuo/lt_ws/loc_ws/install/livox_ros_driver2/include/livox_ros_driver2/livox_ros_driver2/msg/rosidl_typesupport_introspection_c__visibility_control.h
[2.110s] -- Up-to-date: /home/dongkuo/lt_ws/loc_ws/install/livox_ros_driver2/lib/liblivox_ros_driver2__rosidl_typesupport_introspection_c.so
[2.110s] -- Up-to-date: /home/dongkuo/lt_ws/loc_ws/install/livox_ros_driver2/lib/liblivox_ros_driver2__rosidl_typesupport_c.so
[2.111s] -- Up-to-date: /home/dongkuo/lt_ws/loc_ws/install/livox_ros_driver2/include/livox_ros_driver2/livox_ros_driver2
[2.111s] -- Up-to-date: /home/dongkuo/lt_ws/loc_ws/install/livox_ros_driver2/include/livox_ros_driver2/livox_ros_driver2/msg
[2.111s] -- Up-to-date: /home/dongkuo/lt_ws/loc_ws/install/livox_ros_driver2/include/livox_ros_driver2/livox_ros_driver2/msg/custom_point.hpp
[2.111s] -- Up-to-date: /home/dongkuo/lt_ws/loc_ws/install/livox_ros_driver2/include/livox_ros_driver2/livox_ros_driver2/msg/custom_msg.hpp
[2.111s] -- Up-to-date: /home/dongkuo/lt_ws/loc_ws/install/livox_ros_driver2/include/livox_ros_driver2/livox_ros_driver2/msg/detail
[2.111s] -- Up-to-date: /home/dongkuo/lt_ws/loc_ws/install/livox_ros_driver2/include/livox_ros_driver2/livox_ros_driver2/msg/detail/custom_msg__builder.hpp
[2.111s] -- Up-to-date: /home/dongkuo/lt_ws/loc_ws/install/livox_ros_driver2/include/livox_ros_driver2/livox_ros_driver2/msg/detail/custom_point__struct.hpp
[2.111s] -- Up-to-date: /home/dongkuo/lt_ws/loc_ws/install/livox_ros_driver2/include/livox_ros_driver2/livox_ros_driver2/msg/detail/custom_point__type_support.hpp
[2.111s] -- Up-to-date: /home/dongkuo/lt_ws/loc_ws/install/livox_ros_driver2/include/livox_ros_driver2/livox_ros_driver2/msg/detail/custom_point__traits.hpp
[2.111s] -- Up-to-date: /home/dongkuo/lt_ws/loc_ws/install/livox_ros_driver2/include/livox_ros_driver2/livox_ros_driver2/msg/detail/custom_msg__traits.hpp
[2.111s] -- Up-to-date: /home/dongkuo/lt_ws/loc_ws/install/livox_ros_driver2/include/livox_ros_driver2/livox_ros_driver2/msg/detail/custom_msg__struct.hpp
[2.111s] -- Up-to-date: /home/dongkuo/lt_ws/loc_ws/install/livox_ros_driver2/include/livox_ros_driver2/livox_ros_driver2/msg/detail/custom_msg__type_support.hpp
[2.111s] -- Up-to-date: /home/dongkuo/lt_ws/loc_ws/install/livox_ros_driver2/include/livox_ros_driver2/livox_ros_driver2/msg/detail/custom_point__builder.hpp
[2.111s] -- Up-to-date: /home/dongkuo/lt_ws/loc_ws/install/livox_ros_driver2/include/livox_ros_driver2/livox_ros_driver2/msg/rosidl_generator_cpp__visibility_control.hpp
[2.112s] -- Up-to-date: /home/dongkuo/lt_ws/loc_ws/install/livox_ros_driver2/include/livox_ros_driver2/livox_ros_driver2
[2.112s] -- Up-to-date: /home/dongkuo/lt_ws/loc_ws/install/livox_ros_driver2/include/livox_ros_driver2/livox_ros_driver2/msg
[2.112s] -- Up-to-date: /home/dongkuo/lt_ws/loc_ws/install/livox_ros_driver2/include/livox_ros_driver2/livox_ros_driver2/msg/detail
[2.112s] -- Up-to-date: /home/dongkuo/lt_ws/loc_ws/install/livox_ros_driver2/include/livox_ros_driver2/livox_ros_driver2/msg/detail/custom_point__rosidl_typesupport_fastrtps_cpp.hpp
[2.112s] -- Up-to-date: /home/dongkuo/lt_ws/loc_ws/install/livox_ros_driver2/include/livox_ros_driver2/livox_ros_driver2/msg/detail/custom_msg__rosidl_typesupport_fastrtps_cpp.hpp
[2.112s] -- Up-to-date: /home/dongkuo/lt_ws/loc_ws/install/livox_ros_driver2/include/livox_ros_driver2/livox_ros_driver2/msg/detail/dds_fastrtps
[2.112s] -- Up-to-date: /home/dongkuo/lt_ws/loc_ws/install/livox_ros_driver2/include/livox_ros_driver2/livox_ros_driver2/msg/rosidl_typesupport_fastrtps_cpp__visibility_control.h
[2.112s] -- Up-to-date: /home/dongkuo/lt_ws/loc_ws/install/livox_ros_driver2/lib/liblivox_ros_driver2__rosidl_typesupport_fastrtps_cpp.so
[2.112s] -- Up-to-date: /home/dongkuo/lt_ws/loc_ws/install/livox_ros_driver2/include/livox_ros_driver2/livox_ros_driver2
[2.112s] -- Up-to-date: /home/dongkuo/lt_ws/loc_ws/install/livox_ros_driver2/include/livox_ros_driver2/livox_ros_driver2/msg
[2.112s] -- Up-to-date: /home/dongkuo/lt_ws/loc_ws/install/livox_ros_driver2/include/livox_ros_driver2/livox_ros_driver2/msg/detail
[2.112s] -- Up-to-date: /home/dongkuo/lt_ws/loc_ws/install/livox_ros_driver2/include/livox_ros_driver2/livox_ros_driver2/msg/detail/custom_msg__type_support.cpp
[2.112s] -- Up-to-date: /home/dongkuo/lt_ws/loc_ws/install/livox_ros_driver2/include/livox_ros_driver2/livox_ros_driver2/msg/detail/custom_point__rosidl_typesupport_introspection_cpp.hpp
[2.112s] -- Up-to-date: /home/dongkuo/lt_ws/loc_ws/install/livox_ros_driver2/include/livox_ros_driver2/livox_ros_driver2/msg/detail/custom_point__type_support.cpp
[2.112s] -- Up-to-date: /home/dongkuo/lt_ws/loc_ws/install/livox_ros_driver2/include/livox_ros_driver2/livox_ros_driver2/msg/detail/custom_msg__rosidl_typesupport_introspection_cpp.hpp
[2.112s] -- Up-to-date: /home/dongkuo/lt_ws/loc_ws/install/livox_ros_driver2/lib/liblivox_ros_driver2__rosidl_typesupport_introspection_cpp.so
[2.113s] -- Up-to-date: /home/dongkuo/lt_ws/loc_ws/install/livox_ros_driver2/lib/liblivox_ros_driver2__rosidl_typesupport_cpp.so
[2.113s] -- Up-to-date: /home/dongkuo/lt_ws/loc_ws/install/livox_ros_driver2/share/livox_ros_driver2/environment/pythonpath.sh
[2.113s] -- Up-to-date: /home/dongkuo/lt_ws/loc_ws/install/livox_ros_driver2/share/livox_ros_driver2/environment/pythonpath.dsv
[2.113s] -- Up-to-date: /home/dongkuo/lt_ws/loc_ws/install/livox_ros_driver2/local/lib/python3.10/dist-packages/livox_ros_driver2-1.0.0-py3.10.egg-info
[2.113s] -- Installing: /home/dongkuo/lt_ws/loc_ws/install/livox_ros_driver2/local/lib/python3.10/dist-packages/livox_ros_driver2-1.0.0-py3.10.egg-info/SOURCES.txt
[2.113s] -- Installing: /home/dongkuo/lt_ws/loc_ws/install/livox_ros_driver2/local/lib/python3.10/dist-packages/livox_ros_driver2-1.0.0-py3.10.egg-info/top_level.txt
[2.113s] -- Installing: /home/dongkuo/lt_ws/loc_ws/install/livox_ros_driver2/local/lib/python3.10/dist-packages/livox_ros_driver2-1.0.0-py3.10.egg-info/dependency_links.txt
[2.113s] -- Installing: /home/dongkuo/lt_ws/loc_ws/install/livox_ros_driver2/local/lib/python3.10/dist-packages/livox_ros_driver2-1.0.0-py3.10.egg-info/PKG-INFO
[2.113s] -- Up-to-date: /home/dongkuo/lt_ws/loc_ws/install/livox_ros_driver2/local/lib/python3.10/dist-packages/livox_ros_driver2
[2.113s] -- Up-to-date: /home/dongkuo/lt_ws/loc_ws/install/livox_ros_driver2/local/lib/python3.10/dist-packages/livox_ros_driver2/livox_ros_driver2_s__rosidl_typesupport_fastrtps_c.cpython-310-x86_64-linux-gnu.so
[2.113s] -- Up-to-date: /home/dongkuo/lt_ws/loc_ws/install/livox_ros_driver2/local/lib/python3.10/dist-packages/livox_ros_driver2/livox_ros_driver2_s__rosidl_typesupport_c.cpython-310-x86_64-linux-gnu.so
[2.113s] -- Up-to-date: /home/dongkuo/lt_ws/loc_ws/install/livox_ros_driver2/local/lib/python3.10/dist-packages/livox_ros_driver2/_livox_ros_driver2_s.ep.rosidl_typesupport_c.c
[2.113s] -- Up-to-date: /home/dongkuo/lt_ws/loc_ws/install/livox_ros_driver2/local/lib/python3.10/dist-packages/livox_ros_driver2/_livox_ros_driver2_s.ep.rosidl_typesupport_fastrtps_c.c
[2.113s] -- Up-to-date: /home/dongkuo/lt_ws/loc_ws/install/livox_ros_driver2/local/lib/python3.10/dist-packages/livox_ros_driver2/_livox_ros_driver2_s.ep.rosidl_typesupport_introspection_c.c
[2.113s] -- Up-to-date: /home/dongkuo/lt_ws/loc_ws/install/livox_ros_driver2/local/lib/python3.10/dist-packages/livox_ros_driver2/livox_ros_driver2_s__rosidl_typesupport_introspection_c.cpython-310-x86_64-linux-gnu.so
[2.113s] -- Up-to-date: /home/dongkuo/lt_ws/loc_ws/install/livox_ros_driver2/local/lib/python3.10/dist-packages/livox_ros_driver2/liblivox_interfaces2__rosidl_generator_py.so
[2.114s] -- Up-to-date: /home/dongkuo/lt_ws/loc_ws/install/livox_ros_driver2/local/lib/python3.10/dist-packages/livox_ros_driver2/__init__.py
[2.114s] -- Up-to-date: /home/dongkuo/lt_ws/loc_ws/install/livox_ros_driver2/local/lib/python3.10/dist-packages/livox_ros_driver2/msg
[2.114s] -- Up-to-date: /home/dongkuo/lt_ws/loc_ws/install/livox_ros_driver2/local/lib/python3.10/dist-packages/livox_ros_driver2/msg/_custom_msg_s.c
[2.114s] -- Up-to-date: /home/dongkuo/lt_ws/loc_ws/install/livox_ros_driver2/local/lib/python3.10/dist-packages/livox_ros_driver2/msg/_custom_msg.py
[2.114s] -- Up-to-date: /home/dongkuo/lt_ws/loc_ws/install/livox_ros_driver2/local/lib/python3.10/dist-packages/livox_ros_driver2/msg/_custom_point_s.c
[2.114s] -- Up-to-date: /home/dongkuo/lt_ws/loc_ws/install/livox_ros_driver2/local/lib/python3.10/dist-packages/livox_ros_driver2/msg/_custom_point.py
[2.114s] -- Up-to-date: /home/dongkuo/lt_ws/loc_ws/install/livox_ros_driver2/local/lib/python3.10/dist-packages/livox_ros_driver2/msg/__init__.py
[2.145s] Listing '/home/dongkuo/lt_ws/loc_ws/install/livox_ros_driver2/local/lib/python3.10/dist-packages/livox_ros_driver2'...
[2.145s] Listing '/home/dongkuo/lt_ws/loc_ws/install/livox_ros_driver2/local/lib/python3.10/dist-packages/livox_ros_driver2/msg'...
[2.150s] -- Up-to-date: /home/dongkuo/lt_ws/loc_ws/install/livox_ros_driver2/local/lib/python3.10/dist-packages/livox_ros_driver2/livox_ros_driver2_s__rosidl_typesupport_fastrtps_c.cpython-310-x86_64-linux-gnu.so
[2.150s] -- Up-to-date: /home/dongkuo/lt_ws/loc_ws/install/livox_ros_driver2/local/lib/python3.10/dist-packages/livox_ros_driver2/livox_ros_driver2_s__rosidl_typesupport_introspection_c.cpython-310-x86_64-linux-gnu.so
[2.150s] -- Up-to-date: /home/dongkuo/lt_ws/loc_ws/install/livox_ros_driver2/local/lib/python3.10/dist-packages/livox_ros_driver2/livox_ros_driver2_s__rosidl_typesupport_c.cpython-310-x86_64-linux-gnu.so
[2.151s] -- Up-to-date: /home/dongkuo/lt_ws/loc_ws/install/livox_ros_driver2/lib/liblivox_interfaces2__rosidl_generator_py.so
[2.151s] -- Up-to-date: /home/dongkuo/lt_ws/loc_ws/install/livox_ros_driver2/share/livox_ros_driver2/msg/CustomPoint.idl
[2.151s] -- Up-to-date: /home/dongkuo/lt_ws/loc_ws/install/livox_ros_driver2/share/livox_ros_driver2/msg/CustomMsg.idl
[2.151s] -- Up-to-date: /home/dongkuo/lt_ws/loc_ws/install/livox_ros_driver2/share/livox_ros_driver2/msg/CustomPoint.msg
[2.151s] -- Up-to-date: /home/dongkuo/lt_ws/loc_ws/install/livox_ros_driver2/share/livox_ros_driver2/msg/CustomMsg.msg
[2.151s] -- Up-to-date: /home/dongkuo/lt_ws/loc_ws/install/livox_ros_driver2/lib/livox_ros_driver2/livox_ros_driver2_node
[2.151s] -- Up-to-date: /home/dongkuo/lt_ws/loc_ws/install/livox_ros_driver2/lib/liblivox_ros_driver2.so
[2.151s] -- Up-to-date: /home/dongkuo/lt_ws/loc_ws/install/livox_ros_driver2/share/livox_ros_driver2/config
[2.152s] -- Up-to-date: /home/dongkuo/lt_ws/loc_ws/install/livox_ros_driver2/share/livox_ros_driver2/config/HAP_config.json
[2.152s] -- Up-to-date: /home/dongkuo/lt_ws/loc_ws/install/livox_ros_driver2/share/livox_ros_driver2/config/MID360_config.json
[2.152s] -- Up-to-date: /home/dongkuo/lt_ws/loc_ws/install/livox_ros_driver2/share/livox_ros_driver2/config/display_point_cloud_ROS2.rviz
[2.152s] -- Up-to-date: /home/dongkuo/lt_ws/loc_ws/install/livox_ros_driver2/share/livox_ros_driver2/config/mixed_HAP_MID360_config.json
[2.152s] -- Up-to-date: /home/dongkuo/lt_ws/loc_ws/install/livox_ros_driver2/share/livox_ros_driver2/config/display_point_cloud_ROS1.rviz
[2.152s] -- Up-to-date: /home/dongkuo/lt_ws/loc_ws/install/livox_ros_driver2/share/livox_ros_driver2/launch_ROS2
[2.152s] -- Up-to-date: /home/dongkuo/lt_ws/loc_ws/install/livox_ros_driver2/share/livox_ros_driver2/launch_ROS2/rviz_MID360_launch.py
[2.152s] -- Up-to-date: /home/dongkuo/lt_ws/loc_ws/install/livox_ros_driver2/share/livox_ros_driver2/launch_ROS2/rviz_mixed.py
[2.152s] -- Up-to-date: /home/dongkuo/lt_ws/loc_ws/install/livox_ros_driver2/share/livox_ros_driver2/launch_ROS2/msg_HAP_launch.py
[2.152s] -- Up-to-date: /home/dongkuo/lt_ws/loc_ws/install/livox_ros_driver2/share/livox_ros_driver2/launch_ROS2/rviz_HAP_launch.py
[2.152s] -- Up-to-date: /home/dongkuo/lt_ws/loc_ws/install/livox_ros_driver2/share/livox_ros_driver2/launch_ROS2/msg_MID360_launch.py
[2.152s] -- Up-to-date: /home/dongkuo/lt_ws/loc_ws/install/livox_ros_driver2/share/ament_index/resource_index/package_run_dependencies/livox_ros_driver2
[2.153s] -- Up-to-date: /home/dongkuo/lt_ws/loc_ws/install/livox_ros_driver2/share/ament_index/resource_index/parent_prefix_path/livox_ros_driver2
[2.153s] -- Up-to-date: /home/dongkuo/lt_ws/loc_ws/install/livox_ros_driver2/share/livox_ros_driver2/environment/ament_prefix_path.sh
[2.153s] -- Up-to-date: /home/dongkuo/lt_ws/loc_ws/install/livox_ros_driver2/share/livox_ros_driver2/environment/ament_prefix_path.dsv
[2.153s] -- Up-to-date: /home/dongkuo/lt_ws/loc_ws/install/livox_ros_driver2/share/livox_ros_driver2/environment/path.sh
[2.153s] -- Up-to-date: /home/dongkuo/lt_ws/loc_ws/install/livox_ros_driver2/share/livox_ros_driver2/environment/path.dsv
[2.153s] -- Up-to-date: /home/dongkuo/lt_ws/loc_ws/install/livox_ros_driver2/share/livox_ros_driver2/local_setup.bash
[2.153s] -- Up-to-date: /home/dongkuo/lt_ws/loc_ws/install/livox_ros_driver2/share/livox_ros_driver2/local_setup.sh
[2.153s] -- Up-to-date: /home/dongkuo/lt_ws/loc_ws/install/livox_ros_driver2/share/livox_ros_driver2/local_setup.zsh
[2.153s] -- Up-to-date: /home/dongkuo/lt_ws/loc_ws/install/livox_ros_driver2/share/livox_ros_driver2/local_setup.dsv
[2.153s] -- Installing: /home/dongkuo/lt_ws/loc_ws/install/livox_ros_driver2/share/livox_ros_driver2/package.dsv
[2.153s] -- Up-to-date: /home/dongkuo/lt_ws/loc_ws/install/livox_ros_driver2/share/ament_index/resource_index/packages/livox_ros_driver2
[2.153s] -- Up-to-date: /home/dongkuo/lt_ws/loc_ws/install/livox_ros_driver2/share/livox_ros_driver2/cmake/export_livox_interfaces2__rosidl_generator_cExport.cmake
[2.153s] -- Up-to-date: /home/dongkuo/lt_ws/loc_ws/install/livox_ros_driver2/share/livox_ros_driver2/cmake/export_livox_interfaces2__rosidl_generator_cExport-noconfig.cmake
[2.154s] -- Up-to-date: /home/dongkuo/lt_ws/loc_ws/install/livox_ros_driver2/share/livox_ros_driver2/cmake/export_livox_interfaces2__rosidl_typesupport_fastrtps_cExport.cmake
[2.154s] -- Up-to-date: /home/dongkuo/lt_ws/loc_ws/install/livox_ros_driver2/share/livox_ros_driver2/cmake/export_livox_interfaces2__rosidl_typesupport_fastrtps_cExport-noconfig.cmake
[2.154s] -- Up-to-date: /home/dongkuo/lt_ws/loc_ws/install/livox_ros_driver2/share/livox_ros_driver2/cmake/livox_interfaces2__rosidl_typesupport_introspection_cExport.cmake
[2.154s] -- Up-to-date: /home/dongkuo/lt_ws/loc_ws/install/livox_ros_driver2/share/livox_ros_driver2/cmake/livox_interfaces2__rosidl_typesupport_introspection_cExport-noconfig.cmake
[2.154s] -- Up-to-date: /home/dongkuo/lt_ws/loc_ws/install/livox_ros_driver2/share/livox_ros_driver2/cmake/livox_interfaces2__rosidl_typesupport_cExport.cmake
[2.154s] -- Up-to-date: /home/dongkuo/lt_ws/loc_ws/install/livox_ros_driver2/share/livox_ros_driver2/cmake/livox_interfaces2__rosidl_typesupport_cExport-noconfig.cmake
[2.154s] -- Up-to-date: /home/dongkuo/lt_ws/loc_ws/install/livox_ros_driver2/share/livox_ros_driver2/cmake/export_livox_interfaces2__rosidl_generator_cppExport.cmake
[2.154s] -- Up-to-date: /home/dongkuo/lt_ws/loc_ws/install/livox_ros_driver2/share/livox_ros_driver2/cmake/export_livox_interfaces2__rosidl_typesupport_fastrtps_cppExport.cmake
[2.154s] -- Up-to-date: /home/dongkuo/lt_ws/loc_ws/install/livox_ros_driver2/share/livox_ros_driver2/cmake/export_livox_interfaces2__rosidl_typesupport_fastrtps_cppExport-noconfig.cmake
[2.154s] -- Up-to-date: /home/dongkuo/lt_ws/loc_ws/install/livox_ros_driver2/share/livox_ros_driver2/cmake/livox_interfaces2__rosidl_typesupport_introspection_cppExport.cmake
[2.154s] -- Up-to-date: /home/dongkuo/lt_ws/loc_ws/install/livox_ros_driver2/share/livox_ros_driver2/cmake/livox_interfaces2__rosidl_typesupport_introspection_cppExport-noconfig.cmake
[2.154s] -- Up-to-date: /home/dongkuo/lt_ws/loc_ws/install/livox_ros_driver2/share/livox_ros_driver2/cmake/livox_interfaces2__rosidl_typesupport_cppExport.cmake
[2.154s] -- Up-to-date: /home/dongkuo/lt_ws/loc_ws/install/livox_ros_driver2/share/livox_ros_driver2/cmake/livox_interfaces2__rosidl_typesupport_cppExport-noconfig.cmake
[2.154s] -- Up-to-date: /home/dongkuo/lt_ws/loc_ws/install/livox_ros_driver2/share/livox_ros_driver2/cmake/export_livox_interfaces2__rosidl_generator_pyExport.cmake
[2.155s] -- Up-to-date: /home/dongkuo/lt_ws/loc_ws/install/livox_ros_driver2/share/livox_ros_driver2/cmake/export_livox_interfaces2__rosidl_generator_pyExport-noconfig.cmake
[2.155s] -- Up-to-date: /home/dongkuo/lt_ws/loc_ws/install/livox_ros_driver2/share/ament_index/resource_index/rclcpp_components/livox_ros_driver2
[2.155s] -- Up-to-date: /home/dongkuo/lt_ws/loc_ws/install/livox_ros_driver2/share/livox_ros_driver2/cmake/rosidl_cmake-extras.cmake
[2.155s] -- Up-to-date: /home/dongkuo/lt_ws/loc_ws/install/livox_ros_driver2/share/livox_ros_driver2/cmake/ament_cmake_export_dependencies-extras.cmake
[2.155s] -- Up-to-date: /home/dongkuo/lt_ws/loc_ws/install/livox_ros_driver2/share/livox_ros_driver2/cmake/ament_cmake_export_include_directories-extras.cmake
[2.155s] -- Up-to-date: /home/dongkuo/lt_ws/loc_ws/install/livox_ros_driver2/share/livox_ros_driver2/cmake/ament_cmake_export_libraries-extras.cmake
[2.155s] -- Up-to-date: /home/dongkuo/lt_ws/loc_ws/install/livox_ros_driver2/share/livox_ros_driver2/cmake/ament_cmake_export_targets-extras.cmake
[2.155s] -- Up-to-date: /home/dongkuo/lt_ws/loc_ws/install/livox_ros_driver2/share/livox_ros_driver2/cmake/rosidl_cmake_export_typesupport_targets-extras.cmake
[2.155s] -- Up-to-date: /home/dongkuo/lt_ws/loc_ws/install/livox_ros_driver2/share/livox_ros_driver2/cmake/rosidl_cmake_export_typesupport_libraries-extras.cmake
[2.156s] -- Up-to-date: /home/dongkuo/lt_ws/loc_ws/install/livox_ros_driver2/share/livox_ros_driver2/cmake/livox_ros_driver2Config.cmake
[2.157s] -- Up-to-date: /home/dongkuo/lt_ws/loc_ws/install/livox_ros_driver2/share/livox_ros_driver2/cmake/livox_ros_driver2Config-version.cmake
[2.157s] -- Up-to-date: /home/dongkuo/lt_ws/loc_ws/install/livox_ros_driver2/share/livox_ros_driver2/package.xml
[2.167s] Invoked command in '/home/dongkuo/lt_ws/loc_ws/build/livox_ros_driver2' returned '0': CMAKE_PREFIX_PATH=/home/dongkuo/lt_ws/loc_ws/install/scout_base:/opt/ros/humble:/home/dongkuo/lt_ws/loc_ws/install/ugv_sdk:/home/dongkuo/lt_ws/loc_ws/install/scout_msgs:/home/dongkuo/lt_ws/loc_ws/install/scout_description:/home/dongkuo/lt_ws/loc_ws/install/point2d_loc:/home/dongkuo/lt_ws/loc_ws/install/nav_demo:/home/dongkuo/lt_ws/loc_ws/install/fast_lio:/home/dongkuo/lt_ws/loc_ws/install/livox_ros_driver2:/home/dongkuo/lt_ws/realsense_ws/install/realsense2_description:/home/dongkuo/lt_ws/realsense_ws/install/realsense2_camera:/home/dongkuo/lt_ws/realsense_ws/install/realsense2_camera_msgs:/home/dongkuo/lt_ws/realsense_ws/install/depth_to_cloud_converter:/opt/vulcanexus/humble /usr/bin/cmake --install /home/dongkuo/lt_ws/loc_ws/build/livox_ros_driver2
