[  2%] Built target fast_lio__cpp
[ 10%] Built target fast_lio__rosidl_generator_c
[ 10%] Built target ament_cmake_python_copy_fast_lio
[ 15%] Built target pcd_publisher
[ 20%] Built target pcd_to_grid
[ 28%] Built target fast_lio__rosidl_typesupport_fastrtps_cpp
[ 41%] Built target fast_lio__rosidl_typesupport_introspection_c
[ 43%] Built target fast_lio__rosidl_typesupport_c
[ 53%] Built target fast_lio__rosidl_typesupport_cpp
[ 58%] Built target fast_lio__rosidl_typesupport_introspection_cpp
[ 66%] Built target fast_lio__rosidl_typesupport_fastrtps_c
[35m[1mConsolidate compiler generated dependencies of target fastlio_mapping[0m
[ 66%] Built target fast_lio
[ 69%] Built target fast_lio__py
[ 71%] [32mBuilding CXX object CMakeFiles/fastlio_mapping.dir/src/laserMapping.cpp.o[0m
[ 76%] Built target fast_lio__rosidl_generator_py
[ 82%] Built target fast_lio__rosidl_typesupport_c__pyext
[ 87%] Built target fast_lio__rosidl_typesupport_fastrtps_c__pyext
[ 92%] Built target fast_lio__rosidl_typesupport_introspection_c__pyext
running egg_info
writing fast_lio.egg-info/PKG-INFO
writing dependency_links to fast_lio.egg-info/dependency_links.txt
writing top-level names to fast_lio.egg-info/top_level.txt
reading manifest file 'fast_lio.egg-info/SOURCES.txt'
writing manifest file 'fast_lio.egg-info/SOURCES.txt'
[ 92%] Built target ament_cmake_python_build_fast_lio_egg
