[0.008s] Invoking command in '/home/dongkuo/lt_ws/loc_ws/build/fast_lio': CMAKE_PREFIX_PATH=/home/dongkuo/lt_ws/loc_ws/install/livox_ros_driver2:/home/dongkuo/lt_ws/loc_ws/install/scout_base:/opt/ros/humble:/home/dongkuo/lt_ws/loc_ws/install/ugv_sdk:/home/dongkuo/lt_ws/loc_ws/install/scout_msgs:/home/dongkuo/lt_ws/loc_ws/install/scout_description:/home/dongkuo/lt_ws/loc_ws/install/point2d_loc:/home/dongkuo/lt_ws/loc_ws/install/nav_demo:/home/dongkuo/lt_ws/loc_ws/install/fast_lio:/home/dongkuo/lt_ws/realsense_ws/install/realsense2_description:/home/dongkuo/lt_ws/realsense_ws/install/realsense2_camera:/home/dongkuo/lt_ws/realsense_ws/install/realsense2_camera_msgs:/home/dongkuo/lt_ws/realsense_ws/install/depth_to_cloud_converter:/opt/vulcanexus/humble LD_LIBRARY_PATH=/home/dongkuo/lt_ws/loc_ws/install/livox_ros_driver2/lib:/home/dongkuo/lt_ws/loc_ws/install/scout_msgs/lib:/home/dongkuo/lt_ws/loc_ws/install/fast_lio/lib:/home/dongkuo/lt_ws/realsense_ws/install/realsense2_camera/lib:/home/dongkuo/lt_ws/realsense_ws/install/realsense2_camera_msgs/lib:/opt/vulcanexus/humble/lib:/usr/lib/x86_64-linux-gnu/gazebo-11/plugins:/opt/ros/humble/opt/rviz_ogre_vendor/lib:/opt/ros/humble/lib/x86_64-linux-gnu:/opt/ros/humble/lib /usr/bin/cmake --build /home/dongkuo/lt_ws/loc_ws/build/fast_lio -- -j32 -l32
[0.049s] [  2%] Built target fast_lio__cpp
[0.049s] [ 10%] Built target fast_lio__rosidl_generator_c
[0.055s] [ 10%] Built target ament_cmake_python_copy_fast_lio
[0.058s] [ 15%] Built target pcd_publisher
[0.058s] [ 20%] Built target pcd_to_grid
[0.063s] [ 28%] Built target fast_lio__rosidl_typesupport_fastrtps_cpp
[0.063s] [ 41%] Built target fast_lio__rosidl_typesupport_introspection_c
[0.064s] [ 43%] Built target fast_lio__rosidl_typesupport_c
[0.065s] [ 53%] Built target fast_lio__rosidl_typesupport_cpp
[0.065s] [ 58%] Built target fast_lio__rosidl_typesupport_introspection_cpp
[0.067s] [ 66%] Built target fast_lio__rosidl_typesupport_fastrtps_c
[0.077s] [35m[1mConsolidate compiler generated dependencies of target fastlio_mapping[0m
[0.080s] [ 66%] Built target fast_lio
[0.094s] [ 69%] Built target fast_lio__py
[0.098s] [ 71%] [32mBuilding CXX object CMakeFiles/fastlio_mapping.dir/src/laserMapping.cpp.o[0m
[0.114s] [ 76%] Built target fast_lio__rosidl_generator_py
[0.131s] [ 82%] Built target fast_lio__rosidl_typesupport_c__pyext
[0.131s] [ 87%] Built target fast_lio__rosidl_typesupport_fastrtps_c__pyext
[0.131s] [ 92%] Built target fast_lio__rosidl_typesupport_introspection_c__pyext
[0.192s] running egg_info
[0.192s] writing fast_lio.egg-info/PKG-INFO
[0.193s] writing dependency_links to fast_lio.egg-info/dependency_links.txt
[0.193s] writing top-level names to fast_lio.egg-info/top_level.txt
[0.194s] reading manifest file 'fast_lio.egg-info/SOURCES.txt'
[0.194s] writing manifest file 'fast_lio.egg-info/SOURCES.txt'
[0.209s] [ 92%] Built target ament_cmake_python_build_fast_lio_egg
[2.848s] In file included from [01m[K/usr/include/boost/smart_ptr/detail/sp_thread_sleep.hpp:22[m[K,
[2.848s]                  from [01m[K/usr/include/boost/smart_ptr/detail/yield_k.hpp:23[m[K,
[2.848s]                  from [01m[K/usr/include/boost/smart_ptr/detail/spinlock_gcc_atomic.hpp:14[m[K,
[2.848s]                  from [01m[K/usr/include/boost/smart_ptr/detail/spinlock.hpp:42[m[K,
[2.848s]                  from [01m[K/usr/include/boost/smart_ptr/detail/spinlock_pool.hpp:25[m[K,
[2.848s]                  from [01m[K/usr/include/boost/smart_ptr/shared_ptr.hpp:29[m[K,
[2.848s]                  from [01m[K/usr/include/boost/shared_ptr.hpp:17[m[K,
[2.848s]                  from [01m[K/usr/include/boost/date_time/microsec_time_clock.hpp:18[m[K,
[2.848s]                  from [01m[K/usr/include/boost/interprocess/detail/posix_time_types_wrk.hpp:31[m[K,
[2.848s]                  from [01m[K/usr/include/boost/interprocess/detail/os_thread_functions.hpp:36[m[K,
[2.848s]                  from [01m[K/usr/include/boost/interprocess/sync/file_lock.hpp:26[m[K,
[2.848s]                  from [01m[K/usr/include/pcl-1.12/pcl/io/pcd_io.h:46[m[K,
[2.848s]                  from [01m[K/opt/ros/humble/include/pcl_conversions/pcl_conversions/pcl_conversions.h:73[m[K,
[2.848s]                  from [01m[K/home/dongkuo/lt_ws/loc_ws/src/FAST_LIO/src/IMU_Processing.hpp:18[m[K,
[2.848s]                  from [01m[K/home/dongkuo/lt_ws/loc_ws/src/FAST_LIO/src/laserMapping.cpp:47[m[K:
[2.848s] [01m[K/usr/include/boost/bind.hpp:36:1:[m[K [01;36m[Knote: [m[K‘[01m[K#pragma message: The practice of declaring the Bind placeholders (_1, _2, ...) in the global namespace is deprecated. Please use <boost/bind/bind.hpp> + using namespace boost::placeholders, or define BOOST_BIND_GLOBAL_PLACEHOLDERS to retain the current behavior.[m[K’
[2.848s]    36 | [01;36m[KBOOST_PRAGMA_MESSAGE[m[K(
[2.849s]       | [01;36m[K^~~~~~~~~~~~~~~~~~~~[m[K
[9.559s] gmake[2]: *** [CMakeFiles/fastlio_mapping.dir/build.make:76: CMakeFiles/fastlio_mapping.dir/src/laserMapping.cpp.o] Interrupt
[9.559s] gmake[1]: *** [CMakeFiles/Makefile2:597: CMakeFiles/fastlio_mapping.dir/all] Interrupt
[9.559s] gmake: *** [Makefile:146: all] Interrupt
[9.600s] Invoked command in '/home/dongkuo/lt_ws/loc_ws/build/fast_lio' returned '-2': CMAKE_PREFIX_PATH=/home/dongkuo/lt_ws/loc_ws/install/livox_ros_driver2:/home/dongkuo/lt_ws/loc_ws/install/scout_base:/opt/ros/humble:/home/dongkuo/lt_ws/loc_ws/install/ugv_sdk:/home/dongkuo/lt_ws/loc_ws/install/scout_msgs:/home/dongkuo/lt_ws/loc_ws/install/scout_description:/home/dongkuo/lt_ws/loc_ws/install/point2d_loc:/home/dongkuo/lt_ws/loc_ws/install/nav_demo:/home/dongkuo/lt_ws/loc_ws/install/fast_lio:/home/dongkuo/lt_ws/realsense_ws/install/realsense2_description:/home/dongkuo/lt_ws/realsense_ws/install/realsense2_camera:/home/dongkuo/lt_ws/realsense_ws/install/realsense2_camera_msgs:/home/dongkuo/lt_ws/realsense_ws/install/depth_to_cloud_converter:/opt/vulcanexus/humble LD_LIBRARY_PATH=/home/dongkuo/lt_ws/loc_ws/install/livox_ros_driver2/lib:/home/dongkuo/lt_ws/loc_ws/install/scout_msgs/lib:/home/dongkuo/lt_ws/loc_ws/install/fast_lio/lib:/home/dongkuo/lt_ws/realsense_ws/install/realsense2_camera/lib:/home/dongkuo/lt_ws/realsense_ws/install/realsense2_camera_msgs/lib:/opt/vulcanexus/humble/lib:/usr/lib/x86_64-linux-gnu/gazebo-11/plugins:/opt/ros/humble/opt/rviz_ogre_vendor/lib:/opt/ros/humble/lib/x86_64-linux-gnu:/opt/ros/humble/lib /usr/bin/cmake --build /home/dongkuo/lt_ws/loc_ws/build/fast_lio -- -j32 -l32
