[0mCurrent CPU archtecture: x86_64[0m
[0mProcesser number:  32[0m
[0mcore for MP: 3[0m
[33mCMake Warning (dev) at CMakeLists.txt:81 (find_package):
  Policy CMP0074 is not set: find_package uses <PackageName>_ROOT variables.
  Run "cmake --help-policy CMP0074" for policy details.  Use the cmake_policy
  command to set the policy and suppress this warning.

  CMake variable PCL_ROOT is set to:

    /usr

  For compatibility, CMake is ignoring the variable.
This warning is for project developers.  Use -Wno-dev to suppress it.
[0m
[0mEigen:/usr/include/eigen3[0m
[33mCMake Warning at CMakeLists.txt:95 (add_executable):
  Cannot generate a safe runtime search path for target fastlio_mapping
  because there is a cycle in the constraint graph:

    dir 0 is [/home/dongkuo/lt_ws/loc_ws/build/fast_lio]
    dir 1 is [/opt/ros/humble/lib]
      dir 3 must precede it due to runtime library [librosidl_typesupport_fastrtps_c.so]
    dir 2 is [/home/dongkuo/lt_ws/loc_ws/install/livox_ros_driver2/lib]
    dir 3 is [/opt/vulcanexus/humble/lib]
      dir 1 must precede it due to runtime library [librosidl_typesupport_fastrtps_c.so]

  Some of these libraries may not be found correctly.

[0m
[33mCMake Warning at CMakeLists.txt:118 (add_executable):
  Cannot generate a safe runtime search path for target pcd_publisher because
  there is a cycle in the constraint graph:

    dir 0 is [/opt/ros/humble/lib]
      dir 1 must precede it due to runtime library [librosidl_typesupport_fastrtps_c.so]
    dir 1 is [/opt/vulcanexus/humble/lib]
      dir 0 must precede it due to runtime library [librosidl_typesupport_fastrtps_c.so]

  Some of these libraries may not be found correctly.

[0m
