[0.015s] Invoking command in '/home/dongkuo/lt_ws/loc_ws/build/scout_msgs': CMAKE_PREFIX_PATH=/home/dongkuo/lt_ws/loc_ws/install/scout_base:/opt/ros/humble:/home/dongkuo/lt_ws/loc_ws/install/ugv_sdk:/home/dongkuo/lt_ws/loc_ws/install/scout_msgs:/home/dongkuo/lt_ws/loc_ws/install/scout_description:/home/dongkuo/lt_ws/loc_ws/install/point2d_loc:/home/dongkuo/lt_ws/loc_ws/install/nav_demo:/home/dongkuo/lt_ws/loc_ws/install/fast_lio:/home/dongkuo/lt_ws/loc_ws/install/livox_ros_driver2:/home/dongkuo/lt_ws/realsense_ws/install/realsense2_description:/home/dongkuo/lt_ws/realsense_ws/install/realsense2_camera:/home/dongkuo/lt_ws/realsense_ws/install/realsense2_camera_msgs:/home/dongkuo/lt_ws/realsense_ws/install/depth_to_cloud_converter:/opt/vulcanexus/humble /usr/bin/cmake --build /home/dongkuo/lt_ws/loc_ws/build/scout_msgs -- -j32 -l32
[0.049s] [ 11%] Built target scout_msgs__rosidl_generator_c
[0.051s] [ 12%] Built target scout_msgs__cpp
[0.056s] [ 12%] Built target ament_cmake_python_copy_scout_msgs
[0.065s] [ 26%] Built target scout_msgs__rosidl_typesupport_introspection_c
[0.065s] [ 34%] Built target scout_msgs__rosidl_typesupport_c
[0.070s] [ 57%] Built target scout_msgs__rosidl_typesupport_fastrtps_c
[0.071s] [ 57%] Built target scout_msgs__rosidl_typesupport_fastrtps_cpp
[0.072s] [ 68%] Built target scout_msgs__rosidl_typesupport_cpp
[0.072s] [ 79%] Built target scout_msgs__rosidl_typesupport_introspection_cpp
[0.085s] [ 79%] Built target scout_msgs
[0.102s] [ 80%] Built target scout_msgs__py
[0.116s] [ 90%] Built target scout_msgs__rosidl_generator_py
[0.133s] [ 98%] Built target scout_msgs__rosidl_typesupport_c__pyext
[0.133s] [ 98%] Built target scout_msgs__rosidl_typesupport_introspection_c__pyext
[0.133s] [100%] Built target scout_msgs__rosidl_typesupport_fastrtps_c__pyext
[0.180s] running egg_info
[0.180s] writing scout_msgs.egg-info/PKG-INFO
[0.180s] writing dependency_links to scout_msgs.egg-info/dependency_links.txt
[0.180s] writing top-level names to scout_msgs.egg-info/top_level.txt
[0.181s] reading manifest file 'scout_msgs.egg-info/SOURCES.txt'
[0.182s] writing manifest file 'scout_msgs.egg-info/SOURCES.txt'
[0.196s] [100%] Built target ament_cmake_python_build_scout_msgs_egg
[0.206s] Invoked command in '/home/dongkuo/lt_ws/loc_ws/build/scout_msgs' returned '0': CMAKE_PREFIX_PATH=/home/dongkuo/lt_ws/loc_ws/install/scout_base:/opt/ros/humble:/home/dongkuo/lt_ws/loc_ws/install/ugv_sdk:/home/dongkuo/lt_ws/loc_ws/install/scout_msgs:/home/dongkuo/lt_ws/loc_ws/install/scout_description:/home/dongkuo/lt_ws/loc_ws/install/point2d_loc:/home/dongkuo/lt_ws/loc_ws/install/nav_demo:/home/dongkuo/lt_ws/loc_ws/install/fast_lio:/home/dongkuo/lt_ws/loc_ws/install/livox_ros_driver2:/home/dongkuo/lt_ws/realsense_ws/install/realsense2_description:/home/dongkuo/lt_ws/realsense_ws/install/realsense2_camera:/home/dongkuo/lt_ws/realsense_ws/install/realsense2_camera_msgs:/home/dongkuo/lt_ws/realsense_ws/install/depth_to_cloud_converter:/opt/vulcanexus/humble /usr/bin/cmake --build /home/dongkuo/lt_ws/loc_ws/build/scout_msgs -- -j32 -l32
[0.207s] Invoking command in '/home/dongkuo/lt_ws/loc_ws/build/scout_msgs': CMAKE_PREFIX_PATH=/home/dongkuo/lt_ws/loc_ws/install/scout_base:/opt/ros/humble:/home/dongkuo/lt_ws/loc_ws/install/ugv_sdk:/home/dongkuo/lt_ws/loc_ws/install/scout_msgs:/home/dongkuo/lt_ws/loc_ws/install/scout_description:/home/dongkuo/lt_ws/loc_ws/install/point2d_loc:/home/dongkuo/lt_ws/loc_ws/install/nav_demo:/home/dongkuo/lt_ws/loc_ws/install/fast_lio:/home/dongkuo/lt_ws/loc_ws/install/livox_ros_driver2:/home/dongkuo/lt_ws/realsense_ws/install/realsense2_description:/home/dongkuo/lt_ws/realsense_ws/install/realsense2_camera:/home/dongkuo/lt_ws/realsense_ws/install/realsense2_camera_msgs:/home/dongkuo/lt_ws/realsense_ws/install/depth_to_cloud_converter:/opt/vulcanexus/humble /usr/bin/cmake --install /home/dongkuo/lt_ws/loc_ws/build/scout_msgs
[0.214s] -- Install configuration: ""
[0.214s] -- Up-to-date: /home/dongkuo/lt_ws/loc_ws/install/scout_msgs/share/ament_index/resource_index/rosidl_interfaces/scout_msgs
[0.214s] -- Up-to-date: /home/dongkuo/lt_ws/loc_ws/install/scout_msgs/include/scout_msgs/scout_msgs
[0.214s] -- Up-to-date: /home/dongkuo/lt_ws/loc_ws/install/scout_msgs/include/scout_msgs/scout_msgs/msg
[0.214s] -- Up-to-date: /home/dongkuo/lt_ws/loc_ws/install/scout_msgs/include/scout_msgs/scout_msgs/msg/scout_rc_state.h
[0.214s] -- Up-to-date: /home/dongkuo/lt_ws/loc_ws/install/scout_msgs/include/scout_msgs/scout_msgs/msg/scout_light_state.h
[0.214s] -- Up-to-date: /home/dongkuo/lt_ws/loc_ws/install/scout_msgs/include/scout_msgs/scout_msgs/msg/scout_actuator_state.h
[0.214s] -- Up-to-date: /home/dongkuo/lt_ws/loc_ws/install/scout_msgs/include/scout_msgs/scout_msgs/msg/scout_status.h
[0.214s] -- Up-to-date: /home/dongkuo/lt_ws/loc_ws/install/scout_msgs/include/scout_msgs/scout_msgs/msg/detail
[0.214s] -- Up-to-date: /home/dongkuo/lt_ws/loc_ws/install/scout_msgs/include/scout_msgs/scout_msgs/msg/detail/scout_light_cmd__struct.h
[0.214s] -- Up-to-date: /home/dongkuo/lt_ws/loc_ws/install/scout_msgs/include/scout_msgs/scout_msgs/msg/detail/scout_light_state__struct.h
[0.214s] -- Up-to-date: /home/dongkuo/lt_ws/loc_ws/install/scout_msgs/include/scout_msgs/scout_msgs/msg/detail/scout_light_cmd__functions.c
[0.214s] -- Up-to-date: /home/dongkuo/lt_ws/loc_ws/install/scout_msgs/include/scout_msgs/scout_msgs/msg/detail/scout_light_cmd__type_support.h
[0.214s] -- Up-to-date: /home/dongkuo/lt_ws/loc_ws/install/scout_msgs/include/scout_msgs/scout_msgs/msg/detail/scout_actuator_state__functions.c
[0.214s] -- Up-to-date: /home/dongkuo/lt_ws/loc_ws/install/scout_msgs/include/scout_msgs/scout_msgs/msg/detail/scout_status__functions.h
[0.214s] -- Up-to-date: /home/dongkuo/lt_ws/loc_ws/install/scout_msgs/include/scout_msgs/scout_msgs/msg/detail/scout_actuator_state__type_support.h
[0.214s] -- Up-to-date: /home/dongkuo/lt_ws/loc_ws/install/scout_msgs/include/scout_msgs/scout_msgs/msg/detail/scout_light_state__functions.h
[0.214s] -- Up-to-date: /home/dongkuo/lt_ws/loc_ws/install/scout_msgs/include/scout_msgs/scout_msgs/msg/detail/scout_rc_state__functions.c
[0.214s] -- Up-to-date: /home/dongkuo/lt_ws/loc_ws/install/scout_msgs/include/scout_msgs/scout_msgs/msg/detail/scout_light_state__functions.c
[0.214s] -- Up-to-date: /home/dongkuo/lt_ws/loc_ws/install/scout_msgs/include/scout_msgs/scout_msgs/msg/detail/scout_status__struct.h
[0.214s] -- Up-to-date: /home/dongkuo/lt_ws/loc_ws/install/scout_msgs/include/scout_msgs/scout_msgs/msg/detail/scout_actuator_state__functions.h
[0.214s] -- Up-to-date: /home/dongkuo/lt_ws/loc_ws/install/scout_msgs/include/scout_msgs/scout_msgs/msg/detail/scout_light_cmd__functions.h
[0.214s] -- Up-to-date: /home/dongkuo/lt_ws/loc_ws/install/scout_msgs/include/scout_msgs/scout_msgs/msg/detail/scout_rc_state__struct.h
[0.214s] -- Up-to-date: /home/dongkuo/lt_ws/loc_ws/install/scout_msgs/include/scout_msgs/scout_msgs/msg/detail/scout_rc_state__type_support.h
[0.214s] -- Up-to-date: /home/dongkuo/lt_ws/loc_ws/install/scout_msgs/include/scout_msgs/scout_msgs/msg/detail/scout_light_state__type_support.h
[0.214s] -- Up-to-date: /home/dongkuo/lt_ws/loc_ws/install/scout_msgs/include/scout_msgs/scout_msgs/msg/detail/scout_rc_state__functions.h
[0.214s] -- Up-to-date: /home/dongkuo/lt_ws/loc_ws/install/scout_msgs/include/scout_msgs/scout_msgs/msg/detail/scout_actuator_state__struct.h
[0.214s] -- Up-to-date: /home/dongkuo/lt_ws/loc_ws/install/scout_msgs/include/scout_msgs/scout_msgs/msg/detail/scout_status__type_support.h
[0.214s] -- Up-to-date: /home/dongkuo/lt_ws/loc_ws/install/scout_msgs/include/scout_msgs/scout_msgs/msg/detail/scout_status__functions.c
[0.214s] -- Up-to-date: /home/dongkuo/lt_ws/loc_ws/install/scout_msgs/include/scout_msgs/scout_msgs/msg/rosidl_generator_c__visibility_control.h
[0.214s] -- Up-to-date: /home/dongkuo/lt_ws/loc_ws/install/scout_msgs/include/scout_msgs/scout_msgs/msg/scout_light_cmd.h
[0.214s] -- Up-to-date: /home/dongkuo/lt_ws/loc_ws/install/scout_msgs/share/scout_msgs/environment/library_path.sh
[0.214s] -- Up-to-date: /home/dongkuo/lt_ws/loc_ws/install/scout_msgs/share/scout_msgs/environment/library_path.dsv
[0.214s] -- Up-to-date: /home/dongkuo/lt_ws/loc_ws/install/scout_msgs/lib/libscout_msgs__rosidl_generator_c.so
[0.215s] -- Up-to-date: /home/dongkuo/lt_ws/loc_ws/install/scout_msgs/include/scout_msgs/scout_msgs
[0.215s] -- Up-to-date: /home/dongkuo/lt_ws/loc_ws/install/scout_msgs/include/scout_msgs/scout_msgs/msg
[0.215s] -- Up-to-date: /home/dongkuo/lt_ws/loc_ws/install/scout_msgs/include/scout_msgs/scout_msgs/msg/rosidl_typesupport_fastrtps_c__visibility_control.h
[0.215s] -- Up-to-date: /home/dongkuo/lt_ws/loc_ws/install/scout_msgs/include/scout_msgs/scout_msgs/msg/detail
[0.215s] -- Up-to-date: /home/dongkuo/lt_ws/loc_ws/install/scout_msgs/include/scout_msgs/scout_msgs/msg/detail/scout_light_state__rosidl_typesupport_fastrtps_c.h
[0.215s] -- Up-to-date: /home/dongkuo/lt_ws/loc_ws/install/scout_msgs/include/scout_msgs/scout_msgs/msg/detail/scout_actuator_state__rosidl_typesupport_fastrtps_c.h
[0.215s] -- Up-to-date: /home/dongkuo/lt_ws/loc_ws/install/scout_msgs/include/scout_msgs/scout_msgs/msg/detail/scout_status__rosidl_typesupport_fastrtps_c.h
[0.215s] -- Up-to-date: /home/dongkuo/lt_ws/loc_ws/install/scout_msgs/include/scout_msgs/scout_msgs/msg/detail/scout_light_cmd__rosidl_typesupport_fastrtps_c.h
[0.215s] -- Up-to-date: /home/dongkuo/lt_ws/loc_ws/install/scout_msgs/include/scout_msgs/scout_msgs/msg/detail/scout_rc_state__rosidl_typesupport_fastrtps_c.h
[0.215s] -- Up-to-date: /home/dongkuo/lt_ws/loc_ws/install/scout_msgs/lib/libscout_msgs__rosidl_typesupport_fastrtps_c.so
[0.215s] -- Up-to-date: /home/dongkuo/lt_ws/loc_ws/install/scout_msgs/include/scout_msgs/scout_msgs
[0.215s] -- Up-to-date: /home/dongkuo/lt_ws/loc_ws/install/scout_msgs/include/scout_msgs/scout_msgs/msg
[0.215s] -- Up-to-date: /home/dongkuo/lt_ws/loc_ws/install/scout_msgs/include/scout_msgs/scout_msgs/msg/scout_light_state.hpp
[0.215s] -- Up-to-date: /home/dongkuo/lt_ws/loc_ws/install/scout_msgs/include/scout_msgs/scout_msgs/msg/scout_actuator_state.hpp
[0.215s] -- Up-to-date: /home/dongkuo/lt_ws/loc_ws/install/scout_msgs/include/scout_msgs/scout_msgs/msg/scout_status.hpp
[0.215s] -- Up-to-date: /home/dongkuo/lt_ws/loc_ws/install/scout_msgs/include/scout_msgs/scout_msgs/msg/scout_rc_state.hpp
[0.215s] -- Up-to-date: /home/dongkuo/lt_ws/loc_ws/install/scout_msgs/include/scout_msgs/scout_msgs/msg/detail
[0.215s] -- Up-to-date: /home/dongkuo/lt_ws/loc_ws/install/scout_msgs/include/scout_msgs/scout_msgs/msg/detail/scout_rc_state__type_support.hpp
[0.215s] -- Up-to-date: /home/dongkuo/lt_ws/loc_ws/install/scout_msgs/include/scout_msgs/scout_msgs/msg/detail/scout_actuator_state__type_support.hpp
[0.215s] -- Up-to-date: /home/dongkuo/lt_ws/loc_ws/install/scout_msgs/include/scout_msgs/scout_msgs/msg/detail/scout_light_cmd__struct.hpp
[0.215s] -- Up-to-date: /home/dongkuo/lt_ws/loc_ws/install/scout_msgs/include/scout_msgs/scout_msgs/msg/detail/scout_rc_state__traits.hpp
[0.215s] -- Up-to-date: /home/dongkuo/lt_ws/loc_ws/install/scout_msgs/include/scout_msgs/scout_msgs/msg/detail/scout_light_cmd__traits.hpp
[0.215s] -- Up-to-date: /home/dongkuo/lt_ws/loc_ws/install/scout_msgs/include/scout_msgs/scout_msgs/msg/detail/scout_rc_state__struct.hpp
[0.215s] -- Up-to-date: /home/dongkuo/lt_ws/loc_ws/install/scout_msgs/include/scout_msgs/scout_msgs/msg/detail/scout_actuator_state__struct.hpp
[0.215s] -- Up-to-date: /home/dongkuo/lt_ws/loc_ws/install/scout_msgs/include/scout_msgs/scout_msgs/msg/detail/scout_light_state__struct.hpp
[0.215s] -- Up-to-date: /home/dongkuo/lt_ws/loc_ws/install/scout_msgs/include/scout_msgs/scout_msgs/msg/detail/scout_status__type_support.hpp
[0.215s] -- Up-to-date: /home/dongkuo/lt_ws/loc_ws/install/scout_msgs/include/scout_msgs/scout_msgs/msg/detail/scout_light_cmd__builder.hpp
[0.215s] -- Up-to-date: /home/dongkuo/lt_ws/loc_ws/install/scout_msgs/include/scout_msgs/scout_msgs/msg/detail/scout_actuator_state__builder.hpp
[0.215s] -- Up-to-date: /home/dongkuo/lt_ws/loc_ws/install/scout_msgs/include/scout_msgs/scout_msgs/msg/detail/scout_light_cmd__type_support.hpp
[0.215s] -- Up-to-date: /home/dongkuo/lt_ws/loc_ws/install/scout_msgs/include/scout_msgs/scout_msgs/msg/detail/scout_light_state__type_support.hpp
[0.215s] -- Up-to-date: /home/dongkuo/lt_ws/loc_ws/install/scout_msgs/include/scout_msgs/scout_msgs/msg/detail/scout_status__builder.hpp
[0.215s] -- Up-to-date: /home/dongkuo/lt_ws/loc_ws/install/scout_msgs/include/scout_msgs/scout_msgs/msg/detail/scout_rc_state__builder.hpp
[0.215s] -- Up-to-date: /home/dongkuo/lt_ws/loc_ws/install/scout_msgs/include/scout_msgs/scout_msgs/msg/detail/scout_status__struct.hpp
[0.215s] -- Up-to-date: /home/dongkuo/lt_ws/loc_ws/install/scout_msgs/include/scout_msgs/scout_msgs/msg/detail/scout_status__traits.hpp
[0.215s] -- Up-to-date: /home/dongkuo/lt_ws/loc_ws/install/scout_msgs/include/scout_msgs/scout_msgs/msg/detail/scout_light_state__traits.hpp
[0.215s] -- Up-to-date: /home/dongkuo/lt_ws/loc_ws/install/scout_msgs/include/scout_msgs/scout_msgs/msg/detail/scout_light_state__builder.hpp
[0.215s] -- Up-to-date: /home/dongkuo/lt_ws/loc_ws/install/scout_msgs/include/scout_msgs/scout_msgs/msg/detail/scout_actuator_state__traits.hpp
[0.215s] -- Up-to-date: /home/dongkuo/lt_ws/loc_ws/install/scout_msgs/include/scout_msgs/scout_msgs/msg/rosidl_generator_cpp__visibility_control.hpp
[0.215s] -- Up-to-date: /home/dongkuo/lt_ws/loc_ws/install/scout_msgs/include/scout_msgs/scout_msgs/msg/scout_light_cmd.hpp
[0.215s] -- Up-to-date: /home/dongkuo/lt_ws/loc_ws/install/scout_msgs/include/scout_msgs/scout_msgs
[0.215s] -- Up-to-date: /home/dongkuo/lt_ws/loc_ws/install/scout_msgs/include/scout_msgs/scout_msgs/msg
[0.215s] -- Up-to-date: /home/dongkuo/lt_ws/loc_ws/install/scout_msgs/include/scout_msgs/scout_msgs/msg/detail
[0.215s] -- Up-to-date: /home/dongkuo/lt_ws/loc_ws/install/scout_msgs/include/scout_msgs/scout_msgs/msg/detail/scout_light_state__rosidl_typesupport_fastrtps_cpp.hpp
[0.216s] -- Up-to-date: /home/dongkuo/lt_ws/loc_ws/install/scout_msgs/include/scout_msgs/scout_msgs/msg/detail/scout_rc_state__rosidl_typesupport_fastrtps_cpp.hpp
[0.216s] -- Up-to-date: /home/dongkuo/lt_ws/loc_ws/install/scout_msgs/include/scout_msgs/scout_msgs/msg/detail/scout_actuator_state__rosidl_typesupport_fastrtps_cpp.hpp
[0.216s] -- Up-to-date: /home/dongkuo/lt_ws/loc_ws/install/scout_msgs/include/scout_msgs/scout_msgs/msg/detail/scout_status__rosidl_typesupport_fastrtps_cpp.hpp
[0.216s] -- Up-to-date: /home/dongkuo/lt_ws/loc_ws/install/scout_msgs/include/scout_msgs/scout_msgs/msg/detail/scout_light_cmd__rosidl_typesupport_fastrtps_cpp.hpp
[0.216s] -- Up-to-date: /home/dongkuo/lt_ws/loc_ws/install/scout_msgs/include/scout_msgs/scout_msgs/msg/detail/dds_fastrtps
[0.216s] -- Up-to-date: /home/dongkuo/lt_ws/loc_ws/install/scout_msgs/include/scout_msgs/scout_msgs/msg/rosidl_typesupport_fastrtps_cpp__visibility_control.h
[0.216s] -- Up-to-date: /home/dongkuo/lt_ws/loc_ws/install/scout_msgs/lib/libscout_msgs__rosidl_typesupport_fastrtps_cpp.so
[0.216s] -- Up-to-date: /home/dongkuo/lt_ws/loc_ws/install/scout_msgs/include/scout_msgs/scout_msgs
[0.216s] -- Up-to-date: /home/dongkuo/lt_ws/loc_ws/install/scout_msgs/include/scout_msgs/scout_msgs/msg
[0.216s] -- Up-to-date: /home/dongkuo/lt_ws/loc_ws/install/scout_msgs/include/scout_msgs/scout_msgs/msg/detail
[0.216s] -- Up-to-date: /home/dongkuo/lt_ws/loc_ws/install/scout_msgs/include/scout_msgs/scout_msgs/msg/detail/scout_rc_state__rosidl_typesupport_introspection_c.h
[0.216s] -- Up-to-date: /home/dongkuo/lt_ws/loc_ws/install/scout_msgs/include/scout_msgs/scout_msgs/msg/detail/scout_light_state__type_support.c
[0.216s] -- Up-to-date: /home/dongkuo/lt_ws/loc_ws/install/scout_msgs/include/scout_msgs/scout_msgs/msg/detail/scout_light_cmd__rosidl_typesupport_introspection_c.h
[0.216s] -- Up-to-date: /home/dongkuo/lt_ws/loc_ws/install/scout_msgs/include/scout_msgs/scout_msgs/msg/detail/scout_status__type_support.c
[0.216s] -- Up-to-date: /home/dongkuo/lt_ws/loc_ws/install/scout_msgs/include/scout_msgs/scout_msgs/msg/detail/scout_status__rosidl_typesupport_introspection_c.h
[0.216s] -- Up-to-date: /home/dongkuo/lt_ws/loc_ws/install/scout_msgs/include/scout_msgs/scout_msgs/msg/detail/scout_light_state__rosidl_typesupport_introspection_c.h
[0.216s] -- Up-to-date: /home/dongkuo/lt_ws/loc_ws/install/scout_msgs/include/scout_msgs/scout_msgs/msg/detail/scout_rc_state__type_support.c
[0.216s] -- Up-to-date: /home/dongkuo/lt_ws/loc_ws/install/scout_msgs/include/scout_msgs/scout_msgs/msg/detail/scout_actuator_state__rosidl_typesupport_introspection_c.h
[0.216s] -- Up-to-date: /home/dongkuo/lt_ws/loc_ws/install/scout_msgs/include/scout_msgs/scout_msgs/msg/detail/scout_light_cmd__type_support.c
[0.216s] -- Up-to-date: /home/dongkuo/lt_ws/loc_ws/install/scout_msgs/include/scout_msgs/scout_msgs/msg/detail/scout_actuator_state__type_support.c
[0.216s] -- Up-to-date: /home/dongkuo/lt_ws/loc_ws/install/scout_msgs/include/scout_msgs/scout_msgs/msg/rosidl_typesupport_introspection_c__visibility_control.h
[0.216s] -- Up-to-date: /home/dongkuo/lt_ws/loc_ws/install/scout_msgs/lib/libscout_msgs__rosidl_typesupport_introspection_c.so
[0.216s] -- Up-to-date: /home/dongkuo/lt_ws/loc_ws/install/scout_msgs/lib/libscout_msgs__rosidl_typesupport_c.so
[0.216s] -- Up-to-date: /home/dongkuo/lt_ws/loc_ws/install/scout_msgs/include/scout_msgs/scout_msgs
[0.216s] -- Up-to-date: /home/dongkuo/lt_ws/loc_ws/install/scout_msgs/include/scout_msgs/scout_msgs/msg
[0.216s] -- Up-to-date: /home/dongkuo/lt_ws/loc_ws/install/scout_msgs/include/scout_msgs/scout_msgs/msg/detail
[0.216s] -- Up-to-date: /home/dongkuo/lt_ws/loc_ws/install/scout_msgs/include/scout_msgs/scout_msgs/msg/detail/scout_rc_state__rosidl_typesupport_introspection_cpp.hpp
[0.216s] -- Up-to-date: /home/dongkuo/lt_ws/loc_ws/install/scout_msgs/include/scout_msgs/scout_msgs/msg/detail/scout_light_state__type_support.cpp
[0.216s] -- Up-to-date: /home/dongkuo/lt_ws/loc_ws/install/scout_msgs/include/scout_msgs/scout_msgs/msg/detail/scout_status__type_support.cpp
[0.216s] -- Up-to-date: /home/dongkuo/lt_ws/loc_ws/install/scout_msgs/include/scout_msgs/scout_msgs/msg/detail/scout_light_state__rosidl_typesupport_introspection_cpp.hpp
[0.216s] -- Up-to-date: /home/dongkuo/lt_ws/loc_ws/install/scout_msgs/include/scout_msgs/scout_msgs/msg/detail/scout_rc_state__type_support.cpp
[0.216s] -- Up-to-date: /home/dongkuo/lt_ws/loc_ws/install/scout_msgs/include/scout_msgs/scout_msgs/msg/detail/scout_actuator_state__rosidl_typesupport_introspection_cpp.hpp
[0.216s] -- Up-to-date: /home/dongkuo/lt_ws/loc_ws/install/scout_msgs/include/scout_msgs/scout_msgs/msg/detail/scout_actuator_state__type_support.cpp
[0.216s] -- Up-to-date: /home/dongkuo/lt_ws/loc_ws/install/scout_msgs/include/scout_msgs/scout_msgs/msg/detail/scout_light_cmd__rosidl_typesupport_introspection_cpp.hpp
[0.216s] -- Up-to-date: /home/dongkuo/lt_ws/loc_ws/install/scout_msgs/include/scout_msgs/scout_msgs/msg/detail/scout_light_cmd__type_support.cpp
[0.216s] -- Up-to-date: /home/dongkuo/lt_ws/loc_ws/install/scout_msgs/include/scout_msgs/scout_msgs/msg/detail/scout_status__rosidl_typesupport_introspection_cpp.hpp
[0.216s] -- Up-to-date: /home/dongkuo/lt_ws/loc_ws/install/scout_msgs/lib/libscout_msgs__rosidl_typesupport_introspection_cpp.so
[0.216s] -- Up-to-date: /home/dongkuo/lt_ws/loc_ws/install/scout_msgs/lib/libscout_msgs__rosidl_typesupport_cpp.so
[0.216s] -- Up-to-date: /home/dongkuo/lt_ws/loc_ws/install/scout_msgs/share/scout_msgs/environment/pythonpath.sh
[0.216s] -- Up-to-date: /home/dongkuo/lt_ws/loc_ws/install/scout_msgs/share/scout_msgs/environment/pythonpath.dsv
[0.216s] -- Up-to-date: /home/dongkuo/lt_ws/loc_ws/install/scout_msgs/local/lib/python3.10/dist-packages/scout_msgs-0.1.0-py3.10.egg-info
[0.217s] -- Installing: /home/dongkuo/lt_ws/loc_ws/install/scout_msgs/local/lib/python3.10/dist-packages/scout_msgs-0.1.0-py3.10.egg-info/SOURCES.txt
[0.217s] -- Installing: /home/dongkuo/lt_ws/loc_ws/install/scout_msgs/local/lib/python3.10/dist-packages/scout_msgs-0.1.0-py3.10.egg-info/top_level.txt
[0.217s] -- Installing: /home/dongkuo/lt_ws/loc_ws/install/scout_msgs/local/lib/python3.10/dist-packages/scout_msgs-0.1.0-py3.10.egg-info/dependency_links.txt
[0.217s] -- Installing: /home/dongkuo/lt_ws/loc_ws/install/scout_msgs/local/lib/python3.10/dist-packages/scout_msgs-0.1.0-py3.10.egg-info/PKG-INFO
[0.217s] -- Up-to-date: /home/dongkuo/lt_ws/loc_ws/install/scout_msgs/local/lib/python3.10/dist-packages/scout_msgs
[0.217s] -- Up-to-date: /home/dongkuo/lt_ws/loc_ws/install/scout_msgs/local/lib/python3.10/dist-packages/scout_msgs/scout_msgs_s__rosidl_typesupport_fastrtps_c.cpython-310-x86_64-linux-gnu.so
[0.217s] -- Up-to-date: /home/dongkuo/lt_ws/loc_ws/install/scout_msgs/local/lib/python3.10/dist-packages/scout_msgs/_scout_msgs_s.ep.rosidl_typesupport_c.c
[0.217s] -- Up-to-date: /home/dongkuo/lt_ws/loc_ws/install/scout_msgs/local/lib/python3.10/dist-packages/scout_msgs/_scout_msgs_s.ep.rosidl_typesupport_introspection_c.c
[0.217s] -- Up-to-date: /home/dongkuo/lt_ws/loc_ws/install/scout_msgs/local/lib/python3.10/dist-packages/scout_msgs/scout_msgs_s__rosidl_typesupport_c.cpython-310-x86_64-linux-gnu.so
[0.217s] -- Up-to-date: /home/dongkuo/lt_ws/loc_ws/install/scout_msgs/local/lib/python3.10/dist-packages/scout_msgs/_scout_msgs_s.ep.rosidl_typesupport_fastrtps_c.c
[0.217s] -- Up-to-date: /home/dongkuo/lt_ws/loc_ws/install/scout_msgs/local/lib/python3.10/dist-packages/scout_msgs/scout_msgs_s__rosidl_typesupport_introspection_c.cpython-310-x86_64-linux-gnu.so
[0.217s] -- Up-to-date: /home/dongkuo/lt_ws/loc_ws/install/scout_msgs/local/lib/python3.10/dist-packages/scout_msgs/__init__.py
[0.217s] -- Up-to-date: /home/dongkuo/lt_ws/loc_ws/install/scout_msgs/local/lib/python3.10/dist-packages/scout_msgs/msg
[0.217s] -- Up-to-date: /home/dongkuo/lt_ws/loc_ws/install/scout_msgs/local/lib/python3.10/dist-packages/scout_msgs/msg/_scout_light_cmd.py
[0.217s] -- Up-to-date: /home/dongkuo/lt_ws/loc_ws/install/scout_msgs/local/lib/python3.10/dist-packages/scout_msgs/msg/_scout_light_state_s.c
[0.217s] -- Up-to-date: /home/dongkuo/lt_ws/loc_ws/install/scout_msgs/local/lib/python3.10/dist-packages/scout_msgs/msg/_scout_actuator_state.py
[0.217s] -- Up-to-date: /home/dongkuo/lt_ws/loc_ws/install/scout_msgs/local/lib/python3.10/dist-packages/scout_msgs/msg/_scout_rc_state_s.c
[0.217s] -- Up-to-date: /home/dongkuo/lt_ws/loc_ws/install/scout_msgs/local/lib/python3.10/dist-packages/scout_msgs/msg/_scout_rc_state.py
[0.217s] -- Up-to-date: /home/dongkuo/lt_ws/loc_ws/install/scout_msgs/local/lib/python3.10/dist-packages/scout_msgs/msg/_scout_light_state.py
[0.217s] -- Up-to-date: /home/dongkuo/lt_ws/loc_ws/install/scout_msgs/local/lib/python3.10/dist-packages/scout_msgs/msg/_scout_status.py
[0.217s] -- Up-to-date: /home/dongkuo/lt_ws/loc_ws/install/scout_msgs/local/lib/python3.10/dist-packages/scout_msgs/msg/_scout_light_cmd_s.c
[0.217s] -- Up-to-date: /home/dongkuo/lt_ws/loc_ws/install/scout_msgs/local/lib/python3.10/dist-packages/scout_msgs/msg/_scout_status_s.c
[0.217s] -- Up-to-date: /home/dongkuo/lt_ws/loc_ws/install/scout_msgs/local/lib/python3.10/dist-packages/scout_msgs/msg/__init__.py
[0.217s] -- Up-to-date: /home/dongkuo/lt_ws/loc_ws/install/scout_msgs/local/lib/python3.10/dist-packages/scout_msgs/msg/_scout_actuator_state_s.c
[0.217s] -- Up-to-date: /home/dongkuo/lt_ws/loc_ws/install/scout_msgs/local/lib/python3.10/dist-packages/scout_msgs/libscout_msgs__rosidl_generator_py.so
[0.233s] Listing '/home/dongkuo/lt_ws/loc_ws/install/scout_msgs/local/lib/python3.10/dist-packages/scout_msgs'...
[0.233s] Listing '/home/dongkuo/lt_ws/loc_ws/install/scout_msgs/local/lib/python3.10/dist-packages/scout_msgs/msg'...
[0.235s] -- Up-to-date: /home/dongkuo/lt_ws/loc_ws/install/scout_msgs/local/lib/python3.10/dist-packages/scout_msgs/scout_msgs_s__rosidl_typesupport_fastrtps_c.cpython-310-x86_64-linux-gnu.so
[0.235s] -- Up-to-date: /home/dongkuo/lt_ws/loc_ws/install/scout_msgs/local/lib/python3.10/dist-packages/scout_msgs/scout_msgs_s__rosidl_typesupport_introspection_c.cpython-310-x86_64-linux-gnu.so
[0.235s] -- Up-to-date: /home/dongkuo/lt_ws/loc_ws/install/scout_msgs/local/lib/python3.10/dist-packages/scout_msgs/scout_msgs_s__rosidl_typesupport_c.cpython-310-x86_64-linux-gnu.so
[0.235s] -- Up-to-date: /home/dongkuo/lt_ws/loc_ws/install/scout_msgs/lib/libscout_msgs__rosidl_generator_py.so
[0.235s] -- Up-to-date: /home/dongkuo/lt_ws/loc_ws/install/scout_msgs/share/scout_msgs/msg/ScoutActuatorState.idl
[0.235s] -- Up-to-date: /home/dongkuo/lt_ws/loc_ws/install/scout_msgs/share/scout_msgs/msg/ScoutLightCmd.idl
[0.235s] -- Up-to-date: /home/dongkuo/lt_ws/loc_ws/install/scout_msgs/share/scout_msgs/msg/ScoutLightState.idl
[0.235s] -- Up-to-date: /home/dongkuo/lt_ws/loc_ws/install/scout_msgs/share/scout_msgs/msg/ScoutRCState.idl
[0.235s] -- Up-to-date: /home/dongkuo/lt_ws/loc_ws/install/scout_msgs/share/scout_msgs/msg/ScoutStatus.idl
[0.235s] -- Up-to-date: /home/dongkuo/lt_ws/loc_ws/install/scout_msgs/share/scout_msgs/msg/ScoutActuatorState.msg
[0.236s] -- Up-to-date: /home/dongkuo/lt_ws/loc_ws/install/scout_msgs/share/scout_msgs/msg/ScoutLightCmd.msg
[0.236s] -- Up-to-date: /home/dongkuo/lt_ws/loc_ws/install/scout_msgs/share/scout_msgs/msg/ScoutLightState.msg
[0.236s] -- Up-to-date: /home/dongkuo/lt_ws/loc_ws/install/scout_msgs/share/scout_msgs/msg/ScoutRCState.msg
[0.236s] -- Up-to-date: /home/dongkuo/lt_ws/loc_ws/install/scout_msgs/share/scout_msgs/msg/ScoutStatus.msg
[0.236s] -- Up-to-date: /home/dongkuo/lt_ws/loc_ws/install/scout_msgs/share/ament_index/resource_index/package_run_dependencies/scout_msgs
[0.236s] -- Up-to-date: /home/dongkuo/lt_ws/loc_ws/install/scout_msgs/share/ament_index/resource_index/parent_prefix_path/scout_msgs
[0.236s] -- Up-to-date: /home/dongkuo/lt_ws/loc_ws/install/scout_msgs/share/scout_msgs/environment/ament_prefix_path.sh
[0.236s] -- Up-to-date: /home/dongkuo/lt_ws/loc_ws/install/scout_msgs/share/scout_msgs/environment/ament_prefix_path.dsv
[0.236s] -- Up-to-date: /home/dongkuo/lt_ws/loc_ws/install/scout_msgs/share/scout_msgs/environment/path.sh
[0.236s] -- Up-to-date: /home/dongkuo/lt_ws/loc_ws/install/scout_msgs/share/scout_msgs/environment/path.dsv
[0.236s] -- Up-to-date: /home/dongkuo/lt_ws/loc_ws/install/scout_msgs/share/scout_msgs/local_setup.bash
[0.236s] -- Up-to-date: /home/dongkuo/lt_ws/loc_ws/install/scout_msgs/share/scout_msgs/local_setup.sh
[0.236s] -- Up-to-date: /home/dongkuo/lt_ws/loc_ws/install/scout_msgs/share/scout_msgs/local_setup.zsh
[0.236s] -- Up-to-date: /home/dongkuo/lt_ws/loc_ws/install/scout_msgs/share/scout_msgs/local_setup.dsv
[0.236s] -- Installing: /home/dongkuo/lt_ws/loc_ws/install/scout_msgs/share/scout_msgs/package.dsv
[0.236s] -- Up-to-date: /home/dongkuo/lt_ws/loc_ws/install/scout_msgs/share/ament_index/resource_index/packages/scout_msgs
[0.236s] -- Up-to-date: /home/dongkuo/lt_ws/loc_ws/install/scout_msgs/share/scout_msgs/cmake/export_scout_msgs__rosidl_generator_cExport.cmake
[0.236s] -- Up-to-date: /home/dongkuo/lt_ws/loc_ws/install/scout_msgs/share/scout_msgs/cmake/export_scout_msgs__rosidl_generator_cExport-noconfig.cmake
[0.236s] -- Up-to-date: /home/dongkuo/lt_ws/loc_ws/install/scout_msgs/share/scout_msgs/cmake/export_scout_msgs__rosidl_typesupport_fastrtps_cExport.cmake
[0.236s] -- Up-to-date: /home/dongkuo/lt_ws/loc_ws/install/scout_msgs/share/scout_msgs/cmake/export_scout_msgs__rosidl_typesupport_fastrtps_cExport-noconfig.cmake
[0.236s] -- Up-to-date: /home/dongkuo/lt_ws/loc_ws/install/scout_msgs/share/scout_msgs/cmake/export_scout_msgs__rosidl_generator_cppExport.cmake
[0.236s] -- Up-to-date: /home/dongkuo/lt_ws/loc_ws/install/scout_msgs/share/scout_msgs/cmake/export_scout_msgs__rosidl_typesupport_fastrtps_cppExport.cmake
[0.236s] -- Up-to-date: /home/dongkuo/lt_ws/loc_ws/install/scout_msgs/share/scout_msgs/cmake/export_scout_msgs__rosidl_typesupport_fastrtps_cppExport-noconfig.cmake
[0.236s] -- Up-to-date: /home/dongkuo/lt_ws/loc_ws/install/scout_msgs/share/scout_msgs/cmake/scout_msgs__rosidl_typesupport_introspection_cExport.cmake
[0.236s] -- Up-to-date: /home/dongkuo/lt_ws/loc_ws/install/scout_msgs/share/scout_msgs/cmake/scout_msgs__rosidl_typesupport_introspection_cExport-noconfig.cmake
[0.236s] -- Up-to-date: /home/dongkuo/lt_ws/loc_ws/install/scout_msgs/share/scout_msgs/cmake/scout_msgs__rosidl_typesupport_cExport.cmake
[0.236s] -- Up-to-date: /home/dongkuo/lt_ws/loc_ws/install/scout_msgs/share/scout_msgs/cmake/scout_msgs__rosidl_typesupport_cExport-noconfig.cmake
[0.236s] -- Up-to-date: /home/dongkuo/lt_ws/loc_ws/install/scout_msgs/share/scout_msgs/cmake/scout_msgs__rosidl_typesupport_introspection_cppExport.cmake
[0.236s] -- Up-to-date: /home/dongkuo/lt_ws/loc_ws/install/scout_msgs/share/scout_msgs/cmake/scout_msgs__rosidl_typesupport_introspection_cppExport-noconfig.cmake
[0.237s] -- Up-to-date: /home/dongkuo/lt_ws/loc_ws/install/scout_msgs/share/scout_msgs/cmake/scout_msgs__rosidl_typesupport_cppExport.cmake
[0.237s] -- Up-to-date: /home/dongkuo/lt_ws/loc_ws/install/scout_msgs/share/scout_msgs/cmake/scout_msgs__rosidl_typesupport_cppExport-noconfig.cmake
[0.237s] -- Up-to-date: /home/dongkuo/lt_ws/loc_ws/install/scout_msgs/share/scout_msgs/cmake/export_scout_msgs__rosidl_generator_pyExport.cmake
[0.237s] -- Up-to-date: /home/dongkuo/lt_ws/loc_ws/install/scout_msgs/share/scout_msgs/cmake/export_scout_msgs__rosidl_generator_pyExport-noconfig.cmake
[0.237s] -- Up-to-date: /home/dongkuo/lt_ws/loc_ws/install/scout_msgs/share/scout_msgs/cmake/rosidl_cmake-extras.cmake
[0.237s] -- Up-to-date: /home/dongkuo/lt_ws/loc_ws/install/scout_msgs/share/scout_msgs/cmake/ament_cmake_export_dependencies-extras.cmake
[0.237s] -- Up-to-date: /home/dongkuo/lt_ws/loc_ws/install/scout_msgs/share/scout_msgs/cmake/ament_cmake_export_include_directories-extras.cmake
[0.237s] -- Up-to-date: /home/dongkuo/lt_ws/loc_ws/install/scout_msgs/share/scout_msgs/cmake/ament_cmake_export_libraries-extras.cmake
[0.237s] -- Up-to-date: /home/dongkuo/lt_ws/loc_ws/install/scout_msgs/share/scout_msgs/cmake/ament_cmake_export_targets-extras.cmake
[0.237s] -- Up-to-date: /home/dongkuo/lt_ws/loc_ws/install/scout_msgs/share/scout_msgs/cmake/rosidl_cmake_export_typesupport_targets-extras.cmake
[0.237s] -- Up-to-date: /home/dongkuo/lt_ws/loc_ws/install/scout_msgs/share/scout_msgs/cmake/rosidl_cmake_export_typesupport_libraries-extras.cmake
[0.237s] -- Up-to-date: /home/dongkuo/lt_ws/loc_ws/install/scout_msgs/share/scout_msgs/cmake/scout_msgsConfig.cmake
[0.237s] -- Up-to-date: /home/dongkuo/lt_ws/loc_ws/install/scout_msgs/share/scout_msgs/cmake/scout_msgsConfig-version.cmake
[0.237s] -- Up-to-date: /home/dongkuo/lt_ws/loc_ws/install/scout_msgs/share/scout_msgs/package.xml
[0.240s] Invoked command in '/home/dongkuo/lt_ws/loc_ws/build/scout_msgs' returned '0': CMAKE_PREFIX_PATH=/home/dongkuo/lt_ws/loc_ws/install/scout_base:/opt/ros/humble:/home/dongkuo/lt_ws/loc_ws/install/ugv_sdk:/home/dongkuo/lt_ws/loc_ws/install/scout_msgs:/home/dongkuo/lt_ws/loc_ws/install/scout_description:/home/dongkuo/lt_ws/loc_ws/install/point2d_loc:/home/dongkuo/lt_ws/loc_ws/install/nav_demo:/home/dongkuo/lt_ws/loc_ws/install/fast_lio:/home/dongkuo/lt_ws/loc_ws/install/livox_ros_driver2:/home/dongkuo/lt_ws/realsense_ws/install/realsense2_description:/home/dongkuo/lt_ws/realsense_ws/install/realsense2_camera:/home/dongkuo/lt_ws/realsense_ws/install/realsense2_camera_msgs:/home/dongkuo/lt_ws/realsense_ws/install/depth_to_cloud_converter:/opt/vulcanexus/humble /usr/bin/cmake --install /home/dongkuo/lt_ws/loc_ws/build/scout_msgs
